[35m[1mConsolidate compiler generated dependencies of target cpp_pick_node[0m
[ 50%] [32mBuilding CXX object CMakeFiles/cpp_pick_node.dir/src/cpp_pick_node.cpp.o[0m
[01m[K/home/aaa/robot/ros2_ws/src/panda_pick/src/cpp_pick_node.cpp:[m[K In function ‘[01m[Kvoid disable_collision_checks(rclcpp::Node::SharedPtr, const std::vector<Task>&)[m[K’:
[01m[K/home/aaa/robot/ros2_ws/src/panda_pick/src/cpp_pick_node.cpp:252:1:[m[K [01;31m[Kerror: [m[Ka function-definition is not allowed here before ‘[01m[K{[m[K’ token
  252 | [01;31m[K{[m[K
      | [01;31m[K^[m[K
[01m[K/home/aaa/robot/ros2_ws/src/panda_pick/src/cpp_pick_node.cpp:275:1:[m[K [01;31m[Kerror: [m[Ka function-definition is not allowed here before ‘[01m[K{[m[K’ token
  275 | [01;31m[K{[m[K
      | [01;31m[K^[m[K
[01m[K/home/aaa/robot/ros2_ws/src/panda_pick/src/cpp_pick_node.cpp:341:33:[m[K [01;31m[Kerror: [m[Ka function-definition is not allowed here before ‘[01m[K{[m[K’ token
  341 | int main(int argc, char** argv) [01;31m[K{[m[K
      |                                 [01;31m[K^[m[K
[01m[K/home/aaa/robot/ros2_ws/src/panda_pick/src/cpp_pick_node.cpp:393:2:[m[K [01;31m[Kerror: [m[Kexpected ‘[01m[K}[m[K’ at end of input
  393 | }
      |  [01;31m[K^[m[K
[01m[K/home/aaa/robot/ros2_ws/src/panda_pick/src/cpp_pick_node.cpp:172:93:[m[K [01;36m[Knote: [m[Kto match this ‘[01m[K{[m[K’
  172 | collision_checks(rclcpp::Node::SharedPtr node, const std::vector<Task>& tasks) [01;36m[K{[m[K
      |                                                                                [01;36m[K^[m[K

gmake[2]: *** [CMakeFiles/cpp_pick_node.dir/build.make:76: CMakeFiles/cpp_pick_node.dir/src/cpp_pick_node.cpp.o] Error 1
gmake[1]: *** [CMakeFiles/Makefile2:137: CMakeFiles/cpp_pick_node.dir/all] Error 2
gmake: *** [Makefile:146: all] Error 2
