[1.207s] Invoking command in '/home/aaa/robot/ros2_ws/build/smach_ros': AMENT_PREFIX_PATH=/home/aaa/robot/ros2_ws/install/smach:/home/aaa/robot/ros2_ws/install/panda_pick:/home/aaa/robot/ros2_ws/install/executive_smach:/home/aaa/robot/ros2_ws/install/smach_ros:/home/aaa/robot/ros2_ws/install/smach_msgs:/home/aaa/robot/ros2_ws/install/smach_demo:/home/aaa/robot/ros2_ws/install/mj_bridge:/home/aaa/robot/ros2_ws/src/install/smach_demo:/home/aaa/robot/ros2_ws/src/install/mj_bridge:/opt/ros/humble CMAKE_PREFIX_PATH=/home/aaa/robot/ros2_ws/install/smach_msgs:/home/aaa/robot/ros2_ws/install/panda_pick:/home/aaa/robot/ros2_ws/install/executive_smach PYTHONPATH=/home/aaa/robot/ros2_ws/build/smach_ros/prefix_override:/usr/lib/python3/dist-packages/colcon_core/task/python/colcon_distutils_commands:/home/aaa/robot/ros2_ws/install/smach_ros/lib/python3.10/site-packages:/home/aaa/robot/ros2_ws/install/smach/lib/python3.10/site-packages:/home/aaa/robot/ros2_ws/build/smach_ros:/home/aaa/robot/ros2_ws/install/smach_ros/lib/python3.10/site-packages:/home/aaa/robot/ros2_ws/install/smach_msgs/local/lib/python3.10/dist-packages:/home/aaa/robot/ros2_ws/build/smach_demo:/home/aaa/robot/ros2_ws/install/smach_demo/lib/python3.10/site-packages:/home/aaa/robot/ros2_ws/build/smach:/home/aaa/robot/ros2_ws/install/mj_bridge/lib/python3.10/site-packages:/home/aaa/robot/ros2_ws/src/install/smach_demo/lib/python3.10/site-packages:/home/aaa/robot/ros2_ws/src/install/mj_bridge/lib/python3.10/site-packages:/opt/ros/humble/lib/python3.10/site-packages:/opt/ros/humble/local/lib/python3.10/dist-packages /usr/bin/python3 -W ignore:setup.py install is deprecated -W ignore:easy_install command is deprecated setup.py develop --uninstall --editable --build-directory /home/aaa/robot/ros2_ws/build/smach_ros/build
[1.512s] /usr/lib/python3/dist-packages/setuptools/dist.py:723: UserWarning: Usage of dash-separated 'script-dir' will not be supported in future versions. Please use the underscore name 'script_dir' instead
[1.512s]   warnings.warn(
[1.556s] running develop
[1.823s] Removing /home/aaa/robot/ros2_ws/install/smach_ros/lib/python3.10/site-packages/smach-ros.egg-link (link to .)
[1.905s] Invoked command in '/home/aaa/robot/ros2_ws/build/smach_ros' returned '0': AMENT_PREFIX_PATH=/home/aaa/robot/ros2_ws/install/smach:/home/aaa/robot/ros2_ws/install/panda_pick:/home/aaa/robot/ros2_ws/install/executive_smach:/home/aaa/robot/ros2_ws/install/smach_ros:/home/aaa/robot/ros2_ws/install/smach_msgs:/home/aaa/robot/ros2_ws/install/smach_demo:/home/aaa/robot/ros2_ws/install/mj_bridge:/home/aaa/robot/ros2_ws/src/install/smach_demo:/home/aaa/robot/ros2_ws/src/install/mj_bridge:/opt/ros/humble CMAKE_PREFIX_PATH=/home/aaa/robot/ros2_ws/install/smach_msgs:/home/aaa/robot/ros2_ws/install/panda_pick:/home/aaa/robot/ros2_ws/install/executive_smach PYTHONPATH=/home/aaa/robot/ros2_ws/build/smach_ros/prefix_override:/usr/lib/python3/dist-packages/colcon_core/task/python/colcon_distutils_commands:/home/aaa/robot/ros2_ws/install/smach_ros/lib/python3.10/site-packages:/home/aaa/robot/ros2_ws/install/smach/lib/python3.10/site-packages:/home/aaa/robot/ros2_ws/build/smach_ros:/home/aaa/robot/ros2_ws/install/smach_ros/lib/python3.10/site-packages:/home/aaa/robot/ros2_ws/install/smach_msgs/local/lib/python3.10/dist-packages:/home/aaa/robot/ros2_ws/build/smach_demo:/home/aaa/robot/ros2_ws/install/smach_demo/lib/python3.10/site-packages:/home/aaa/robot/ros2_ws/build/smach:/home/aaa/robot/ros2_ws/install/mj_bridge/lib/python3.10/site-packages:/home/aaa/robot/ros2_ws/src/install/smach_demo/lib/python3.10/site-packages:/home/aaa/robot/ros2_ws/src/install/mj_bridge/lib/python3.10/site-packages:/opt/ros/humble/lib/python3.10/site-packages:/opt/ros/humble/local/lib/python3.10/dist-packages /usr/bin/python3 -W ignore:setup.py install is deprecated -W ignore:easy_install command is deprecated setup.py develop --uninstall --editable --build-directory /home/aaa/robot/ros2_ws/build/smach_ros/build
[1.905s] Invoking command in '/home/aaa/robot/ros2_ws/executive_smach/smach_ros': AMENT_PREFIX_PATH=/home/aaa/robot/ros2_ws/install/smach:/home/aaa/robot/ros2_ws/install/panda_pick:/home/aaa/robot/ros2_ws/install/executive_smach:/home/aaa/robot/ros2_ws/install/smach_ros:/home/aaa/robot/ros2_ws/install/smach_msgs:/home/aaa/robot/ros2_ws/install/smach_demo:/home/aaa/robot/ros2_ws/install/mj_bridge:/home/aaa/robot/ros2_ws/src/install/smach_demo:/home/aaa/robot/ros2_ws/src/install/mj_bridge:/opt/ros/humble CMAKE_PREFIX_PATH=/home/aaa/robot/ros2_ws/install/smach_msgs:/home/aaa/robot/ros2_ws/install/panda_pick:/home/aaa/robot/ros2_ws/install/executive_smach PYTHONPATH=/home/aaa/robot/ros2_ws/build/smach_ros/prefix_override:/usr/lib/python3/dist-packages/colcon_core/task/python/colcon_distutils_commands:/home/aaa/robot/ros2_ws/install/smach_ros/lib/python3.10/site-packages:/home/aaa/robot/ros2_ws/install/smach/lib/python3.10/site-packages:/home/aaa/robot/ros2_ws/build/smach_ros:/home/aaa/robot/ros2_ws/install/smach_ros/lib/python3.10/site-packages:/home/aaa/robot/ros2_ws/install/smach_msgs/local/lib/python3.10/dist-packages:/home/aaa/robot/ros2_ws/build/smach_demo:/home/aaa/robot/ros2_ws/install/smach_demo/lib/python3.10/site-packages:/home/aaa/robot/ros2_ws/build/smach:/home/aaa/robot/ros2_ws/install/mj_bridge/lib/python3.10/site-packages:/home/aaa/robot/ros2_ws/src/install/smach_demo/lib/python3.10/site-packages:/home/aaa/robot/ros2_ws/src/install/mj_bridge/lib/python3.10/site-packages:/opt/ros/humble/lib/python3.10/site-packages:/opt/ros/humble/local/lib/python3.10/dist-packages /usr/bin/python3 -W ignore:setup.py install is deprecated -W ignore:easy_install command is deprecated setup.py egg_info --egg-base ../../build/smach_ros build --build-base /home/aaa/robot/ros2_ws/build/smach_ros/build install --record /home/aaa/robot/ros2_ws/build/smach_ros/install.log --install-scripts $base/lib/smach_ros --single-version-externally-managed install_data --force
[2.198s] /usr/lib/python3/dist-packages/setuptools/dist.py:723: UserWarning: Usage of dash-separated 'script-dir' will not be supported in future versions. Please use the underscore name 'script_dir' instead
[2.198s]   warnings.warn(
[2.206s] running egg_info
[2.207s] writing ../../build/smach_ros/smach_ros.egg-info/PKG-INFO
[2.207s] writing dependency_links to ../../build/smach_ros/smach_ros.egg-info/dependency_links.txt
[2.207s] writing requirements to ../../build/smach_ros/smach_ros.egg-info/requires.txt
[2.207s] writing top-level names to ../../build/smach_ros/smach_ros.egg-info/top_level.txt
[2.207s] /usr/lib/python3/dist-packages/setuptools/dist.py:157: UserWarning: newlines not allowed and will break in the future
[2.207s]   warnings.warn("newlines not allowed and will break in the future")
[2.219s] reading manifest file '../../build/smach_ros/smach_ros.egg-info/SOURCES.txt'
[2.220s] writing manifest file '../../build/smach_ros/smach_ros.egg-info/SOURCES.txt'
[2.220s] running build
[2.220s] running build_py
[2.227s] running install
[2.229s] running install_lib
[2.235s] creating /home/aaa/robot/ros2_ws/install/smach_ros/lib/python3.10/site-packages/smach_ros
[2.235s] copying /home/aaa/robot/ros2_ws/build/smach_ros/build/lib/smach_ros/introspection.py -> /home/aaa/robot/ros2_ws/install/smach_ros/lib/python3.10/site-packages/smach_ros
[2.235s] copying /home/aaa/robot/ros2_ws/build/smach_ros/build/lib/smach_ros/monitor_state.py -> /home/aaa/robot/ros2_ws/install/smach_ros/lib/python3.10/site-packages/smach_ros
[2.235s] copying /home/aaa/robot/ros2_ws/build/smach_ros/build/lib/smach_ros/service_state.py -> /home/aaa/robot/ros2_ws/install/smach_ros/lib/python3.10/site-packages/smach_ros
[2.235s] copying /home/aaa/robot/ros2_ws/build/smach_ros/build/lib/smach_ros/simple_action_state.py -> /home/aaa/robot/ros2_ws/install/smach_ros/lib/python3.10/site-packages/smach_ros
[2.236s] copying /home/aaa/robot/ros2_ws/build/smach_ros/build/lib/smach_ros/__init__.py -> /home/aaa/robot/ros2_ws/install/smach_ros/lib/python3.10/site-packages/smach_ros
[2.236s] copying /home/aaa/robot/ros2_ws/build/smach_ros/build/lib/smach_ros/action_server_wrapper.py -> /home/aaa/robot/ros2_ws/install/smach_ros/lib/python3.10/site-packages/smach_ros
[2.236s] copying /home/aaa/robot/ros2_ws/build/smach_ros/build/lib/smach_ros/ros_state.py -> /home/aaa/robot/ros2_ws/install/smach_ros/lib/python3.10/site-packages/smach_ros
[2.236s] copying /home/aaa/robot/ros2_ws/build/smach_ros/build/lib/smach_ros/condition_state.py -> /home/aaa/robot/ros2_ws/install/smach_ros/lib/python3.10/site-packages/smach_ros
[2.236s] copying /home/aaa/robot/ros2_ws/build/smach_ros/build/lib/smach_ros/node.py -> /home/aaa/robot/ros2_ws/install/smach_ros/lib/python3.10/site-packages/smach_ros
[2.236s] copying /home/aaa/robot/ros2_ws/build/smach_ros/build/lib/smach_ros/util.py -> /home/aaa/robot/ros2_ws/install/smach_ros/lib/python3.10/site-packages/smach_ros
[2.237s] byte-compiling /home/aaa/robot/ros2_ws/install/smach_ros/lib/python3.10/site-packages/smach_ros/introspection.py to introspection.cpython-310.pyc
[2.239s] byte-compiling /home/aaa/robot/ros2_ws/install/smach_ros/lib/python3.10/site-packages/smach_ros/monitor_state.py to monitor_state.cpython-310.pyc
[2.239s] byte-compiling /home/aaa/robot/ros2_ws/install/smach_ros/lib/python3.10/site-packages/smach_ros/service_state.py to service_state.cpython-310.pyc
[2.240s] byte-compiling /home/aaa/robot/ros2_ws/install/smach_ros/lib/python3.10/site-packages/smach_ros/simple_action_state.py to simple_action_state.cpython-310.pyc
[2.243s] byte-compiling /home/aaa/robot/ros2_ws/install/smach_ros/lib/python3.10/site-packages/smach_ros/__init__.py to __init__.cpython-310.pyc
[2.243s] byte-compiling /home/aaa/robot/ros2_ws/install/smach_ros/lib/python3.10/site-packages/smach_ros/action_server_wrapper.py to action_server_wrapper.cpython-310.pyc
[2.243s] byte-compiling /home/aaa/robot/ros2_ws/install/smach_ros/lib/python3.10/site-packages/smach_ros/ros_state.py to ros_state.cpython-310.pyc
[2.243s] byte-compiling /home/aaa/robot/ros2_ws/install/smach_ros/lib/python3.10/site-packages/smach_ros/condition_state.py to condition_state.cpython-310.pyc
[2.243s] byte-compiling /home/aaa/robot/ros2_ws/install/smach_ros/lib/python3.10/site-packages/smach_ros/node.py to node.cpython-310.pyc
[2.245s] byte-compiling /home/aaa/robot/ros2_ws/install/smach_ros/lib/python3.10/site-packages/smach_ros/util.py to util.cpython-310.pyc
[2.245s] running install_data
[2.245s] copying resource/smach_ros -> /home/aaa/robot/ros2_ws/install/smach_ros/share/ament_index/resource_index/packages
[2.245s] copying package.xml -> /home/aaa/robot/ros2_ws/install/smach_ros/share/smach_ros
[2.245s] running install_egg_info
[2.246s] Copying ../../build/smach_ros/smach_ros.egg-info to /home/aaa/robot/ros2_ws/install/smach_ros/lib/python3.10/site-packages/smach_ros-3.0.3-py3.10.egg-info
[2.253s] running install_scripts
[2.279s] writing list of installed files to '/home/aaa/robot/ros2_ws/build/smach_ros/install.log'
[2.340s] Invoked command in '/home/aaa/robot/ros2_ws/executive_smach/smach_ros' returned '0': AMENT_PREFIX_PATH=/home/aaa/robot/ros2_ws/install/smach:/home/aaa/robot/ros2_ws/install/panda_pick:/home/aaa/robot/ros2_ws/install/executive_smach:/home/aaa/robot/ros2_ws/install/smach_ros:/home/aaa/robot/ros2_ws/install/smach_msgs:/home/aaa/robot/ros2_ws/install/smach_demo:/home/aaa/robot/ros2_ws/install/mj_bridge:/home/aaa/robot/ros2_ws/src/install/smach_demo:/home/aaa/robot/ros2_ws/src/install/mj_bridge:/opt/ros/humble CMAKE_PREFIX_PATH=/home/aaa/robot/ros2_ws/install/smach_msgs:/home/aaa/robot/ros2_ws/install/panda_pick:/home/aaa/robot/ros2_ws/install/executive_smach PYTHONPATH=/home/aaa/robot/ros2_ws/build/smach_ros/prefix_override:/usr/lib/python3/dist-packages/colcon_core/task/python/colcon_distutils_commands:/home/aaa/robot/ros2_ws/install/smach_ros/lib/python3.10/site-packages:/home/aaa/robot/ros2_ws/install/smach/lib/python3.10/site-packages:/home/aaa/robot/ros2_ws/build/smach_ros:/home/aaa/robot/ros2_ws/install/smach_ros/lib/python3.10/site-packages:/home/aaa/robot/ros2_ws/install/smach_msgs/local/lib/python3.10/dist-packages:/home/aaa/robot/ros2_ws/build/smach_demo:/home/aaa/robot/ros2_ws/install/smach_demo/lib/python3.10/site-packages:/home/aaa/robot/ros2_ws/build/smach:/home/aaa/robot/ros2_ws/install/mj_bridge/lib/python3.10/site-packages:/home/aaa/robot/ros2_ws/src/install/smach_demo/lib/python3.10/site-packages:/home/aaa/robot/ros2_ws/src/install/mj_bridge/lib/python3.10/site-packages:/opt/ros/humble/lib/python3.10/site-packages:/opt/ros/humble/local/lib/python3.10/dist-packages /usr/bin/python3 -W ignore:setup.py install is deprecated -W ignore:easy_install command is deprecated setup.py egg_info --egg-base ../../build/smach_ros build --build-base /home/aaa/robot/ros2_ws/build/smach_ros/build install --record /home/aaa/robot/ros2_ws/build/smach_ros/install.log --install-scripts $base/lib/smach_ros --single-version-externally-managed install_data --force
