[1.225s] Invoking command in '/home/aaa/robot/ros2_ws/src/smach_demo': PYTHONPATH=/home/aaa/robot/ros2_ws/src/build/smach_demo/prefix_override:/usr/lib/python3/dist-packages/colcon_core/task/python/colcon_distutils_commands:/home/aaa/robot/ros2_ws/src/install/smach_demo/lib/python3.10/site-packages:${PYTHONPATH} /usr/bin/python3 -W ignore:setup.py install is deprecated -W ignore:easy_install command is deprecated setup.py egg_info --egg-base ../build/smach_demo build --build-base /home/aaa/robot/ros2_ws/src/build/smach_demo/build install --record /home/aaa/robot/ros2_ws/src/build/smach_demo/install.log --single-version-externally-managed install_data
[1.629s] running egg_info
[1.636s] writing ../build/smach_demo/smach_demo.egg-info/PKG-INFO
[1.636s] writing dependency_links to ../build/smach_demo/smach_demo.egg-info/dependency_links.txt
[1.637s] writing entry points to ../build/smach_demo/smach_demo.egg-info/entry_points.txt
[1.637s] writing requirements to ../build/smach_demo/smach_demo.egg-info/requires.txt
[1.637s] writing top-level names to ../build/smach_demo/smach_demo.egg-info/top_level.txt
[1.639s] reading manifest file '../build/smach_demo/smach_demo.egg-info/SOURCES.txt'
[1.639s] writing manifest file '../build/smach_demo/smach_demo.egg-info/SOURCES.txt'
[1.639s] running build
[1.640s] running build_py
[1.640s] running install
[1.640s] running install_lib
[1.641s] byte-compiling /home/aaa/robot/ros2_ws/src/install/smach_demo/lib/python3.10/site-packages/smach_demo/demo.py to demo.cpython-310.pyc
[1.641s] Sorry: IndentationError: expected an indented block after function definition on line 6 (demo.py, line 8)
[1.641s] running install_data
[1.642s] running install_egg_info
[1.643s] removing '/home/aaa/robot/ros2_ws/src/install/smach_demo/lib/python3.10/site-packages/smach_demo-0.0.0-py3.10.egg-info' (and everything under it)
[1.668s] Copying ../build/smach_demo/smach_demo.egg-info to /home/aaa/robot/ros2_ws/src/install/smach_demo/lib/python3.10/site-packages/smach_demo-0.0.0-py3.10.egg-info
[1.674s] running install_scripts
[1.698s] Installing demo script to /home/aaa/robot/ros2_ws/src/install/smach_demo/lib/smach_demo
[1.698s] writing list of installed files to '/home/aaa/robot/ros2_ws/src/build/smach_demo/install.log'
[1.728s] Invoked command in '/home/aaa/robot/ros2_ws/src/smach_demo' returned '0': PYTHONPATH=/home/aaa/robot/ros2_ws/src/build/smach_demo/prefix_override:/usr/lib/python3/dist-packages/colcon_core/task/python/colcon_distutils_commands:/home/aaa/robot/ros2_ws/src/install/smach_demo/lib/python3.10/site-packages:${PYTHONPATH} /usr/bin/python3 -W ignore:setup.py install is deprecated -W ignore:easy_install command is deprecated setup.py egg_info --egg-base ../build/smach_demo build --build-base /home/aaa/robot/ros2_ws/src/build/smach_demo/build install --record /home/aaa/robot/ros2_ws/src/build/smach_demo/install.log --single-version-externally-managed install_data
