[0.335s] DEBUG:colcon:Command line arguments: ['/usr/bin/colcon', 'build']
[0.335s] DEBUG:colcon:Parsed command line arguments: Namespace(log_base=None, log_level=None, verb_name='build', build_base='build', install_base='install', merge_install=False, symlink_install=False, test_result_base=None, continue_on_error=False, executor='parallel', parallel_workers=2, event_handlers=None, ignore_user_meta=False, metas=['./colcon.meta'], base_paths=['.'], packages_ignore=None, packages_ignore_regex=None, paths=None, packages_up_to=None, packages_up_to_regex=None, packages_above=None, packages_above_and_dependencies=None, packages_above_depth=None, packages_select_by_dep=None, packages_skip_by_dep=None, packages_skip_up_to=None, packages_select_build_failed=False, packages_skip_build_finished=False, packages_select_test_failures=False, packages_skip_test_passed=False, packages_select=None, packages_skip=None, packages_select_regex=None, packages_skip_regex=None, packages_start=None, packages_end=None, allow_overriding=[], cmake_args=None, cmake_target=None, cmake_target_skip_unavailable=False, cmake_clean_cache=False, cmake_clean_first=False, cmake_force_configure=False, ament_cmake_args=None, catkin_cmake_args=None, catkin_skip_building_tests=False, verb_parser=<colcon_defaults.argument_parser.defaults.DefaultArgumentsDecorator object at 0xffff9b5b4f10>, verb_extension=<colcon_core.verb.build.BuildVerb object at 0xffff9b5b49d0>, main=<bound method BuildVerb.main of <colcon_core.verb.build.BuildVerb object at 0xffff9b5b49d0>>)
[0.823s] Level 1:colcon.colcon_core.package_discovery:discover_packages(colcon_meta) check parameters
[0.824s] Level 1:colcon.colcon_core.package_discovery:discover_packages(recursive) check parameters
[0.824s] Level 1:colcon.colcon_core.package_discovery:discover_packages(ignore) check parameters
[0.824s] Level 1:colcon.colcon_core.package_discovery:discover_packages(path) check parameters
[0.824s] Level 1:colcon.colcon_core.package_discovery:discover_packages(colcon_meta) discover
[0.824s] Level 1:colcon.colcon_core.package_discovery:discover_packages(recursive) discover
[0.824s] INFO:colcon.colcon_core.package_discovery:Crawling recursively for packages in '/home/aaa/robot/ros2_ws/src'
[0.825s] Level 1:colcon.colcon_core.package_identification:_identify(.) by extensions ['ignore', 'ignore_ament_install']
[0.825s] Level 1:colcon.colcon_core.package_identification:_identify(.) by extension 'ignore'
[0.825s] Level 1:colcon.colcon_core.package_identification:_identify(.) by extension 'ignore_ament_install'
[0.826s] Level 1:colcon.colcon_core.package_identification:_identify(.) by extensions ['colcon_pkg']
[0.826s] Level 1:colcon.colcon_core.package_identification:_identify(.) by extension 'colcon_pkg'
[0.826s] Level 1:colcon.colcon_core.package_identification:_identify(.) by extensions ['colcon_meta']
[0.826s] Level 1:colcon.colcon_core.package_identification:_identify(.) by extension 'colcon_meta'
[0.826s] Level 1:colcon.colcon_core.package_identification:_identify(.) by extensions ['ros']
[0.826s] Level 1:colcon.colcon_core.package_identification:_identify(.) by extension 'ros'
[0.911s] Level 1:colcon.colcon_core.package_identification:_identify(.) by extensions ['cmake', 'python']
[0.913s] Level 1:colcon.colcon_core.package_identification:_identify(.) by extension 'cmake'
[0.919s] Level 1:colcon.colcon_core.package_identification:_identify(.) by extension 'python'
[0.920s] Level 1:colcon.colcon_core.package_identification:_identify(.) by extensions ['python_setup_py']
[0.920s] Level 1:colcon.colcon_core.package_identification:_identify(.) by extension 'python_setup_py'
[0.920s] Level 1:colcon.colcon_core.package_identification:_identify(build) by extensions ['ignore', 'ignore_ament_install']
[0.921s] Level 1:colcon.colcon_core.package_identification:_identify(build) by extension 'ignore'
[0.923s] Level 1:colcon.colcon_core.package_identification:_identify(build) ignored
[0.923s] Level 1:colcon.colcon_core.package_identification:_identify(install) by extensions ['ignore', 'ignore_ament_install']
[0.923s] Level 1:colcon.colcon_core.package_identification:_identify(install) by extension 'ignore'
[0.924s] Level 1:colcon.colcon_core.package_identification:_identify(install) ignored
[0.924s] Level 1:colcon.colcon_core.package_identification:_identify(log) by extensions ['ignore', 'ignore_ament_install']
[0.924s] Level 1:colcon.colcon_core.package_identification:_identify(log) by extension 'ignore'
[0.925s] Level 1:colcon.colcon_core.package_identification:_identify(log) ignored
[0.925s] Level 1:colcon.colcon_core.package_identification:_identify(mj_bridge) by extensions ['ignore', 'ignore_ament_install']
[0.925s] Level 1:colcon.colcon_core.package_identification:_identify(mj_bridge) by extension 'ignore'
[0.925s] Level 1:colcon.colcon_core.package_identification:_identify(mj_bridge) by extension 'ignore_ament_install'
[0.925s] Level 1:colcon.colcon_core.package_identification:_identify(mj_bridge) by extensions ['colcon_pkg']
[0.925s] Level 1:colcon.colcon_core.package_identification:_identify(mj_bridge) by extension 'colcon_pkg'
[0.925s] Level 1:colcon.colcon_core.package_identification:_identify(mj_bridge) by extensions ['colcon_meta']
[0.925s] Level 1:colcon.colcon_core.package_identification:_identify(mj_bridge) by extension 'colcon_meta'
[0.925s] Level 1:colcon.colcon_core.package_identification:_identify(mj_bridge) by extensions ['ros']
[0.925s] Level 1:colcon.colcon_core.package_identification:_identify(mj_bridge) by extension 'ros'
[0.981s] DEBUG:colcon.colcon_core.package_identification:Package 'mj_bridge' with type 'ros.ament_python' and name 'mj_bridge'
[0.981s] Level 1:colcon.colcon_core.package_identification:_identify(panda_pick) by extensions ['ignore', 'ignore_ament_install']
[0.981s] Level 1:colcon.colcon_core.package_identification:_identify(panda_pick) by extension 'ignore'
[0.981s] Level 1:colcon.colcon_core.package_identification:_identify(panda_pick) by extension 'ignore_ament_install'
[0.981s] Level 1:colcon.colcon_core.package_identification:_identify(panda_pick) by extensions ['colcon_pkg']
[0.982s] Level 1:colcon.colcon_core.package_identification:_identify(panda_pick) by extension 'colcon_pkg'
[0.982s] Level 1:colcon.colcon_core.package_identification:_identify(panda_pick) by extensions ['colcon_meta']
[0.982s] Level 1:colcon.colcon_core.package_identification:_identify(panda_pick) by extension 'colcon_meta'
[0.982s] Level 1:colcon.colcon_core.package_identification:_identify(panda_pick) by extensions ['ros']
[0.982s] Level 1:colcon.colcon_core.package_identification:_identify(panda_pick) by extension 'ros'
[0.982s] DEBUG:colcon.colcon_core.package_identification:Package 'panda_pick' with type 'ros.ament_cmake' and name 'panda_pick'
[0.983s] Level 1:colcon.colcon_core.package_identification:_identify(smach_demo) by extensions ['ignore', 'ignore_ament_install']
[0.983s] Level 1:colcon.colcon_core.package_identification:_identify(smach_demo) by extension 'ignore'
[0.983s] Level 1:colcon.colcon_core.package_identification:_identify(smach_demo) by extension 'ignore_ament_install'
[0.983s] Level 1:colcon.colcon_core.package_identification:_identify(smach_demo) by extensions ['colcon_pkg']
[0.983s] Level 1:colcon.colcon_core.package_identification:_identify(smach_demo) by extension 'colcon_pkg'
[0.983s] Level 1:colcon.colcon_core.package_identification:_identify(smach_demo) by extensions ['colcon_meta']
[1.021s] Level 1:colcon.colcon_core.package_identification:_identify(smach_demo) by extension 'colcon_meta'
[1.021s] Level 1:colcon.colcon_core.package_identification:_identify(smach_demo) by extensions ['ros']
[1.022s] Level 1:colcon.colcon_core.package_identification:_identify(smach_demo) by extension 'ros'
[1.022s] DEBUG:colcon.colcon_core.package_identification:Package 'smach_demo' with type 'ros.ament_python' and name 'smach_demo'
[1.022s] Level 1:colcon.colcon_core.package_discovery:discover_packages(recursive) using defaults
[1.022s] Level 1:colcon.colcon_core.package_discovery:discover_packages(ignore) discover
[1.022s] Level 1:colcon.colcon_core.package_discovery:discover_packages(ignore) using defaults
[1.022s] Level 1:colcon.colcon_core.package_discovery:discover_packages(path) discover
[1.022s] Level 1:colcon.colcon_core.package_discovery:discover_packages(path) using defaults
[1.137s] Level 1:colcon.colcon_core.package_discovery:discover_packages(prefix_path) check parameters
[1.137s] Level 1:colcon.colcon_core.package_discovery:discover_packages(prefix_path) discover
[1.143s] DEBUG:colcon.colcon_installed_package_information.package_discovery:Found 2 installed packages in /home/aaa/robot/ros2_ws/src/install
[1.155s] DEBUG:colcon.colcon_installed_package_information.package_discovery:Found 363 installed packages in /opt/ros/humble
[1.156s] Level 1:colcon.colcon_core.package_discovery:discover_packages(prefix_path) using defaults
[1.304s] Level 5:colcon.colcon_core.verb:set package 'mj_bridge' build argument 'cmake_args' from command line to 'None'
[1.305s] Level 5:colcon.colcon_core.verb:set package 'mj_bridge' build argument 'cmake_target' from command line to 'None'
[1.305s] Level 5:colcon.colcon_core.verb:set package 'mj_bridge' build argument 'cmake_target_skip_unavailable' from command line to 'False'
[1.305s] Level 5:colcon.colcon_core.verb:set package 'mj_bridge' build argument 'cmake_clean_cache' from command line to 'False'
[1.305s] Level 5:colcon.colcon_core.verb:set package 'mj_bridge' build argument 'cmake_clean_first' from command line to 'False'
[1.305s] Level 5:colcon.colcon_core.verb:set package 'mj_bridge' build argument 'cmake_force_configure' from command line to 'False'
[1.305s] Level 5:colcon.colcon_core.verb:set package 'mj_bridge' build argument 'ament_cmake_args' from command line to 'None'
[1.305s] Level 5:colcon.colcon_core.verb:set package 'mj_bridge' build argument 'catkin_cmake_args' from command line to 'None'
[1.305s] Level 5:colcon.colcon_core.verb:set package 'mj_bridge' build argument 'catkin_skip_building_tests' from command line to 'False'
[1.305s] DEBUG:colcon.colcon_core.verb:Building package 'mj_bridge' with the following arguments: {'ament_cmake_args': None, 'build_base': '/home/aaa/robot/ros2_ws/src/build/mj_bridge', 'catkin_cmake_args': None, 'catkin_skip_building_tests': False, 'cmake_args': None, 'cmake_clean_cache': False, 'cmake_clean_first': False, 'cmake_force_configure': False, 'cmake_target': None, 'cmake_target_skip_unavailable': False, 'install_base': '/home/aaa/robot/ros2_ws/src/install/mj_bridge', 'merge_install': False, 'path': '/home/aaa/robot/ros2_ws/src/mj_bridge', 'symlink_install': False, 'test_result_base': None}
[1.305s] Level 5:colcon.colcon_core.verb:set package 'panda_pick' build argument 'cmake_args' from command line to 'None'
[1.305s] Level 5:colcon.colcon_core.verb:set package 'panda_pick' build argument 'cmake_target' from command line to 'None'
[1.305s] Level 5:colcon.colcon_core.verb:set package 'panda_pick' build argument 'cmake_target_skip_unavailable' from command line to 'False'
[1.305s] Level 5:colcon.colcon_core.verb:set package 'panda_pick' build argument 'cmake_clean_cache' from command line to 'False'
[1.305s] Level 5:colcon.colcon_core.verb:set package 'panda_pick' build argument 'cmake_clean_first' from command line to 'False'
[1.305s] Level 5:colcon.colcon_core.verb:set package 'panda_pick' build argument 'cmake_force_configure' from command line to 'False'
[1.305s] Level 5:colcon.colcon_core.verb:set package 'panda_pick' build argument 'ament_cmake_args' from command line to 'None'
[1.305s] Level 5:colcon.colcon_core.verb:set package 'panda_pick' build argument 'catkin_cmake_args' from command line to 'None'
[1.305s] Level 5:colcon.colcon_core.verb:set package 'panda_pick' build argument 'catkin_skip_building_tests' from command line to 'False'
[1.305s] DEBUG:colcon.colcon_core.verb:Building package 'panda_pick' with the following arguments: {'ament_cmake_args': None, 'build_base': '/home/aaa/robot/ros2_ws/src/build/panda_pick', 'catkin_cmake_args': None, 'catkin_skip_building_tests': False, 'cmake_args': None, 'cmake_clean_cache': False, 'cmake_clean_first': False, 'cmake_force_configure': False, 'cmake_target': None, 'cmake_target_skip_unavailable': False, 'install_base': '/home/aaa/robot/ros2_ws/src/install/panda_pick', 'merge_install': False, 'path': '/home/aaa/robot/ros2_ws/src/panda_pick', 'symlink_install': False, 'test_result_base': None}
[1.305s] Level 5:colcon.colcon_core.verb:set package 'smach_demo' build argument 'cmake_args' from command line to 'None'
[1.305s] Level 5:colcon.colcon_core.verb:set package 'smach_demo' build argument 'cmake_target' from command line to 'None'
[1.305s] Level 5:colcon.colcon_core.verb:set package 'smach_demo' build argument 'cmake_target_skip_unavailable' from command line to 'False'
[1.305s] Level 5:colcon.colcon_core.verb:set package 'smach_demo' build argument 'cmake_clean_cache' from command line to 'False'
[1.305s] Level 5:colcon.colcon_core.verb:set package 'smach_demo' build argument 'cmake_clean_first' from command line to 'False'
[1.305s] Level 5:colcon.colcon_core.verb:set package 'smach_demo' build argument 'cmake_force_configure' from command line to 'False'
[1.305s] Level 5:colcon.colcon_core.verb:set package 'smach_demo' build argument 'ament_cmake_args' from command line to 'None'
[1.305s] Level 5:colcon.colcon_core.verb:set package 'smach_demo' build argument 'catkin_cmake_args' from command line to 'None'
[1.305s] Level 5:colcon.colcon_core.verb:set package 'smach_demo' build argument 'catkin_skip_building_tests' from command line to 'False'
[1.305s] DEBUG:colcon.colcon_core.verb:Building package 'smach_demo' with the following arguments: {'ament_cmake_args': None, 'build_base': '/home/aaa/robot/ros2_ws/src/build/smach_demo', 'catkin_cmake_args': None, 'catkin_skip_building_tests': False, 'cmake_args': None, 'cmake_clean_cache': False, 'cmake_clean_first': False, 'cmake_force_configure': False, 'cmake_target': None, 'cmake_target_skip_unavailable': False, 'install_base': '/home/aaa/robot/ros2_ws/src/install/smach_demo', 'merge_install': False, 'path': '/home/aaa/robot/ros2_ws/src/smach_demo', 'symlink_install': False, 'test_result_base': None}
[1.305s] INFO:colcon.colcon_core.executor:Executing jobs using 'parallel' executor
[1.313s] DEBUG:colcon.colcon_parallel_executor.executor.parallel:run_until_complete
[1.313s] INFO:colcon.colcon_ros.task.ament_python.build:Building ROS package in '/home/aaa/robot/ros2_ws/src/mj_bridge' with build type 'ament_python'
[1.313s] Level 1:colcon.colcon_core.shell:create_environment_hook('mj_bridge', 'ament_prefix_path')
[1.314s] INFO:colcon.colcon_core.plugin_system:Skipping extension 'colcon_core.shell.bat': Not used on non-Windows systems
[1.314s] INFO:colcon.colcon_core.shell:Creating environment hook '/home/aaa/robot/ros2_ws/src/install/mj_bridge/share/mj_bridge/hook/ament_prefix_path.ps1'
[1.323s] INFO:colcon.colcon_core.shell:Creating environment descriptor '/home/aaa/robot/ros2_ws/src/install/mj_bridge/share/mj_bridge/hook/ament_prefix_path.dsv'
[1.324s] INFO:colcon.colcon_core.shell:Creating environment hook '/home/aaa/robot/ros2_ws/src/install/mj_bridge/share/mj_bridge/hook/ament_prefix_path.sh'
[1.325s] INFO:colcon.colcon_core.shell:Skip shell extension 'powershell' for command environment: Not usable outside of PowerShell
[1.325s] DEBUG:colcon.colcon_core.shell:Skip shell extension 'dsv' for command environment
[1.352s] INFO:colcon.colcon_ros.task.ament_cmake.build:Building ROS package in '/home/aaa/robot/ros2_ws/src/panda_pick' with build type 'ament_cmake'
[1.352s] INFO:colcon.colcon_cmake.task.cmake.build:Building CMake package in '/home/aaa/robot/ros2_ws/src/panda_pick'
[1.352s] INFO:colcon.colcon_core.shell:Skip shell extension 'powershell' for command environment: Not usable outside of PowerShell
[1.352s] DEBUG:colcon.colcon_core.shell:Skip shell extension 'dsv' for command environment
[2.108s] INFO:colcon.colcon_core.task.python.build:Building Python package in '/home/aaa/robot/ros2_ws/src/mj_bridge'
[2.109s] INFO:colcon.colcon_core.shell:Skip shell extension 'powershell' for command environment: Not usable outside of PowerShell
[2.109s] DEBUG:colcon.colcon_core.shell:Skip shell extension 'dsv' for command environment
[2.129s] DEBUG:colcon.colcon_core.event_handler.log_command:Invoking command in '/home/aaa/robot/ros2_ws/src/build/panda_pick': CMAKE_PREFIX_PATH=/home/aaa/robot/ros2_ws/src/install/smach_demo:/home/aaa/robot/ros2_ws/src/install/mj_bridge:/opt/ros/humble /usr/bin/cmake /home/aaa/robot/ros2_ws/src/panda_pick -DCMAKE_INSTALL_PREFIX=/home/aaa/robot/ros2_ws/src/install/panda_pick
[2.866s] DEBUG:colcon.colcon_core.event_handler.log_command:Invoking command in '/home/aaa/robot/ros2_ws/src/mj_bridge': PYTHONPATH=/home/aaa/robot/ros2_ws/src/build/mj_bridge/prefix_override:/usr/lib/python3/dist-packages/colcon_core/task/python/colcon_distutils_commands:/home/aaa/robot/ros2_ws/src/install/mj_bridge/lib/python3.10/site-packages:${PYTHONPATH} /usr/bin/python3 -W ignore:setup.py install is deprecated -W ignore:easy_install command is deprecated setup.py egg_info --egg-base ../build/mj_bridge build --build-base /home/aaa/robot/ros2_ws/src/build/mj_bridge/build install --record /home/aaa/robot/ros2_ws/src/build/mj_bridge/install.log --single-version-externally-managed install_data
[3.481s] Level 1:colcon.colcon_core.environment:checking '/home/aaa/robot/ros2_ws/src/install/mj_bridge' for CMake module files
[3.481s] Level 1:colcon.colcon_core.environment:checking '/home/aaa/robot/ros2_ws/src/install/mj_bridge' for CMake config files
[3.481s] Level 1:colcon.colcon_core.environment:checking '/home/aaa/robot/ros2_ws/src/install/mj_bridge/lib'
[3.482s] Level 1:colcon.colcon_core.environment:checking '/home/aaa/robot/ros2_ws/src/install/mj_bridge/bin'
[3.482s] Level 1:colcon.colcon_core.environment:checking '/home/aaa/robot/ros2_ws/src/install/mj_bridge/lib/pkgconfig/mj_bridge.pc'
[3.482s] Level 1:colcon.colcon_core.environment:checking '/home/aaa/robot/ros2_ws/src/install/mj_bridge/lib/python3.10/site-packages'
[3.482s] Level 1:colcon.colcon_core.shell:create_environment_hook('mj_bridge', 'pythonpath')
[3.482s] INFO:colcon.colcon_core.shell:Creating environment hook '/home/aaa/robot/ros2_ws/src/install/mj_bridge/share/mj_bridge/hook/pythonpath.ps1'
[3.482s] INFO:colcon.colcon_core.shell:Creating environment descriptor '/home/aaa/robot/ros2_ws/src/install/mj_bridge/share/mj_bridge/hook/pythonpath.dsv'
[3.482s] INFO:colcon.colcon_core.shell:Creating environment hook '/home/aaa/robot/ros2_ws/src/install/mj_bridge/share/mj_bridge/hook/pythonpath.sh'
[3.483s] Level 1:colcon.colcon_core.environment:checking '/home/aaa/robot/ros2_ws/src/install/mj_bridge/bin'
[3.483s] Level 1:colcon.colcon_core.environment:create_environment_scripts_only(mj_bridge)
[3.483s] INFO:colcon.colcon_core.shell:Creating package script '/home/aaa/robot/ros2_ws/src/install/mj_bridge/share/mj_bridge/package.ps1'
[3.483s] INFO:colcon.colcon_core.shell:Creating package descriptor '/home/aaa/robot/ros2_ws/src/install/mj_bridge/share/mj_bridge/package.dsv'
[3.483s] DEBUG:colcon.colcon_core.event_handler.log_command:Invoked command in '/home/aaa/robot/ros2_ws/src/mj_bridge' returned '0': PYTHONPATH=/home/aaa/robot/ros2_ws/src/build/mj_bridge/prefix_override:/usr/lib/python3/dist-packages/colcon_core/task/python/colcon_distutils_commands:/home/aaa/robot/ros2_ws/src/install/mj_bridge/lib/python3.10/site-packages:${PYTHONPATH} /usr/bin/python3 -W ignore:setup.py install is deprecated -W ignore:easy_install command is deprecated setup.py egg_info --egg-base ../build/mj_bridge build --build-base /home/aaa/robot/ros2_ws/src/build/mj_bridge/build install --record /home/aaa/robot/ros2_ws/src/build/mj_bridge/install.log --single-version-externally-managed install_data
[3.485s] INFO:colcon.colcon_core.shell:Creating package script '/home/aaa/robot/ros2_ws/src/install/mj_bridge/share/mj_bridge/package.sh'
[3.486s] INFO:colcon.colcon_core.shell:Creating package script '/home/aaa/robot/ros2_ws/src/install/mj_bridge/share/mj_bridge/package.bash'
[3.486s] INFO:colcon.colcon_core.shell:Creating package script '/home/aaa/robot/ros2_ws/src/install/mj_bridge/share/mj_bridge/package.zsh'
[3.487s] Level 1:colcon.colcon_core.environment:create_file_with_runtime_dependencies(/home/aaa/robot/ros2_ws/src/install/mj_bridge/share/colcon-core/packages/mj_bridge)
[3.491s] INFO:colcon.colcon_ros.task.ament_python.build:Building ROS package in '/home/aaa/robot/ros2_ws/src/smach_demo' with build type 'ament_python'
[3.491s] Level 1:colcon.colcon_core.shell:create_environment_hook('smach_demo', 'ament_prefix_path')
[3.492s] INFO:colcon.colcon_core.shell:Creating environment hook '/home/aaa/robot/ros2_ws/src/install/smach_demo/share/smach_demo/hook/ament_prefix_path.ps1'
[3.492s] INFO:colcon.colcon_core.shell:Creating environment descriptor '/home/aaa/robot/ros2_ws/src/install/smach_demo/share/smach_demo/hook/ament_prefix_path.dsv'
[3.493s] INFO:colcon.colcon_core.shell:Creating environment hook '/home/aaa/robot/ros2_ws/src/install/smach_demo/share/smach_demo/hook/ament_prefix_path.sh'
[3.494s] INFO:colcon.colcon_core.shell:Skip shell extension 'powershell' for command environment: Not usable outside of PowerShell
[3.494s] DEBUG:colcon.colcon_core.shell:Skip shell extension 'dsv' for command environment
[4.103s] INFO:colcon.colcon_core.task.python.build:Building Python package in '/home/aaa/robot/ros2_ws/src/smach_demo'
[4.103s] INFO:colcon.colcon_core.shell:Skip shell extension 'powershell' for command environment: Not usable outside of PowerShell
[4.103s] DEBUG:colcon.colcon_core.shell:Skip shell extension 'dsv' for command environment
[4.716s] DEBUG:colcon.colcon_core.event_handler.log_command:Invoking command in '/home/aaa/robot/ros2_ws/src/smach_demo': PYTHONPATH=/home/aaa/robot/ros2_ws/src/build/smach_demo/prefix_override:/usr/lib/python3/dist-packages/colcon_core/task/python/colcon_distutils_commands:/home/aaa/robot/ros2_ws/src/install/smach_demo/lib/python3.10/site-packages:${PYTHONPATH} /usr/bin/python3 -W ignore:setup.py install is deprecated -W ignore:easy_install command is deprecated setup.py egg_info --egg-base ../build/smach_demo build --build-base /home/aaa/robot/ros2_ws/src/build/smach_demo/build install --record /home/aaa/robot/ros2_ws/src/build/smach_demo/install.log --single-version-externally-managed install_data
[5.218s] Level 1:colcon.colcon_core.environment:checking '/home/aaa/robot/ros2_ws/src/install/smach_demo' for CMake module files
[5.218s] Level 1:colcon.colcon_core.environment:checking '/home/aaa/robot/ros2_ws/src/install/smach_demo' for CMake config files
[5.219s] Level 1:colcon.colcon_core.environment:checking '/home/aaa/robot/ros2_ws/src/install/smach_demo/lib'
[5.219s] Level 1:colcon.colcon_core.environment:checking '/home/aaa/robot/ros2_ws/src/install/smach_demo/bin'
[5.219s] Level 1:colcon.colcon_core.environment:checking '/home/aaa/robot/ros2_ws/src/install/smach_demo/lib/pkgconfig/smach_demo.pc'
[5.219s] Level 1:colcon.colcon_core.environment:checking '/home/aaa/robot/ros2_ws/src/install/smach_demo/lib/python3.10/site-packages'
[5.219s] Level 1:colcon.colcon_core.shell:create_environment_hook('smach_demo', 'pythonpath')
[5.219s] INFO:colcon.colcon_core.shell:Creating environment hook '/home/aaa/robot/ros2_ws/src/install/smach_demo/share/smach_demo/hook/pythonpath.ps1'
[5.219s] DEBUG:colcon.colcon_core.event_handler.log_command:Invoked command in '/home/aaa/robot/ros2_ws/src/smach_demo' returned '0': PYTHONPATH=/home/aaa/robot/ros2_ws/src/build/smach_demo/prefix_override:/usr/lib/python3/dist-packages/colcon_core/task/python/colcon_distutils_commands:/home/aaa/robot/ros2_ws/src/install/smach_demo/lib/python3.10/site-packages:${PYTHONPATH} /usr/bin/python3 -W ignore:setup.py install is deprecated -W ignore:easy_install command is deprecated setup.py egg_info --egg-base ../build/smach_demo build --build-base /home/aaa/robot/ros2_ws/src/build/smach_demo/build install --record /home/aaa/robot/ros2_ws/src/build/smach_demo/install.log --single-version-externally-managed install_data
[5.220s] INFO:colcon.colcon_core.shell:Creating environment descriptor '/home/aaa/robot/ros2_ws/src/install/smach_demo/share/smach_demo/hook/pythonpath.dsv'
[5.220s] INFO:colcon.colcon_core.shell:Creating environment hook '/home/aaa/robot/ros2_ws/src/install/smach_demo/share/smach_demo/hook/pythonpath.sh'
[5.220s] Level 1:colcon.colcon_core.environment:checking '/home/aaa/robot/ros2_ws/src/install/smach_demo/bin'
[5.220s] Level 1:colcon.colcon_core.environment:create_environment_scripts_only(smach_demo)
[5.221s] INFO:colcon.colcon_core.shell:Creating package script '/home/aaa/robot/ros2_ws/src/install/smach_demo/share/smach_demo/package.ps1'
[5.221s] INFO:colcon.colcon_core.shell:Creating package descriptor '/home/aaa/robot/ros2_ws/src/install/smach_demo/share/smach_demo/package.dsv'
[5.221s] INFO:colcon.colcon_core.shell:Creating package script '/home/aaa/robot/ros2_ws/src/install/smach_demo/share/smach_demo/package.sh'
[5.221s] INFO:colcon.colcon_core.shell:Creating package script '/home/aaa/robot/ros2_ws/src/install/smach_demo/share/smach_demo/package.bash'
[5.221s] INFO:colcon.colcon_core.shell:Creating package script '/home/aaa/robot/ros2_ws/src/install/smach_demo/share/smach_demo/package.zsh'
[5.221s] Level 1:colcon.colcon_core.environment:create_file_with_runtime_dependencies(/home/aaa/robot/ros2_ws/src/install/smach_demo/share/colcon-core/packages/smach_demo)
[6.192s] DEBUG:colcon.colcon_core.event_handler.log_command:Invoked command in '/home/aaa/robot/ros2_ws/src/build/panda_pick' returned '0': CMAKE_PREFIX_PATH=/home/aaa/robot/ros2_ws/src/install/smach_demo:/home/aaa/robot/ros2_ws/src/install/mj_bridge:/opt/ros/humble /usr/bin/cmake /home/aaa/robot/ros2_ws/src/panda_pick -DCMAKE_INSTALL_PREFIX=/home/aaa/robot/ros2_ws/src/install/panda_pick
[6.194s] DEBUG:colcon.colcon_core.event_handler.log_command:Invoking command in '/home/aaa/robot/ros2_ws/src/build/panda_pick': CMAKE_PREFIX_PATH=/home/aaa/robot/ros2_ws/src/install/smach_demo:/home/aaa/robot/ros2_ws/src/install/mj_bridge:/opt/ros/humble /usr/bin/cmake --build /home/aaa/robot/ros2_ws/src/build/panda_pick -- -j2 -l2
[10.847s] DEBUG:colcon.colcon_core.event_handler.log_command:Invoked command in '/home/aaa/robot/ros2_ws/src/build/panda_pick' returned '0': CMAKE_PREFIX_PATH=/home/aaa/robot/ros2_ws/src/install/smach_demo:/home/aaa/robot/ros2_ws/src/install/mj_bridge:/opt/ros/humble /usr/bin/cmake --build /home/aaa/robot/ros2_ws/src/build/panda_pick -- -j2 -l2
[10.856s] DEBUG:colcon.colcon_core.event_handler.log_command:Invoking command in '/home/aaa/robot/ros2_ws/src/build/panda_pick': CMAKE_PREFIX_PATH=/home/aaa/robot/ros2_ws/src/install/smach_demo:/home/aaa/robot/ros2_ws/src/install/mj_bridge:/opt/ros/humble /usr/bin/cmake --install /home/aaa/robot/ros2_ws/src/build/panda_pick
[10.870s] Level 1:colcon.colcon_core.environment:create_environment_scripts_only(panda_pick)
[10.873s] Level 1:colcon.colcon_core.environment:checking '/home/aaa/robot/ros2_ws/src/install/panda_pick' for CMake module files
[10.873s] DEBUG:colcon.colcon_core.event_handler.log_command:Invoked command in '/home/aaa/robot/ros2_ws/src/build/panda_pick' returned '0': CMAKE_PREFIX_PATH=/home/aaa/robot/ros2_ws/src/install/smach_demo:/home/aaa/robot/ros2_ws/src/install/mj_bridge:/opt/ros/humble /usr/bin/cmake --install /home/aaa/robot/ros2_ws/src/build/panda_pick
[10.874s] Level 1:colcon.colcon_core.environment:checking '/home/aaa/robot/ros2_ws/src/install/panda_pick' for CMake config files
[10.874s] Level 1:colcon.colcon_core.shell:create_environment_hook('panda_pick', 'cmake_prefix_path')
[10.874s] INFO:colcon.colcon_core.shell:Creating environment hook '/home/aaa/robot/ros2_ws/src/install/panda_pick/share/panda_pick/hook/cmake_prefix_path.ps1'
[10.877s] INFO:colcon.colcon_core.shell:Creating environment descriptor '/home/aaa/robot/ros2_ws/src/install/panda_pick/share/panda_pick/hook/cmake_prefix_path.dsv'
[10.877s] INFO:colcon.colcon_core.shell:Creating environment hook '/home/aaa/robot/ros2_ws/src/install/panda_pick/share/panda_pick/hook/cmake_prefix_path.sh'
[10.878s] Level 1:colcon.colcon_core.environment:checking '/home/aaa/robot/ros2_ws/src/install/panda_pick/lib'
[10.878s] Level 1:colcon.colcon_core.environment:checking '/home/aaa/robot/ros2_ws/src/install/panda_pick/bin'
[10.878s] Level 1:colcon.colcon_core.environment:checking '/home/aaa/robot/ros2_ws/src/install/panda_pick/lib/pkgconfig/panda_pick.pc'
[10.878s] Level 1:colcon.colcon_core.environment:checking '/home/aaa/robot/ros2_ws/src/install/panda_pick/lib/python3.10/site-packages'
[10.878s] Level 1:colcon.colcon_core.environment:checking '/home/aaa/robot/ros2_ws/src/install/panda_pick/bin'
[10.879s] INFO:colcon.colcon_core.shell:Creating package script '/home/aaa/robot/ros2_ws/src/install/panda_pick/share/panda_pick/package.ps1'
[10.879s] INFO:colcon.colcon_core.shell:Creating package descriptor '/home/aaa/robot/ros2_ws/src/install/panda_pick/share/panda_pick/package.dsv'
[10.879s] INFO:colcon.colcon_core.shell:Creating package script '/home/aaa/robot/ros2_ws/src/install/panda_pick/share/panda_pick/package.sh'
[10.879s] INFO:colcon.colcon_core.shell:Creating package script '/home/aaa/robot/ros2_ws/src/install/panda_pick/share/panda_pick/package.bash'
[10.880s] INFO:colcon.colcon_core.shell:Creating package script '/home/aaa/robot/ros2_ws/src/install/panda_pick/share/panda_pick/package.zsh'
[10.880s] Level 1:colcon.colcon_core.environment:create_file_with_runtime_dependencies(/home/aaa/robot/ros2_ws/src/install/panda_pick/share/colcon-core/packages/panda_pick)
[10.880s] Level 1:colcon.colcon_core.environment:create_environment_scripts_only(panda_pick)
[10.880s] Level 1:colcon.colcon_core.environment:checking '/home/aaa/robot/ros2_ws/src/install/panda_pick' for CMake module files
[10.880s] Level 1:colcon.colcon_core.environment:checking '/home/aaa/robot/ros2_ws/src/install/panda_pick' for CMake config files
[10.881s] Level 1:colcon.colcon_core.shell:create_environment_hook('panda_pick', 'cmake_prefix_path')
[10.881s] INFO:colcon.colcon_core.shell:Creating environment hook '/home/aaa/robot/ros2_ws/src/install/panda_pick/share/panda_pick/hook/cmake_prefix_path.ps1'
[10.881s] INFO:colcon.colcon_core.shell:Creating environment descriptor '/home/aaa/robot/ros2_ws/src/install/panda_pick/share/panda_pick/hook/cmake_prefix_path.dsv'
[10.881s] INFO:colcon.colcon_core.shell:Creating environment hook '/home/aaa/robot/ros2_ws/src/install/panda_pick/share/panda_pick/hook/cmake_prefix_path.sh'
[10.881s] Level 1:colcon.colcon_core.environment:checking '/home/aaa/robot/ros2_ws/src/install/panda_pick/lib'
[10.881s] Level 1:colcon.colcon_core.environment:checking '/home/aaa/robot/ros2_ws/src/install/panda_pick/bin'
[10.881s] Level 1:colcon.colcon_core.environment:checking '/home/aaa/robot/ros2_ws/src/install/panda_pick/lib/pkgconfig/panda_pick.pc'
[10.882s] Level 1:colcon.colcon_core.environment:checking '/home/aaa/robot/ros2_ws/src/install/panda_pick/lib/python3.10/site-packages'
[10.882s] Level 1:colcon.colcon_core.environment:checking '/home/aaa/robot/ros2_ws/src/install/panda_pick/bin'
[10.883s] INFO:colcon.colcon_core.shell:Creating package script '/home/aaa/robot/ros2_ws/src/install/panda_pick/share/panda_pick/package.ps1'
[10.883s] INFO:colcon.colcon_core.shell:Creating package descriptor '/home/aaa/robot/ros2_ws/src/install/panda_pick/share/panda_pick/package.dsv'
[10.883s] INFO:colcon.colcon_core.shell:Creating package script '/home/aaa/robot/ros2_ws/src/install/panda_pick/share/panda_pick/package.sh'
[10.884s] INFO:colcon.colcon_core.shell:Creating package script '/home/aaa/robot/ros2_ws/src/install/panda_pick/share/panda_pick/package.bash'
[10.884s] INFO:colcon.colcon_core.shell:Creating package script '/home/aaa/robot/ros2_ws/src/install/panda_pick/share/panda_pick/package.zsh'
[10.884s] Level 1:colcon.colcon_core.environment:create_file_with_runtime_dependencies(/home/aaa/robot/ros2_ws/src/install/panda_pick/share/colcon-core/packages/panda_pick)
[10.884s] DEBUG:colcon.colcon_parallel_executor.executor.parallel:closing loop
[10.885s] DEBUG:colcon.colcon_parallel_executor.executor.parallel:loop closed
[10.885s] DEBUG:colcon.colcon_parallel_executor.executor.parallel:run_until_complete finished with '0'
[10.885s] DEBUG:colcon.colcon_core.event_reactor:joining thread
[10.889s] INFO:colcon.colcon_core.plugin_system:Skipping extension 'colcon_notification.desktop_notification.terminal_notifier': Not used on non-Darwin systems
[10.890s] INFO:colcon.colcon_core.plugin_system:Skipping extension 'colcon_notification.desktop_notification.win32': Not used on non-Windows systems
[10.890s] INFO:colcon.colcon_notification.desktop_notification:Sending desktop notification using 'notify2'
[10.906s] DEBUG:colcon.colcon_core.event_reactor:joined thread
[10.907s] INFO:colcon.colcon_core.shell:Creating prefix script '/home/aaa/robot/ros2_ws/src/install/local_setup.ps1'
[10.907s] INFO:colcon.colcon_core.shell:Creating prefix util module '/home/aaa/robot/ros2_ws/src/install/_local_setup_util_ps1.py'
[10.908s] INFO:colcon.colcon_core.shell:Creating prefix chain script '/home/aaa/robot/ros2_ws/src/install/setup.ps1'
[10.909s] INFO:colcon.colcon_core.shell:Creating prefix script '/home/aaa/robot/ros2_ws/src/install/local_setup.sh'
[10.909s] INFO:colcon.colcon_core.shell:Creating prefix util module '/home/aaa/robot/ros2_ws/src/install/_local_setup_util_sh.py'
[10.909s] INFO:colcon.colcon_core.shell:Creating prefix chain script '/home/aaa/robot/ros2_ws/src/install/setup.sh'
[10.910s] INFO:colcon.colcon_core.shell:Creating prefix script '/home/aaa/robot/ros2_ws/src/install/local_setup.bash'
[10.910s] INFO:colcon.colcon_core.shell:Creating prefix chain script '/home/aaa/robot/ros2_ws/src/install/setup.bash'
[10.911s] INFO:colcon.colcon_core.shell:Creating prefix script '/home/aaa/robot/ros2_ws/src/install/local_setup.zsh'
[10.911s] INFO:colcon.colcon_core.shell:Creating prefix chain script '/home/aaa/robot/ros2_ws/src/install/setup.zsh'
