[0.430s] Invoking command in '/home/aaa/robot/ros2_ws/src/mj_bridge': PYTHONPATH=/home/aaa/robot/ros2_ws/src/build/mj_bridge/prefix_override:/usr/lib/python3/dist-packages/colcon_core/task/python/colcon_distutils_commands:/home/aaa/robot/ros2_ws/src/install/mj_bridge/lib/python3.10/site-packages:${PYTHONPATH} /usr/bin/python3 -W ignore:setup.py install is deprecated -W ignore:easy_install command is deprecated setup.py egg_info --egg-base ../build/mj_bridge build --build-base /home/aaa/robot/ros2_ws/src/build/mj_bridge/build install --record /home/aaa/robot/ros2_ws/src/build/mj_bridge/install.log --single-version-externally-managed install_data
[0.526s] running egg_info
[0.527s] creating ../build/mj_bridge/mj_bridge.egg-info
[0.527s] writing ../build/mj_bridge/mj_bridge.egg-info/PKG-INFO
[0.527s] writing dependency_links to ../build/mj_bridge/mj_bridge.egg-info/dependency_links.txt
[0.528s] writing entry points to ../build/mj_bridge/mj_bridge.egg-info/entry_points.txt
[0.528s] writing requirements to ../build/mj_bridge/mj_bridge.egg-info/requires.txt
[0.528s] writing top-level names to ../build/mj_bridge/mj_bridge.egg-info/top_level.txt
[0.528s] writing manifest file '../build/mj_bridge/mj_bridge.egg-info/SOURCES.txt'
[0.528s] reading manifest file '../build/mj_bridge/mj_bridge.egg-info/SOURCES.txt'
[0.529s] writing manifest file '../build/mj_bridge/mj_bridge.egg-info/SOURCES.txt'
[0.531s] running build
[0.531s] running build_py
[0.531s] creating /home/aaa/robot/ros2_ws/src/build/mj_bridge/build
[0.531s] creating /home/aaa/robot/ros2_ws/src/build/mj_bridge/build/lib
[0.531s] creating /home/aaa/robot/ros2_ws/src/build/mj_bridge/build/lib/mj_bridge
[0.532s] copying mj_bridge/pick1.py -> /home/aaa/robot/ros2_ws/src/build/mj_bridge/build/lib/mj_bridge
[0.532s] copying mj_bridge/vlm_node2.py -> /home/aaa/robot/ros2_ws/src/build/mj_bridge/build/lib/mj_bridge
[0.532s] copying mj_bridge/virtual_camera.py -> /home/aaa/robot/ros2_ws/src/build/mj_bridge/build/lib/mj_bridge
[0.532s] copying mj_bridge/vlm_node.py -> /home/aaa/robot/ros2_ws/src/build/mj_bridge/build/lib/mj_bridge
[0.532s] copying mj_bridge/__init__.py -> /home/aaa/robot/ros2_ws/src/build/mj_bridge/build/lib/mj_bridge
[0.532s] copying mj_bridge/yolo_sam.py -> /home/aaa/robot/ros2_ws/src/build/mj_bridge/build/lib/mj_bridge
[0.532s] copying mj_bridge/mj_bridge2.py -> /home/aaa/robot/ros2_ws/src/build/mj_bridge/build/lib/mj_bridge
[0.532s] copying mj_bridge/mj_bridge3.py -> /home/aaa/robot/ros2_ws/src/build/mj_bridge/build/lib/mj_bridge
[0.532s] copying mj_bridge/mj_bridge.py -> /home/aaa/robot/ros2_ws/src/build/mj_bridge/build/lib/mj_bridge
[0.533s] copying mj_bridge/test_panda.py -> /home/aaa/robot/ros2_ws/src/build/mj_bridge/build/lib/mj_bridge
[0.533s] running install
[0.533s] running install_lib
[0.534s] creating /home/aaa/robot/ros2_ws/src/install/mj_bridge/lib/python3.10/site-packages/mj_bridge
[0.534s] copying /home/aaa/robot/ros2_ws/src/build/mj_bridge/build/lib/mj_bridge/pick1.py -> /home/aaa/robot/ros2_ws/src/install/mj_bridge/lib/python3.10/site-packages/mj_bridge
[0.534s] copying /home/aaa/robot/ros2_ws/src/build/mj_bridge/build/lib/mj_bridge/vlm_node2.py -> /home/aaa/robot/ros2_ws/src/install/mj_bridge/lib/python3.10/site-packages/mj_bridge
[0.534s] copying /home/aaa/robot/ros2_ws/src/build/mj_bridge/build/lib/mj_bridge/virtual_camera.py -> /home/aaa/robot/ros2_ws/src/install/mj_bridge/lib/python3.10/site-packages/mj_bridge
[0.534s] copying /home/aaa/robot/ros2_ws/src/build/mj_bridge/build/lib/mj_bridge/vlm_node.py -> /home/aaa/robot/ros2_ws/src/install/mj_bridge/lib/python3.10/site-packages/mj_bridge
[0.535s] copying /home/aaa/robot/ros2_ws/src/build/mj_bridge/build/lib/mj_bridge/__init__.py -> /home/aaa/robot/ros2_ws/src/install/mj_bridge/lib/python3.10/site-packages/mj_bridge
[0.535s] copying /home/aaa/robot/ros2_ws/src/build/mj_bridge/build/lib/mj_bridge/yolo_sam.py -> /home/aaa/robot/ros2_ws/src/install/mj_bridge/lib/python3.10/site-packages/mj_bridge
[0.535s] copying /home/aaa/robot/ros2_ws/src/build/mj_bridge/build/lib/mj_bridge/mj_bridge2.py -> /home/aaa/robot/ros2_ws/src/install/mj_bridge/lib/python3.10/site-packages/mj_bridge
[0.535s] copying /home/aaa/robot/ros2_ws/src/build/mj_bridge/build/lib/mj_bridge/mj_bridge3.py -> /home/aaa/robot/ros2_ws/src/install/mj_bridge/lib/python3.10/site-packages/mj_bridge
[0.535s] copying /home/aaa/robot/ros2_ws/src/build/mj_bridge/build/lib/mj_bridge/mj_bridge.py -> /home/aaa/robot/ros2_ws/src/install/mj_bridge/lib/python3.10/site-packages/mj_bridge
[0.535s] copying /home/aaa/robot/ros2_ws/src/build/mj_bridge/build/lib/mj_bridge/test_panda.py -> /home/aaa/robot/ros2_ws/src/install/mj_bridge/lib/python3.10/site-packages/mj_bridge
[0.535s] byte-compiling /home/aaa/robot/ros2_ws/src/install/mj_bridge/lib/python3.10/site-packages/mj_bridge/pick1.py to pick1.cpython-310.pyc
[0.535s] byte-compiling /home/aaa/robot/ros2_ws/src/install/mj_bridge/lib/python3.10/site-packages/mj_bridge/vlm_node2.py to vlm_node2.cpython-310.pyc
[0.536s] byte-compiling /home/aaa/robot/ros2_ws/src/install/mj_bridge/lib/python3.10/site-packages/mj_bridge/virtual_camera.py to virtual_camera.cpython-310.pyc
[0.536s] byte-compiling /home/aaa/robot/ros2_ws/src/install/mj_bridge/lib/python3.10/site-packages/mj_bridge/vlm_node.py to vlm_node.cpython-310.pyc
[0.537s] byte-compiling /home/aaa/robot/ros2_ws/src/install/mj_bridge/lib/python3.10/site-packages/mj_bridge/__init__.py to __init__.cpython-310.pyc
[0.537s] byte-compiling /home/aaa/robot/ros2_ws/src/install/mj_bridge/lib/python3.10/site-packages/mj_bridge/yolo_sam.py to yolo_sam.cpython-310.pyc
[0.538s] byte-compiling /home/aaa/robot/ros2_ws/src/install/mj_bridge/lib/python3.10/site-packages/mj_bridge/mj_bridge2.py to mj_bridge2.cpython-310.pyc
[0.539s] byte-compiling /home/aaa/robot/ros2_ws/src/install/mj_bridge/lib/python3.10/site-packages/mj_bridge/mj_bridge3.py to mj_bridge3.cpython-310.pyc
[0.540s] byte-compiling /home/aaa/robot/ros2_ws/src/install/mj_bridge/lib/python3.10/site-packages/mj_bridge/mj_bridge.py to mj_bridge.cpython-310.pyc
[0.540s] byte-compiling /home/aaa/robot/ros2_ws/src/install/mj_bridge/lib/python3.10/site-packages/mj_bridge/test_panda.py to test_panda.cpython-310.pyc
[0.540s] running install_data
[0.540s] creating /home/aaa/robot/ros2_ws/src/install/mj_bridge/share/ament_index
[0.540s] creating /home/aaa/robot/ros2_ws/src/install/mj_bridge/share/ament_index/resource_index
[0.540s] creating /home/aaa/robot/ros2_ws/src/install/mj_bridge/share/ament_index/resource_index/packages
[0.540s] copying resource/mj_bridge -> /home/aaa/robot/ros2_ws/src/install/mj_bridge/share/ament_index/resource_index/packages
[0.540s] copying package.xml -> /home/aaa/robot/ros2_ws/src/install/mj_bridge/share/mj_bridge
[0.540s] running install_egg_info
[0.541s] Copying ../build/mj_bridge/mj_bridge.egg-info to /home/aaa/robot/ros2_ws/src/install/mj_bridge/lib/python3.10/site-packages/mj_bridge-0.0.0-py3.10.egg-info
[0.542s] running install_scripts
[0.550s] Installing mj_bridge script to /home/aaa/robot/ros2_ws/src/install/mj_bridge/lib/mj_bridge
[0.550s] writing list of installed files to '/home/aaa/robot/ros2_ws/src/build/mj_bridge/install.log'
[0.564s] Invoked command in '/home/aaa/robot/ros2_ws/src/mj_bridge' returned '0': PYTHONPATH=/home/aaa/robot/ros2_ws/src/build/mj_bridge/prefix_override:/usr/lib/python3/dist-packages/colcon_core/task/python/colcon_distutils_commands:/home/aaa/robot/ros2_ws/src/install/mj_bridge/lib/python3.10/site-packages:${PYTHONPATH} /usr/bin/python3 -W ignore:setup.py install is deprecated -W ignore:easy_install command is deprecated setup.py egg_info --egg-base ../build/mj_bridge build --build-base /home/aaa/robot/ros2_ws/src/build/mj_bridge/build install --record /home/aaa/robot/ros2_ws/src/build/mj_bridge/install.log --single-version-externally-managed install_data
