/home/aaa/robot/ros2_ws/install/smach_ros/lib/python3.10/site-packages/smach_ros/introspection.py
/home/aaa/robot/ros2_ws/install/smach_ros/lib/python3.10/site-packages/smach_ros/monitor_state.py
/home/aaa/robot/ros2_ws/install/smach_ros/lib/python3.10/site-packages/smach_ros/service_state.py
/home/aaa/robot/ros2_ws/install/smach_ros/lib/python3.10/site-packages/smach_ros/simple_action_state.py
/home/aaa/robot/ros2_ws/install/smach_ros/lib/python3.10/site-packages/smach_ros/__init__.py
/home/aaa/robot/ros2_ws/install/smach_ros/lib/python3.10/site-packages/smach_ros/action_server_wrapper.py
/home/aaa/robot/ros2_ws/install/smach_ros/lib/python3.10/site-packages/smach_ros/ros_state.py
/home/aaa/robot/ros2_ws/install/smach_ros/lib/python3.10/site-packages/smach_ros/condition_state.py
/home/aaa/robot/ros2_ws/install/smach_ros/lib/python3.10/site-packages/smach_ros/node.py
/home/aaa/robot/ros2_ws/install/smach_ros/lib/python3.10/site-packages/smach_ros/util.py
/home/aaa/robot/ros2_ws/install/smach_ros/lib/python3.10/site-packages/smach_ros/__pycache__/introspection.cpython-310.pyc
/home/aaa/robot/ros2_ws/install/smach_ros/lib/python3.10/site-packages/smach_ros/__pycache__/monitor_state.cpython-310.pyc
/home/aaa/robot/ros2_ws/install/smach_ros/lib/python3.10/site-packages/smach_ros/__pycache__/service_state.cpython-310.pyc
/home/aaa/robot/ros2_ws/install/smach_ros/lib/python3.10/site-packages/smach_ros/__pycache__/simple_action_state.cpython-310.pyc
/home/aaa/robot/ros2_ws/install/smach_ros/lib/python3.10/site-packages/smach_ros/__pycache__/__init__.cpython-310.pyc
/home/aaa/robot/ros2_ws/install/smach_ros/lib/python3.10/site-packages/smach_ros/__pycache__/action_server_wrapper.cpython-310.pyc
/home/aaa/robot/ros2_ws/install/smach_ros/lib/python3.10/site-packages/smach_ros/__pycache__/ros_state.cpython-310.pyc
/home/aaa/robot/ros2_ws/install/smach_ros/lib/python3.10/site-packages/smach_ros/__pycache__/condition_state.cpython-310.pyc
/home/aaa/robot/ros2_ws/install/smach_ros/lib/python3.10/site-packages/smach_ros/__pycache__/node.cpython-310.pyc
/home/aaa/robot/ros2_ws/install/smach_ros/lib/python3.10/site-packages/smach_ros/__pycache__/util.cpython-310.pyc
/home/aaa/robot/ros2_ws/install/smach_ros/share/ament_index/resource_index/packages/smach_ros
/home/aaa/robot/ros2_ws/install/smach_ros/share/smach_ros/package.xml
/home/aaa/robot/ros2_ws/install/smach_ros/lib/python3.10/site-packages/smach_ros-3.0.3-py3.10.egg-info/requires.txt
/home/aaa/robot/ros2_ws/install/smach_ros/lib/python3.10/site-packages/smach_ros-3.0.3-py3.10.egg-info/zip-safe
/home/aaa/robot/ros2_ws/install/smach_ros/lib/python3.10/site-packages/smach_ros-3.0.3-py3.10.egg-info/top_level.txt
/home/aaa/robot/ros2_ws/install/smach_ros/lib/python3.10/site-packages/smach_ros-3.0.3-py3.10.egg-info/PKG-INFO
/home/aaa/robot/ros2_ws/install/smach_ros/lib/python3.10/site-packages/smach_ros-3.0.3-py3.10.egg-info/dependency_links.txt
/home/aaa/robot/ros2_ws/install/smach_ros/lib/python3.10/site-packages/smach_ros-3.0.3-py3.10.egg-info/SOURCES.txt
