[0.256s] DEBUG:colcon:Command line arguments: ['/usr/bin/colcon', 'build']
[0.256s] DEBUG:colcon:Parsed command line arguments: Namespace(log_base=None, log_level=None, verb_name='build', build_base='build', install_base='install', merge_install=False, symlink_install=False, test_result_base=None, continue_on_error=False, executor='parallel', parallel_workers=2, event_handlers=None, ignore_user_meta=False, metas=['./colcon.meta'], base_paths=['.'], packages_ignore=None, packages_ignore_regex=None, paths=None, packages_up_to=None, packages_up_to_regex=None, packages_above=None, packages_above_and_dependencies=None, packages_above_depth=None, packages_select_by_dep=None, packages_skip_by_dep=None, packages_skip_up_to=None, packages_select_build_failed=False, packages_skip_build_finished=False, packages_select_test_failures=False, packages_skip_test_passed=False, packages_select=None, packages_skip=None, packages_select_regex=None, packages_skip_regex=None, packages_start=None, packages_end=None, allow_overriding=[], cmake_args=None, cmake_target=None, cmake_target_skip_unavailable=False, cmake_clean_cache=False, cmake_clean_first=False, cmake_force_configure=False, ament_cmake_args=None, catkin_cmake_args=None, catkin_skip_building_tests=False, verb_parser=<colcon_defaults.argument_parser.defaults.DefaultArgumentsDecorator object at 0xffffb1cb26b0>, verb_extension=<colcon_core.verb.build.BuildVerb object at 0xffffb1cb2110>, main=<bound method BuildVerb.main of <colcon_core.verb.build.BuildVerb object at 0xffffb1cb2110>>)
[0.665s] Level 1:colcon.colcon_core.package_discovery:discover_packages(colcon_meta) check parameters
[0.674s] Level 1:colcon.colcon_core.package_discovery:discover_packages(recursive) check parameters
[0.674s] Level 1:colcon.colcon_core.package_discovery:discover_packages(ignore) check parameters
[0.674s] Level 1:colcon.colcon_core.package_discovery:discover_packages(path) check parameters
[0.674s] Level 1:colcon.colcon_core.package_discovery:discover_packages(colcon_meta) discover
[0.674s] Level 1:colcon.colcon_core.package_discovery:discover_packages(recursive) discover
[0.674s] INFO:colcon.colcon_core.package_discovery:Crawling recursively for packages in '/home/aaa/robot/ros2_ws'
[0.674s] Level 1:colcon.colcon_core.package_identification:_identify(.) by extensions ['ignore', 'ignore_ament_install']
[0.674s] Level 1:colcon.colcon_core.package_identification:_identify(.) by extension 'ignore'
[0.675s] Level 1:colcon.colcon_core.package_identification:_identify(.) by extension 'ignore_ament_install'
[0.675s] Level 1:colcon.colcon_core.package_identification:_identify(.) by extensions ['colcon_pkg']
[0.675s] Level 1:colcon.colcon_core.package_identification:_identify(.) by extension 'colcon_pkg'
[0.675s] Level 1:colcon.colcon_core.package_identification:_identify(.) by extensions ['colcon_meta']
[0.675s] Level 1:colcon.colcon_core.package_identification:_identify(.) by extension 'colcon_meta'
[0.675s] Level 1:colcon.colcon_core.package_identification:_identify(.) by extensions ['ros']
[0.675s] Level 1:colcon.colcon_core.package_identification:_identify(.) by extension 'ros'
[0.690s] Level 1:colcon.colcon_core.package_identification:_identify(.) by extensions ['cmake', 'python']
[0.691s] Level 1:colcon.colcon_core.package_identification:_identify(.) by extension 'cmake'
[0.691s] Level 1:colcon.colcon_core.package_identification:_identify(.) by extension 'python'
[0.691s] Level 1:colcon.colcon_core.package_identification:_identify(.) by extensions ['python_setup_py']
[0.691s] Level 1:colcon.colcon_core.package_identification:_identify(.) by extension 'python_setup_py'
[0.691s] Level 1:colcon.colcon_core.package_identification:_identify(build) by extensions ['ignore', 'ignore_ament_install']
[0.691s] Level 1:colcon.colcon_core.package_identification:_identify(build) by extension 'ignore'
[0.691s] Level 1:colcon.colcon_core.package_identification:_identify(build) ignored
[0.691s] Level 1:colcon.colcon_core.package_identification:_identify(executive_smach) by extensions ['ignore', 'ignore_ament_install']
[0.691s] Level 1:colcon.colcon_core.package_identification:_identify(executive_smach) by extension 'ignore'
[0.691s] Level 1:colcon.colcon_core.package_identification:_identify(executive_smach) by extension 'ignore_ament_install'
[0.691s] Level 1:colcon.colcon_core.package_identification:_identify(executive_smach) by extensions ['colcon_pkg']
[0.691s] Level 1:colcon.colcon_core.package_identification:_identify(executive_smach) by extension 'colcon_pkg'
[0.691s] Level 1:colcon.colcon_core.package_identification:_identify(executive_smach) by extensions ['colcon_meta']
[0.691s] Level 1:colcon.colcon_core.package_identification:_identify(executive_smach) by extension 'colcon_meta'
[0.691s] Level 1:colcon.colcon_core.package_identification:_identify(executive_smach) by extensions ['ros']
[0.692s] Level 1:colcon.colcon_core.package_identification:_identify(executive_smach) by extension 'ros'
[0.692s] Level 1:colcon.colcon_core.package_identification:_identify(executive_smach) by extensions ['cmake', 'python']
[0.692s] Level 1:colcon.colcon_core.package_identification:_identify(executive_smach) by extension 'cmake'
[0.692s] Level 1:colcon.colcon_core.package_identification:_identify(executive_smach) by extension 'python'
[0.692s] Level 1:colcon.colcon_core.package_identification:_identify(executive_smach) by extensions ['python_setup_py']
[0.692s] Level 1:colcon.colcon_core.package_identification:_identify(executive_smach) by extension 'python_setup_py'
[0.692s] Level 1:colcon.colcon_core.package_identification:_identify(executive_smach/executive_smach) by extensions ['ignore', 'ignore_ament_install']
[0.692s] Level 1:colcon.colcon_core.package_identification:_identify(executive_smach/executive_smach) by extension 'ignore'
[0.692s] Level 1:colcon.colcon_core.package_identification:_identify(executive_smach/executive_smach) by extension 'ignore_ament_install'
[0.692s] Level 1:colcon.colcon_core.package_identification:_identify(executive_smach/executive_smach) by extensions ['colcon_pkg']
[0.692s] Level 1:colcon.colcon_core.package_identification:_identify(executive_smach/executive_smach) by extension 'colcon_pkg'
[0.692s] Level 1:colcon.colcon_core.package_identification:_identify(executive_smach/executive_smach) by extensions ['colcon_meta']
[0.692s] Level 1:colcon.colcon_core.package_identification:_identify(executive_smach/executive_smach) by extension 'colcon_meta'
[0.692s] Level 1:colcon.colcon_core.package_identification:_identify(executive_smach/executive_smach) by extensions ['ros']
[0.692s] Level 1:colcon.colcon_core.package_identification:_identify(executive_smach/executive_smach) by extension 'ros'
[0.694s] DEBUG:colcon.colcon_core.package_identification:Package 'executive_smach/executive_smach' with type 'ros.ament_cmake' and name 'executive_smach'
[0.694s] Level 1:colcon.colcon_core.package_identification:_identify(executive_smach/smach) by extensions ['ignore', 'ignore_ament_install']
[0.694s] Level 1:colcon.colcon_core.package_identification:_identify(executive_smach/smach) by extension 'ignore'
[0.694s] Level 1:colcon.colcon_core.package_identification:_identify(executive_smach/smach) by extension 'ignore_ament_install'
[0.694s] Level 1:colcon.colcon_core.package_identification:_identify(executive_smach/smach) by extensions ['colcon_pkg']
[0.694s] Level 1:colcon.colcon_core.package_identification:_identify(executive_smach/smach) by extension 'colcon_pkg'
[0.694s] Level 1:colcon.colcon_core.package_identification:_identify(executive_smach/smach) by extensions ['colcon_meta']
[0.694s] Level 1:colcon.colcon_core.package_identification:_identify(executive_smach/smach) by extension 'colcon_meta'
[0.694s] Level 1:colcon.colcon_core.package_identification:_identify(executive_smach/smach) by extensions ['ros']
[0.694s] Level 1:colcon.colcon_core.package_identification:_identify(executive_smach/smach) by extension 'ros'
[0.694s] DEBUG:colcon.colcon_core.package_identification:Package 'executive_smach/smach' with type 'ros.ament_python' and name 'smach'
[0.695s] Level 1:colcon.colcon_core.package_identification:_identify(executive_smach/smach_msgs) by extensions ['ignore', 'ignore_ament_install']
[0.695s] Level 1:colcon.colcon_core.package_identification:_identify(executive_smach/smach_msgs) by extension 'ignore'
[0.695s] Level 1:colcon.colcon_core.package_identification:_identify(executive_smach/smach_msgs) by extension 'ignore_ament_install'
[0.695s] Level 1:colcon.colcon_core.package_identification:_identify(executive_smach/smach_msgs) by extensions ['colcon_pkg']
[0.695s] Level 1:colcon.colcon_core.package_identification:_identify(executive_smach/smach_msgs) by extension 'colcon_pkg'
[0.695s] Level 1:colcon.colcon_core.package_identification:_identify(executive_smach/smach_msgs) by extensions ['colcon_meta']
[0.695s] Level 1:colcon.colcon_core.package_identification:_identify(executive_smach/smach_msgs) by extension 'colcon_meta'
[0.695s] Level 1:colcon.colcon_core.package_identification:_identify(executive_smach/smach_msgs) by extensions ['ros']
[0.695s] Level 1:colcon.colcon_core.package_identification:_identify(executive_smach/smach_msgs) by extension 'ros'
[0.695s] DEBUG:colcon.colcon_core.package_identification:Package 'executive_smach/smach_msgs' with type 'ros.ament_cmake' and name 'smach_msgs'
[0.695s] Level 1:colcon.colcon_core.package_identification:_identify(executive_smach/smach_ros) by extensions ['ignore', 'ignore_ament_install']
[0.695s] Level 1:colcon.colcon_core.package_identification:_identify(executive_smach/smach_ros) by extension 'ignore'
[0.696s] Level 1:colcon.colcon_core.package_identification:_identify(executive_smach/smach_ros) by extension 'ignore_ament_install'
[0.696s] Level 1:colcon.colcon_core.package_identification:_identify(executive_smach/smach_ros) by extensions ['colcon_pkg']
[0.696s] Level 1:colcon.colcon_core.package_identification:_identify(executive_smach/smach_ros) by extension 'colcon_pkg'
[0.696s] Level 1:colcon.colcon_core.package_identification:_identify(executive_smach/smach_ros) by extensions ['colcon_meta']
[0.696s] Level 1:colcon.colcon_core.package_identification:_identify(executive_smach/smach_ros) by extension 'colcon_meta'
[0.696s] Level 1:colcon.colcon_core.package_identification:_identify(executive_smach/smach_ros) by extensions ['ros']
[0.696s] Level 1:colcon.colcon_core.package_identification:_identify(executive_smach/smach_ros) by extension 'ros'
[0.696s] DEBUG:colcon.colcon_core.package_identification:Package 'executive_smach/smach_ros' with type 'ros.ament_python' and name 'smach_ros'
[0.704s] Level 1:colcon.colcon_core.package_identification:_identify(install) by extensions ['ignore', 'ignore_ament_install']
[0.704s] Level 1:colcon.colcon_core.package_identification:_identify(install) by extension 'ignore'
[0.705s] Level 1:colcon.colcon_core.package_identification:_identify(install) ignored
[0.705s] Level 1:colcon.colcon_core.package_identification:_identify(log) by extensions ['ignore', 'ignore_ament_install']
[0.706s] Level 1:colcon.colcon_core.package_identification:_identify(log) by extension 'ignore'
[0.706s] Level 1:colcon.colcon_core.package_identification:_identify(log) ignored
[0.706s] Level 1:colcon.colcon_core.package_identification:_identify(src) by extensions ['ignore', 'ignore_ament_install']
[0.706s] Level 1:colcon.colcon_core.package_identification:_identify(src) by extension 'ignore'
[0.706s] Level 1:colcon.colcon_core.package_identification:_identify(src) by extension 'ignore_ament_install'
[0.706s] Level 1:colcon.colcon_core.package_identification:_identify(src) by extensions ['colcon_pkg']
[0.706s] Level 1:colcon.colcon_core.package_identification:_identify(src) by extension 'colcon_pkg'
[0.706s] Level 1:colcon.colcon_core.package_identification:_identify(src) by extensions ['colcon_meta']
[0.706s] Level 1:colcon.colcon_core.package_identification:_identify(src) by extension 'colcon_meta'
[0.706s] Level 1:colcon.colcon_core.package_identification:_identify(src) by extensions ['ros']
[0.706s] Level 1:colcon.colcon_core.package_identification:_identify(src) by extension 'ros'
[0.706s] Level 1:colcon.colcon_core.package_identification:_identify(src) by extensions ['cmake', 'python']
[0.707s] Level 1:colcon.colcon_core.package_identification:_identify(src) by extension 'cmake'
[0.707s] Level 1:colcon.colcon_core.package_identification:_identify(src) by extension 'python'
[0.707s] Level 1:colcon.colcon_core.package_identification:_identify(src) by extensions ['python_setup_py']
[0.707s] Level 1:colcon.colcon_core.package_identification:_identify(src) by extension 'python_setup_py'
[0.707s] Level 1:colcon.colcon_core.package_identification:_identify(src/build) by extensions ['ignore', 'ignore_ament_install']
[0.707s] Level 1:colcon.colcon_core.package_identification:_identify(src/build) by extension 'ignore'
[0.707s] Level 1:colcon.colcon_core.package_identification:_identify(src/build) ignored
[0.707s] Level 1:colcon.colcon_core.package_identification:_identify(src/install) by extensions ['ignore', 'ignore_ament_install']
[0.707s] Level 1:colcon.colcon_core.package_identification:_identify(src/install) by extension 'ignore'
[0.707s] Level 1:colcon.colcon_core.package_identification:_identify(src/install) ignored
[0.707s] Level 1:colcon.colcon_core.package_identification:_identify(src/log) by extensions ['ignore', 'ignore_ament_install']
[0.707s] Level 1:colcon.colcon_core.package_identification:_identify(src/log) by extension 'ignore'
[0.707s] Level 1:colcon.colcon_core.package_identification:_identify(src/log) ignored
[0.707s] Level 1:colcon.colcon_core.package_identification:_identify(src/mj_bridge) by extensions ['ignore', 'ignore_ament_install']
[0.707s] Level 1:colcon.colcon_core.package_identification:_identify(src/mj_bridge) by extension 'ignore'
[0.707s] Level 1:colcon.colcon_core.package_identification:_identify(src/mj_bridge) by extension 'ignore_ament_install'
[0.708s] Level 1:colcon.colcon_core.package_identification:_identify(src/mj_bridge) by extensions ['colcon_pkg']
[0.708s] Level 1:colcon.colcon_core.package_identification:_identify(src/mj_bridge) by extension 'colcon_pkg'
[0.708s] Level 1:colcon.colcon_core.package_identification:_identify(src/mj_bridge) by extensions ['colcon_meta']
[0.708s] Level 1:colcon.colcon_core.package_identification:_identify(src/mj_bridge) by extension 'colcon_meta'
[0.708s] Level 1:colcon.colcon_core.package_identification:_identify(src/mj_bridge) by extensions ['ros']
[0.708s] Level 1:colcon.colcon_core.package_identification:_identify(src/mj_bridge) by extension 'ros'
[0.708s] DEBUG:colcon.colcon_core.package_identification:Package 'src/mj_bridge' with type 'ros.ament_python' and name 'mj_bridge'
[0.714s] Level 1:colcon.colcon_core.package_identification:_identify(src/panda_pick) by extensions ['ignore', 'ignore_ament_install']
[0.714s] Level 1:colcon.colcon_core.package_identification:_identify(src/panda_pick) by extension 'ignore'
[0.714s] Level 1:colcon.colcon_core.package_identification:_identify(src/panda_pick) by extension 'ignore_ament_install'
[0.714s] Level 1:colcon.colcon_core.package_identification:_identify(src/panda_pick) by extensions ['colcon_pkg']
[0.714s] Level 1:colcon.colcon_core.package_identification:_identify(src/panda_pick) by extension 'colcon_pkg'
[0.714s] Level 1:colcon.colcon_core.package_identification:_identify(src/panda_pick) by extensions ['colcon_meta']
[0.714s] Level 1:colcon.colcon_core.package_identification:_identify(src/panda_pick) by extension 'colcon_meta'
[0.714s] Level 1:colcon.colcon_core.package_identification:_identify(src/panda_pick) by extensions ['ros']
[0.714s] Level 1:colcon.colcon_core.package_identification:_identify(src/panda_pick) by extension 'ros'
[0.715s] DEBUG:colcon.colcon_core.package_identification:Package 'src/panda_pick' with type 'ros.ament_cmake' and name 'panda_pick'
[0.715s] Level 1:colcon.colcon_core.package_identification:_identify(src/smach_demo) by extensions ['ignore', 'ignore_ament_install']
[0.715s] Level 1:colcon.colcon_core.package_identification:_identify(src/smach_demo) by extension 'ignore'
[0.715s] Level 1:colcon.colcon_core.package_identification:_identify(src/smach_demo) by extension 'ignore_ament_install'
[0.715s] Level 1:colcon.colcon_core.package_identification:_identify(src/smach_demo) by extensions ['colcon_pkg']
[0.715s] Level 1:colcon.colcon_core.package_identification:_identify(src/smach_demo) by extension 'colcon_pkg'
[0.715s] Level 1:colcon.colcon_core.package_identification:_identify(src/smach_demo) by extensions ['colcon_meta']
[0.715s] Level 1:colcon.colcon_core.package_identification:_identify(src/smach_demo) by extension 'colcon_meta'
[0.715s] Level 1:colcon.colcon_core.package_identification:_identify(src/smach_demo) by extensions ['ros']
[0.715s] Level 1:colcon.colcon_core.package_identification:_identify(src/smach_demo) by extension 'ros'
[0.716s] DEBUG:colcon.colcon_core.package_identification:Package 'src/smach_demo' with type 'ros.ament_python' and name 'smach_demo'
[0.716s] Level 1:colcon.colcon_core.package_discovery:discover_packages(recursive) using defaults
[0.716s] Level 1:colcon.colcon_core.package_discovery:discover_packages(ignore) discover
[0.716s] Level 1:colcon.colcon_core.package_discovery:discover_packages(ignore) using defaults
[0.716s] Level 1:colcon.colcon_core.package_discovery:discover_packages(path) discover
[0.716s] Level 1:colcon.colcon_core.package_discovery:discover_packages(path) using defaults
[0.787s] Level 1:colcon.colcon_core.package_discovery:discover_packages(prefix_path) check parameters
[0.787s] Level 1:colcon.colcon_core.package_discovery:discover_packages(prefix_path) discover
[0.788s] DEBUG:colcon.colcon_installed_package_information.package_discovery:Found 7 installed packages in /home/aaa/robot/ros2_ws/install
[0.790s] DEBUG:colcon.colcon_installed_package_information.package_discovery:Found 2 installed packages in /home/aaa/robot/ros2_ws/src/install
[0.791s] DEBUG:colcon.colcon_installed_package_information.package_discovery:Found 363 installed packages in /opt/ros/humble
[0.811s] Level 1:colcon.colcon_core.package_discovery:discover_packages(prefix_path) using defaults
[0.915s] Level 5:colcon.colcon_core.verb:set package 'mj_bridge' build argument 'cmake_args' from command line to 'None'
[0.926s] Level 5:colcon.colcon_core.verb:set package 'mj_bridge' build argument 'cmake_target' from command line to 'None'
[0.926s] Level 5:colcon.colcon_core.verb:set package 'mj_bridge' build argument 'cmake_target_skip_unavailable' from command line to 'False'
[0.926s] Level 5:colcon.colcon_core.verb:set package 'mj_bridge' build argument 'cmake_clean_cache' from command line to 'False'
[0.926s] Level 5:colcon.colcon_core.verb:set package 'mj_bridge' build argument 'cmake_clean_first' from command line to 'False'
[0.926s] Level 5:colcon.colcon_core.verb:set package 'mj_bridge' build argument 'cmake_force_configure' from command line to 'False'
[0.926s] Level 5:colcon.colcon_core.verb:set package 'mj_bridge' build argument 'ament_cmake_args' from command line to 'None'
[0.926s] Level 5:colcon.colcon_core.verb:set package 'mj_bridge' build argument 'catkin_cmake_args' from command line to 'None'
[0.926s] Level 5:colcon.colcon_core.verb:set package 'mj_bridge' build argument 'catkin_skip_building_tests' from command line to 'False'
[0.926s] DEBUG:colcon.colcon_core.verb:Building package 'mj_bridge' with the following arguments: {'ament_cmake_args': None, 'build_base': '/home/aaa/robot/ros2_ws/build/mj_bridge', 'catkin_cmake_args': None, 'catkin_skip_building_tests': False, 'cmake_args': None, 'cmake_clean_cache': False, 'cmake_clean_first': False, 'cmake_force_configure': False, 'cmake_target': None, 'cmake_target_skip_unavailable': False, 'install_base': '/home/aaa/robot/ros2_ws/install/mj_bridge', 'merge_install': False, 'path': '/home/aaa/robot/ros2_ws/src/mj_bridge', 'symlink_install': False, 'test_result_base': None}
[0.927s] Level 5:colcon.colcon_core.verb:set package 'panda_pick' build argument 'cmake_args' from command line to 'None'
[0.927s] Level 5:colcon.colcon_core.verb:set package 'panda_pick' build argument 'cmake_target' from command line to 'None'
[0.927s] Level 5:colcon.colcon_core.verb:set package 'panda_pick' build argument 'cmake_target_skip_unavailable' from command line to 'False'
[0.927s] Level 5:colcon.colcon_core.verb:set package 'panda_pick' build argument 'cmake_clean_cache' from command line to 'False'
[0.927s] Level 5:colcon.colcon_core.verb:set package 'panda_pick' build argument 'cmake_clean_first' from command line to 'False'
[0.927s] Level 5:colcon.colcon_core.verb:set package 'panda_pick' build argument 'cmake_force_configure' from command line to 'False'
[0.927s] Level 5:colcon.colcon_core.verb:set package 'panda_pick' build argument 'ament_cmake_args' from command line to 'None'
[0.927s] Level 5:colcon.colcon_core.verb:set package 'panda_pick' build argument 'catkin_cmake_args' from command line to 'None'
[0.927s] Level 5:colcon.colcon_core.verb:set package 'panda_pick' build argument 'catkin_skip_building_tests' from command line to 'False'
[0.927s] DEBUG:colcon.colcon_core.verb:Building package 'panda_pick' with the following arguments: {'ament_cmake_args': None, 'build_base': '/home/aaa/robot/ros2_ws/build/panda_pick', 'catkin_cmake_args': None, 'catkin_skip_building_tests': False, 'cmake_args': None, 'cmake_clean_cache': False, 'cmake_clean_first': False, 'cmake_force_configure': False, 'cmake_target': None, 'cmake_target_skip_unavailable': False, 'install_base': '/home/aaa/robot/ros2_ws/install/panda_pick', 'merge_install': False, 'path': '/home/aaa/robot/ros2_ws/src/panda_pick', 'symlink_install': False, 'test_result_base': None}
[0.927s] Level 5:colcon.colcon_core.verb:set package 'smach' build argument 'cmake_args' from command line to 'None'
[0.927s] Level 5:colcon.colcon_core.verb:set package 'smach' build argument 'cmake_target' from command line to 'None'
[0.927s] Level 5:colcon.colcon_core.verb:set package 'smach' build argument 'cmake_target_skip_unavailable' from command line to 'False'
[0.927s] Level 5:colcon.colcon_core.verb:set package 'smach' build argument 'cmake_clean_cache' from command line to 'False'
[0.927s] Level 5:colcon.colcon_core.verb:set package 'smach' build argument 'cmake_clean_first' from command line to 'False'
[0.927s] Level 5:colcon.colcon_core.verb:set package 'smach' build argument 'cmake_force_configure' from command line to 'False'
[0.931s] Level 5:colcon.colcon_core.verb:set package 'smach' build argument 'ament_cmake_args' from command line to 'None'
[0.931s] Level 5:colcon.colcon_core.verb:set package 'smach' build argument 'catkin_cmake_args' from command line to 'None'
[0.931s] Level 5:colcon.colcon_core.verb:set package 'smach' build argument 'catkin_skip_building_tests' from command line to 'False'
[0.931s] DEBUG:colcon.colcon_core.verb:Building package 'smach' with the following arguments: {'ament_cmake_args': None, 'build_base': '/home/aaa/robot/ros2_ws/build/smach', 'catkin_cmake_args': None, 'catkin_skip_building_tests': False, 'cmake_args': None, 'cmake_clean_cache': False, 'cmake_clean_first': False, 'cmake_force_configure': False, 'cmake_target': None, 'cmake_target_skip_unavailable': False, 'install_base': '/home/aaa/robot/ros2_ws/install/smach', 'merge_install': False, 'path': '/home/aaa/robot/ros2_ws/executive_smach/smach', 'symlink_install': False, 'test_result_base': None}
[0.931s] Level 5:colcon.colcon_core.verb:set package 'smach_demo' build argument 'cmake_args' from command line to 'None'
[0.931s] Level 5:colcon.colcon_core.verb:set package 'smach_demo' build argument 'cmake_target' from command line to 'None'
[0.931s] Level 5:colcon.colcon_core.verb:set package 'smach_demo' build argument 'cmake_target_skip_unavailable' from command line to 'False'
[0.931s] Level 5:colcon.colcon_core.verb:set package 'smach_demo' build argument 'cmake_clean_cache' from command line to 'False'
[0.931s] Level 5:colcon.colcon_core.verb:set package 'smach_demo' build argument 'cmake_clean_first' from command line to 'False'
[0.931s] Level 5:colcon.colcon_core.verb:set package 'smach_demo' build argument 'cmake_force_configure' from command line to 'False'
[0.931s] Level 5:colcon.colcon_core.verb:set package 'smach_demo' build argument 'ament_cmake_args' from command line to 'None'
[0.931s] Level 5:colcon.colcon_core.verb:set package 'smach_demo' build argument 'catkin_cmake_args' from command line to 'None'
[0.931s] Level 5:colcon.colcon_core.verb:set package 'smach_demo' build argument 'catkin_skip_building_tests' from command line to 'False'
[0.931s] DEBUG:colcon.colcon_core.verb:Building package 'smach_demo' with the following arguments: {'ament_cmake_args': None, 'build_base': '/home/aaa/robot/ros2_ws/build/smach_demo', 'catkin_cmake_args': None, 'catkin_skip_building_tests': False, 'cmake_args': None, 'cmake_clean_cache': False, 'cmake_clean_first': False, 'cmake_force_configure': False, 'cmake_target': None, 'cmake_target_skip_unavailable': False, 'install_base': '/home/aaa/robot/ros2_ws/install/smach_demo', 'merge_install': False, 'path': '/home/aaa/robot/ros2_ws/src/smach_demo', 'symlink_install': False, 'test_result_base': None}
[0.931s] Level 5:colcon.colcon_core.verb:set package 'smach_msgs' build argument 'cmake_args' from command line to 'None'
[0.931s] Level 5:colcon.colcon_core.verb:set package 'smach_msgs' build argument 'cmake_target' from command line to 'None'
[0.932s] Level 5:colcon.colcon_core.verb:set package 'smach_msgs' build argument 'cmake_target_skip_unavailable' from command line to 'False'
[0.932s] Level 5:colcon.colcon_core.verb:set package 'smach_msgs' build argument 'cmake_clean_cache' from command line to 'False'
[0.932s] Level 5:colcon.colcon_core.verb:set package 'smach_msgs' build argument 'cmake_clean_first' from command line to 'False'
[0.932s] Level 5:colcon.colcon_core.verb:set package 'smach_msgs' build argument 'cmake_force_configure' from command line to 'False'
[0.932s] Level 5:colcon.colcon_core.verb:set package 'smach_msgs' build argument 'ament_cmake_args' from command line to 'None'
[0.932s] Level 5:colcon.colcon_core.verb:set package 'smach_msgs' build argument 'catkin_cmake_args' from command line to 'None'
[0.932s] Level 5:colcon.colcon_core.verb:set package 'smach_msgs' build argument 'catkin_skip_building_tests' from command line to 'False'
[0.932s] DEBUG:colcon.colcon_core.verb:Building package 'smach_msgs' with the following arguments: {'ament_cmake_args': None, 'build_base': '/home/aaa/robot/ros2_ws/build/smach_msgs', 'catkin_cmake_args': None, 'catkin_skip_building_tests': False, 'cmake_args': None, 'cmake_clean_cache': False, 'cmake_clean_first': False, 'cmake_force_configure': False, 'cmake_target': None, 'cmake_target_skip_unavailable': False, 'install_base': '/home/aaa/robot/ros2_ws/install/smach_msgs', 'merge_install': False, 'path': '/home/aaa/robot/ros2_ws/executive_smach/smach_msgs', 'symlink_install': False, 'test_result_base': None}
[0.932s] Level 5:colcon.colcon_core.verb:set package 'smach_ros' build argument 'cmake_args' from command line to 'None'
[0.932s] Level 5:colcon.colcon_core.verb:set package 'smach_ros' build argument 'cmake_target' from command line to 'None'
[0.932s] Level 5:colcon.colcon_core.verb:set package 'smach_ros' build argument 'cmake_target_skip_unavailable' from command line to 'False'
[0.932s] Level 5:colcon.colcon_core.verb:set package 'smach_ros' build argument 'cmake_clean_cache' from command line to 'False'
[0.932s] Level 5:colcon.colcon_core.verb:set package 'smach_ros' build argument 'cmake_clean_first' from command line to 'False'
[0.932s] Level 5:colcon.colcon_core.verb:set package 'smach_ros' build argument 'cmake_force_configure' from command line to 'False'
[0.932s] Level 5:colcon.colcon_core.verb:set package 'smach_ros' build argument 'ament_cmake_args' from command line to 'None'
[0.932s] Level 5:colcon.colcon_core.verb:set package 'smach_ros' build argument 'catkin_cmake_args' from command line to 'None'
[0.932s] Level 5:colcon.colcon_core.verb:set package 'smach_ros' build argument 'catkin_skip_building_tests' from command line to 'False'
[0.932s] DEBUG:colcon.colcon_core.verb:Building package 'smach_ros' with the following arguments: {'ament_cmake_args': None, 'build_base': '/home/aaa/robot/ros2_ws/build/smach_ros', 'catkin_cmake_args': None, 'catkin_skip_building_tests': False, 'cmake_args': None, 'cmake_clean_cache': False, 'cmake_clean_first': False, 'cmake_force_configure': False, 'cmake_target': None, 'cmake_target_skip_unavailable': False, 'install_base': '/home/aaa/robot/ros2_ws/install/smach_ros', 'merge_install': False, 'path': '/home/aaa/robot/ros2_ws/executive_smach/smach_ros', 'symlink_install': False, 'test_result_base': None}
[0.933s] Level 5:colcon.colcon_core.verb:set package 'executive_smach' build argument 'cmake_args' from command line to 'None'
[0.933s] Level 5:colcon.colcon_core.verb:set package 'executive_smach' build argument 'cmake_target' from command line to 'None'
[0.933s] Level 5:colcon.colcon_core.verb:set package 'executive_smach' build argument 'cmake_target_skip_unavailable' from command line to 'False'
[0.933s] Level 5:colcon.colcon_core.verb:set package 'executive_smach' build argument 'cmake_clean_cache' from command line to 'False'
[0.933s] Level 5:colcon.colcon_core.verb:set package 'executive_smach' build argument 'cmake_clean_first' from command line to 'False'
[0.933s] Level 5:colcon.colcon_core.verb:set package 'executive_smach' build argument 'cmake_force_configure' from command line to 'False'
[0.933s] Level 5:colcon.colcon_core.verb:set package 'executive_smach' build argument 'ament_cmake_args' from command line to 'None'
[0.933s] Level 5:colcon.colcon_core.verb:set package 'executive_smach' build argument 'catkin_cmake_args' from command line to 'None'
[0.933s] Level 5:colcon.colcon_core.verb:set package 'executive_smach' build argument 'catkin_skip_building_tests' from command line to 'False'
[0.933s] DEBUG:colcon.colcon_core.verb:Building package 'executive_smach' with the following arguments: {'ament_cmake_args': None, 'build_base': '/home/aaa/robot/ros2_ws/build/executive_smach', 'catkin_cmake_args': None, 'catkin_skip_building_tests': False, 'cmake_args': None, 'cmake_clean_cache': False, 'cmake_clean_first': False, 'cmake_force_configure': False, 'cmake_target': None, 'cmake_target_skip_unavailable': False, 'install_base': '/home/aaa/robot/ros2_ws/install/executive_smach', 'merge_install': False, 'path': '/home/aaa/robot/ros2_ws/executive_smach/executive_smach', 'symlink_install': False, 'test_result_base': None}
[0.933s] INFO:colcon.colcon_core.executor:Executing jobs using 'parallel' executor
[0.958s] DEBUG:colcon.colcon_parallel_executor.executor.parallel:run_until_complete
[0.959s] INFO:colcon.colcon_ros.task.ament_python.build:Building ROS package in '/home/aaa/robot/ros2_ws/executive_smach/smach' with build type 'ament_python'
[0.959s] Level 1:colcon.colcon_core.shell:create_environment_hook('smach', 'ament_prefix_path')
[0.963s] INFO:colcon.colcon_core.plugin_system:Skipping extension 'colcon_core.shell.bat': Not used on non-Windows systems
[0.963s] INFO:colcon.colcon_core.shell:Creating environment hook '/home/aaa/robot/ros2_ws/install/smach/share/smach/hook/ament_prefix_path.ps1'
[0.964s] INFO:colcon.colcon_core.shell:Creating environment descriptor '/home/aaa/robot/ros2_ws/install/smach/share/smach/hook/ament_prefix_path.dsv'
[0.965s] INFO:colcon.colcon_core.shell:Creating environment hook '/home/aaa/robot/ros2_ws/install/smach/share/smach/hook/ament_prefix_path.sh'
[0.967s] INFO:colcon.colcon_core.shell:Skip shell extension 'powershell' for command environment: Not usable outside of PowerShell
[0.967s] DEBUG:colcon.colcon_core.shell:Skip shell extension 'dsv' for command environment
[1.010s] INFO:colcon.colcon_ros.task.ament_cmake.build:Building ROS package in '/home/aaa/robot/ros2_ws/executive_smach/smach_msgs' with build type 'ament_cmake'
[1.010s] INFO:colcon.colcon_cmake.task.cmake.build:Building CMake package in '/home/aaa/robot/ros2_ws/executive_smach/smach_msgs'
[1.010s] INFO:colcon.colcon_core.shell:Skip shell extension 'powershell' for command environment: Not usable outside of PowerShell
[1.010s] DEBUG:colcon.colcon_core.shell:Skip shell extension 'dsv' for command environment
[1.709s] INFO:colcon.colcon_core.task.python.build:Building Python package in '/home/aaa/robot/ros2_ws/executive_smach/smach'
[1.709s] INFO:colcon.colcon_core.shell:Skip shell extension 'powershell' for command environment: Not usable outside of PowerShell
[1.709s] DEBUG:colcon.colcon_core.shell:Skip shell extension 'dsv' for command environment
[1.739s] DEBUG:colcon.colcon_core.event_handler.log_command:Invoking command in '/home/aaa/robot/ros2_ws/build/smach_msgs': CMAKE_PREFIX_PATH=${CMAKE_PREFIX_PATH}:/home/aaa/robot/ros2_ws/install/smach_ros:/home/aaa/robot/ros2_ws/install/smach_demo:/home/aaa/robot/ros2_ws/install/smach:/home/aaa/robot/ros2_ws/install/mj_bridge:/home/aaa/robot/ros2_ws/src/install/smach_demo:/home/aaa/robot/ros2_ws/src/install/mj_bridge:/opt/ros/humble /usr/bin/cmake /home/aaa/robot/ros2_ws/executive_smach/smach_msgs -DCMAKE_INSTALL_PREFIX=/home/aaa/robot/ros2_ws/install/smach_msgs
[2.917s] DEBUG:colcon.colcon_core.event_handler.log_command:Invoking command in '/home/aaa/robot/ros2_ws/build/smach': PYTHONPATH=/home/aaa/robot/ros2_ws/build/smach/prefix_override:/usr/lib/python3/dist-packages/colcon_core/task/python/colcon_distutils_commands:/home/aaa/robot/ros2_ws/install/smach/lib/python3.10/site-packages:${PYTHONPATH} /usr/bin/python3 -W ignore:setup.py install is deprecated -W ignore:easy_install command is deprecated setup.py develop --uninstall --editable --build-directory /home/aaa/robot/ros2_ws/build/smach/build
[3.935s] DEBUG:colcon.colcon_core.event_handler.log_command:Invoked command in '/home/aaa/robot/ros2_ws/build/smach' returned '0': PYTHONPATH=/home/aaa/robot/ros2_ws/build/smach/prefix_override:/usr/lib/python3/dist-packages/colcon_core/task/python/colcon_distutils_commands:/home/aaa/robot/ros2_ws/install/smach/lib/python3.10/site-packages:${PYTHONPATH} /usr/bin/python3 -W ignore:setup.py install is deprecated -W ignore:easy_install command is deprecated setup.py develop --uninstall --editable --build-directory /home/aaa/robot/ros2_ws/build/smach/build
[3.942s] DEBUG:colcon.colcon_core.event_handler.log_command:Invoking command in '/home/aaa/robot/ros2_ws/executive_smach/smach': PYTHONPATH=/home/aaa/robot/ros2_ws/build/smach/prefix_override:/usr/lib/python3/dist-packages/colcon_core/task/python/colcon_distutils_commands:/home/aaa/robot/ros2_ws/install/smach/lib/python3.10/site-packages:${PYTHONPATH} /usr/bin/python3 -W ignore:setup.py install is deprecated -W ignore:easy_install command is deprecated setup.py egg_info --egg-base ../../build/smach build --build-base /home/aaa/robot/ros2_ws/build/smach/build install --record /home/aaa/robot/ros2_ws/build/smach/install.log --install-scripts $base/lib/smach --single-version-externally-managed install_data --force
[4.973s] DEBUG:colcon.colcon_core.event_handler.log_command:Invoked command in '/home/aaa/robot/ros2_ws/executive_smach/smach' returned '0': PYTHONPATH=/home/aaa/robot/ros2_ws/build/smach/prefix_override:/usr/lib/python3/dist-packages/colcon_core/task/python/colcon_distutils_commands:/home/aaa/robot/ros2_ws/install/smach/lib/python3.10/site-packages:${PYTHONPATH} /usr/bin/python3 -W ignore:setup.py install is deprecated -W ignore:easy_install command is deprecated setup.py egg_info --egg-base ../../build/smach build --build-base /home/aaa/robot/ros2_ws/build/smach/build install --record /home/aaa/robot/ros2_ws/build/smach/install.log --install-scripts $base/lib/smach --single-version-externally-managed install_data --force
[4.977s] Level 1:colcon.colcon_core.environment:checking '/home/aaa/robot/ros2_ws/install/smach' for CMake module files
[4.978s] Level 1:colcon.colcon_core.environment:checking '/home/aaa/robot/ros2_ws/install/smach' for CMake config files
[4.979s] Level 1:colcon.colcon_core.environment:checking '/home/aaa/robot/ros2_ws/install/smach/lib'
[4.979s] Level 1:colcon.colcon_core.environment:checking '/home/aaa/robot/ros2_ws/install/smach/bin'
[4.979s] Level 1:colcon.colcon_core.environment:checking '/home/aaa/robot/ros2_ws/install/smach/lib/pkgconfig/smach.pc'
[4.979s] Level 1:colcon.colcon_core.environment:checking '/home/aaa/robot/ros2_ws/install/smach/lib/python3.10/site-packages'
[4.979s] Level 1:colcon.colcon_core.shell:create_environment_hook('smach', 'pythonpath')
[4.979s] INFO:colcon.colcon_core.shell:Creating environment hook '/home/aaa/robot/ros2_ws/install/smach/share/smach/hook/pythonpath.ps1'
[4.979s] INFO:colcon.colcon_core.shell:Creating environment descriptor '/home/aaa/robot/ros2_ws/install/smach/share/smach/hook/pythonpath.dsv'
[4.981s] INFO:colcon.colcon_core.shell:Creating environment hook '/home/aaa/robot/ros2_ws/install/smach/share/smach/hook/pythonpath.sh'
[4.981s] Level 1:colcon.colcon_core.environment:checking '/home/aaa/robot/ros2_ws/install/smach/bin'
[4.981s] Level 1:colcon.colcon_core.environment:create_environment_scripts_only(smach)
[4.981s] INFO:colcon.colcon_core.shell:Creating package script '/home/aaa/robot/ros2_ws/install/smach/share/smach/package.ps1'
[4.982s] INFO:colcon.colcon_core.shell:Creating package descriptor '/home/aaa/robot/ros2_ws/install/smach/share/smach/package.dsv'
[4.982s] INFO:colcon.colcon_core.shell:Creating package script '/home/aaa/robot/ros2_ws/install/smach/share/smach/package.sh'
[4.982s] INFO:colcon.colcon_core.shell:Creating package script '/home/aaa/robot/ros2_ws/install/smach/share/smach/package.bash'
[4.983s] INFO:colcon.colcon_core.shell:Creating package script '/home/aaa/robot/ros2_ws/install/smach/share/smach/package.zsh'
[4.983s] Level 1:colcon.colcon_core.environment:create_file_with_runtime_dependencies(/home/aaa/robot/ros2_ws/install/smach/share/colcon-core/packages/smach)
[4.983s] INFO:colcon.colcon_ros.task.ament_python.build:Building ROS package in '/home/aaa/robot/ros2_ws/src/mj_bridge' with build type 'ament_python'
[4.983s] Level 1:colcon.colcon_core.shell:create_environment_hook('mj_bridge', 'ament_prefix_path')
[4.983s] INFO:colcon.colcon_core.shell:Creating environment hook '/home/aaa/robot/ros2_ws/install/mj_bridge/share/mj_bridge/hook/ament_prefix_path.ps1'
[4.984s] INFO:colcon.colcon_core.shell:Creating environment descriptor '/home/aaa/robot/ros2_ws/install/mj_bridge/share/mj_bridge/hook/ament_prefix_path.dsv'
[4.984s] INFO:colcon.colcon_core.shell:Creating environment hook '/home/aaa/robot/ros2_ws/install/mj_bridge/share/mj_bridge/hook/ament_prefix_path.sh'
[4.984s] INFO:colcon.colcon_core.shell:Skip shell extension 'powershell' for command environment: Not usable outside of PowerShell
[4.984s] DEBUG:colcon.colcon_core.shell:Skip shell extension 'dsv' for command environment
[6.133s] INFO:colcon.colcon_core.task.python.build:Building Python package in '/home/aaa/robot/ros2_ws/src/mj_bridge'
[6.133s] INFO:colcon.colcon_core.shell:Skip shell extension 'powershell' for command environment: Not usable outside of PowerShell
[6.133s] DEBUG:colcon.colcon_core.shell:Skip shell extension 'dsv' for command environment
[6.163s] DEBUG:colcon.colcon_core.event_handler.log_command:Invoked command in '/home/aaa/robot/ros2_ws/build/smach_msgs' returned '0': CMAKE_PREFIX_PATH=${CMAKE_PREFIX_PATH}:/home/aaa/robot/ros2_ws/install/smach_ros:/home/aaa/robot/ros2_ws/install/smach_demo:/home/aaa/robot/ros2_ws/install/smach:/home/aaa/robot/ros2_ws/install/mj_bridge:/home/aaa/robot/ros2_ws/src/install/smach_demo:/home/aaa/robot/ros2_ws/src/install/mj_bridge:/opt/ros/humble /usr/bin/cmake /home/aaa/robot/ros2_ws/executive_smach/smach_msgs -DCMAKE_INSTALL_PREFIX=/home/aaa/robot/ros2_ws/install/smach_msgs
[6.178s] DEBUG:colcon.colcon_core.event_handler.log_command:Invoking command in '/home/aaa/robot/ros2_ws/build/smach_msgs': CMAKE_PREFIX_PATH=${CMAKE_PREFIX_PATH}:/home/aaa/robot/ros2_ws/install/smach_ros:/home/aaa/robot/ros2_ws/install/smach_demo:/home/aaa/robot/ros2_ws/install/smach:/home/aaa/robot/ros2_ws/install/mj_bridge:/home/aaa/robot/ros2_ws/src/install/smach_demo:/home/aaa/robot/ros2_ws/src/install/mj_bridge:/opt/ros/humble /usr/bin/cmake --build /home/aaa/robot/ros2_ws/build/smach_msgs -- -j2 -l2
[7.658s] DEBUG:colcon.colcon_core.event_handler.log_command:Invoking command in '/home/aaa/robot/ros2_ws/build/mj_bridge': PYTHONPATH=/home/aaa/robot/ros2_ws/build/mj_bridge/prefix_override:/usr/lib/python3/dist-packages/colcon_core/task/python/colcon_distutils_commands:/home/aaa/robot/ros2_ws/install/mj_bridge/lib/python3.10/site-packages:${PYTHONPATH} /usr/bin/python3 -W ignore:setup.py install is deprecated -W ignore:easy_install command is deprecated setup.py develop --uninstall --editable --build-directory /home/aaa/robot/ros2_ws/build/mj_bridge/build
[9.230s] DEBUG:colcon.colcon_core.event_handler.log_command:Invoked command in '/home/aaa/robot/ros2_ws/build/mj_bridge' returned '0': PYTHONPATH=/home/aaa/robot/ros2_ws/build/mj_bridge/prefix_override:/usr/lib/python3/dist-packages/colcon_core/task/python/colcon_distutils_commands:/home/aaa/robot/ros2_ws/install/mj_bridge/lib/python3.10/site-packages:${PYTHONPATH} /usr/bin/python3 -W ignore:setup.py install is deprecated -W ignore:easy_install command is deprecated setup.py develop --uninstall --editable --build-directory /home/aaa/robot/ros2_ws/build/mj_bridge/build
[9.231s] DEBUG:colcon.colcon_core.event_handler.log_command:Invoking command in '/home/aaa/robot/ros2_ws/src/mj_bridge': PYTHONPATH=/home/aaa/robot/ros2_ws/build/mj_bridge/prefix_override:/usr/lib/python3/dist-packages/colcon_core/task/python/colcon_distutils_commands:/home/aaa/robot/ros2_ws/install/mj_bridge/lib/python3.10/site-packages:${PYTHONPATH} /usr/bin/python3 -W ignore:setup.py install is deprecated -W ignore:easy_install command is deprecated setup.py egg_info --egg-base ../../build/mj_bridge build --build-base /home/aaa/robot/ros2_ws/build/mj_bridge/build install --record /home/aaa/robot/ros2_ws/build/mj_bridge/install.log --single-version-externally-managed install_data --force
[10.124s] Level 1:colcon.colcon_core.environment:checking '/home/aaa/robot/ros2_ws/install/mj_bridge' for CMake module files
[10.125s] Level 1:colcon.colcon_core.environment:checking '/home/aaa/robot/ros2_ws/install/mj_bridge' for CMake config files
[10.125s] Level 1:colcon.colcon_core.environment:checking '/home/aaa/robot/ros2_ws/install/mj_bridge/lib'
[10.125s] Level 1:colcon.colcon_core.environment:checking '/home/aaa/robot/ros2_ws/install/mj_bridge/bin'
[10.125s] Level 1:colcon.colcon_core.environment:checking '/home/aaa/robot/ros2_ws/install/mj_bridge/lib/pkgconfig/mj_bridge.pc'
[10.125s] Level 1:colcon.colcon_core.environment:checking '/home/aaa/robot/ros2_ws/install/mj_bridge/lib/python3.10/site-packages'
[10.125s] Level 1:colcon.colcon_core.shell:create_environment_hook('mj_bridge', 'pythonpath')
[10.125s] INFO:colcon.colcon_core.shell:Creating environment hook '/home/aaa/robot/ros2_ws/install/mj_bridge/share/mj_bridge/hook/pythonpath.ps1'
[10.126s] INFO:colcon.colcon_core.shell:Creating environment descriptor '/home/aaa/robot/ros2_ws/install/mj_bridge/share/mj_bridge/hook/pythonpath.dsv'
[10.126s] INFO:colcon.colcon_core.shell:Creating environment hook '/home/aaa/robot/ros2_ws/install/mj_bridge/share/mj_bridge/hook/pythonpath.sh'
[10.126s] Level 1:colcon.colcon_core.environment:checking '/home/aaa/robot/ros2_ws/install/mj_bridge/bin'
[10.126s] Level 1:colcon.colcon_core.environment:create_environment_scripts_only(mj_bridge)
[10.126s] INFO:colcon.colcon_core.shell:Creating package script '/home/aaa/robot/ros2_ws/install/mj_bridge/share/mj_bridge/package.ps1'
[10.127s] INFO:colcon.colcon_core.shell:Creating package descriptor '/home/aaa/robot/ros2_ws/install/mj_bridge/share/mj_bridge/package.dsv'
[10.127s] INFO:colcon.colcon_core.shell:Creating package script '/home/aaa/robot/ros2_ws/install/mj_bridge/share/mj_bridge/package.sh'
[10.127s] INFO:colcon.colcon_core.shell:Creating package script '/home/aaa/robot/ros2_ws/install/mj_bridge/share/mj_bridge/package.bash'
[10.127s] INFO:colcon.colcon_core.shell:Creating package script '/home/aaa/robot/ros2_ws/install/mj_bridge/share/mj_bridge/package.zsh'
[10.127s] Level 1:colcon.colcon_core.environment:create_file_with_runtime_dependencies(/home/aaa/robot/ros2_ws/install/mj_bridge/share/colcon-core/packages/mj_bridge)
[10.127s] INFO:colcon.colcon_ros.task.ament_cmake.build:Building ROS package in '/home/aaa/robot/ros2_ws/src/panda_pick' with build type 'ament_cmake'
[10.127s] INFO:colcon.colcon_cmake.task.cmake.build:Building CMake package in '/home/aaa/robot/ros2_ws/src/panda_pick'
[10.127s] INFO:colcon.colcon_core.shell:Skip shell extension 'powershell' for command environment: Not usable outside of PowerShell
[10.127s] DEBUG:colcon.colcon_core.shell:Skip shell extension 'dsv' for command environment
[10.140s] DEBUG:colcon.colcon_core.event_handler.log_command:Invoked command in '/home/aaa/robot/ros2_ws/src/mj_bridge' returned '0': PYTHONPATH=/home/aaa/robot/ros2_ws/build/mj_bridge/prefix_override:/usr/lib/python3/dist-packages/colcon_core/task/python/colcon_distutils_commands:/home/aaa/robot/ros2_ws/install/mj_bridge/lib/python3.10/site-packages:${PYTHONPATH} /usr/bin/python3 -W ignore:setup.py install is deprecated -W ignore:easy_install command is deprecated setup.py egg_info --egg-base ../../build/mj_bridge build --build-base /home/aaa/robot/ros2_ws/build/mj_bridge/build install --record /home/aaa/robot/ros2_ws/build/mj_bridge/install.log --single-version-externally-managed install_data --force
[10.206s] DEBUG:colcon.colcon_core.event_handler.log_command:Invoking command in '/home/aaa/robot/ros2_ws/build/panda_pick': CMAKE_PREFIX_PATH=${CMAKE_PREFIX_PATH}:/home/aaa/robot/ros2_ws/install/smach_ros:/home/aaa/robot/ros2_ws/install/smach_demo:/home/aaa/robot/ros2_ws/install/smach:/home/aaa/robot/ros2_ws/install/mj_bridge:/home/aaa/robot/ros2_ws/src/install/smach_demo:/home/aaa/robot/ros2_ws/src/install/mj_bridge:/opt/ros/humble /usr/bin/cmake /home/aaa/robot/ros2_ws/src/panda_pick -DCMAKE_INSTALL_PREFIX=/home/aaa/robot/ros2_ws/install/panda_pick
[10.247s] DEBUG:colcon.colcon_core.event_handler.log_command:Invoked command in '/home/aaa/robot/ros2_ws/build/smach_msgs' returned '0': CMAKE_PREFIX_PATH=${CMAKE_PREFIX_PATH}:/home/aaa/robot/ros2_ws/install/smach_ros:/home/aaa/robot/ros2_ws/install/smach_demo:/home/aaa/robot/ros2_ws/install/smach:/home/aaa/robot/ros2_ws/install/mj_bridge:/home/aaa/robot/ros2_ws/src/install/smach_demo:/home/aaa/robot/ros2_ws/src/install/mj_bridge:/opt/ros/humble /usr/bin/cmake --build /home/aaa/robot/ros2_ws/build/smach_msgs -- -j2 -l2
[10.304s] DEBUG:colcon.colcon_core.event_handler.log_command:Invoking command in '/home/aaa/robot/ros2_ws/build/smach_msgs': CMAKE_PREFIX_PATH=${CMAKE_PREFIX_PATH}:/home/aaa/robot/ros2_ws/install/smach_ros:/home/aaa/robot/ros2_ws/install/smach_demo:/home/aaa/robot/ros2_ws/install/smach:/home/aaa/robot/ros2_ws/install/mj_bridge:/home/aaa/robot/ros2_ws/src/install/smach_demo:/home/aaa/robot/ros2_ws/src/install/mj_bridge:/opt/ros/humble /usr/bin/cmake --install /home/aaa/robot/ros2_ws/build/smach_msgs
[10.662s] Level 1:colcon.colcon_core.environment:create_environment_scripts_only(smach_msgs)
[10.662s] Level 1:colcon.colcon_core.environment:checking '/home/aaa/robot/ros2_ws/install/smach_msgs' for CMake module files
[10.663s] Level 1:colcon.colcon_core.environment:checking '/home/aaa/robot/ros2_ws/install/smach_msgs' for CMake config files
[10.663s] Level 1:colcon.colcon_core.shell:create_environment_hook('smach_msgs', 'cmake_prefix_path')
[10.663s] INFO:colcon.colcon_core.shell:Creating environment hook '/home/aaa/robot/ros2_ws/install/smach_msgs/share/smach_msgs/hook/cmake_prefix_path.ps1'
[10.664s] INFO:colcon.colcon_core.shell:Creating environment descriptor '/home/aaa/robot/ros2_ws/install/smach_msgs/share/smach_msgs/hook/cmake_prefix_path.dsv'
[10.664s] INFO:colcon.colcon_core.shell:Creating environment hook '/home/aaa/robot/ros2_ws/install/smach_msgs/share/smach_msgs/hook/cmake_prefix_path.sh'
[10.664s] Level 1:colcon.colcon_core.environment:checking '/home/aaa/robot/ros2_ws/install/smach_msgs/lib'
[10.664s] Level 1:colcon.colcon_core.shell:create_environment_hook('smach_msgs', 'ld_library_path_lib')
[10.664s] INFO:colcon.colcon_core.shell:Creating environment hook '/home/aaa/robot/ros2_ws/install/smach_msgs/share/smach_msgs/hook/ld_library_path_lib.ps1'
[10.664s] INFO:colcon.colcon_core.shell:Creating environment descriptor '/home/aaa/robot/ros2_ws/install/smach_msgs/share/smach_msgs/hook/ld_library_path_lib.dsv'
[10.664s] INFO:colcon.colcon_core.shell:Creating environment hook '/home/aaa/robot/ros2_ws/install/smach_msgs/share/smach_msgs/hook/ld_library_path_lib.sh'
[10.665s] Level 1:colcon.colcon_core.environment:checking '/home/aaa/robot/ros2_ws/install/smach_msgs/bin'
[10.665s] Level 1:colcon.colcon_core.environment:checking '/home/aaa/robot/ros2_ws/install/smach_msgs/lib/pkgconfig/smach_msgs.pc'
[10.665s] Level 1:colcon.colcon_core.environment:checking '/home/aaa/robot/ros2_ws/install/smach_msgs/lib/python3.10/site-packages'
[10.665s] Level 1:colcon.colcon_core.environment:checking '/home/aaa/robot/ros2_ws/install/smach_msgs/bin'
[10.665s] INFO:colcon.colcon_core.shell:Creating package script '/home/aaa/robot/ros2_ws/install/smach_msgs/share/smach_msgs/package.ps1'
[10.665s] INFO:colcon.colcon_core.shell:Creating package descriptor '/home/aaa/robot/ros2_ws/install/smach_msgs/share/smach_msgs/package.dsv'
[10.665s] INFO:colcon.colcon_core.shell:Creating package script '/home/aaa/robot/ros2_ws/install/smach_msgs/share/smach_msgs/package.sh'
[10.666s] INFO:colcon.colcon_core.shell:Creating package script '/home/aaa/robot/ros2_ws/install/smach_msgs/share/smach_msgs/package.bash'
[10.666s] INFO:colcon.colcon_core.shell:Creating package script '/home/aaa/robot/ros2_ws/install/smach_msgs/share/smach_msgs/package.zsh'
[10.666s] Level 1:colcon.colcon_core.environment:create_file_with_runtime_dependencies(/home/aaa/robot/ros2_ws/install/smach_msgs/share/colcon-core/packages/smach_msgs)
[10.668s] DEBUG:colcon.colcon_core.event_handler.log_command:Invoked command in '/home/aaa/robot/ros2_ws/build/smach_msgs' returned '0': CMAKE_PREFIX_PATH=${CMAKE_PREFIX_PATH}:/home/aaa/robot/ros2_ws/install/smach_ros:/home/aaa/robot/ros2_ws/install/smach_demo:/home/aaa/robot/ros2_ws/install/smach:/home/aaa/robot/ros2_ws/install/mj_bridge:/home/aaa/robot/ros2_ws/src/install/smach_demo:/home/aaa/robot/ros2_ws/src/install/mj_bridge:/opt/ros/humble /usr/bin/cmake --install /home/aaa/robot/ros2_ws/build/smach_msgs
[10.668s] Level 1:colcon.colcon_core.environment:create_environment_scripts_only(smach_msgs)
[10.668s] Level 1:colcon.colcon_core.environment:checking '/home/aaa/robot/ros2_ws/install/smach_msgs' for CMake module files
[10.669s] Level 1:colcon.colcon_core.environment:checking '/home/aaa/robot/ros2_ws/install/smach_msgs' for CMake config files
[10.669s] Level 1:colcon.colcon_core.shell:create_environment_hook('smach_msgs', 'cmake_prefix_path')
[10.669s] INFO:colcon.colcon_core.shell:Creating environment hook '/home/aaa/robot/ros2_ws/install/smach_msgs/share/smach_msgs/hook/cmake_prefix_path.ps1'
[10.669s] INFO:colcon.colcon_core.shell:Creating environment descriptor '/home/aaa/robot/ros2_ws/install/smach_msgs/share/smach_msgs/hook/cmake_prefix_path.dsv'
[10.670s] INFO:colcon.colcon_core.shell:Creating environment hook '/home/aaa/robot/ros2_ws/install/smach_msgs/share/smach_msgs/hook/cmake_prefix_path.sh'
[10.670s] Level 1:colcon.colcon_core.environment:checking '/home/aaa/robot/ros2_ws/install/smach_msgs/lib'
[10.670s] Level 1:colcon.colcon_core.shell:create_environment_hook('smach_msgs', 'ld_library_path_lib')
[10.670s] INFO:colcon.colcon_core.shell:Creating environment hook '/home/aaa/robot/ros2_ws/install/smach_msgs/share/smach_msgs/hook/ld_library_path_lib.ps1'
[10.670s] INFO:colcon.colcon_core.shell:Creating environment descriptor '/home/aaa/robot/ros2_ws/install/smach_msgs/share/smach_msgs/hook/ld_library_path_lib.dsv'
[10.670s] INFO:colcon.colcon_core.shell:Creating environment hook '/home/aaa/robot/ros2_ws/install/smach_msgs/share/smach_msgs/hook/ld_library_path_lib.sh'
[10.671s] Level 1:colcon.colcon_core.environment:checking '/home/aaa/robot/ros2_ws/install/smach_msgs/bin'
[10.671s] Level 1:colcon.colcon_core.environment:checking '/home/aaa/robot/ros2_ws/install/smach_msgs/lib/pkgconfig/smach_msgs.pc'
[10.671s] Level 1:colcon.colcon_core.environment:checking '/home/aaa/robot/ros2_ws/install/smach_msgs/lib/python3.10/site-packages'
[10.671s] Level 1:colcon.colcon_core.environment:checking '/home/aaa/robot/ros2_ws/install/smach_msgs/bin'
[10.671s] INFO:colcon.colcon_core.shell:Creating package script '/home/aaa/robot/ros2_ws/install/smach_msgs/share/smach_msgs/package.ps1'
[10.671s] INFO:colcon.colcon_core.shell:Creating package descriptor '/home/aaa/robot/ros2_ws/install/smach_msgs/share/smach_msgs/package.dsv'
[10.671s] INFO:colcon.colcon_core.shell:Creating package script '/home/aaa/robot/ros2_ws/install/smach_msgs/share/smach_msgs/package.sh'
[10.671s] INFO:colcon.colcon_core.shell:Creating package script '/home/aaa/robot/ros2_ws/install/smach_msgs/share/smach_msgs/package.bash'
[10.672s] INFO:colcon.colcon_core.shell:Creating package script '/home/aaa/robot/ros2_ws/install/smach_msgs/share/smach_msgs/package.zsh'
[10.672s] Level 1:colcon.colcon_core.environment:create_file_with_runtime_dependencies(/home/aaa/robot/ros2_ws/install/smach_msgs/share/colcon-core/packages/smach_msgs)
[10.687s] INFO:colcon.colcon_ros.task.ament_python.build:Building ROS package in '/home/aaa/robot/ros2_ws/executive_smach/smach_ros' with build type 'ament_python'
[10.687s] Level 1:colcon.colcon_core.shell:create_environment_hook('smach_ros', 'ament_prefix_path')
[10.687s] INFO:colcon.colcon_core.shell:Creating environment hook '/home/aaa/robot/ros2_ws/install/smach_ros/share/smach_ros/hook/ament_prefix_path.ps1'
[10.687s] INFO:colcon.colcon_core.shell:Creating environment descriptor '/home/aaa/robot/ros2_ws/install/smach_ros/share/smach_ros/hook/ament_prefix_path.dsv'
[10.688s] INFO:colcon.colcon_core.shell:Creating environment hook '/home/aaa/robot/ros2_ws/install/smach_ros/share/smach_ros/hook/ament_prefix_path.sh'
[10.690s] INFO:colcon.colcon_core.shell:Skip shell extension 'powershell' for command environment: Not usable outside of PowerShell
[10.690s] DEBUG:colcon.colcon_core.shell:Skip shell extension 'dsv' for command environment
[11.889s] INFO:colcon.colcon_core.task.python.build:Building Python package in '/home/aaa/robot/ros2_ws/executive_smach/smach_ros'
[11.890s] INFO:colcon.colcon_core.shell:Skip shell extension 'powershell' for command environment: Not usable outside of PowerShell
[11.890s] DEBUG:colcon.colcon_core.shell:Skip shell extension 'dsv' for command environment
[13.562s] DEBUG:colcon.colcon_core.event_handler.log_command:Invoking command in '/home/aaa/robot/ros2_ws/build/smach_ros': AMENT_PREFIX_PATH=/home/aaa/robot/ros2_ws/install/smach:/home/aaa/robot/ros2_ws/install/executive_smach:/home/aaa/robot/ros2_ws/install/smach_ros:/home/aaa/robot/ros2_ws/install/smach_msgs:/home/aaa/robot/ros2_ws/install/smach_demo:/home/aaa/robot/ros2_ws/install/mj_bridge:/home/aaa/robot/ros2_ws/src/install/smach_demo:/home/aaa/robot/ros2_ws/src/install/mj_bridge:/opt/ros/humble CMAKE_PREFIX_PATH=/home/aaa/robot/ros2_ws/install/smach_msgs:/home/aaa/robot/ros2_ws/install/executive_smach PYTHONPATH=/home/aaa/robot/ros2_ws/build/smach_ros/prefix_override:/usr/lib/python3/dist-packages/colcon_core/task/python/colcon_distutils_commands:/home/aaa/robot/ros2_ws/install/smach_ros/lib/python3.10/site-packages:/home/aaa/robot/ros2_ws/install/smach/lib/python3.10/site-packages:/home/aaa/robot/ros2_ws/build/smach_ros:/home/aaa/robot/ros2_ws/install/smach_ros/lib/python3.10/site-packages:/home/aaa/robot/ros2_ws/install/smach_msgs/local/lib/python3.10/dist-packages:/home/aaa/robot/ros2_ws/build/smach_demo:/home/aaa/robot/ros2_ws/install/smach_demo/lib/python3.10/site-packages:/home/aaa/robot/ros2_ws/build/smach:/home/aaa/robot/ros2_ws/install/mj_bridge/lib/python3.10/site-packages:/home/aaa/robot/ros2_ws/src/install/smach_demo/lib/python3.10/site-packages:/home/aaa/robot/ros2_ws/src/install/mj_bridge/lib/python3.10/site-packages:/opt/ros/humble/lib/python3.10/site-packages:/opt/ros/humble/local/lib/python3.10/dist-packages /usr/bin/python3 -W ignore:setup.py install is deprecated -W ignore:easy_install command is deprecated setup.py develop --uninstall --editable --build-directory /home/aaa/robot/ros2_ws/build/smach_ros/build
[14.931s] DEBUG:colcon.colcon_core.event_handler.log_command:Invoked command in '/home/aaa/robot/ros2_ws/build/panda_pick' returned '0': CMAKE_PREFIX_PATH=${CMAKE_PREFIX_PATH}:/home/aaa/robot/ros2_ws/install/smach_ros:/home/aaa/robot/ros2_ws/install/smach_demo:/home/aaa/robot/ros2_ws/install/smach:/home/aaa/robot/ros2_ws/install/mj_bridge:/home/aaa/robot/ros2_ws/src/install/smach_demo:/home/aaa/robot/ros2_ws/src/install/mj_bridge:/opt/ros/humble /usr/bin/cmake /home/aaa/robot/ros2_ws/src/panda_pick -DCMAKE_INSTALL_PREFIX=/home/aaa/robot/ros2_ws/install/panda_pick
[14.948s] DEBUG:colcon.colcon_core.event_handler.log_command:Invoking command in '/home/aaa/robot/ros2_ws/build/panda_pick': CMAKE_PREFIX_PATH=${CMAKE_PREFIX_PATH}:/home/aaa/robot/ros2_ws/install/smach_ros:/home/aaa/robot/ros2_ws/install/smach_demo:/home/aaa/robot/ros2_ws/install/smach:/home/aaa/robot/ros2_ws/install/mj_bridge:/home/aaa/robot/ros2_ws/src/install/smach_demo:/home/aaa/robot/ros2_ws/src/install/mj_bridge:/opt/ros/humble /usr/bin/cmake --build /home/aaa/robot/ros2_ws/build/panda_pick -- -j2 -l2
[14.953s] DEBUG:colcon.colcon_core.event_handler.log_command:Invoked command in '/home/aaa/robot/ros2_ws/build/smach_ros' returned '0': AMENT_PREFIX_PATH=/home/aaa/robot/ros2_ws/install/smach:/home/aaa/robot/ros2_ws/install/executive_smach:/home/aaa/robot/ros2_ws/install/smach_ros:/home/aaa/robot/ros2_ws/install/smach_msgs:/home/aaa/robot/ros2_ws/install/smach_demo:/home/aaa/robot/ros2_ws/install/mj_bridge:/home/aaa/robot/ros2_ws/src/install/smach_demo:/home/aaa/robot/ros2_ws/src/install/mj_bridge:/opt/ros/humble CMAKE_PREFIX_PATH=/home/aaa/robot/ros2_ws/install/smach_msgs:/home/aaa/robot/ros2_ws/install/executive_smach PYTHONPATH=/home/aaa/robot/ros2_ws/build/smach_ros/prefix_override:/usr/lib/python3/dist-packages/colcon_core/task/python/colcon_distutils_commands:/home/aaa/robot/ros2_ws/install/smach_ros/lib/python3.10/site-packages:/home/aaa/robot/ros2_ws/install/smach/lib/python3.10/site-packages:/home/aaa/robot/ros2_ws/build/smach_ros:/home/aaa/robot/ros2_ws/install/smach_ros/lib/python3.10/site-packages:/home/aaa/robot/ros2_ws/install/smach_msgs/local/lib/python3.10/dist-packages:/home/aaa/robot/ros2_ws/build/smach_demo:/home/aaa/robot/ros2_ws/install/smach_demo/lib/python3.10/site-packages:/home/aaa/robot/ros2_ws/build/smach:/home/aaa/robot/ros2_ws/install/mj_bridge/lib/python3.10/site-packages:/home/aaa/robot/ros2_ws/src/install/smach_demo/lib/python3.10/site-packages:/home/aaa/robot/ros2_ws/src/install/mj_bridge/lib/python3.10/site-packages:/opt/ros/humble/lib/python3.10/site-packages:/opt/ros/humble/local/lib/python3.10/dist-packages /usr/bin/python3 -W ignore:setup.py install is deprecated -W ignore:easy_install command is deprecated setup.py develop --uninstall --editable --build-directory /home/aaa/robot/ros2_ws/build/smach_ros/build
[14.967s] DEBUG:colcon.colcon_core.event_handler.log_command:Invoking command in '/home/aaa/robot/ros2_ws/executive_smach/smach_ros': AMENT_PREFIX_PATH=/home/aaa/robot/ros2_ws/install/smach:/home/aaa/robot/ros2_ws/install/executive_smach:/home/aaa/robot/ros2_ws/install/smach_ros:/home/aaa/robot/ros2_ws/install/smach_msgs:/home/aaa/robot/ros2_ws/install/smach_demo:/home/aaa/robot/ros2_ws/install/mj_bridge:/home/aaa/robot/ros2_ws/src/install/smach_demo:/home/aaa/robot/ros2_ws/src/install/mj_bridge:/opt/ros/humble CMAKE_PREFIX_PATH=/home/aaa/robot/ros2_ws/install/smach_msgs:/home/aaa/robot/ros2_ws/install/executive_smach PYTHONPATH=/home/aaa/robot/ros2_ws/build/smach_ros/prefix_override:/usr/lib/python3/dist-packages/colcon_core/task/python/colcon_distutils_commands:/home/aaa/robot/ros2_ws/install/smach_ros/lib/python3.10/site-packages:/home/aaa/robot/ros2_ws/install/smach/lib/python3.10/site-packages:/home/aaa/robot/ros2_ws/build/smach_ros:/home/aaa/robot/ros2_ws/install/smach_ros/lib/python3.10/site-packages:/home/aaa/robot/ros2_ws/install/smach_msgs/local/lib/python3.10/dist-packages:/home/aaa/robot/ros2_ws/build/smach_demo:/home/aaa/robot/ros2_ws/install/smach_demo/lib/python3.10/site-packages:/home/aaa/robot/ros2_ws/build/smach:/home/aaa/robot/ros2_ws/install/mj_bridge/lib/python3.10/site-packages:/home/aaa/robot/ros2_ws/src/install/smach_demo/lib/python3.10/site-packages:/home/aaa/robot/ros2_ws/src/install/mj_bridge/lib/python3.10/site-packages:/opt/ros/humble/lib/python3.10/site-packages:/opt/ros/humble/local/lib/python3.10/dist-packages /usr/bin/python3 -W ignore:setup.py install is deprecated -W ignore:easy_install command is deprecated setup.py egg_info --egg-base ../../build/smach_ros build --build-base /home/aaa/robot/ros2_ws/build/smach_ros/build install --record /home/aaa/robot/ros2_ws/build/smach_ros/install.log --install-scripts $base/lib/smach_ros --single-version-externally-managed install_data --force
[15.344s] DEBUG:colcon.colcon_core.event_handler.log_command:Invoked command in '/home/aaa/robot/ros2_ws/build/panda_pick' returned '0': CMAKE_PREFIX_PATH=${CMAKE_PREFIX_PATH}:/home/aaa/robot/ros2_ws/install/smach_ros:/home/aaa/robot/ros2_ws/install/smach_demo:/home/aaa/robot/ros2_ws/install/smach:/home/aaa/robot/ros2_ws/install/mj_bridge:/home/aaa/robot/ros2_ws/src/install/smach_demo:/home/aaa/robot/ros2_ws/src/install/mj_bridge:/opt/ros/humble /usr/bin/cmake --build /home/aaa/robot/ros2_ws/build/panda_pick -- -j2 -l2
[15.360s] DEBUG:colcon.colcon_core.event_handler.log_command:Invoking command in '/home/aaa/robot/ros2_ws/build/panda_pick': CMAKE_PREFIX_PATH=${CMAKE_PREFIX_PATH}:/home/aaa/robot/ros2_ws/install/smach_ros:/home/aaa/robot/ros2_ws/install/smach_demo:/home/aaa/robot/ros2_ws/install/smach:/home/aaa/robot/ros2_ws/install/mj_bridge:/home/aaa/robot/ros2_ws/src/install/smach_demo:/home/aaa/robot/ros2_ws/src/install/mj_bridge:/opt/ros/humble /usr/bin/cmake --install /home/aaa/robot/ros2_ws/build/panda_pick
[15.472s] Level 1:colcon.colcon_core.environment:create_environment_scripts_only(panda_pick)
[15.473s] Level 1:colcon.colcon_core.environment:checking '/home/aaa/robot/ros2_ws/install/panda_pick' for CMake module files
[15.473s] DEBUG:colcon.colcon_core.event_handler.log_command:Invoked command in '/home/aaa/robot/ros2_ws/build/panda_pick' returned '0': CMAKE_PREFIX_PATH=${CMAKE_PREFIX_PATH}:/home/aaa/robot/ros2_ws/install/smach_ros:/home/aaa/robot/ros2_ws/install/smach_demo:/home/aaa/robot/ros2_ws/install/smach:/home/aaa/robot/ros2_ws/install/mj_bridge:/home/aaa/robot/ros2_ws/src/install/smach_demo:/home/aaa/robot/ros2_ws/src/install/mj_bridge:/opt/ros/humble /usr/bin/cmake --install /home/aaa/robot/ros2_ws/build/panda_pick
[15.473s] Level 1:colcon.colcon_core.environment:checking '/home/aaa/robot/ros2_ws/install/panda_pick' for CMake config files
[15.473s] Level 1:colcon.colcon_core.shell:create_environment_hook('panda_pick', 'cmake_prefix_path')
[15.473s] INFO:colcon.colcon_core.shell:Creating environment hook '/home/aaa/robot/ros2_ws/install/panda_pick/share/panda_pick/hook/cmake_prefix_path.ps1'
[15.474s] INFO:colcon.colcon_core.shell:Creating environment descriptor '/home/aaa/robot/ros2_ws/install/panda_pick/share/panda_pick/hook/cmake_prefix_path.dsv'
[15.474s] INFO:colcon.colcon_core.shell:Creating environment hook '/home/aaa/robot/ros2_ws/install/panda_pick/share/panda_pick/hook/cmake_prefix_path.sh'
[15.474s] Level 1:colcon.colcon_core.environment:checking '/home/aaa/robot/ros2_ws/install/panda_pick/lib'
[15.474s] Level 1:colcon.colcon_core.environment:checking '/home/aaa/robot/ros2_ws/install/panda_pick/bin'
[15.474s] Level 1:colcon.colcon_core.environment:checking '/home/aaa/robot/ros2_ws/install/panda_pick/lib/pkgconfig/panda_pick.pc'
[15.474s] Level 1:colcon.colcon_core.environment:checking '/home/aaa/robot/ros2_ws/install/panda_pick/lib/python3.10/site-packages'
[15.475s] Level 1:colcon.colcon_core.environment:checking '/home/aaa/robot/ros2_ws/install/panda_pick/bin'
[15.475s] INFO:colcon.colcon_core.shell:Creating package script '/home/aaa/robot/ros2_ws/install/panda_pick/share/panda_pick/package.ps1'
[15.475s] INFO:colcon.colcon_core.shell:Creating package descriptor '/home/aaa/robot/ros2_ws/install/panda_pick/share/panda_pick/package.dsv'
[15.475s] INFO:colcon.colcon_core.shell:Creating package script '/home/aaa/robot/ros2_ws/install/panda_pick/share/panda_pick/package.sh'
[15.475s] INFO:colcon.colcon_core.shell:Creating package script '/home/aaa/robot/ros2_ws/install/panda_pick/share/panda_pick/package.bash'
[15.475s] INFO:colcon.colcon_core.shell:Creating package script '/home/aaa/robot/ros2_ws/install/panda_pick/share/panda_pick/package.zsh'
[15.475s] Level 1:colcon.colcon_core.environment:create_file_with_runtime_dependencies(/home/aaa/robot/ros2_ws/install/panda_pick/share/colcon-core/packages/panda_pick)
[15.476s] Level 1:colcon.colcon_core.environment:create_environment_scripts_only(panda_pick)
[15.476s] Level 1:colcon.colcon_core.environment:checking '/home/aaa/robot/ros2_ws/install/panda_pick' for CMake module files
[15.476s] Level 1:colcon.colcon_core.environment:checking '/home/aaa/robot/ros2_ws/install/panda_pick' for CMake config files
[15.476s] Level 1:colcon.colcon_core.shell:create_environment_hook('panda_pick', 'cmake_prefix_path')
[15.476s] INFO:colcon.colcon_core.shell:Creating environment hook '/home/aaa/robot/ros2_ws/install/panda_pick/share/panda_pick/hook/cmake_prefix_path.ps1'
[15.476s] INFO:colcon.colcon_core.shell:Creating environment descriptor '/home/aaa/robot/ros2_ws/install/panda_pick/share/panda_pick/hook/cmake_prefix_path.dsv'
[15.476s] INFO:colcon.colcon_core.shell:Creating environment hook '/home/aaa/robot/ros2_ws/install/panda_pick/share/panda_pick/hook/cmake_prefix_path.sh'
[15.476s] Level 1:colcon.colcon_core.environment:checking '/home/aaa/robot/ros2_ws/install/panda_pick/lib'
[15.476s] Level 1:colcon.colcon_core.environment:checking '/home/aaa/robot/ros2_ws/install/panda_pick/bin'
[15.477s] Level 1:colcon.colcon_core.environment:checking '/home/aaa/robot/ros2_ws/install/panda_pick/lib/pkgconfig/panda_pick.pc'
[15.477s] Level 1:colcon.colcon_core.environment:checking '/home/aaa/robot/ros2_ws/install/panda_pick/lib/python3.10/site-packages'
[15.477s] Level 1:colcon.colcon_core.environment:checking '/home/aaa/robot/ros2_ws/install/panda_pick/bin'
[15.477s] INFO:colcon.colcon_core.shell:Creating package script '/home/aaa/robot/ros2_ws/install/panda_pick/share/panda_pick/package.ps1'
[15.477s] INFO:colcon.colcon_core.shell:Creating package descriptor '/home/aaa/robot/ros2_ws/install/panda_pick/share/panda_pick/package.dsv'
[15.477s] INFO:colcon.colcon_core.shell:Creating package script '/home/aaa/robot/ros2_ws/install/panda_pick/share/panda_pick/package.sh'
[15.477s] INFO:colcon.colcon_core.shell:Creating package script '/home/aaa/robot/ros2_ws/install/panda_pick/share/panda_pick/package.bash'
[15.477s] INFO:colcon.colcon_core.shell:Creating package script '/home/aaa/robot/ros2_ws/install/panda_pick/share/panda_pick/package.zsh'
[15.478s] Level 1:colcon.colcon_core.environment:create_file_with_runtime_dependencies(/home/aaa/robot/ros2_ws/install/panda_pick/share/colcon-core/packages/panda_pick)
[15.478s] INFO:colcon.colcon_ros.task.ament_python.build:Building ROS package in '/home/aaa/robot/ros2_ws/src/smach_demo' with build type 'ament_python'
[15.478s] Level 1:colcon.colcon_core.shell:create_environment_hook('smach_demo', 'ament_prefix_path')
[15.478s] INFO:colcon.colcon_core.shell:Creating environment hook '/home/aaa/robot/ros2_ws/install/smach_demo/share/smach_demo/hook/ament_prefix_path.ps1'
[15.479s] INFO:colcon.colcon_core.shell:Creating environment descriptor '/home/aaa/robot/ros2_ws/install/smach_demo/share/smach_demo/hook/ament_prefix_path.dsv'
[15.479s] INFO:colcon.colcon_core.shell:Creating environment hook '/home/aaa/robot/ros2_ws/install/smach_demo/share/smach_demo/hook/ament_prefix_path.sh'
[15.480s] INFO:colcon.colcon_core.shell:Skip shell extension 'powershell' for command environment: Not usable outside of PowerShell
[15.480s] DEBUG:colcon.colcon_core.shell:Skip shell extension 'dsv' for command environment
[16.688s] INFO:colcon.colcon_core.task.python.build:Building Python package in '/home/aaa/robot/ros2_ws/src/smach_demo'
[16.688s] INFO:colcon.colcon_core.shell:Skip shell extension 'powershell' for command environment: Not usable outside of PowerShell
[16.688s] DEBUG:colcon.colcon_core.shell:Skip shell extension 'dsv' for command environment
[16.699s] Level 1:colcon.colcon_core.environment:checking '/home/aaa/robot/ros2_ws/install/smach_ros' for CMake module files
[16.699s] Level 1:colcon.colcon_core.environment:checking '/home/aaa/robot/ros2_ws/install/smach_ros' for CMake config files
[16.699s] DEBUG:colcon.colcon_core.event_handler.log_command:Invoked command in '/home/aaa/robot/ros2_ws/executive_smach/smach_ros' returned '0': AMENT_PREFIX_PATH=/home/aaa/robot/ros2_ws/install/smach:/home/aaa/robot/ros2_ws/install/executive_smach:/home/aaa/robot/ros2_ws/install/smach_ros:/home/aaa/robot/ros2_ws/install/smach_msgs:/home/aaa/robot/ros2_ws/install/smach_demo:/home/aaa/robot/ros2_ws/install/mj_bridge:/home/aaa/robot/ros2_ws/src/install/smach_demo:/home/aaa/robot/ros2_ws/src/install/mj_bridge:/opt/ros/humble CMAKE_PREFIX_PATH=/home/aaa/robot/ros2_ws/install/smach_msgs:/home/aaa/robot/ros2_ws/install/executive_smach PYTHONPATH=/home/aaa/robot/ros2_ws/build/smach_ros/prefix_override:/usr/lib/python3/dist-packages/colcon_core/task/python/colcon_distutils_commands:/home/aaa/robot/ros2_ws/install/smach_ros/lib/python3.10/site-packages:/home/aaa/robot/ros2_ws/install/smach/lib/python3.10/site-packages:/home/aaa/robot/ros2_ws/build/smach_ros:/home/aaa/robot/ros2_ws/install/smach_ros/lib/python3.10/site-packages:/home/aaa/robot/ros2_ws/install/smach_msgs/local/lib/python3.10/dist-packages:/home/aaa/robot/ros2_ws/build/smach_demo:/home/aaa/robot/ros2_ws/install/smach_demo/lib/python3.10/site-packages:/home/aaa/robot/ros2_ws/build/smach:/home/aaa/robot/ros2_ws/install/mj_bridge/lib/python3.10/site-packages:/home/aaa/robot/ros2_ws/src/install/smach_demo/lib/python3.10/site-packages:/home/aaa/robot/ros2_ws/src/install/mj_bridge/lib/python3.10/site-packages:/opt/ros/humble/lib/python3.10/site-packages:/opt/ros/humble/local/lib/python3.10/dist-packages /usr/bin/python3 -W ignore:setup.py install is deprecated -W ignore:easy_install command is deprecated setup.py egg_info --egg-base ../../build/smach_ros build --build-base /home/aaa/robot/ros2_ws/build/smach_ros/build install --record /home/aaa/robot/ros2_ws/build/smach_ros/install.log --install-scripts $base/lib/smach_ros --single-version-externally-managed install_data --force
[16.700s] Level 1:colcon.colcon_core.environment:checking '/home/aaa/robot/ros2_ws/install/smach_ros/lib'
[16.700s] Level 1:colcon.colcon_core.environment:checking '/home/aaa/robot/ros2_ws/install/smach_ros/bin'
[16.700s] Level 1:colcon.colcon_core.environment:checking '/home/aaa/robot/ros2_ws/install/smach_ros/lib/pkgconfig/smach_ros.pc'
[16.700s] Level 1:colcon.colcon_core.environment:checking '/home/aaa/robot/ros2_ws/install/smach_ros/lib/python3.10/site-packages'
[16.700s] Level 1:colcon.colcon_core.shell:create_environment_hook('smach_ros', 'pythonpath')
[16.700s] INFO:colcon.colcon_core.shell:Creating environment hook '/home/aaa/robot/ros2_ws/install/smach_ros/share/smach_ros/hook/pythonpath.ps1'
[16.701s] INFO:colcon.colcon_core.shell:Creating environment descriptor '/home/aaa/robot/ros2_ws/install/smach_ros/share/smach_ros/hook/pythonpath.dsv'
[16.701s] INFO:colcon.colcon_core.shell:Creating environment hook '/home/aaa/robot/ros2_ws/install/smach_ros/share/smach_ros/hook/pythonpath.sh'
[16.702s] Level 1:colcon.colcon_core.environment:checking '/home/aaa/robot/ros2_ws/install/smach_ros/bin'
[16.702s] Level 1:colcon.colcon_core.environment:create_environment_scripts_only(smach_ros)
[16.702s] INFO:colcon.colcon_core.shell:Creating package script '/home/aaa/robot/ros2_ws/install/smach_ros/share/smach_ros/package.ps1'
[16.702s] INFO:colcon.colcon_core.shell:Creating package descriptor '/home/aaa/robot/ros2_ws/install/smach_ros/share/smach_ros/package.dsv'
[16.702s] INFO:colcon.colcon_core.shell:Creating package script '/home/aaa/robot/ros2_ws/install/smach_ros/share/smach_ros/package.sh'
[16.703s] INFO:colcon.colcon_core.shell:Creating package script '/home/aaa/robot/ros2_ws/install/smach_ros/share/smach_ros/package.bash'
[16.706s] INFO:colcon.colcon_core.shell:Creating package script '/home/aaa/robot/ros2_ws/install/smach_ros/share/smach_ros/package.zsh'
[16.706s] Level 1:colcon.colcon_core.environment:create_file_with_runtime_dependencies(/home/aaa/robot/ros2_ws/install/smach_ros/share/colcon-core/packages/smach_ros)
[16.707s] INFO:colcon.colcon_ros.task.ament_cmake.build:Building ROS package in '/home/aaa/robot/ros2_ws/executive_smach/executive_smach' with build type 'ament_cmake'
[16.707s] INFO:colcon.colcon_cmake.task.cmake.build:Building CMake package in '/home/aaa/robot/ros2_ws/executive_smach/executive_smach'
[16.707s] INFO:colcon.colcon_core.shell:Skip shell extension 'powershell' for command environment: Not usable outside of PowerShell
[16.707s] DEBUG:colcon.colcon_core.shell:Skip shell extension 'dsv' for command environment
[16.809s] DEBUG:colcon.colcon_core.event_handler.log_command:Invoking command in '/home/aaa/robot/ros2_ws/build/executive_smach': AMENT_PREFIX_PATH=/home/aaa/robot/ros2_ws/install/smach_ros:/home/aaa/robot/ros2_ws/install/smach:/home/aaa/robot/ros2_ws/install/executive_smach:/home/aaa/robot/ros2_ws/install/smach_msgs:/home/aaa/robot/ros2_ws/install/smach_demo:/home/aaa/robot/ros2_ws/install/mj_bridge:/home/aaa/robot/ros2_ws/src/install/smach_demo:/home/aaa/robot/ros2_ws/src/install/mj_bridge:/opt/ros/humble CMAKE_PREFIX_PATH=/home/aaa/robot/ros2_ws/install/smach_msgs:/home/aaa/robot/ros2_ws/install/executive_smach:/home/aaa/robot/ros2_ws/install/smach_ros:/home/aaa/robot/ros2_ws/install/smach_demo:/home/aaa/robot/ros2_ws/install/smach:/home/aaa/robot/ros2_ws/install/mj_bridge:/home/aaa/robot/ros2_ws/src/install/smach_demo:/home/aaa/robot/ros2_ws/src/install/mj_bridge:/opt/ros/humble PYTHONPATH=/home/aaa/robot/ros2_ws/install/smach_ros/lib/python3.10/site-packages:/home/aaa/robot/ros2_ws/install/smach/lib/python3.10/site-packages:/home/aaa/robot/ros2_ws/build/smach_ros:/home/aaa/robot/ros2_ws/install/smach_msgs/local/lib/python3.10/dist-packages:/home/aaa/robot/ros2_ws/build/smach_demo:/home/aaa/robot/ros2_ws/install/smach_demo/lib/python3.10/site-packages:/home/aaa/robot/ros2_ws/build/smach:/home/aaa/robot/ros2_ws/install/mj_bridge/lib/python3.10/site-packages:/home/aaa/robot/ros2_ws/src/install/smach_demo/lib/python3.10/site-packages:/home/aaa/robot/ros2_ws/src/install/mj_bridge/lib/python3.10/site-packages:/opt/ros/humble/lib/python3.10/site-packages:/opt/ros/humble/local/lib/python3.10/dist-packages /usr/bin/cmake /home/aaa/robot/ros2_ws/executive_smach/executive_smach -DCMAKE_INSTALL_PREFIX=/home/aaa/robot/ros2_ws/install/executive_smach
[17.964s] DEBUG:colcon.colcon_core.event_handler.log_command:Invoked command in '/home/aaa/robot/ros2_ws/build/executive_smach' returned '0': AMENT_PREFIX_PATH=/home/aaa/robot/ros2_ws/install/smach_ros:/home/aaa/robot/ros2_ws/install/smach:/home/aaa/robot/ros2_ws/install/executive_smach:/home/aaa/robot/ros2_ws/install/smach_msgs:/home/aaa/robot/ros2_ws/install/smach_demo:/home/aaa/robot/ros2_ws/install/mj_bridge:/home/aaa/robot/ros2_ws/src/install/smach_demo:/home/aaa/robot/ros2_ws/src/install/mj_bridge:/opt/ros/humble CMAKE_PREFIX_PATH=/home/aaa/robot/ros2_ws/install/smach_msgs:/home/aaa/robot/ros2_ws/install/executive_smach:/home/aaa/robot/ros2_ws/install/smach_ros:/home/aaa/robot/ros2_ws/install/smach_demo:/home/aaa/robot/ros2_ws/install/smach:/home/aaa/robot/ros2_ws/install/mj_bridge:/home/aaa/robot/ros2_ws/src/install/smach_demo:/home/aaa/robot/ros2_ws/src/install/mj_bridge:/opt/ros/humble PYTHONPATH=/home/aaa/robot/ros2_ws/install/smach_ros/lib/python3.10/site-packages:/home/aaa/robot/ros2_ws/install/smach/lib/python3.10/site-packages:/home/aaa/robot/ros2_ws/build/smach_ros:/home/aaa/robot/ros2_ws/install/smach_msgs/local/lib/python3.10/dist-packages:/home/aaa/robot/ros2_ws/build/smach_demo:/home/aaa/robot/ros2_ws/install/smach_demo/lib/python3.10/site-packages:/home/aaa/robot/ros2_ws/build/smach:/home/aaa/robot/ros2_ws/install/mj_bridge/lib/python3.10/site-packages:/home/aaa/robot/ros2_ws/src/install/smach_demo/lib/python3.10/site-packages:/home/aaa/robot/ros2_ws/src/install/mj_bridge/lib/python3.10/site-packages:/opt/ros/humble/lib/python3.10/site-packages:/opt/ros/humble/local/lib/python3.10/dist-packages /usr/bin/cmake /home/aaa/robot/ros2_ws/executive_smach/executive_smach -DCMAKE_INSTALL_PREFIX=/home/aaa/robot/ros2_ws/install/executive_smach
[17.968s] DEBUG:colcon.colcon_core.event_handler.log_command:Invoking command in '/home/aaa/robot/ros2_ws/build/executive_smach': AMENT_PREFIX_PATH=/home/aaa/robot/ros2_ws/install/smach_ros:/home/aaa/robot/ros2_ws/install/smach:/home/aaa/robot/ros2_ws/install/executive_smach:/home/aaa/robot/ros2_ws/install/smach_msgs:/home/aaa/robot/ros2_ws/install/smach_demo:/home/aaa/robot/ros2_ws/install/mj_bridge:/home/aaa/robot/ros2_ws/src/install/smach_demo:/home/aaa/robot/ros2_ws/src/install/mj_bridge:/opt/ros/humble CMAKE_PREFIX_PATH=/home/aaa/robot/ros2_ws/install/smach_msgs:/home/aaa/robot/ros2_ws/install/executive_smach:/home/aaa/robot/ros2_ws/install/smach_ros:/home/aaa/robot/ros2_ws/install/smach_demo:/home/aaa/robot/ros2_ws/install/smach:/home/aaa/robot/ros2_ws/install/mj_bridge:/home/aaa/robot/ros2_ws/src/install/smach_demo:/home/aaa/robot/ros2_ws/src/install/mj_bridge:/opt/ros/humble PYTHONPATH=/home/aaa/robot/ros2_ws/install/smach_ros/lib/python3.10/site-packages:/home/aaa/robot/ros2_ws/install/smach/lib/python3.10/site-packages:/home/aaa/robot/ros2_ws/build/smach_ros:/home/aaa/robot/ros2_ws/install/smach_msgs/local/lib/python3.10/dist-packages:/home/aaa/robot/ros2_ws/build/smach_demo:/home/aaa/robot/ros2_ws/install/smach_demo/lib/python3.10/site-packages:/home/aaa/robot/ros2_ws/build/smach:/home/aaa/robot/ros2_ws/install/mj_bridge/lib/python3.10/site-packages:/home/aaa/robot/ros2_ws/src/install/smach_demo/lib/python3.10/site-packages:/home/aaa/robot/ros2_ws/src/install/mj_bridge/lib/python3.10/site-packages:/opt/ros/humble/lib/python3.10/site-packages:/opt/ros/humble/local/lib/python3.10/dist-packages /usr/bin/cmake --build /home/aaa/robot/ros2_ws/build/executive_smach -- -j2 -l2
[18.076s] DEBUG:colcon.colcon_core.event_handler.log_command:Invoked command in '/home/aaa/robot/ros2_ws/build/executive_smach' returned '0': AMENT_PREFIX_PATH=/home/aaa/robot/ros2_ws/install/smach_ros:/home/aaa/robot/ros2_ws/install/smach:/home/aaa/robot/ros2_ws/install/executive_smach:/home/aaa/robot/ros2_ws/install/smach_msgs:/home/aaa/robot/ros2_ws/install/smach_demo:/home/aaa/robot/ros2_ws/install/mj_bridge:/home/aaa/robot/ros2_ws/src/install/smach_demo:/home/aaa/robot/ros2_ws/src/install/mj_bridge:/opt/ros/humble CMAKE_PREFIX_PATH=/home/aaa/robot/ros2_ws/install/smach_msgs:/home/aaa/robot/ros2_ws/install/executive_smach:/home/aaa/robot/ros2_ws/install/smach_ros:/home/aaa/robot/ros2_ws/install/smach_demo:/home/aaa/robot/ros2_ws/install/smach:/home/aaa/robot/ros2_ws/install/mj_bridge:/home/aaa/robot/ros2_ws/src/install/smach_demo:/home/aaa/robot/ros2_ws/src/install/mj_bridge:/opt/ros/humble PYTHONPATH=/home/aaa/robot/ros2_ws/install/smach_ros/lib/python3.10/site-packages:/home/aaa/robot/ros2_ws/install/smach/lib/python3.10/site-packages:/home/aaa/robot/ros2_ws/build/smach_ros:/home/aaa/robot/ros2_ws/install/smach_msgs/local/lib/python3.10/dist-packages:/home/aaa/robot/ros2_ws/build/smach_demo:/home/aaa/robot/ros2_ws/install/smach_demo/lib/python3.10/site-packages:/home/aaa/robot/ros2_ws/build/smach:/home/aaa/robot/ros2_ws/install/mj_bridge/lib/python3.10/site-packages:/home/aaa/robot/ros2_ws/src/install/smach_demo/lib/python3.10/site-packages:/home/aaa/robot/ros2_ws/src/install/mj_bridge/lib/python3.10/site-packages:/opt/ros/humble/lib/python3.10/site-packages:/opt/ros/humble/local/lib/python3.10/dist-packages /usr/bin/cmake --build /home/aaa/robot/ros2_ws/build/executive_smach -- -j2 -l2
[18.081s] DEBUG:colcon.colcon_core.event_handler.log_command:Invoking command in '/home/aaa/robot/ros2_ws/build/executive_smach': AMENT_PREFIX_PATH=/home/aaa/robot/ros2_ws/install/smach_ros:/home/aaa/robot/ros2_ws/install/smach:/home/aaa/robot/ros2_ws/install/executive_smach:/home/aaa/robot/ros2_ws/install/smach_msgs:/home/aaa/robot/ros2_ws/install/smach_demo:/home/aaa/robot/ros2_ws/install/mj_bridge:/home/aaa/robot/ros2_ws/src/install/smach_demo:/home/aaa/robot/ros2_ws/src/install/mj_bridge:/opt/ros/humble CMAKE_PREFIX_PATH=/home/aaa/robot/ros2_ws/install/smach_msgs:/home/aaa/robot/ros2_ws/install/executive_smach:/home/aaa/robot/ros2_ws/install/smach_ros:/home/aaa/robot/ros2_ws/install/smach_demo:/home/aaa/robot/ros2_ws/install/smach:/home/aaa/robot/ros2_ws/install/mj_bridge:/home/aaa/robot/ros2_ws/src/install/smach_demo:/home/aaa/robot/ros2_ws/src/install/mj_bridge:/opt/ros/humble PYTHONPATH=/home/aaa/robot/ros2_ws/install/smach_ros/lib/python3.10/site-packages:/home/aaa/robot/ros2_ws/install/smach/lib/python3.10/site-packages:/home/aaa/robot/ros2_ws/build/smach_ros:/home/aaa/robot/ros2_ws/install/smach_msgs/local/lib/python3.10/dist-packages:/home/aaa/robot/ros2_ws/build/smach_demo:/home/aaa/robot/ros2_ws/install/smach_demo/lib/python3.10/site-packages:/home/aaa/robot/ros2_ws/build/smach:/home/aaa/robot/ros2_ws/install/mj_bridge/lib/python3.10/site-packages:/home/aaa/robot/ros2_ws/src/install/smach_demo/lib/python3.10/site-packages:/home/aaa/robot/ros2_ws/src/install/mj_bridge/lib/python3.10/site-packages:/opt/ros/humble/lib/python3.10/site-packages:/opt/ros/humble/local/lib/python3.10/dist-packages /usr/bin/cmake --install /home/aaa/robot/ros2_ws/build/executive_smach
[18.190s] Level 1:colcon.colcon_core.environment:create_environment_scripts_only(executive_smach)
[18.190s] Level 1:colcon.colcon_core.environment:checking '/home/aaa/robot/ros2_ws/install/executive_smach' for CMake module files
[18.191s] DEBUG:colcon.colcon_core.event_handler.log_command:Invoked command in '/home/aaa/robot/ros2_ws/build/executive_smach' returned '0': AMENT_PREFIX_PATH=/home/aaa/robot/ros2_ws/install/smach_ros:/home/aaa/robot/ros2_ws/install/smach:/home/aaa/robot/ros2_ws/install/executive_smach:/home/aaa/robot/ros2_ws/install/smach_msgs:/home/aaa/robot/ros2_ws/install/smach_demo:/home/aaa/robot/ros2_ws/install/mj_bridge:/home/aaa/robot/ros2_ws/src/install/smach_demo:/home/aaa/robot/ros2_ws/src/install/mj_bridge:/opt/ros/humble CMAKE_PREFIX_PATH=/home/aaa/robot/ros2_ws/install/smach_msgs:/home/aaa/robot/ros2_ws/install/executive_smach:/home/aaa/robot/ros2_ws/install/smach_ros:/home/aaa/robot/ros2_ws/install/smach_demo:/home/aaa/robot/ros2_ws/install/smach:/home/aaa/robot/ros2_ws/install/mj_bridge:/home/aaa/robot/ros2_ws/src/install/smach_demo:/home/aaa/robot/ros2_ws/src/install/mj_bridge:/opt/ros/humble PYTHONPATH=/home/aaa/robot/ros2_ws/install/smach_ros/lib/python3.10/site-packages:/home/aaa/robot/ros2_ws/install/smach/lib/python3.10/site-packages:/home/aaa/robot/ros2_ws/build/smach_ros:/home/aaa/robot/ros2_ws/install/smach_msgs/local/lib/python3.10/dist-packages:/home/aaa/robot/ros2_ws/build/smach_demo:/home/aaa/robot/ros2_ws/install/smach_demo/lib/python3.10/site-packages:/home/aaa/robot/ros2_ws/build/smach:/home/aaa/robot/ros2_ws/install/mj_bridge/lib/python3.10/site-packages:/home/aaa/robot/ros2_ws/src/install/smach_demo/lib/python3.10/site-packages:/home/aaa/robot/ros2_ws/src/install/mj_bridge/lib/python3.10/site-packages:/opt/ros/humble/lib/python3.10/site-packages:/opt/ros/humble/local/lib/python3.10/dist-packages /usr/bin/cmake --install /home/aaa/robot/ros2_ws/build/executive_smach
[18.191s] Level 1:colcon.colcon_core.environment:checking '/home/aaa/robot/ros2_ws/install/executive_smach' for CMake config files
[18.191s] Level 1:colcon.colcon_core.shell:create_environment_hook('executive_smach', 'cmake_prefix_path')
[18.191s] INFO:colcon.colcon_core.shell:Creating environment hook '/home/aaa/robot/ros2_ws/install/executive_smach/share/executive_smach/hook/cmake_prefix_path.ps1'
[18.192s] INFO:colcon.colcon_core.shell:Creating environment descriptor '/home/aaa/robot/ros2_ws/install/executive_smach/share/executive_smach/hook/cmake_prefix_path.dsv'
[18.192s] INFO:colcon.colcon_core.shell:Creating environment hook '/home/aaa/robot/ros2_ws/install/executive_smach/share/executive_smach/hook/cmake_prefix_path.sh'
[18.192s] Level 1:colcon.colcon_core.environment:checking '/home/aaa/robot/ros2_ws/install/executive_smach/bin'
[18.192s] Level 1:colcon.colcon_core.environment:checking '/home/aaa/robot/ros2_ws/install/executive_smach/lib/pkgconfig/executive_smach.pc'
[18.192s] Level 1:colcon.colcon_core.environment:checking '/home/aaa/robot/ros2_ws/install/executive_smach/lib/python3.10/site-packages'
[18.192s] Level 1:colcon.colcon_core.environment:checking '/home/aaa/robot/ros2_ws/install/executive_smach/bin'
[18.193s] INFO:colcon.colcon_core.shell:Creating package script '/home/aaa/robot/ros2_ws/install/executive_smach/share/executive_smach/package.ps1'
[18.193s] INFO:colcon.colcon_core.shell:Creating package descriptor '/home/aaa/robot/ros2_ws/install/executive_smach/share/executive_smach/package.dsv'
[18.193s] INFO:colcon.colcon_core.shell:Creating package script '/home/aaa/robot/ros2_ws/install/executive_smach/share/executive_smach/package.sh'
[18.193s] INFO:colcon.colcon_core.shell:Creating package script '/home/aaa/robot/ros2_ws/install/executive_smach/share/executive_smach/package.bash'
[18.193s] INFO:colcon.colcon_core.shell:Creating package script '/home/aaa/robot/ros2_ws/install/executive_smach/share/executive_smach/package.zsh'
[18.193s] Level 1:colcon.colcon_core.environment:create_file_with_runtime_dependencies(/home/aaa/robot/ros2_ws/install/executive_smach/share/colcon-core/packages/executive_smach)
[18.194s] Level 1:colcon.colcon_core.environment:create_environment_scripts_only(executive_smach)
[18.194s] Level 1:colcon.colcon_core.environment:checking '/home/aaa/robot/ros2_ws/install/executive_smach' for CMake module files
[18.195s] Level 1:colcon.colcon_core.environment:checking '/home/aaa/robot/ros2_ws/install/executive_smach' for CMake config files
[18.195s] Level 1:colcon.colcon_core.shell:create_environment_hook('executive_smach', 'cmake_prefix_path')
[18.195s] INFO:colcon.colcon_core.shell:Creating environment hook '/home/aaa/robot/ros2_ws/install/executive_smach/share/executive_smach/hook/cmake_prefix_path.ps1'
[18.196s] INFO:colcon.colcon_core.shell:Creating environment descriptor '/home/aaa/robot/ros2_ws/install/executive_smach/share/executive_smach/hook/cmake_prefix_path.dsv'
[18.196s] INFO:colcon.colcon_core.shell:Creating environment hook '/home/aaa/robot/ros2_ws/install/executive_smach/share/executive_smach/hook/cmake_prefix_path.sh'
[18.196s] Level 1:colcon.colcon_core.environment:checking '/home/aaa/robot/ros2_ws/install/executive_smach/bin'
[18.196s] Level 1:colcon.colcon_core.environment:checking '/home/aaa/robot/ros2_ws/install/executive_smach/lib/pkgconfig/executive_smach.pc'
[18.197s] Level 1:colcon.colcon_core.environment:checking '/home/aaa/robot/ros2_ws/install/executive_smach/lib/python3.10/site-packages'
[18.197s] Level 1:colcon.colcon_core.environment:checking '/home/aaa/robot/ros2_ws/install/executive_smach/bin'
[18.199s] INFO:colcon.colcon_core.shell:Creating package script '/home/aaa/robot/ros2_ws/install/executive_smach/share/executive_smach/package.ps1'
[18.202s] INFO:colcon.colcon_core.shell:Creating package descriptor '/home/aaa/robot/ros2_ws/install/executive_smach/share/executive_smach/package.dsv'
[18.203s] INFO:colcon.colcon_core.shell:Creating package script '/home/aaa/robot/ros2_ws/install/executive_smach/share/executive_smach/package.sh'
[18.203s] INFO:colcon.colcon_core.shell:Creating package script '/home/aaa/robot/ros2_ws/install/executive_smach/share/executive_smach/package.bash'
[18.206s] INFO:colcon.colcon_core.shell:Creating package script '/home/aaa/robot/ros2_ws/install/executive_smach/share/executive_smach/package.zsh'
[18.206s] Level 1:colcon.colcon_core.environment:create_file_with_runtime_dependencies(/home/aaa/robot/ros2_ws/install/executive_smach/share/colcon-core/packages/executive_smach)
[18.322s] DEBUG:colcon.colcon_core.event_handler.log_command:Invoking command in '/home/aaa/robot/ros2_ws/build/smach_demo': PYTHONPATH=/home/aaa/robot/ros2_ws/build/smach_demo/prefix_override:/usr/lib/python3/dist-packages/colcon_core/task/python/colcon_distutils_commands:/home/aaa/robot/ros2_ws/install/smach_demo/lib/python3.10/site-packages:${PYTHONPATH} /usr/bin/python3 -W ignore:setup.py install is deprecated -W ignore:easy_install command is deprecated setup.py develop --uninstall --editable --build-directory /home/aaa/robot/ros2_ws/build/smach_demo/build
[19.998s] DEBUG:colcon.colcon_core.event_handler.log_command:Invoked command in '/home/aaa/robot/ros2_ws/build/smach_demo' returned '0': PYTHONPATH=/home/aaa/robot/ros2_ws/build/smach_demo/prefix_override:/usr/lib/python3/dist-packages/colcon_core/task/python/colcon_distutils_commands:/home/aaa/robot/ros2_ws/install/smach_demo/lib/python3.10/site-packages:${PYTHONPATH} /usr/bin/python3 -W ignore:setup.py install is deprecated -W ignore:easy_install command is deprecated setup.py develop --uninstall --editable --build-directory /home/aaa/robot/ros2_ws/build/smach_demo/build
[19.999s] DEBUG:colcon.colcon_core.event_handler.log_command:Invoking command in '/home/aaa/robot/ros2_ws/src/smach_demo': PYTHONPATH=/home/aaa/robot/ros2_ws/build/smach_demo/prefix_override:/usr/lib/python3/dist-packages/colcon_core/task/python/colcon_distutils_commands:/home/aaa/robot/ros2_ws/install/smach_demo/lib/python3.10/site-packages:${PYTHONPATH} /usr/bin/python3 -W ignore:setup.py install is deprecated -W ignore:easy_install command is deprecated setup.py egg_info --egg-base ../../build/smach_demo build --build-base /home/aaa/robot/ros2_ws/build/smach_demo/build install --record /home/aaa/robot/ros2_ws/build/smach_demo/install.log --single-version-externally-managed install_data --force
[20.827s] Level 1:colcon.colcon_core.environment:checking '/home/aaa/robot/ros2_ws/install/smach_demo' for CMake module files
[20.827s] DEBUG:colcon.colcon_core.event_handler.log_command:Invoked command in '/home/aaa/robot/ros2_ws/src/smach_demo' returned '0': PYTHONPATH=/home/aaa/robot/ros2_ws/build/smach_demo/prefix_override:/usr/lib/python3/dist-packages/colcon_core/task/python/colcon_distutils_commands:/home/aaa/robot/ros2_ws/install/smach_demo/lib/python3.10/site-packages:${PYTHONPATH} /usr/bin/python3 -W ignore:setup.py install is deprecated -W ignore:easy_install command is deprecated setup.py egg_info --egg-base ../../build/smach_demo build --build-base /home/aaa/robot/ros2_ws/build/smach_demo/build install --record /home/aaa/robot/ros2_ws/build/smach_demo/install.log --single-version-externally-managed install_data --force
[20.827s] Level 1:colcon.colcon_core.environment:checking '/home/aaa/robot/ros2_ws/install/smach_demo' for CMake config files
[20.828s] Level 1:colcon.colcon_core.environment:checking '/home/aaa/robot/ros2_ws/install/smach_demo/lib'
[20.828s] Level 1:colcon.colcon_core.environment:checking '/home/aaa/robot/ros2_ws/install/smach_demo/bin'
[20.828s] Level 1:colcon.colcon_core.environment:checking '/home/aaa/robot/ros2_ws/install/smach_demo/lib/pkgconfig/smach_demo.pc'
[20.828s] Level 1:colcon.colcon_core.environment:checking '/home/aaa/robot/ros2_ws/install/smach_demo/lib/python3.10/site-packages'
[20.828s] Level 1:colcon.colcon_core.shell:create_environment_hook('smach_demo', 'pythonpath')
[20.828s] INFO:colcon.colcon_core.shell:Creating environment hook '/home/aaa/robot/ros2_ws/install/smach_demo/share/smach_demo/hook/pythonpath.ps1'
[20.828s] INFO:colcon.colcon_core.shell:Creating environment descriptor '/home/aaa/robot/ros2_ws/install/smach_demo/share/smach_demo/hook/pythonpath.dsv'
[20.829s] INFO:colcon.colcon_core.shell:Creating environment hook '/home/aaa/robot/ros2_ws/install/smach_demo/share/smach_demo/hook/pythonpath.sh'
[20.829s] Level 1:colcon.colcon_core.environment:checking '/home/aaa/robot/ros2_ws/install/smach_demo/bin'
[20.829s] Level 1:colcon.colcon_core.environment:create_environment_scripts_only(smach_demo)
[20.829s] INFO:colcon.colcon_core.shell:Creating package script '/home/aaa/robot/ros2_ws/install/smach_demo/share/smach_demo/package.ps1'
[20.830s] INFO:colcon.colcon_core.shell:Creating package descriptor '/home/aaa/robot/ros2_ws/install/smach_demo/share/smach_demo/package.dsv'
[20.830s] INFO:colcon.colcon_core.shell:Creating package script '/home/aaa/robot/ros2_ws/install/smach_demo/share/smach_demo/package.sh'
[20.830s] INFO:colcon.colcon_core.shell:Creating package script '/home/aaa/robot/ros2_ws/install/smach_demo/share/smach_demo/package.bash'
[20.831s] INFO:colcon.colcon_core.shell:Creating package script '/home/aaa/robot/ros2_ws/install/smach_demo/share/smach_demo/package.zsh'
[20.831s] Level 1:colcon.colcon_core.environment:create_file_with_runtime_dependencies(/home/aaa/robot/ros2_ws/install/smach_demo/share/colcon-core/packages/smach_demo)
[20.831s] DEBUG:colcon.colcon_parallel_executor.executor.parallel:closing loop
[20.831s] DEBUG:colcon.colcon_parallel_executor.executor.parallel:loop closed
[20.831s] DEBUG:colcon.colcon_parallel_executor.executor.parallel:run_until_complete finished with '0'
[20.831s] DEBUG:colcon.colcon_core.event_reactor:joining thread
[20.840s] INFO:colcon.colcon_core.plugin_system:Skipping extension 'colcon_notification.desktop_notification.terminal_notifier': Not used on non-Darwin systems
[20.840s] INFO:colcon.colcon_core.plugin_system:Skipping extension 'colcon_notification.desktop_notification.win32': Not used on non-Windows systems
[20.840s] INFO:colcon.colcon_notification.desktop_notification:Sending desktop notification using 'notify2'
[20.872s] DEBUG:colcon.colcon_core.event_reactor:joined thread
[20.872s] INFO:colcon.colcon_core.shell:Creating prefix script '/home/aaa/robot/ros2_ws/install/local_setup.ps1'
[20.873s] INFO:colcon.colcon_core.shell:Creating prefix util module '/home/aaa/robot/ros2_ws/install/_local_setup_util_ps1.py'
[20.873s] INFO:colcon.colcon_core.shell:Creating prefix chain script '/home/aaa/robot/ros2_ws/install/setup.ps1'
[20.874s] INFO:colcon.colcon_core.shell:Creating prefix script '/home/aaa/robot/ros2_ws/install/local_setup.sh'
[20.874s] INFO:colcon.colcon_core.shell:Creating prefix util module '/home/aaa/robot/ros2_ws/install/_local_setup_util_sh.py'
[20.875s] INFO:colcon.colcon_core.shell:Creating prefix chain script '/home/aaa/robot/ros2_ws/install/setup.sh'
[20.875s] INFO:colcon.colcon_core.shell:Creating prefix script '/home/aaa/robot/ros2_ws/install/local_setup.bash'
[20.875s] INFO:colcon.colcon_core.shell:Creating prefix chain script '/home/aaa/robot/ros2_ws/install/setup.bash'
[20.876s] INFO:colcon.colcon_core.shell:Creating prefix script '/home/aaa/robot/ros2_ws/install/local_setup.zsh'
[20.876s] INFO:colcon.colcon_core.shell:Creating prefix chain script '/home/aaa/robot/ros2_ws/install/setup.zsh'
