[0.179s] Invoking command in '/home/aaa/robot/ros2_ws/build/panda_pick': CMAKE_PREFIX_PATH=${CMAKE_PREFIX_PATH}:/home/aaa/robot/ros2_ws/install/smach_ros:/home/aaa/robot/ros2_ws/install/smach_demo:/home/aaa/robot/ros2_ws/install/smach:/home/aaa/robot/ros2_ws/install/mj_bridge:/opt/ros/humble /usr/bin/cmake --build /home/aaa/robot/ros2_ws/build/panda_pick -- -j2 -l2
[0.396s] [35m[1mConsolidate compiler generated dependencies of target cpp_pick_node[0m
[0.449s] [ 50%] [32mBuilding CXX object CMakeFiles/cpp_pick_node.dir/src/cpp_pick_node.cpp.o[0m
[7.794s] [100%] [32m[1mLinking CXX executable cpp_pick_node[0m
[8.318s] [100%] Built target cpp_pick_node
[8.334s] Invoked command in '/home/aaa/robot/ros2_ws/build/panda_pick' returned '0': CMAKE_PREFIX_PATH=${CMAKE_PREFIX_PATH}:/home/aaa/robot/ros2_ws/install/smach_ros:/home/aaa/robot/ros2_ws/install/smach_demo:/home/aaa/robot/ros2_ws/install/smach:/home/aaa/robot/ros2_ws/install/mj_bridge:/opt/ros/humble /usr/bin/cmake --build /home/aaa/robot/ros2_ws/build/panda_pick -- -j2 -l2
[8.345s] Invoking command in '/home/aaa/robot/ros2_ws/build/panda_pick': CMAKE_PREFIX_PATH=${CMAKE_PREFIX_PATH}:/home/aaa/robot/ros2_ws/install/smach_ros:/home/aaa/robot/ros2_ws/install/smach_demo:/home/aaa/robot/ros2_ws/install/smach:/home/aaa/robot/ros2_ws/install/mj_bridge:/opt/ros/humble /usr/bin/cmake --install /home/aaa/robot/ros2_ws/build/panda_pick
[8.350s] -- Install configuration: ""
[8.351s] -- Installing: /home/aaa/robot/ros2_ws/install/panda_pick/lib/panda_pick/cpp_pick_node
[8.352s] -- Set runtime path of "/home/aaa/robot/ros2_ws/install/panda_pick/lib/panda_pick/cpp_pick_node" to ""
[8.353s] -- Up-to-date: /home/aaa/robot/ros2_ws/install/panda_pick/share/panda_pick/launch
[8.354s] -- Up-to-date: /home/aaa/robot/ros2_ws/install/panda_pick/share/panda_pick/launch/demo.launch1.py
[8.355s] -- Up-to-date: /home/aaa/robot/ros2_ws/install/panda_pick/share/panda_pick/launch/cpp_node.launch.py
[8.355s] -- Up-to-date: /home/aaa/robot/ros2_ws/install/panda_pick/share/panda_pick/launch/__pycache__
[8.356s] -- Installing: /home/aaa/robot/ros2_ws/install/panda_pick/share/panda_pick/launch/__pycache__/demo.launch1.cpython-310.pyc
[8.357s] -- Up-to-date: /home/aaa/robot/ros2_ws/install/panda_pick/share/panda_pick/config
[8.358s] -- Up-to-date: /home/aaa/robot/ros2_ws/install/panda_pick/share/panda_pick/config/ros2_controllers.yaml
[8.358s] -- Up-to-date: /home/aaa/robot/ros2_ws/install/panda_pick/share/panda_pick/config/moveit_controllers.yaml
[8.359s] -- Up-to-date: /home/aaa/robot/ros2_ws/install/panda_pick/share/ament_index/resource_index/package_run_dependencies/panda_pick
[8.359s] -- Up-to-date: /home/aaa/robot/ros2_ws/install/panda_pick/share/ament_index/resource_index/parent_prefix_path/panda_pick
[8.361s] -- Up-to-date: /home/aaa/robot/ros2_ws/install/panda_pick/share/panda_pick/environment/ament_prefix_path.sh
[8.361s] -- Up-to-date: /home/aaa/robot/ros2_ws/install/panda_pick/share/panda_pick/environment/ament_prefix_path.dsv
[8.361s] -- Up-to-date: /home/aaa/robot/ros2_ws/install/panda_pick/share/panda_pick/environment/path.sh
[8.361s] -- Up-to-date: /home/aaa/robot/ros2_ws/install/panda_pick/share/panda_pick/environment/path.dsv
[8.361s] -- Up-to-date: /home/aaa/robot/ros2_ws/install/panda_pick/share/panda_pick/local_setup.bash
[8.361s] -- Up-to-date: /home/aaa/robot/ros2_ws/install/panda_pick/share/panda_pick/local_setup.sh
[8.361s] -- Up-to-date: /home/aaa/robot/ros2_ws/install/panda_pick/share/panda_pick/local_setup.zsh
[8.361s] -- Up-to-date: /home/aaa/robot/ros2_ws/install/panda_pick/share/panda_pick/local_setup.dsv
[8.361s] -- Installing: /home/aaa/robot/ros2_ws/install/panda_pick/share/panda_pick/package.dsv
[8.362s] -- Up-to-date: /home/aaa/robot/ros2_ws/install/panda_pick/share/ament_index/resource_index/packages/panda_pick
[8.363s] -- Up-to-date: /home/aaa/robot/ros2_ws/install/panda_pick/share/panda_pick/cmake/panda_pickConfig.cmake
[8.363s] -- Up-to-date: /home/aaa/robot/ros2_ws/install/panda_pick/share/panda_pick/cmake/panda_pickConfig-version.cmake
[8.363s] -- Up-to-date: /home/aaa/robot/ros2_ws/install/panda_pick/share/panda_pick/package.xml
[8.364s] Invoked command in '/home/aaa/robot/ros2_ws/build/panda_pick' returned '0': CMAKE_PREFIX_PATH=${CMAKE_PREFIX_PATH}:/home/aaa/robot/ros2_ws/install/smach_ros:/home/aaa/robot/ros2_ws/install/smach_demo:/home/aaa/robot/ros2_ws/install/smach:/home/aaa/robot/ros2_ws/install/mj_bridge:/opt/ros/humble /usr/bin/cmake --install /home/aaa/robot/ros2_ws/build/panda_pick
