[2.150s] Invoking command in '/home/aaa/robot/ros2_ws/build/smach_demo': PYTHONPATH=/home/aaa/robot/ros2_ws/build/smach_demo/prefix_override:/usr/lib/python3/dist-packages/colcon_core/task/python/colcon_distutils_commands:/home/aaa/robot/ros2_ws/install/smach_demo/lib/python3.10/site-packages:${PYTHONPATH} /usr/bin/python3 -W ignore:setup.py install is deprecated -W ignore:easy_install command is deprecated setup.py develop --uninstall --editable --build-directory /home/aaa/robot/ros2_ws/build/smach_demo/build
[2.937s] running develop
[3.145s] Removing /home/aaa/robot/ros2_ws/install/smach_demo/lib/python3.10/site-packages/smach-demo.egg-link (link to .)
[3.211s] Invoked command in '/home/aaa/robot/ros2_ws/build/smach_demo' returned '0': PYTHONPATH=/home/aaa/robot/ros2_ws/build/smach_demo/prefix_override:/usr/lib/python3/dist-packages/colcon_core/task/python/colcon_distutils_commands:/home/aaa/robot/ros2_ws/install/smach_demo/lib/python3.10/site-packages:${PYTHONPATH} /usr/bin/python3 -W ignore:setup.py install is deprecated -W ignore:easy_install command is deprecated setup.py develop --uninstall --editable --build-directory /home/aaa/robot/ros2_ws/build/smach_demo/build
[3.211s] Invoking command in '/home/aaa/robot/ros2_ws/src/smach_demo': PYTHONPATH=/home/aaa/robot/ros2_ws/build/smach_demo/prefix_override:/usr/lib/python3/dist-packages/colcon_core/task/python/colcon_distutils_commands:/home/aaa/robot/ros2_ws/install/smach_demo/lib/python3.10/site-packages:${PYTHONPATH} /usr/bin/python3 -W ignore:setup.py install is deprecated -W ignore:easy_install command is deprecated setup.py egg_info --egg-base ../../build/smach_demo build --build-base /home/aaa/robot/ros2_ws/build/smach_demo/build install --record /home/aaa/robot/ros2_ws/build/smach_demo/install.log --single-version-externally-managed install_data --force
[3.676s] running egg_info
[3.678s] writing ../../build/smach_demo/smach_demo.egg-info/PKG-INFO
[3.678s] writing dependency_links to ../../build/smach_demo/smach_demo.egg-info/dependency_links.txt
[3.679s] writing entry points to ../../build/smach_demo/smach_demo.egg-info/entry_points.txt
[3.681s] writing requirements to ../../build/smach_demo/smach_demo.egg-info/requires.txt
[3.682s] writing top-level names to ../../build/smach_demo/smach_demo.egg-info/top_level.txt
[3.689s] reading manifest file '../../build/smach_demo/smach_demo.egg-info/SOURCES.txt'
[3.691s] writing manifest file '../../build/smach_demo/smach_demo.egg-info/SOURCES.txt'
[3.691s] running build
[3.691s] running build_py
[3.691s] running install
[3.693s] running install_lib
[3.693s] creating /home/aaa/robot/ros2_ws/install/smach_demo/lib/python3.10/site-packages/smach_demo
[3.693s] copying /home/aaa/robot/ros2_ws/build/smach_demo/build/lib/smach_demo/__init__.py -> /home/aaa/robot/ros2_ws/install/smach_demo/lib/python3.10/site-packages/smach_demo
[3.693s] copying /home/aaa/robot/ros2_ws/build/smach_demo/build/lib/smach_demo/demo.py -> /home/aaa/robot/ros2_ws/install/smach_demo/lib/python3.10/site-packages/smach_demo
[3.696s] byte-compiling /home/aaa/robot/ros2_ws/install/smach_demo/lib/python3.10/site-packages/smach_demo/__init__.py to __init__.cpython-310.pyc
[3.697s] byte-compiling /home/aaa/robot/ros2_ws/install/smach_demo/lib/python3.10/site-packages/smach_demo/demo.py to demo.cpython-310.pyc
[3.701s] Sorry: IndentationError: expected an indented block after function definition on line 6 (demo.py, line 8)
[3.701s] running install_data
[3.702s] copying resource/smach_demo -> /home/aaa/robot/ros2_ws/install/smach_demo/share/ament_index/resource_index/packages
[3.703s] copying package.xml -> /home/aaa/robot/ros2_ws/install/smach_demo/share/smach_demo
[3.703s] running install_egg_info
[3.708s] Copying ../../build/smach_demo/smach_demo.egg-info to /home/aaa/robot/ros2_ws/install/smach_demo/lib/python3.10/site-packages/smach_demo-0.0.0-py3.10.egg-info
[3.713s] running install_scripts
[3.753s] Installing demo script to /home/aaa/robot/ros2_ws/install/smach_demo/lib/smach_demo
[3.754s] writing list of installed files to '/home/aaa/robot/ros2_ws/build/smach_demo/install.log'
[3.840s] Invoked command in '/home/aaa/robot/ros2_ws/src/smach_demo' returned '0': PYTHONPATH=/home/aaa/robot/ros2_ws/build/smach_demo/prefix_override:/usr/lib/python3/dist-packages/colcon_core/task/python/colcon_distutils_commands:/home/aaa/robot/ros2_ws/install/smach_demo/lib/python3.10/site-packages:${PYTHONPATH} /usr/bin/python3 -W ignore:setup.py install is deprecated -W ignore:easy_install command is deprecated setup.py egg_info --egg-base ../../build/smach_demo build --build-base /home/aaa/robot/ros2_ws/build/smach_demo/build install --record /home/aaa/robot/ros2_ws/build/smach_demo/install.log --single-version-externally-managed install_data --force
