[2.159s] Invoking command in '/home/aaa/robot/ros2_ws/build/smach': PS1=\[\e]0;\u@\h: \w\a\]${debian_chroot:+($debian_chroot)}\[\033[01;32m\]\u@\h\[\033[00m\]:\[\033[01;34m\]\w\[\033[00m\]\$ PYTHONPATH=/home/aaa/robot/ros2_ws/build/smach/prefix_override:/usr/lib/python3/dist-packages/colcon_core/task/python/colcon_distutils_commands:/home/aaa/robot/ros2_ws/install/smach/lib/python3.10/site-packages:${PYTHONPATH} /usr/bin/python3 -W ignore:setup.py install is deprecated -W ignore:easy_install command is deprecated setup.py develop --editable --build-directory /home/aaa/robot/ros2_ws/build/smach/build --no-deps symlink_data --force
[2.753s] /usr/lib/python3/dist-packages/setuptools/dist.py:723: UserWarning: Usage of dash-separated 'script-dir' will not be supported in future versions. Please use the underscore name 'script_dir' instead
[2.753s]   warnings.warn(
[2.826s] running develop
[3.096s] running egg_info
[3.097s] writing smach.egg-info/PKG-INFO
[3.097s] /usr/lib/python3/dist-packages/setuptools/dist.py:157: UserWarning: newlines not allowed and will break in the future
[3.097s]   warnings.warn("newlines not allowed and will break in the future")
[3.098s] writing dependency_links to smach.egg-info/dependency_links.txt
[3.098s] writing requirements to smach.egg-info/requires.txt
[3.098s] writing top-level names to smach.egg-info/top_level.txt
[3.101s] reading manifest file 'smach.egg-info/SOURCES.txt'
[3.102s] writing manifest file 'smach.egg-info/SOURCES.txt'
[3.104s] running build_ext
[3.104s] Creating /home/aaa/robot/ros2_ws/install/smach/lib/python3.10/site-packages/smach.egg-link (link to .)
[3.105s] 
[3.105s] Installed /home/aaa/robot/ros2_ws/build/smach
[3.105s] running symlink_data
[3.106s] symbolically linking /home/aaa/robot/ros2_ws/build/smach/resource/smach -> /home/aaa/robot/ros2_ws/install/smach/share/ament_index/resource_index/packages
[3.106s] symbolically linking /home/aaa/robot/ros2_ws/build/smach/package.xml -> /home/aaa/robot/ros2_ws/install/smach/share/smach
[3.173s] Invoked command in '/home/aaa/robot/ros2_ws/build/smach' returned '0': PS1=\[\e]0;\u@\h: \w\a\]${debian_chroot:+($debian_chroot)}\[\033[01;32m\]\u@\h\[\033[00m\]:\[\033[01;34m\]\w\[\033[00m\]\$ PYTHONPATH=/home/aaa/robot/ros2_ws/build/smach/prefix_override:/usr/lib/python3/dist-packages/colcon_core/task/python/colcon_distutils_commands:/home/aaa/robot/ros2_ws/install/smach/lib/python3.10/site-packages:${PYTHONPATH} /usr/bin/python3 -W ignore:setup.py install is deprecated -W ignore:easy_install command is deprecated setup.py develop --editable --build-directory /home/aaa/robot/ros2_ws/build/smach/build --no-deps symlink_data --force
