[ 50%] [32mBuilding CXX object CMakeFiles/cpp_pick_node.dir/src/cpp_pick_node.cpp.o[0m
[100%] [32m[1mLinking CXX executable cpp_pick_node[0m
[100%] Built target cpp_pick_node
-- Install configuration: ""
-- Installing: /home/aaa/robot/ros2_ws/install/panda_pick/lib/panda_pick/cpp_pick_node
-- Set runtime path of "/home/aaa/robot/ros2_ws/install/panda_pick/lib/panda_pick/cpp_pick_node" to ""
-- Installing: /home/aaa/robot/ros2_ws/install/panda_pick/share/panda_pick/launch
-- Installing: /home/aaa/robot/ros2_ws/install/panda_pick/share/panda_pick/launch/demo.launch1.py
-- Installing: /home/aaa/robot/ros2_ws/install/panda_pick/share/panda_pick/launch/cpp_node.launch.py
-- Installing: /home/aaa/robot/ros2_ws/install/panda_pick/share/panda_pick/launch/__pycache__
-- Installing: /home/aaa/robot/ros2_ws/install/panda_pick/share/panda_pick/launch/__pycache__/demo.launch1.cpython-310.pyc
-- Installing: /home/aaa/robot/ros2_ws/install/panda_pick/share/panda_pick/config
-- Installing: /home/aaa/robot/ros2_ws/install/panda_pick/share/panda_pick/config/ros2_controllers.yaml
-- Installing: /home/aaa/robot/ros2_ws/install/panda_pick/share/panda_pick/config/moveit_controllers.yaml
-- Installing: /home/aaa/robot/ros2_ws/install/panda_pick/share/ament_index/resource_index/package_run_dependencies/panda_pick
-- Installing: /home/aaa/robot/ros2_ws/install/panda_pick/share/ament_index/resource_index/parent_prefix_path/panda_pick
-- Installing: /home/aaa/robot/ros2_ws/install/panda_pick/share/panda_pick/environment/ament_prefix_path.sh
-- Installing: /home/aaa/robot/ros2_ws/install/panda_pick/share/panda_pick/environment/ament_prefix_path.dsv
-- Installing: /home/aaa/robot/ros2_ws/install/panda_pick/share/panda_pick/environment/path.sh
-- Installing: /home/aaa/robot/ros2_ws/install/panda_pick/share/panda_pick/environment/path.dsv
-- Installing: /home/aaa/robot/ros2_ws/install/panda_pick/share/panda_pick/local_setup.bash
-- Installing: /home/aaa/robot/ros2_ws/install/panda_pick/share/panda_pick/local_setup.sh
-- Installing: /home/aaa/robot/ros2_ws/install/panda_pick/share/panda_pick/local_setup.zsh
-- Installing: /home/aaa/robot/ros2_ws/install/panda_pick/share/panda_pick/local_setup.dsv
-- Installing: /home/aaa/robot/ros2_ws/install/panda_pick/share/panda_pick/package.dsv
-- Installing: /home/aaa/robot/ros2_ws/install/panda_pick/share/ament_index/resource_index/packages/panda_pick
-- Installing: /home/aaa/robot/ros2_ws/install/panda_pick/share/panda_pick/cmake/panda_pickConfig.cmake
-- Installing: /home/aaa/robot/ros2_ws/install/panda_pick/share/panda_pick/cmake/panda_pickConfig-version.cmake
-- Installing: /home/aaa/robot/ros2_ws/install/panda_pick/share/panda_pick/package.xml
