[0.655s] Invoking command in '/home/aaa/robot/ros2_ws/build/smach': PS1=(mj) \[\e]0;\u@\h: \w\a\]${debian_chroot:+($debian_chroot)}\[\033[01;32m\]\u@\h\[\033[00m\]:\[\033[01;34m\]\w\[\033[00m\]\$ PYTHONPATH=/home/aaa/robot/ros2_ws/build/smach/prefix_override:/usr/lib/python3/dist-packages/colcon_core/task/python/colcon_distutils_commands:/home/aaa/robot/ros2_ws/install/smach/lib/python3.10/site-packages:${PYTHONPATH} VIRTUAL_ENV_PROMPT=(mj) /usr/bin/python3 -W ignore:setup.py install is deprecated -W ignore:easy_install command is deprecated setup.py develop --editable --build-directory /home/aaa/robot/ros2_ws/build/smach/build --no-deps symlink_data --force
[0.962s] /usr/lib/python3/dist-packages/setuptools/dist.py:723: UserWarning: Usage of dash-separated 'script-dir' will not be supported in future versions. Please use the underscore name 'script_dir' instead
[0.962s]   warnings.warn(
[0.991s] running develop
[1.099s] running egg_info
[1.099s] writing smach.egg-info/PKG-INFO
[1.099s] /usr/lib/python3/dist-packages/setuptools/dist.py:157: UserWarning: newlines not allowed and will break in the future
[1.099s]   warnings.warn("newlines not allowed and will break in the future")
[1.099s] writing dependency_links to smach.egg-info/dependency_links.txt
[1.099s] writing requirements to smach.egg-info/requires.txt
[1.099s] writing top-level names to smach.egg-info/top_level.txt
[1.100s] reading manifest file 'smach.egg-info/SOURCES.txt'
[1.100s] writing manifest file 'smach.egg-info/SOURCES.txt'
[1.101s] running build_ext
[1.101s] Creating /home/aaa/robot/ros2_ws/install/smach/lib/python3.10/site-packages/smach.egg-link (link to .)
[1.101s] 
[1.101s] Installed /home/aaa/robot/ros2_ws/build/smach
[1.101s] running symlink_data
[1.102s] symbolically linking /home/aaa/robot/ros2_ws/build/smach/resource/smach -> /home/aaa/robot/ros2_ws/install/smach/share/ament_index/resource_index/packages
[1.102s] symbolically linking /home/aaa/robot/ros2_ws/build/smach/package.xml -> /home/aaa/robot/ros2_ws/install/smach/share/smach
[1.125s] Invoked command in '/home/aaa/robot/ros2_ws/build/smach' returned '0': PS1=(mj) \[\e]0;\u@\h: \w\a\]${debian_chroot:+($debian_chroot)}\[\033[01;32m\]\u@\h\[\033[00m\]:\[\033[01;34m\]\w\[\033[00m\]\$ PYTHONPATH=/home/aaa/robot/ros2_ws/build/smach/prefix_override:/usr/lib/python3/dist-packages/colcon_core/task/python/colcon_distutils_commands:/home/aaa/robot/ros2_ws/install/smach/lib/python3.10/site-packages:${PYTHONPATH} VIRTUAL_ENV_PROMPT=(mj) /usr/bin/python3 -W ignore:setup.py install is deprecated -W ignore:easy_install command is deprecated setup.py develop --editable --build-directory /home/aaa/robot/ros2_ws/build/smach/build --no-deps symlink_data --force
