-- Found ament_cmake: 1.3.12 (/opt/ros/humble/share/ament_cmake/cmake)
-- Override CMake install command with custom implementation using symlinks instead of copying resources
-- Found rclcpp: 16.0.15 (/opt/ros/humble/share/rclcpp/cmake)
-- Found rosidl_generator_c: 3.1.7 (/opt/ros/humble/share/rosidl_generator_c/cmake)
-- Found rosidl_adapter: 3.1.7 (/opt/ros/humble/share/rosidl_adapter/cmake)
-- Found rosidl_generator_cpp: 3.1.7 (/opt/ros/humble/share/rosidl_generator_cpp/cmake)
-- Using all available rosidl_typesupport_c: rosidl_typesupport_fastrtps_c;rosidl_typesupport_introspection_c
-- Using all available rosidl_typesupport_cpp: rosidl_typesupport_fastrtps_cpp;rosidl_typesupport_introspection_cpp
-- Found rmw_implementation_cmake: 6.1.2 (/opt/ros/humble/share/rmw_implementation_cmake/cmake)
-- Found rmw_fastrtps_cpp: 6.2.9 (/opt/ros/humble/share/rmw_fastrtps_cpp/cmake)
-- Using RMW implementation 'rmw_fastrtps_cpp' as default
-- Found geometry_msgs: 4.9.0 (/opt/ros/humble/share/geometry_msgs/cmake)
-- Found moveit_ros_planning_interface: 2.5.9 (/opt/ros/humble/share/moveit_ros_planning_interface/cmake)
-- Found Boost: /usr/lib/aarch64-linux-gnu/cmake/Boost-1.74.0/BoostConfig.cmake (found version "1.74.0") found components: date_time filesystem program_options system thread 
-- Found Boost: /usr/lib/aarch64-linux-gnu/cmake/Boost-1.74.0/BoostConfig.cmake (found version "1.74.0") found components: chrono date_time filesystem iostreams program_options regex serialization system thread 
-- Found parameter_traits: 0.5.0 (/opt/ros/humble/share/parameter_traits/cmake)
-- Found rclcpp_lifecycle: 16.0.15 (/opt/ros/humble/share/rclcpp_lifecycle/cmake)
-- Found Boost: /usr/lib/aarch64-linux-gnu/cmake/Boost-1.74.0/BoostConfig.cmake (found version "1.74.0") found components: filesystem 
-- library: /usr/lib/aarch64-linux-gnu/libcurl.so
-- Ensuring Eigen3 include directory is part of orocos-kdl CMake target
-- Found Boost: /usr/lib/aarch64-linux-gnu/cmake/Boost-1.74.0/BoostConfig.cmake (found version "1.74.0") found components: system filesystem date_time program_options thread chrono 
-- Found Boost: /usr/lib/aarch64-linux-gnu/cmake/Boost-1.74.0/BoostConfig.cmake (found version "1.74.0") found components: thread system filesystem regex date_time program_options 
-- Found Boost: /usr/lib/aarch64-linux-gnu/cmake/Boost-1.74.0/BoostConfig.cmake (found version "1.74.0") found components: system filesystem date_time program_options thread 
-- Configuring done
-- Generating done
-- Build files have been written to: /home/aaa/robot/ros2_ws/build/panda_pick
[ 50%] [32mBuilding CXX object CMakeFiles/pick_and_place_node.dir/src/pick_and_place.cpp.o[0m
[01m[K/home/aaa/robot/ros2_ws/src/panda_pick/src/pick_and_place.cpp:[m[K In constructor ‘[01m[KPandaPickNode::PandaPickNode()[m[K’:
[01m[K/home/aaa/robot/ros2_ws/src/panda_pick/src/pick_and_place.cpp:14:102:[m[K [01;31m[Kerror: [m[Kno matching function for call to ‘[01m[Kstd::shared_ptr<rclcpp::Node>::shared_ptr(std::shared_ptr<rclcpp::Node>, PandaPickNode::PandaPickNode()::<lambda(rclcpp::Node*)>)[m[K’
   14 | de>(std::shared_ptr<rclcpp::Node>(this), [](rclcpp::Node*){}[01;31m[K)[m[K, "panda_arm"),
      |                                                             [01;31m[K^[m[K

In file included from [01m[K/usr/include/c++/11/memory:77[m[K,
                 from [01m[K/opt/ros/humble/include/rclcpp/rclcpp/rclcpp.hpp:153[m[K,
                 from [01m[K/home/aaa/robot/ros2_ws/src/panda_pick/src/pick_and_place.cpp:1[m[K:
[01m[K/usr/include/c++/11/bits/shared_ptr.h:408:9:[m[K [01;36m[Knote: [m[Kcandidate: ‘[01m[Ktemplate<class _Alloc, class ... _Args> std::shared_ptr<_Tp>::shared_ptr(std::_Sp_alloc_shared_tag<_Tp>, _Args&& ...) [with _Alloc = _Alloc; _Args = {_Args ...}; _Tp = rclcpp::Node][m[K’
  408 |         [01;36m[Kshared_ptr[m[K(_Sp_alloc_shared_tag<_Alloc> __tag, _Args&&... __args)
      |         [01;36m[K^~~~~~~~~~[m[K
[01m[K/usr/include/c++/11/bits/shared_ptr.h:408:9:[m[K [01;36m[Knote: [m[K  template argument deduction/substitution failed:
[01m[K/home/aaa/robot/ros2_ws/src/panda_pick/src/pick_and_place.cpp:14:102:[m[K [01;36m[Knote: [m[K  ‘[01m[Kstd::shared_ptr<rclcpp::Node>[m[K’ is not derived from ‘[01m[Kstd::_Sp_alloc_shared_tag<_Tp>[m[K’
   14 | de>(std::shared_ptr<rclcpp::Node>(this), [](rclcpp::Node*){}[01;36m[K)[m[K, "panda_arm"),
      |                                                             [01;36m[K^[m[K

In file included from [01m[K/usr/include/c++/11/memory:77[m[K,
                 from [01m[K/opt/ros/humble/include/rclcpp/rclcpp/rclcpp.hpp:153[m[K,
                 from [01m[K/home/aaa/robot/ros2_ws/src/panda_pick/src/pick_and_place.cpp:1[m[K:
[01m[K/usr/include/c++/11/bits/shared_ptr.h:340:9:[m[K [01;36m[Knote: [m[Kcandidate: ‘[01m[Ktemplate<class _Yp, class _Del, class> std::shared_ptr<_Tp>::shared_ptr(std::unique_ptr<_Up, _Ep>&&) [with _Yp = _Yp; _Del = _Del; <template-parameter-2-3> = <template-parameter-1-3>; _Tp = rclcpp::Node][m[K’
  340 |         [01;36m[Kshared_ptr[m[K(unique_ptr<_Yp, _Del>&& __r)
      |         [01;36m[K^~~~~~~~~~[m[K
[01m[K/usr/include/c++/11/bits/shared_ptr.h:340:9:[m[K [01;36m[Knote: [m[K  template argument deduction/substitution failed:
[01m[K/home/aaa/robot/ros2_ws/src/panda_pick/src/pick_and_place.cpp:14:102:[m[K [01;36m[Knote: [m[K  ‘[01m[Kstd::shared_ptr<rclcpp::Node>[m[K’ is not derived from ‘[01m[Kstd::unique_ptr<_Tp, _Dp>[m[K’
   14 | de>(std::shared_ptr<rclcpp::Node>(this), [](rclcpp::Node*){}[01;36m[K)[m[K, "panda_arm"),
      |                                                             [01;36m[K^[m[K

In file included from [01m[K/usr/include/c++/11/memory:77[m[K,
                 from [01m[K/opt/ros/humble/include/rclcpp/rclcpp/rclcpp.hpp:153[m[K,
                 from [01m[K/home/aaa/robot/ros2_ws/src/panda_pick/src/pick_and_place.cpp:1[m[K:
[01m[K/usr/include/c++/11/bits/shared_ptr.h:332:9:[m[K [01;36m[Knote: [m[Kcandidate: ‘[01m[Ktemplate<class _Yp, class> std::shared_ptr<_Tp>::shared_ptr(std::auto_ptr<_Up>&&) [with _Yp = _Tp1; <template-parameter-2-2> = <template-parameter-1-2>; _Tp = rclcpp::Node][m[K’
  332 |         [01;36m[Kshared_ptr[m[K(auto_ptr<_Yp>&& __r);
      |         [01;36m[K^~~~~~~~~~[m[K
[01m[K/usr/include/c++/11/bits/shared_ptr.h:332:9:[m[K [01;36m[Knote: [m[K  template argument deduction/substitution failed:
[01m[K/home/aaa/robot/ros2_ws/src/panda_pick/src/pick_and_place.cpp:14:102:[m[K [01;36m[Knote: [m[K  ‘[01m[Kstd::shared_ptr<rclcpp::Node>[m[K’ is not derived from ‘[01m[Kstd::auto_ptr<_Up>[m[K’
   14 | de>(std::shared_ptr<rclcpp::Node>(this), [](rclcpp::Node*){}[01;36m[K)[m[K, "panda_arm"),
      |                                                             [01;36m[K^[m[K

In file included from [01m[K/usr/include/c++/11/memory:77[m[K,
                 from [01m[K/opt/ros/humble/include/rclcpp/rclcpp/rclcpp.hpp:153[m[K,
                 from [01m[K/home/aaa/robot/ros2_ws/src/panda_pick/src/pick_and_place.cpp:1[m[K:
[01m[K/usr/include/c++/11/bits/shared_ptr.h:325:18:[m[K [01;36m[Knote: [m[Kcandidate: ‘[01m[Ktemplate<class _Yp, class> std::shared_ptr<_Tp>::shared_ptr(const std::weak_ptr<_Yp>&) [with _Yp = _Yp; <template-parameter-2-2> = <template-parameter-1-2>; _Tp = rclcpp::Node][m[K’
  325 |         explicit [01;36m[Kshared_ptr[m[K(const weak_ptr<_Yp>& __r)
      |                  [01;36m[K^~~~~~~~~~[m[K
[01m[K/usr/include/c++/11/bits/shared_ptr.h:325:18:[m[K [01;36m[Knote: [m[K  template argument deduction/substitution failed:
[01m[K/home/aaa/robot/ros2_ws/src/panda_pick/src/pick_and_place.cpp:14:102:[m[K [01;36m[Knote: [m[K  ‘[01m[Kstd::shared_ptr<rclcpp::Node>[m[K’ is not derived from ‘[01m[Kconst std::weak_ptr<_Tp>[m[K’
   14 | de>(std::shared_ptr<rclcpp::Node>(this), [](rclcpp::Node*){}[01;36m[K)[m[K, "panda_arm"),
      |                                                             [01;36m[K^[m[K

In file included from [01m[K/usr/include/c++/11/memory:77[m[K,
                 from [01m[K/opt/ros/humble/include/rclcpp/rclcpp/rclcpp.hpp:153[m[K,
                 from [01m[K/home/aaa/robot/ros2_ws/src/panda_pick/src/pick_and_place.cpp:1[m[K:
[01m[K/usr/include/c++/11/bits/shared_ptr.h:313:9:[m[K [01;36m[Knote: [m[Kcandidate: ‘[01m[Ktemplate<class _Yp, class> std::shared_ptr<_Tp>::shared_ptr(std::shared_ptr<_Yp>&&) [with _Yp = _Yp; <template-parameter-2-2> = <template-parameter-1-2>; _Tp = rclcpp::Node][m[K’
  313 |         [01;36m[Kshared_ptr[m[K(shared_ptr<_Yp>&& __r) noexcept
      |         [01;36m[K^~~~~~~~~~[m[K
[01m[K/usr/include/c++/11/bits/shared_ptr.h:313:9:[m[K [01;36m[Knote: [m[K  template argument deduction/substitution failed:
[01m[K/home/aaa/robot/ros2_ws/src/panda_pick/src/pick_and_place.cpp:14:102:[m[K [01;36m[Knote: [m[K  candidate expects 1 argument, 2 provided
   14 | de>(std::shared_ptr<rclcpp::Node>(this), [](rclcpp::Node*){}[01;36m[K)[m[K, "panda_arm"),
      |                                                             [01;36m[K^[m[K

In file included from [01m[K/usr/include/c++/11/memory:77[m[K,
                 from [01m[K/opt/ros/humble/include/rclcpp/rclcpp/rclcpp.hpp:153[m[K,
                 from [01m[K/home/aaa/robot/ros2_ws/src/panda_pick/src/pick_and_place.cpp:1[m[K:
[01m[K/usr/include/c++/11/bits/shared_ptr.h:296:9:[m[K [01;36m[Knote: [m[Kcandidate: ‘[01m[Ktemplate<class _Yp, class> std::shared_ptr<_Tp>::shared_ptr(const std::shared_ptr<_Yp>&) [with _Yp = _Yp; <template-parameter-2-2> = <template-parameter-1-2>; _Tp = rclcpp::Node][m[K’
  296 |         [01;36m[Kshared_ptr[m[K(const shared_ptr<_Yp>& __r) noexcept
      |         [01;36m[K^~~~~~~~~~[m[K
[01m[K/usr/include/c++/11/bits/shared_ptr.h:296:9:[m[K [01;36m[Knote: [m[K  template argument deduction/substitution failed:
[01m[K/home/aaa/robot/ros2_ws/src/panda_pick/src/pick_and_place.cpp:14:102:[m[K [01;36m[Knote: [m[K  candidate expects 1 argument, 2 provided
   14 | de>(std::shared_ptr<rclcpp::Node>(this), [](rclcpp::Node*){}[01;36m[K)[m[K, "panda_arm"),
      |                                                             [01;36m[K^[m[K

In file included from [01m[K/usr/include/c++/11/memory:77[m[K,
                 from [01m[K/opt/ros/humble/include/rclcpp/rclcpp/rclcpp.hpp:153[m[K,
                 from [01m[K/home/aaa/robot/ros2_ws/src/panda_pick/src/pick_and_place.cpp:1[m[K:
[01m[K/usr/include/c++/11/bits/shared_ptr.h:257:9:[m[K [01;36m[Knote: [m[Kcandidate: ‘[01m[Ktemplate<class _Yp> std::shared_ptr<_Tp>::shared_ptr(const std::shared_ptr<_Yp>&, std::shared_ptr<_Tp>::element_type*) [with _Yp = _Yp; _Tp = rclcpp::Node][m[K’
  257 |         [01;36m[Kshared_ptr[m[K(const shared_ptr<_Yp>& __r, element_type* __p) noexcept
      |         [01;36m[K^~~~~~~~~~[m[K
[01m[K/usr/include/c++/11/bits/shared_ptr.h:257:9:[m[K [01;36m[Knote: [m[K  template argument deduction/substitution failed:
[01m[K/home/aaa/robot/ros2_ws/src/panda_pick/src/pick_and_place.cpp:14:102:[m[K [01;36m[Knote: [m[K  cannot convert ‘[01m[K<lambda closure object>PandaPickNode::PandaPickNode()::<lambda(rclcpp::Node*)>{}[m[K’ (type ‘[01m[KPandaPickNode::PandaPickNode()::<lambda(rclcpp::Node*)>[m[K’) to type ‘[01m[Kstd::shared_ptr<rclcpp::Node>::element_type*[m[K’ {aka ‘[01m[Krclcpp::Node*[m[K’}
   14 | de>(std::shared_ptr<rclcpp::Node>(this), [](rclcpp::Node*){}[01;36m[K)[m[K, "panda_arm"),
      |                                                             [01;36m[K^[m[K

In file included from [01m[K/usr/include/c++/11/memory:77[m[K,
                 from [01m[K/opt/ros/humble/include/rclcpp/rclcpp/rclcpp.hpp:153[m[K,
                 from [01m[K/home/aaa/robot/ros2_ws/src/panda_pick/src/pick_and_place.cpp:1[m[K:
[01m[K/usr/include/c++/11/bits/shared_ptr.h:233:9:[m[K [01;36m[Knote: [m[Kcandidate: ‘[01m[Ktemplate<class _Deleter, class _Alloc> std::shared_ptr<_Tp>::shared_ptr(std::nullptr_t, _Deleter, _Alloc) [with _Deleter = _Deleter; _Alloc = _Alloc; _Tp = rclcpp::Node][m[K’
  233 |         [01;36m[Kshared_ptr[m[K(nullptr_t __p, _Deleter __d, _Alloc __a)
      |         [01;36m[K^~~~~~~~~~[m[K
[01m[K/usr/include/c++/11/bits/shared_ptr.h:233:9:[m[K [01;36m[Knote: [m[K  template argument deduction/substitution failed:
[01m[K/home/aaa/robot/ros2_ws/src/panda_pick/src/pick_and_place.cpp:14:102:[m[K [01;36m[Knote: [m[K  candidate expects 3 arguments, 2 provided
   14 | de>(std::shared_ptr<rclcpp::Node>(this), [](rclcpp::Node*){}[01;36m[K)[m[K, "panda_arm"),
      |                                                             [01;36m[K^[m[K

In file included from [01m[K/usr/include/c++/11/memory:77[m[K,
                 from [01m[K/opt/ros/humble/include/rclcpp/rclcpp/rclcpp.hpp:153[m[K,
                 from [01m[K/home/aaa/robot/ros2_ws/src/panda_pick/src/pick_and_place.cpp:1[m[K:
[01m[K/usr/include/c++/11/bits/shared_ptr.h:214:9:[m[K [01;36m[Knote: [m[Kcandidate: ‘[01m[Ktemplate<class _Yp, class _Deleter, class _Alloc, class> std::shared_ptr<_Tp>::shared_ptr(_Yp*, _Deleter, _Alloc) [with _Yp = _Yp; _Deleter = _Deleter; _Alloc = _Alloc; <template-parameter-2-4> = <template-parameter-1-4>; _Tp = rclcpp::Node][m[K’
  214 |         [01;36m[Kshared_ptr[m[K(_Yp* __p, _Deleter __d, _Alloc __a)
      |         [01;36m[K^~~~~~~~~~[m[K
[01m[K/usr/include/c++/11/bits/shared_ptr.h:214:9:[m[K [01;36m[Knote: [m[K  template argument deduction/substitution failed:
[01m[K/home/aaa/robot/ros2_ws/src/panda_pick/src/pick_and_place.cpp:14:102:[m[K [01;36m[Knote: [m[K  mismatched types ‘[01m[K_Yp*[m[K’ and ‘[01m[Kstd::shared_ptr<rclcpp::Node>[m[K’
   14 | de>(std::shared_ptr<rclcpp::Node>(this), [](rclcpp::Node*){}[01;36m[K)[m[K, "panda_arm"),
      |                                                             [01;36m[K^[m[K

In file included from [01m[K/usr/include/c++/11/memory:77[m[K,
                 from [01m[K/opt/ros/humble/include/rclcpp/rclcpp/rclcpp.hpp:153[m[K,
                 from [01m[K/home/aaa/robot/ros2_ws/src/panda_pick/src/pick_and_place.cpp:1[m[K:
[01m[K/usr/include/c++/11/bits/shared_ptr.h:194:9:[m[K [01;36m[Knote: [m[Kcandidate: ‘[01m[Ktemplate<class _Deleter> std::shared_ptr<_Tp>::shared_ptr(std::nullptr_t, _Deleter) [with _Deleter = _Deleter; _Tp = rclcpp::Node][m[K’
  194 |         [01;36m[Kshared_ptr[m[K(nullptr_t __p, _Deleter __d)
      |         [01;36m[K^~~~~~~~~~[m[K
[01m[K/usr/include/c++/11/bits/shared_ptr.h:194:9:[m[K [01;36m[Knote: [m[K  template argument deduction/substitution failed:
[01m[K/home/aaa/robot/ros2_ws/src/panda_pick/src/pick_and_place.cpp:14:51:[m[K [01;36m[Knote: [m[K  cannot convert ‘[01m[Kstd::shared_ptr<rclcpp::Node>(((PandaPickNode*)this))[m[K’ (type ‘[01m[Kstd::shared_ptr<rclcpp::Node>[m[K’) to type ‘[01m[Kstd::nullptr_t[m[K’
   14 |     arm_group_(std::shared_ptr<rclcpp::Node>(std::[01;36m[Kshared_ptr<rclcpp::Node>(this)[m[K, [](rclcpp::Node*){}), "panda_arm"),
      |                                                   [01;36m[K^~~~~~~~~~~~~~~~~~~~~~~~~~~~~~[m[K
In file included from [01m[K/usr/include/c++/11/memory:77[m[K,
                 from [01m[K/opt/ros/humble/include/rclcpp/rclcpp/rclcpp.hpp:153[m[K,
                 from [01m[K/home/aaa/robot/ros2_ws/src/panda_pick/src/pick_and_place.cpp:1[m[K:
[01m[K/usr/include/c++/11/bits/shared_ptr.h:177:9:[m[K [01;36m[Knote: [m[Kcandidate: ‘[01m[Ktemplate<class _Yp, class _Deleter, class> std::shared_ptr<_Tp>::shared_ptr(_Yp*, _Deleter) [with _Yp = _Yp; _Deleter = _Deleter; <template-parameter-2-3> = <template-parameter-1-3>; _Tp = rclcpp::Node][m[K’
  177 |         [01;36m[Kshared_ptr[m[K(_Yp* __p, _Deleter __d)
      |         [01;36m[K^~~~~~~~~~[m[K
[01m[K/usr/include/c++/11/bits/shared_ptr.h:177:9:[m[K [01;36m[Knote: [m[K  template argument deduction/substitution failed:
[01m[K/home/aaa/robot/ros2_ws/src/panda_pick/src/pick_and_place.cpp:14:102:[m[K [01;36m[Knote: [m[K  mismatched types ‘[01m[K_Yp*[m[K’ and ‘[01m[Kstd::shared_ptr<rclcpp::Node>[m[K’
   14 | de>(std::shared_ptr<rclcpp::Node>(this), [](rclcpp::Node*){}[01;36m[K)[m[K, "panda_arm"),
      |                                                             [01;36m[K^[m[K

In file included from [01m[K/usr/include/c++/11/memory:77[m[K,
                 from [01m[K/opt/ros/humble/include/rclcpp/rclcpp/rclcpp.hpp:153[m[K,
                 from [01m[K/home/aaa/robot/ros2_ws/src/panda_pick/src/pick_and_place.cpp:1[m[K:
[01m[K/usr/include/c++/11/bits/shared_ptr.h:160:9:[m[K [01;36m[Knote: [m[Kcandidate: ‘[01m[Ktemplate<class _Yp, class> std::shared_ptr<_Tp>::shared_ptr(_Yp*) [with _Yp = _Yp; <template-parameter-2-2> = <template-parameter-1-2>; _Tp = rclcpp::Node][m[K’
  160 |         [01;36m[Kshared_ptr[m[K(_Yp* __p) : __shared_ptr<_Tp>(__p) { }
      |         [01;36m[K^~~~~~~~~~[m[K
[01m[K/usr/include/c++/11/bits/shared_ptr.h:160:9:[m[K [01;36m[Knote: [m[K  template argument deduction/substitution failed:
[01m[K/home/aaa/robot/ros2_ws/src/panda_pick/src/pick_and_place.cpp:14:102:[m[K [01;36m[Knote: [m[K  mismatched types ‘[01m[K_Yp*[m[K’ and ‘[01m[Kstd::shared_ptr<rclcpp::Node>[m[K’
   14 | de>(std::shared_ptr<rclcpp::Node>(this), [](rclcpp::Node*){}[01;36m[K)[m[K, "panda_arm"),
      |                                                             [01;36m[K^[m[K

In file included from [01m[K/usr/include/c++/11/memory:77[m[K,
                 from [01m[K/opt/ros/humble/include/rclcpp/rclcpp/rclcpp.hpp:153[m[K,
                 from [01m[K/home/aaa/robot/ros2_ws/src/panda_pick/src/pick_and_place.cpp:1[m[K:
[01m[K/usr/include/c++/11/bits/shared_ptr.h:417:7:[m[K [01;36m[Knote: [m[Kcandidate: ‘[01m[Kstd::shared_ptr<_Tp>::shared_ptr(const std::weak_ptr<_Tp>&, std::nothrow_t) [with _Tp = rclcpp::Node][m[K’
  417 |       [01;36m[Kshared_ptr[m[K(const weak_ptr<_Tp>& __r, std::nothrow_t) noexcept
      |       [01;36m[K^~~~~~~~~~[m[K
[01m[K/usr/include/c++/11/bits/shared_ptr.h:417:44:[m[K [01;36m[Knote: [m[K  no known conversion for argument 2 from ‘[01m[KPandaPickNode::PandaPickNode()::<lambda(rclcpp::Node*)>[m[K’ to ‘[01m[Kstd::nothrow_t[m[K’
  417 |       shared_ptr(const weak_ptr<_Tp>& __r, [01;36m[Kstd::nothrow_t[m[K) noexcept
      |                                            [01;36m[K^~~~~~~~~~~~~~[m[K
[01m[K/usr/include/c++/11/bits/shared_ptr.h:357:17:[m[K [01;36m[Knote: [m[Kcandidate: ‘[01m[Kconstexpr std::shared_ptr<_Tp>::shared_ptr(std::nullptr_t) [with _Tp = rclcpp::Node; std::nullptr_t = std::nullptr_t][m[K’
  357 |       constexpr [01;36m[Kshared_ptr[m[K(nullptr_t) noexcept : shared_ptr() { }
      |                 [01;36m[K^~~~~~~~~~[m[K
[01m[K/usr/include/c++/11/bits/shared_ptr.h:357:17:[m[K [01;36m[Knote: [m[K  candidate expects 1 argument, 2 provided
[01m[K/usr/include/c++/11/bits/shared_ptr.h:304:7:[m[K [01;36m[Knote: [m[Kcandidate: ‘[01m[Kstd::shared_ptr<_Tp>::shared_ptr(std::shared_ptr<_Tp>&&) [with _Tp = rclcpp::Node][m[K’
  304 |       [01;36m[Kshared_ptr[m[K(shared_ptr&& __r) noexcept
      |       [01;36m[K^~~~~~~~~~[m[K
[01m[K/usr/include/c++/11/bits/shared_ptr.h:304:7:[m[K [01;36m[Knote: [m[K  candidate expects 1 argument, 2 provided
[01m[K/usr/include/c++/11/bits/shared_ptr.h:150:7:[m[K [01;36m[Knote: [m[Kcandidate: ‘[01m[Kstd::shared_ptr<_Tp>::shared_ptr(const std::shared_ptr<_Tp>&) [with _Tp = rclcpp::Node][m[K’
  150 |       [01;36m[Kshared_ptr[m[K(const shared_ptr&) noexcept = default; ///< Copy constructor
      |       [01;36m[K^~~~~~~~~~[m[K
[01m[K/usr/include/c++/11/bits/shared_ptr.h:150:7:[m[K [01;36m[Knote: [m[K  candidate expects 1 argument, 2 provided
[01m[K/usr/include/c++/11/bits/shared_ptr.h:148:17:[m[K [01;36m[Knote: [m[Kcandidate: ‘[01m[Kconstexpr std::shared_ptr<_Tp>::shared_ptr() [with _Tp = rclcpp::Node][m[K’
  148 |       constexpr [01;36m[Kshared_ptr[m[K() noexcept : __shared_ptr<_Tp>() { }
      |                 [01;36m[K^~~~~~~~~~[m[K
[01m[K/usr/include/c++/11/bits/shared_ptr.h:148:17:[m[K [01;36m[Knote: [m[K  candidate expects 0 arguments, 2 provided
[01m[K/home/aaa/robot/ros2_ws/src/panda_pick/src/pick_and_place.cpp:15:103:[m[K [01;31m[Kerror: [m[Kno matching function for call to ‘[01m[Kstd::shared_ptr<rclcpp::Node>::shared_ptr(std::shared_ptr<rclcpp::Node>, PandaPickNode::PandaPickNode()::<lambda(rclcpp::Node*)>)[m[K’
   15 | ode>(std::shared_ptr<rclcpp::Node>(this), [](rclcpp::Node*){}[01;31m[K)[m[K, "hand")
      |                                                              [01;31m[K^[m[K

In file included from [01m[K/usr/include/c++/11/memory:77[m[K,
                 from [01m[K/opt/ros/humble/include/rclcpp/rclcpp/rclcpp.hpp:153[m[K,
                 from [01m[K/home/aaa/robot/ros2_ws/src/panda_pick/src/pick_and_place.cpp:1[m[K:
[01m[K/usr/include/c++/11/bits/shared_ptr.h:408:9:[m[K [01;36m[Knote: [m[Kcandidate: ‘[01m[Ktemplate<class _Alloc, class ... _Args> std::shared_ptr<_Tp>::shared_ptr(std::_Sp_alloc_shared_tag<_Tp>, _Args&& ...) [with _Alloc = _Alloc; _Args = {_Args ...}; _Tp = rclcpp::Node][m[K’
  408 |         [01;36m[Kshared_ptr[m[K(_Sp_alloc_shared_tag<_Alloc> __tag, _Args&&... __args)
      |         [01;36m[K^~~~~~~~~~[m[K
[01m[K/usr/include/c++/11/bits/shared_ptr.h:408:9:[m[K [01;36m[Knote: [m[K  template argument deduction/substitution failed:
[01m[K/home/aaa/robot/ros2_ws/src/panda_pick/src/pick_and_place.cpp:15:103:[m[K [01;36m[Knote: [m[K  ‘[01m[Kstd::shared_ptr<rclcpp::Node>[m[K’ is not derived from ‘[01m[Kstd::_Sp_alloc_shared_tag<_Tp>[m[K’
   15 | ode>(std::shared_ptr<rclcpp::Node>(this), [](rclcpp::Node*){}[01;36m[K)[m[K, "hand")
      |                                                              [01;36m[K^[m[K

In file included from [01m[K/usr/include/c++/11/memory:77[m[K,
                 from [01m[K/opt/ros/humble/include/rclcpp/rclcpp/rclcpp.hpp:153[m[K,
                 from [01m[K/home/aaa/robot/ros2_ws/src/panda_pick/src/pick_and_place.cpp:1[m[K:
[01m[K/usr/include/c++/11/bits/shared_ptr.h:340:9:[m[K [01;36m[Knote: [m[Kcandidate: ‘[01m[Ktemplate<class _Yp, class _Del, class> std::shared_ptr<_Tp>::shared_ptr(std::unique_ptr<_Up, _Ep>&&) [with _Yp = _Yp; _Del = _Del; <template-parameter-2-3> = <template-parameter-1-3>; _Tp = rclcpp::Node][m[K’
  340 |         [01;36m[Kshared_ptr[m[K(unique_ptr<_Yp, _Del>&& __r)
      |         [01;36m[K^~~~~~~~~~[m[K
[01m[K/usr/include/c++/11/bits/shared_ptr.h:340:9:[m[K [01;36m[Knote: [m[K  template argument deduction/substitution failed:
[01m[K/home/aaa/robot/ros2_ws/src/panda_pick/src/pick_and_place.cpp:15:103:[m[K [01;36m[Knote: [m[K  ‘[01m[Kstd::shared_ptr<rclcpp::Node>[m[K’ is not derived from ‘[01m[Kstd::unique_ptr<_Tp, _Dp>[m[K’
   15 | ode>(std::shared_ptr<rclcpp::Node>(this), [](rclcpp::Node*){}[01;36m[K)[m[K, "hand")
      |                                                              [01;36m[K^[m[K

In file included from [01m[K/usr/include/c++/11/memory:77[m[K,
                 from [01m[K/opt/ros/humble/include/rclcpp/rclcpp/rclcpp.hpp:153[m[K,
                 from [01m[K/home/aaa/robot/ros2_ws/src/panda_pick/src/pick_and_place.cpp:1[m[K:
[01m[K/usr/include/c++/11/bits/shared_ptr.h:332:9:[m[K [01;36m[Knote: [m[Kcandidate: ‘[01m[Ktemplate<class _Yp, class> std::shared_ptr<_Tp>::shared_ptr(std::auto_ptr<_Up>&&) [with _Yp = _Tp1; <template-parameter-2-2> = <template-parameter-1-2>; _Tp = rclcpp::Node][m[K’
  332 |         [01;36m[Kshared_ptr[m[K(auto_ptr<_Yp>&& __r);
      |         [01;36m[K^~~~~~~~~~[m[K
[01m[K/usr/include/c++/11/bits/shared_ptr.h:332:9:[m[K [01;36m[Knote: [m[K  template argument deduction/substitution failed:
[01m[K/home/aaa/robot/ros2_ws/src/panda_pick/src/pick_and_place.cpp:15:103:[m[K [01;36m[Knote: [m[K  ‘[01m[Kstd::shared_ptr<rclcpp::Node>[m[K’ is not derived from ‘[01m[Kstd::auto_ptr<_Up>[m[K’
   15 | ode>(std::shared_ptr<rclcpp::Node>(this), [](rclcpp::Node*){}[01;36m[K)[m[K, "hand")
      |                                                              [01;36m[K^[m[K

In file included from [01m[K/usr/include/c++/11/memory:77[m[K,
                 from [01m[K/opt/ros/humble/include/rclcpp/rclcpp/rclcpp.hpp:153[m[K,
                 from [01m[K/home/aaa/robot/ros2_ws/src/panda_pick/src/pick_and_place.cpp:1[m[K:
[01m[K/usr/include/c++/11/bits/shared_ptr.h:325:18:[m[K [01;36m[Knote: [m[Kcandidate: ‘[01m[Ktemplate<class _Yp, class> std::shared_ptr<_Tp>::shared_ptr(const std::weak_ptr<_Yp>&) [with _Yp = _Yp; <template-parameter-2-2> = <template-parameter-1-2>; _Tp = rclcpp::Node][m[K’
  325 |         explicit [01;36m[Kshared_ptr[m[K(const weak_ptr<_Yp>& __r)
      |                  [01;36m[K^~~~~~~~~~[m[K
[01m[K/usr/include/c++/11/bits/shared_ptr.h:325:18:[m[K [01;36m[Knote: [m[K  template argument deduction/substitution failed:
[01m[K/home/aaa/robot/ros2_ws/src/panda_pick/src/pick_and_place.cpp:15:103:[m[K [01;36m[Knote: [m[K  ‘[01m[Kstd::shared_ptr<rclcpp::Node>[m[K’ is not derived from ‘[01m[Kconst std::weak_ptr<_Tp>[m[K’
   15 | ode>(std::shared_ptr<rclcpp::Node>(this), [](rclcpp::Node*){}[01;36m[K)[m[K, "hand")
      |                                                              [01;36m[K^[m[K

In file included from [01m[K/usr/include/c++/11/memory:77[m[K,
                 from [01m[K/opt/ros/humble/include/rclcpp/rclcpp/rclcpp.hpp:153[m[K,
                 from [01m[K/home/aaa/robot/ros2_ws/src/panda_pick/src/pick_and_place.cpp:1[m[K:
[01m[K/usr/include/c++/11/bits/shared_ptr.h:313:9:[m[K [01;36m[Knote: [m[Kcandidate: ‘[01m[Ktemplate<class _Yp, class> std::shared_ptr<_Tp>::shared_ptr(std::shared_ptr<_Yp>&&) [with _Yp = _Yp; <template-parameter-2-2> = <template-parameter-1-2>; _Tp = rclcpp::Node][m[K’
  313 |         [01;36m[Kshared_ptr[m[K(shared_ptr<_Yp>&& __r) noexcept
      |         [01;36m[K^~~~~~~~~~[m[K
[01m[K/usr/include/c++/11/bits/shared_ptr.h:313:9:[m[K [01;36m[Knote: [m[K  template argument deduction/substitution failed:
[01m[K/home/aaa/robot/ros2_ws/src/panda_pick/src/pick_and_place.cpp:15:103:[m[K [01;36m[Knote: [m[K  candidate expects 1 argument, 2 provided
   15 | ode>(std::shared_ptr<rclcpp::Node>(this), [](rclcpp::Node*){}[01;36m[K)[m[K, "hand")
      |                                                              [01;36m[K^[m[K

In file included from [01m[K/usr/include/c++/11/memory:77[m[K,
                 from [01m[K/opt/ros/humble/include/rclcpp/rclcpp/rclcpp.hpp:153[m[K,
                 from [01m[K/home/aaa/robot/ros2_ws/src/panda_pick/src/pick_and_place.cpp:1[m[K:
[01m[K/usr/include/c++/11/bits/shared_ptr.h:296:9:[m[K [01;36m[Knote: [m[Kcandidate: ‘[01m[Ktemplate<class _Yp, class> std::shared_ptr<_Tp>::shared_ptr(const std::shared_ptr<_Yp>&) [with _Yp = _Yp; <template-parameter-2-2> = <template-parameter-1-2>; _Tp = rclcpp::Node][m[K’
  296 |         [01;36m[Kshared_ptr[m[K(const shared_ptr<_Yp>& __r) noexcept
      |         [01;36m[K^~~~~~~~~~[m[K
[01m[K/usr/include/c++/11/bits/shared_ptr.h:296:9:[m[K [01;36m[Knote: [m[K  template argument deduction/substitution failed:
[01m[K/home/aaa/robot/ros2_ws/src/panda_pick/src/pick_and_place.cpp:15:103:[m[K [01;36m[Knote: [m[K  candidate expects 1 argument, 2 provided
   15 | ode>(std::shared_ptr<rclcpp::Node>(this), [](rclcpp::Node*){}[01;36m[K)[m[K, "hand")
      |                                                              [01;36m[K^[m[K

In file included from [01m[K/usr/include/c++/11/memory:77[m[K,
                 from [01m[K/opt/ros/humble/include/rclcpp/rclcpp/rclcpp.hpp:153[m[K,
                 from [01m[K/home/aaa/robot/ros2_ws/src/panda_pick/src/pick_and_place.cpp:1[m[K:
[01m[K/usr/include/c++/11/bits/shared_ptr.h:257:9:[m[K [01;36m[Knote: [m[Kcandidate: ‘[01m[Ktemplate<class _Yp> std::shared_ptr<_Tp>::shared_ptr(const std::shared_ptr<_Yp>&, std::shared_ptr<_Tp>::element_type*) [with _Yp = _Yp; _Tp = rclcpp::Node][m[K’
  257 |         [01;36m[Kshared_ptr[m[K(const shared_ptr<_Yp>& __r, element_type* __p) noexcept
      |         [01;36m[K^~~~~~~~~~[m[K
[01m[K/usr/include/c++/11/bits/shared_ptr.h:257:9:[m[K [01;36m[Knote: [m[K  template argument deduction/substitution failed:
[01m[K/home/aaa/robot/ros2_ws/src/panda_pick/src/pick_and_place.cpp:15:103:[m[K [01;36m[Knote: [m[K  cannot convert ‘[01m[K<lambda closure object>PandaPickNode::PandaPickNode()::<lambda(rclcpp::Node*)>{}[m[K’ (type ‘[01m[KPandaPickNode::PandaPickNode()::<lambda(rclcpp::Node*)>[m[K’) to type ‘[01m[Kstd::shared_ptr<rclcpp::Node>::element_type*[m[K’ {aka ‘[01m[Krclcpp::Node*[m[K’}
   15 | ode>(std::shared_ptr<rclcpp::Node>(this), [](rclcpp::Node*){}[01;36m[K)[m[K, "hand")
      |                                                              [01;36m[K^[m[K

In file included from [01m[K/usr/include/c++/11/memory:77[m[K,
                 from [01m[K/opt/ros/humble/include/rclcpp/rclcpp/rclcpp.hpp:153[m[K,
                 from [01m[K/home/aaa/robot/ros2_ws/src/panda_pick/src/pick_and_place.cpp:1[m[K:
[01m[K/usr/include/c++/11/bits/shared_ptr.h:233:9:[m[K [01;36m[Knote: [m[Kcandidate: ‘[01m[Ktemplate<class _Deleter, class _Alloc> std::shared_ptr<_Tp>::shared_ptr(std::nullptr_t, _Deleter, _Alloc) [with _Deleter = _Deleter; _Alloc = _Alloc; _Tp = rclcpp::Node][m[K’
  233 |         [01;36m[Kshared_ptr[m[K(nullptr_t __p, _Deleter __d, _Alloc __a)
      |         [01;36m[K^~~~~~~~~~[m[K
[01m[K/usr/include/c++/11/bits/shared_ptr.h:233:9:[m[K [01;36m[Knote: [m[K  template argument deduction/substitution failed:
[01m[K/home/aaa/robot/ros2_ws/src/panda_pick/src/pick_and_place.cpp:15:103:[m[K [01;36m[Knote: [m[K  candidate expects 3 arguments, 2 provided
   15 | ode>(std::shared_ptr<rclcpp::Node>(this), [](rclcpp::Node*){}[01;36m[K)[m[K, "hand")
      |                                                              [01;36m[K^[m[K

In file included from [01m[K/usr/include/c++/11/memory:77[m[K,
                 from [01m[K/opt/ros/humble/include/rclcpp/rclcpp/rclcpp.hpp:153[m[K,
                 from [01m[K/home/aaa/robot/ros2_ws/src/panda_pick/src/pick_and_place.cpp:1[m[K:
[01m[K/usr/include/c++/11/bits/shared_ptr.h:214:9:[m[K [01;36m[Knote: [m[Kcandidate: ‘[01m[Ktemplate<class _Yp, class _Deleter, class _Alloc, class> std::shared_ptr<_Tp>::shared_ptr(_Yp*, _Deleter, _Alloc) [with _Yp = _Yp; _Deleter = _Deleter; _Alloc = _Alloc; <template-parameter-2-4> = <template-parameter-1-4>; _Tp = rclcpp::Node][m[K’
  214 |         [01;36m[Kshared_ptr[m[K(_Yp* __p, _Deleter __d, _Alloc __a)
      |         [01;36m[K^~~~~~~~~~[m[K
[01m[K/usr/include/c++/11/bits/shared_ptr.h:214:9:[m[K [01;36m[Knote: [m[K  template argument deduction/substitution failed:
[01m[K/home/aaa/robot/ros2_ws/src/panda_pick/src/pick_and_place.cpp:15:103:[m[K [01;36m[Knote: [m[K  mismatched types ‘[01m[K_Yp*[m[K’ and ‘[01m[Kstd::shared_ptr<rclcpp::Node>[m[K’
   15 | ode>(std::shared_ptr<rclcpp::Node>(this), [](rclcpp::Node*){}[01;36m[K)[m[K, "hand")
      |                                                              [01;36m[K^[m[K

In file included from [01m[K/usr/include/c++/11/memory:77[m[K,
                 from [01m[K/opt/ros/humble/include/rclcpp/rclcpp/rclcpp.hpp:153[m[K,
                 from [01m[K/home/aaa/robot/ros2_ws/src/panda_pick/src/pick_and_place.cpp:1[m[K:
[01m[K/usr/include/c++/11/bits/shared_ptr.h:194:9:[m[K [01;36m[Knote: [m[Kcandidate: ‘[01m[Ktemplate<class _Deleter> std::shared_ptr<_Tp>::shared_ptr(std::nullptr_t, _Deleter) [with _Deleter = _Deleter; _Tp = rclcpp::Node][m[K’
  194 |         [01;36m[Kshared_ptr[m[K(nullptr_t __p, _Deleter __d)
      |         [01;36m[K^~~~~~~~~~[m[K
[01m[K/usr/include/c++/11/bits/shared_ptr.h:194:9:[m[K [01;36m[Knote: [m[K  template argument deduction/substitution failed:
[01m[K/home/aaa/robot/ros2_ws/src/panda_pick/src/pick_and_place.cpp:15:52:[m[K [01;36m[Knote: [m[K  cannot convert ‘[01m[Kstd::shared_ptr<rclcpp::Node>(((PandaPickNode*)this))[m[K’ (type ‘[01m[Kstd::shared_ptr<rclcpp::Node>[m[K’) to type ‘[01m[Kstd::nullptr_t[m[K’
   15 |     hand_group_(std::shared_ptr<rclcpp::Node>(std::[01;36m[Kshared_ptr<rclcpp::Node>(this)[m[K, [](rclcpp::Node*){}), "hand")
      |                                                    [01;36m[K^~~~~~~~~~~~~~~~~~~~~~~~~~~~~~[m[K
In file included from [01m[K/usr/include/c++/11/memory:77[m[K,
                 from [01m[K/opt/ros/humble/include/rclcpp/rclcpp/rclcpp.hpp:153[m[K,
                 from [01m[K/home/aaa/robot/ros2_ws/src/panda_pick/src/pick_and_place.cpp:1[m[K:
[01m[K/usr/include/c++/11/bits/shared_ptr.h:177:9:[m[K [01;36m[Knote: [m[Kcandidate: ‘[01m[Ktemplate<class _Yp, class _Deleter, class> std::shared_ptr<_Tp>::shared_ptr(_Yp*, _Deleter) [with _Yp = _Yp; _Deleter = _Deleter; <template-parameter-2-3> = <template-parameter-1-3>; _Tp = rclcpp::Node][m[K’
  177 |         [01;36m[Kshared_ptr[m[K(_Yp* __p, _Deleter __d)
      |         [01;36m[K^~~~~~~~~~[m[K
[01m[K/usr/include/c++/11/bits/shared_ptr.h:177:9:[m[K [01;36m[Knote: [m[K  template argument deduction/substitution failed:
[01m[K/home/aaa/robot/ros2_ws/src/panda_pick/src/pick_and_place.cpp:15:103:[m[K [01;36m[Knote: [m[K  mismatched types ‘[01m[K_Yp*[m[K’ and ‘[01m[Kstd::shared_ptr<rclcpp::Node>[m[K’
   15 | ode>(std::shared_ptr<rclcpp::Node>(this), [](rclcpp::Node*){}[01;36m[K)[m[K, "hand")
      |                                                              [01;36m[K^[m[K

In file included from [01m[K/usr/include/c++/11/memory:77[m[K,
                 from [01m[K/opt/ros/humble/include/rclcpp/rclcpp/rclcpp.hpp:153[m[K,
                 from [01m[K/home/aaa/robot/ros2_ws/src/panda_pick/src/pick_and_place.cpp:1[m[K:
[01m[K/usr/include/c++/11/bits/shared_ptr.h:160:9:[m[K [01;36m[Knote: [m[Kcandidate: ‘[01m[Ktemplate<class _Yp, class> std::shared_ptr<_Tp>::shared_ptr(_Yp*) [with _Yp = _Yp; <template-parameter-2-2> = <template-parameter-1-2>; _Tp = rclcpp::Node][m[K’
  160 |         [01;36m[Kshared_ptr[m[K(_Yp* __p) : __shared_ptr<_Tp>(__p) { }
      |         [01;36m[K^~~~~~~~~~[m[K
[01m[K/usr/include/c++/11/bits/shared_ptr.h:160:9:[m[K [01;36m[Knote: [m[K  template argument deduction/substitution failed:
[01m[K/home/aaa/robot/ros2_ws/src/panda_pick/src/pick_and_place.cpp:15:103:[m[K [01;36m[Knote: [m[K  mismatched types ‘[01m[K_Yp*[m[K’ and ‘[01m[Kstd::shared_ptr<rclcpp::Node>[m[K’
   15 | ode>(std::shared_ptr<rclcpp::Node>(this), [](rclcpp::Node*){}[01;36m[K)[m[K, "hand")
      |                                                              [01;36m[K^[m[K

In file included from [01m[K/usr/include/c++/11/memory:77[m[K,
                 from [01m[K/opt/ros/humble/include/rclcpp/rclcpp/rclcpp.hpp:153[m[K,
                 from [01m[K/home/aaa/robot/ros2_ws/src/panda_pick/src/pick_and_place.cpp:1[m[K:
[01m[K/usr/include/c++/11/bits/shared_ptr.h:417:7:[m[K [01;36m[Knote: [m[Kcandidate: ‘[01m[Kstd::shared_ptr<_Tp>::shared_ptr(const std::weak_ptr<_Tp>&, std::nothrow_t) [with _Tp = rclcpp::Node][m[K’
  417 |       [01;36m[Kshared_ptr[m[K(const weak_ptr<_Tp>& __r, std::nothrow_t) noexcept
      |       [01;36m[K^~~~~~~~~~[m[K
[01m[K/usr/include/c++/11/bits/shared_ptr.h:417:44:[m[K [01;36m[Knote: [m[K  no known conversion for argument 2 from ‘[01m[KPandaPickNode::PandaPickNode()::<lambda(rclcpp::Node*)>[m[K’ to ‘[01m[Kstd::nothrow_t[m[K’
  417 |       shared_ptr(const weak_ptr<_Tp>& __r, [01;36m[Kstd::nothrow_t[m[K) noexcept
      |                                            [01;36m[K^~~~~~~~~~~~~~[m[K
[01m[K/usr/include/c++/11/bits/shared_ptr.h:357:17:[m[K [01;36m[Knote: [m[Kcandidate: ‘[01m[Kconstexpr std::shared_ptr<_Tp>::shared_ptr(std::nullptr_t) [with _Tp = rclcpp::Node; std::nullptr_t = std::nullptr_t][m[K’
  357 |       constexpr [01;36m[Kshared_ptr[m[K(nullptr_t) noexcept : shared_ptr() { }
      |                 [01;36m[K^~~~~~~~~~[m[K
[01m[K/usr/include/c++/11/bits/shared_ptr.h:357:17:[m[K [01;36m[Knote: [m[K  candidate expects 1 argument, 2 provided
[01m[K/usr/include/c++/11/bits/shared_ptr.h:304:7:[m[K [01;36m[Knote: [m[Kcandidate: ‘[01m[Kstd::shared_ptr<_Tp>::shared_ptr(std::shared_ptr<_Tp>&&) [with _Tp = rclcpp::Node][m[K’
  304 |       [01;36m[Kshared_ptr[m[K(shared_ptr&& __r) noexcept
      |       [01;36m[K^~~~~~~~~~[m[K
[01m[K/usr/include/c++/11/bits/shared_ptr.h:304:7:[m[K [01;36m[Knote: [m[K  candidate expects 1 argument, 2 provided
[01m[K/usr/include/c++/11/bits/shared_ptr.h:150:7:[m[K [01;36m[Knote: [m[Kcandidate: ‘[01m[Kstd::shared_ptr<_Tp>::shared_ptr(const std::shared_ptr<_Tp>&) [with _Tp = rclcpp::Node][m[K’
  150 |       [01;36m[Kshared_ptr[m[K(const shared_ptr&) noexcept = default; ///< Copy constructor
      |       [01;36m[K^~~~~~~~~~[m[K
[01m[K/usr/include/c++/11/bits/shared_ptr.h:150:7:[m[K [01;36m[Knote: [m[K  candidate expects 1 argument, 2 provided
[01m[K/usr/include/c++/11/bits/shared_ptr.h:148:17:[m[K [01;36m[Knote: [m[Kcandidate: ‘[01m[Kconstexpr std::shared_ptr<_Tp>::shared_ptr() [with _Tp = rclcpp::Node][m[K’
  148 |       constexpr [01;36m[Kshared_ptr[m[K() noexcept : __shared_ptr<_Tp>() { }
      |                 [01;36m[K^~~~~~~~~~[m[K
[01m[K/usr/include/c++/11/bits/shared_ptr.h:148:17:[m[K [01;36m[Knote: [m[K  candidate expects 0 arguments, 2 provided
[01m[K/home/aaa/robot/ros2_ws/src/panda_pick/src/pick_and_place.cpp:[m[K In member function ‘[01m[Kbool PandaPickNode::planAndExecutePose(const PoseStamped&, const string&)[m[K’:
[01m[K/home/aaa/robot/ros2_ws/src/panda_pick/src/pick_and_place.cpp:120:91:[m[K [01;35m[Kwarning: [m[K‘[01m[Kusing MoveItErrorCode = class moveit::core::MoveItErrorCode[m[K’ is deprecated: Use moveit::core::MoveItErrorCode [[01;35m[K]8;;https://gcc.gnu.org/onlinedocs/gcc/Warning-Options.html#index-Wdeprecated-declarations-Wdeprecated-declarations]8;;[m[K]
  120 | p_.plan(plan) == moveit::planning_interface::MoveItErrorCode::[01;35m[KSUCCESS[m[K);
      |                                                               [01;35m[K^~~~~~~[m[K

In file included from [01m[K/home/aaa/robot/ros2_ws/src/panda_pick/src/pick_and_place.cpp:4[m[K:
[01m[K/opt/ros/humble/include/moveit/move_group_interface/move_group_interface.h:71:7:[m[K [01;36m[Knote: [m[Kdeclared here
   71 | using [01;36m[KMoveItErrorCode[m[K [[deprecated("Use moveit::core::MoveItErrorCode")]] = moveit::core::MoveItErrorCode;
      |       [01;36m[K^~~~~~~~~~~~~~~[m[K
[01m[K/home/aaa/robot/ros2_ws/src/panda_pick/src/pick_and_place.cpp:134:69:[m[K [01;35m[Kwarning: [m[K‘[01m[Kusing MoveItErrorCode = class moveit::core::MoveItErrorCode[m[K’ is deprecated: Use moveit::core::MoveItErrorCode [[01;35m[K]8;;https://gcc.gnu.org/onlinedocs/gcc/Warning-Options.html#index-Wdeprecated-declarations-Wdeprecated-declarations]8;;[m[K]
  134 | f (exec_result != moveit::planning_interface::MoveItErrorCode::[01;35m[KSUCCESS[m[K)
      |                                                                [01;35m[K^~~~~~~[m[K

In file included from [01m[K/home/aaa/robot/ros2_ws/src/panda_pick/src/pick_and_place.cpp:4[m[K:
[01m[K/opt/ros/humble/include/moveit/move_group_interface/move_group_interface.h:71:7:[m[K [01;36m[Knote: [m[Kdeclared here
   71 | using [01;36m[KMoveItErrorCode[m[K [[deprecated("Use moveit::core::MoveItErrorCode")]] = moveit::core::MoveItErrorCode;
      |       [01;36m[K^~~~~~~~~~~~~~~[m[K
gmake[2]: *** [CMakeFiles/pick_and_place_node.dir/build.make:76: CMakeFiles/pick_and_place_node.dir/src/pick_and_place.cpp.o] Error 1
gmake[1]: *** [CMakeFiles/Makefile2:137: CMakeFiles/pick_and_place_node.dir/all] Error 2
gmake: *** [Makefile:146: all] Error 2
