[0.531s] Invoking command in '/home/aaa/robot/ros2_ws/src/smach_demo': PYTHONPATH=/home/aaa/robot/ros2_ws/build/smach_demo/prefix_override:/usr/lib/python3/dist-packages/colcon_core/task/python/colcon_distutils_commands:/home/aaa/robot/ros2_ws/install/smach_demo/lib/python3.10/site-packages:${PYTHONPATH} /usr/bin/python3 -W ignore:setup.py install is deprecated -W ignore:easy_install command is deprecated setup.py egg_info --egg-base ../../build/smach_demo build --build-base /home/aaa/robot/ros2_ws/build/smach_demo/build install --record /home/aaa/robot/ros2_ws/build/smach_demo/install.log --single-version-externally-managed install_data
[0.704s] running egg_info
[0.705s] creating ../../build/smach_demo/smach_demo.egg-info
[0.705s] writing ../../build/smach_demo/smach_demo.egg-info/PKG-INFO
[0.706s] writing dependency_links to ../../build/smach_demo/smach_demo.egg-info/dependency_links.txt
[0.706s] writing entry points to ../../build/smach_demo/smach_demo.egg-info/entry_points.txt
[0.706s] writing requirements to ../../build/smach_demo/smach_demo.egg-info/requires.txt
[0.706s] writing top-level names to ../../build/smach_demo/smach_demo.egg-info/top_level.txt
[0.706s] writing manifest file '../../build/smach_demo/smach_demo.egg-info/SOURCES.txt'
[0.708s] reading manifest file '../../build/smach_demo/smach_demo.egg-info/SOURCES.txt'
[0.709s] writing manifest file '../../build/smach_demo/smach_demo.egg-info/SOURCES.txt'
[0.709s] running build
[0.709s] running build_py
[0.710s] creating /home/aaa/robot/ros2_ws/build/smach_demo/build
[0.710s] creating /home/aaa/robot/ros2_ws/build/smach_demo/build/lib
[0.710s] creating /home/aaa/robot/ros2_ws/build/smach_demo/build/lib/smach_demo
[0.711s] copying smach_demo/__init__.py -> /home/aaa/robot/ros2_ws/build/smach_demo/build/lib/smach_demo
[0.711s] copying smach_demo/demo.py -> /home/aaa/robot/ros2_ws/build/smach_demo/build/lib/smach_demo
[0.711s] running install
[0.712s] running install_lib
[0.712s] creating /home/aaa/robot/ros2_ws/install/smach_demo/lib/python3.10/site-packages/smach_demo
[0.712s] copying /home/aaa/robot/ros2_ws/build/smach_demo/build/lib/smach_demo/__init__.py -> /home/aaa/robot/ros2_ws/install/smach_demo/lib/python3.10/site-packages/smach_demo
[0.712s] copying /home/aaa/robot/ros2_ws/build/smach_demo/build/lib/smach_demo/demo.py -> /home/aaa/robot/ros2_ws/install/smach_demo/lib/python3.10/site-packages/smach_demo
[0.713s] byte-compiling /home/aaa/robot/ros2_ws/install/smach_demo/lib/python3.10/site-packages/smach_demo/__init__.py to __init__.cpython-310.pyc
[0.713s] byte-compiling /home/aaa/robot/ros2_ws/install/smach_demo/lib/python3.10/site-packages/smach_demo/demo.py to demo.cpython-310.pyc
[0.714s] running install_data
[0.714s] creating /home/aaa/robot/ros2_ws/install/smach_demo/share/ament_index
[0.714s] creating /home/aaa/robot/ros2_ws/install/smach_demo/share/ament_index/resource_index
[0.714s] creating /home/aaa/robot/ros2_ws/install/smach_demo/share/ament_index/resource_index/packages
[0.714s] copying resource/smach_demo -> /home/aaa/robot/ros2_ws/install/smach_demo/share/ament_index/resource_index/packages
[0.714s] copying package.xml -> /home/aaa/robot/ros2_ws/install/smach_demo/share/smach_demo
[0.715s] running install_egg_info
[0.716s] Copying ../../build/smach_demo/smach_demo.egg-info to /home/aaa/robot/ros2_ws/install/smach_demo/lib/python3.10/site-packages/smach_demo-0.0.0-py3.10.egg-info
[0.717s] running install_scripts
[0.732s] writing list of installed files to '/home/aaa/robot/ros2_ws/build/smach_demo/install.log'
[0.756s] Invoked command in '/home/aaa/robot/ros2_ws/src/smach_demo' returned '0': PYTHONPATH=/home/aaa/robot/ros2_ws/build/smach_demo/prefix_override:/usr/lib/python3/dist-packages/colcon_core/task/python/colcon_distutils_commands:/home/aaa/robot/ros2_ws/install/smach_demo/lib/python3.10/site-packages:${PYTHONPATH} /usr/bin/python3 -W ignore:setup.py install is deprecated -W ignore:easy_install command is deprecated setup.py egg_info --egg-base ../../build/smach_demo build --build-base /home/aaa/robot/ros2_ws/build/smach_demo/build install --record /home/aaa/robot/ros2_ws/build/smach_demo/install.log --single-version-externally-managed install_data
