[ 10%] Built target smach_msgs__rosidl_generator_c
[ 12%] Built target smach_msgs__cpp
[ 23%] Built target smach_msgs__rosidl_typesupport_cpp
[ 34%] Built target smach_msgs__rosidl_typesupport_fastrtps_c
[ 34%] Built target ament_cmake_python_symlink_smach_msgs
[ 44%] Built target smach_msgs__rosidl_typesupport_introspection_c
[ 55%] Built target smach_msgs__rosidl_typesupport_fastrtps_cpp
[ 65%] Built target smach_msgs__rosidl_typesupport_c
[ 76%] Built target smach_msgs__rosidl_typesupport_introspection_cpp
[ 76%] Built target smach_msgs
running egg_info
writing smach_msgs.egg-info/PKG-INFO
writing dependency_links to smach_msgs.egg-info/dependency_links.txt
writing top-level names to smach_msgs.egg-info/top_level.txt
reading manifest file 'smach_msgs.egg-info/SOURCES.txt'
writing manifest file 'smach_msgs.egg-info/SOURCES.txt'
[ 78%] Built target smach_msgs__py
[ 87%] Built target smach_msgs__rosidl_generator_py
[ 87%] Built target ament_cmake_python_build_smach_msgs_egg
[ 91%] Built target smach_msgs__rosidl_typesupport_fastrtps_c__pyext
[ 95%] Built target smach_msgs__rosidl_typesupport_introspection_c__pyext
[100%] Built target smach_msgs__rosidl_typesupport_c__pyext
-- Install configuration: ""
-- Execute custom install script
-- Up-to-date symlink: /home/aaa/robot/ros2_ws/install/smach_msgs/share/ament_index/resource_index/rosidl_interfaces/smach_msgs
-- Up-to-date symlink: /home/aaa/robot/ros2_ws/install/smach_msgs/include/smach_msgs/smach_msgs/msg/detail/smach_container_initial_status_cmd__functions.h
-- Up-to-date symlink: /home/aaa/robot/ros2_ws/install/smach_msgs/include/smach_msgs/smach_msgs/msg/detail/smach_container_initial_status_cmd__struct.h
-- Up-to-date symlink: /home/aaa/robot/ros2_ws/install/smach_msgs/include/smach_msgs/smach_msgs/msg/detail/smach_container_initial_status_cmd__type_support.h
-- Up-to-date symlink: /home/aaa/robot/ros2_ws/install/smach_msgs/include/smach_msgs/smach_msgs/msg/detail/smach_container_status__functions.h
-- Up-to-date symlink: /home/aaa/robot/ros2_ws/install/smach_msgs/include/smach_msgs/smach_msgs/msg/detail/smach_container_status__struct.h
-- Up-to-date symlink: /home/aaa/robot/ros2_ws/install/smach_msgs/include/smach_msgs/smach_msgs/msg/detail/smach_container_status__type_support.h
-- Up-to-date symlink: /home/aaa/robot/ros2_ws/install/smach_msgs/include/smach_msgs/smach_msgs/msg/detail/smach_container_structure__functions.h
-- Up-to-date symlink: /home/aaa/robot/ros2_ws/install/smach_msgs/include/smach_msgs/smach_msgs/msg/detail/smach_container_structure__struct.h
-- Up-to-date symlink: /home/aaa/robot/ros2_ws/install/smach_msgs/include/smach_msgs/smach_msgs/msg/detail/smach_container_structure__type_support.h
-- Up-to-date symlink: /home/aaa/robot/ros2_ws/install/smach_msgs/include/smach_msgs/smach_msgs/msg/rosidl_generator_c__visibility_control.h
-- Up-to-date symlink: /home/aaa/robot/ros2_ws/install/smach_msgs/include/smach_msgs/smach_msgs/msg/smach_container_initial_status_cmd.h
-- Up-to-date symlink: /home/aaa/robot/ros2_ws/install/smach_msgs/include/smach_msgs/smach_msgs/msg/smach_container_status.h
-- Up-to-date symlink: /home/aaa/robot/ros2_ws/install/smach_msgs/include/smach_msgs/smach_msgs/msg/smach_container_structure.h
-- Up-to-date symlink: /home/aaa/robot/ros2_ws/install/smach_msgs/share/smach_msgs/environment/library_path.sh
-- Up-to-date symlink: /home/aaa/robot/ros2_ws/install/smach_msgs/share/smach_msgs/environment/library_path.dsv
-- Up-to-date symlink: /home/aaa/robot/ros2_ws/install/smach_msgs/include/smach_msgs/smach_msgs/msg/detail/smach_container_initial_status_cmd__rosidl_typesupport_fastrtps_c.h
-- Up-to-date symlink: /home/aaa/robot/ros2_ws/install/smach_msgs/include/smach_msgs/smach_msgs/msg/detail/smach_container_status__rosidl_typesupport_fastrtps_c.h
-- Up-to-date symlink: /home/aaa/robot/ros2_ws/install/smach_msgs/include/smach_msgs/smach_msgs/msg/detail/smach_container_structure__rosidl_typesupport_fastrtps_c.h
-- Up-to-date symlink: /home/aaa/robot/ros2_ws/install/smach_msgs/include/smach_msgs/smach_msgs/msg/rosidl_typesupport_fastrtps_c__visibility_control.h
-- Up-to-date symlink: /home/aaa/robot/ros2_ws/install/smach_msgs/include/smach_msgs/smach_msgs/msg/detail/smach_container_initial_status_cmd__builder.hpp
-- Up-to-date symlink: /home/aaa/robot/ros2_ws/install/smach_msgs/include/smach_msgs/smach_msgs/msg/detail/smach_container_initial_status_cmd__struct.hpp
-- Up-to-date symlink: /home/aaa/robot/ros2_ws/install/smach_msgs/include/smach_msgs/smach_msgs/msg/detail/smach_container_initial_status_cmd__traits.hpp
-- Up-to-date symlink: /home/aaa/robot/ros2_ws/install/smach_msgs/include/smach_msgs/smach_msgs/msg/detail/smach_container_initial_status_cmd__type_support.hpp
-- Up-to-date symlink: /home/aaa/robot/ros2_ws/install/smach_msgs/include/smach_msgs/smach_msgs/msg/detail/smach_container_status__builder.hpp
-- Up-to-date symlink: /home/aaa/robot/ros2_ws/install/smach_msgs/include/smach_msgs/smach_msgs/msg/detail/smach_container_status__struct.hpp
-- Up-to-date symlink: /home/aaa/robot/ros2_ws/install/smach_msgs/include/smach_msgs/smach_msgs/msg/detail/smach_container_status__traits.hpp
-- Up-to-date symlink: /home/aaa/robot/ros2_ws/install/smach_msgs/include/smach_msgs/smach_msgs/msg/detail/smach_container_status__type_support.hpp
-- Up-to-date symlink: /home/aaa/robot/ros2_ws/install/smach_msgs/include/smach_msgs/smach_msgs/msg/detail/smach_container_structure__builder.hpp
-- Up-to-date symlink: /home/aaa/robot/ros2_ws/install/smach_msgs/include/smach_msgs/smach_msgs/msg/detail/smach_container_structure__struct.hpp
-- Up-to-date symlink: /home/aaa/robot/ros2_ws/install/smach_msgs/include/smach_msgs/smach_msgs/msg/detail/smach_container_structure__traits.hpp
-- Up-to-date symlink: /home/aaa/robot/ros2_ws/install/smach_msgs/include/smach_msgs/smach_msgs/msg/detail/smach_container_structure__type_support.hpp
-- Up-to-date symlink: /home/aaa/robot/ros2_ws/install/smach_msgs/include/smach_msgs/smach_msgs/msg/rosidl_generator_cpp__visibility_control.hpp
-- Up-to-date symlink: /home/aaa/robot/ros2_ws/install/smach_msgs/include/smach_msgs/smach_msgs/msg/smach_container_initial_status_cmd.hpp
-- Up-to-date symlink: /home/aaa/robot/ros2_ws/install/smach_msgs/include/smach_msgs/smach_msgs/msg/smach_container_status.hpp
-- Up-to-date symlink: /home/aaa/robot/ros2_ws/install/smach_msgs/include/smach_msgs/smach_msgs/msg/smach_container_structure.hpp
-- Up-to-date symlink: /home/aaa/robot/ros2_ws/install/smach_msgs/include/smach_msgs/smach_msgs/msg/detail/smach_container_initial_status_cmd__rosidl_typesupport_fastrtps_cpp.hpp
-- Up-to-date symlink: /home/aaa/robot/ros2_ws/install/smach_msgs/include/smach_msgs/smach_msgs/msg/detail/smach_container_status__rosidl_typesupport_fastrtps_cpp.hpp
-- Up-to-date symlink: /home/aaa/robot/ros2_ws/install/smach_msgs/include/smach_msgs/smach_msgs/msg/detail/smach_container_structure__rosidl_typesupport_fastrtps_cpp.hpp
-- Up-to-date symlink: /home/aaa/robot/ros2_ws/install/smach_msgs/include/smach_msgs/smach_msgs/msg/rosidl_typesupport_fastrtps_cpp__visibility_control.h
-- Up-to-date symlink: /home/aaa/robot/ros2_ws/install/smach_msgs/include/smach_msgs/smach_msgs/msg/detail/smach_container_initial_status_cmd__rosidl_typesupport_introspection_c.h
-- Up-to-date symlink: /home/aaa/robot/ros2_ws/install/smach_msgs/include/smach_msgs/smach_msgs/msg/detail/smach_container_status__rosidl_typesupport_introspection_c.h
-- Up-to-date symlink: /home/aaa/robot/ros2_ws/install/smach_msgs/include/smach_msgs/smach_msgs/msg/detail/smach_container_structure__rosidl_typesupport_introspection_c.h
-- Up-to-date symlink: /home/aaa/robot/ros2_ws/install/smach_msgs/include/smach_msgs/smach_msgs/msg/rosidl_typesupport_introspection_c__visibility_control.h
-- Up-to-date symlink: /home/aaa/robot/ros2_ws/install/smach_msgs/include/smach_msgs/smach_msgs/msg/detail/smach_container_initial_status_cmd__rosidl_typesupport_introspection_cpp.hpp
-- Up-to-date symlink: /home/aaa/robot/ros2_ws/install/smach_msgs/include/smach_msgs/smach_msgs/msg/detail/smach_container_status__rosidl_typesupport_introspection_cpp.hpp
-- Up-to-date symlink: /home/aaa/robot/ros2_ws/install/smach_msgs/include/smach_msgs/smach_msgs/msg/detail/smach_container_structure__rosidl_typesupport_introspection_cpp.hpp
-- Up-to-date symlink: /home/aaa/robot/ros2_ws/install/smach_msgs/share/smach_msgs/environment/pythonpath.sh
-- Up-to-date symlink: /home/aaa/robot/ros2_ws/install/smach_msgs/share/smach_msgs/environment/pythonpath.dsv
-- Up-to-date symlink: /home/aaa/robot/ros2_ws/install/smach_msgs/local/lib/python3.10/dist-packages/smach_msgs-3.0.3-py3.10.egg-info/PKG-INFO
-- Up-to-date symlink: /home/aaa/robot/ros2_ws/install/smach_msgs/local/lib/python3.10/dist-packages/smach_msgs-3.0.3-py3.10.egg-info/SOURCES.txt
-- Up-to-date symlink: /home/aaa/robot/ros2_ws/install/smach_msgs/local/lib/python3.10/dist-packages/smach_msgs-3.0.3-py3.10.egg-info/dependency_links.txt
-- Up-to-date symlink: /home/aaa/robot/ros2_ws/install/smach_msgs/local/lib/python3.10/dist-packages/smach_msgs-3.0.3-py3.10.egg-info/top_level.txt
-- Up-to-date symlink: /home/aaa/robot/ros2_ws/install/smach_msgs/local/lib/python3.10/dist-packages/smach_msgs/__init__.py
-- Up-to-date symlink: /home/aaa/robot/ros2_ws/install/smach_msgs/local/lib/python3.10/dist-packages/smach_msgs/_smach_msgs_s.ep.rosidl_typesupport_c.c
-- Up-to-date symlink: /home/aaa/robot/ros2_ws/install/smach_msgs/local/lib/python3.10/dist-packages/smach_msgs/_smach_msgs_s.ep.rosidl_typesupport_fastrtps_c.c
-- Up-to-date symlink: /home/aaa/robot/ros2_ws/install/smach_msgs/local/lib/python3.10/dist-packages/smach_msgs/_smach_msgs_s.ep.rosidl_typesupport_introspection_c.c
-- Up-to-date symlink: /home/aaa/robot/ros2_ws/install/smach_msgs/local/lib/python3.10/dist-packages/smach_msgs/libsmach_msgs__rosidl_generator_py.so
-- Up-to-date symlink: /home/aaa/robot/ros2_ws/install/smach_msgs/local/lib/python3.10/dist-packages/smach_msgs/msg/__init__.py
-- Up-to-date symlink: /home/aaa/robot/ros2_ws/install/smach_msgs/local/lib/python3.10/dist-packages/smach_msgs/msg/_smach_container_initial_status_cmd.py
-- Up-to-date symlink: /home/aaa/robot/ros2_ws/install/smach_msgs/local/lib/python3.10/dist-packages/smach_msgs/msg/_smach_container_initial_status_cmd_s.c
-- Up-to-date symlink: /home/aaa/robot/ros2_ws/install/smach_msgs/local/lib/python3.10/dist-packages/smach_msgs/msg/_smach_container_status.py
-- Up-to-date symlink: /home/aaa/robot/ros2_ws/install/smach_msgs/local/lib/python3.10/dist-packages/smach_msgs/msg/_smach_container_status_s.c
-- Up-to-date symlink: /home/aaa/robot/ros2_ws/install/smach_msgs/local/lib/python3.10/dist-packages/smach_msgs/msg/_smach_container_structure.py
-- Up-to-date symlink: /home/aaa/robot/ros2_ws/install/smach_msgs/local/lib/python3.10/dist-packages/smach_msgs/msg/_smach_container_structure_s.c
-- Up-to-date symlink: /home/aaa/robot/ros2_ws/install/smach_msgs/local/lib/python3.10/dist-packages/smach_msgs/smach_msgs_s__rosidl_typesupport_c.cpython-310-aarch64-linux-gnu.so
-- Up-to-date symlink: /home/aaa/robot/ros2_ws/install/smach_msgs/local/lib/python3.10/dist-packages/smach_msgs/smach_msgs_s__rosidl_typesupport_fastrtps_c.cpython-310-aarch64-linux-gnu.so
-- Up-to-date symlink: /home/aaa/robot/ros2_ws/install/smach_msgs/local/lib/python3.10/dist-packages/smach_msgs/smach_msgs_s__rosidl_typesupport_introspection_c.cpython-310-aarch64-linux-gnu.so
-- Up-to-date symlink: /home/aaa/robot/ros2_ws/install/smach_msgs/local/lib/python3.10/dist-packages/smach_msgs/smach_msgs_s__rosidl_typesupport_fastrtps_c.cpython-310-aarch64-linux-gnu.so
-- Up-to-date symlink: /home/aaa/robot/ros2_ws/install/smach_msgs/local/lib/python3.10/dist-packages/smach_msgs/smach_msgs_s__rosidl_typesupport_introspection_c.cpython-310-aarch64-linux-gnu.so
-- Up-to-date symlink: /home/aaa/robot/ros2_ws/install/smach_msgs/local/lib/python3.10/dist-packages/smach_msgs/smach_msgs_s__rosidl_typesupport_c.cpython-310-aarch64-linux-gnu.so
-- Up-to-date symlink: /home/aaa/robot/ros2_ws/install/smach_msgs/share/smach_msgs/msg/SmachContainerInitialStatusCmd.idl
-- Up-to-date symlink: /home/aaa/robot/ros2_ws/install/smach_msgs/share/smach_msgs/msg/SmachContainerStructure.idl
-- Up-to-date symlink: /home/aaa/robot/ros2_ws/install/smach_msgs/share/smach_msgs/msg/SmachContainerStatus.idl
-- Up-to-date symlink: /home/aaa/robot/ros2_ws/install/smach_msgs/share/smach_msgs/msg/SmachContainerInitialStatusCmd.msg
-- Up-to-date symlink: /home/aaa/robot/ros2_ws/install/smach_msgs/share/smach_msgs/msg/SmachContainerStructure.msg
-- Up-to-date symlink: /home/aaa/robot/ros2_ws/install/smach_msgs/share/smach_msgs/msg/SmachContainerStatus.msg
-- Up-to-date symlink: /home/aaa/robot/ros2_ws/install/smach_msgs/share/ament_index/resource_index/package_run_dependencies/smach_msgs
-- Up-to-date symlink: /home/aaa/robot/ros2_ws/install/smach_msgs/share/ament_index/resource_index/parent_prefix_path/smach_msgs
-- Up-to-date symlink: /home/aaa/robot/ros2_ws/install/smach_msgs/share/smach_msgs/environment/ament_prefix_path.sh
-- Up-to-date symlink: /home/aaa/robot/ros2_ws/install/smach_msgs/share/smach_msgs/environment/ament_prefix_path.dsv
-- Up-to-date symlink: /home/aaa/robot/ros2_ws/install/smach_msgs/share/smach_msgs/environment/path.sh
-- Up-to-date symlink: /home/aaa/robot/ros2_ws/install/smach_msgs/share/smach_msgs/environment/path.dsv
-- Up-to-date symlink: /home/aaa/robot/ros2_ws/install/smach_msgs/share/smach_msgs/local_setup.bash
-- Up-to-date symlink: /home/aaa/robot/ros2_ws/install/smach_msgs/share/smach_msgs/local_setup.sh
-- Up-to-date symlink: /home/aaa/robot/ros2_ws/install/smach_msgs/share/smach_msgs/local_setup.zsh
-- Up-to-date symlink: /home/aaa/robot/ros2_ws/install/smach_msgs/share/smach_msgs/local_setup.dsv
-- Symlinking: /home/aaa/robot/ros2_ws/install/smach_msgs/share/smach_msgs/package.dsv
-- Up-to-date symlink: /home/aaa/robot/ros2_ws/install/smach_msgs/share/ament_index/resource_index/packages/smach_msgs
-- Up-to-date symlink: /home/aaa/robot/ros2_ws/install/smach_msgs/share/smach_msgs/cmake/rosidl_cmake-extras.cmake
-- Up-to-date symlink: /home/aaa/robot/ros2_ws/install/smach_msgs/share/smach_msgs/cmake/ament_cmake_export_dependencies-extras.cmake
-- Up-to-date symlink: /home/aaa/robot/ros2_ws/install/smach_msgs/share/smach_msgs/cmake/ament_cmake_export_include_directories-extras.cmake
-- Up-to-date symlink: /home/aaa/robot/ros2_ws/install/smach_msgs/share/smach_msgs/cmake/ament_cmake_export_libraries-extras.cmake
-- Up-to-date symlink: /home/aaa/robot/ros2_ws/install/smach_msgs/share/smach_msgs/cmake/ament_cmake_export_targets-extras.cmake
-- Up-to-date symlink: /home/aaa/robot/ros2_ws/install/smach_msgs/share/smach_msgs/cmake/rosidl_cmake_export_typesupport_targets-extras.cmake
-- Up-to-date symlink: /home/aaa/robot/ros2_ws/install/smach_msgs/share/smach_msgs/cmake/rosidl_cmake_export_typesupport_libraries-extras.cmake
-- Up-to-date symlink: /home/aaa/robot/ros2_ws/install/smach_msgs/share/smach_msgs/cmake/smach_msgsConfig.cmake
-- Up-to-date symlink: /home/aaa/robot/ros2_ws/install/smach_msgs/share/smach_msgs/cmake/smach_msgsConfig-version.cmake
-- Up-to-date symlink: /home/aaa/robot/ros2_ws/install/smach_msgs/share/smach_msgs/package.xml
-- Up-to-date: /home/aaa/robot/ros2_ws/install/smach_msgs/lib/libsmach_msgs__rosidl_generator_c.so
-- Up-to-date: /home/aaa/robot/ros2_ws/install/smach_msgs/lib/libsmach_msgs__rosidl_typesupport_fastrtps_c.so
-- Up-to-date: /home/aaa/robot/ros2_ws/install/smach_msgs/lib/libsmach_msgs__rosidl_typesupport_fastrtps_cpp.so
-- Up-to-date: /home/aaa/robot/ros2_ws/install/smach_msgs/lib/libsmach_msgs__rosidl_typesupport_introspection_c.so
-- Up-to-date: /home/aaa/robot/ros2_ws/install/smach_msgs/lib/libsmach_msgs__rosidl_typesupport_c.so
-- Up-to-date: /home/aaa/robot/ros2_ws/install/smach_msgs/lib/libsmach_msgs__rosidl_typesupport_introspection_cpp.so
-- Up-to-date: /home/aaa/robot/ros2_ws/install/smach_msgs/lib/libsmach_msgs__rosidl_typesupport_cpp.so
Listing '/home/aaa/robot/ros2_ws/install/smach_msgs/local/lib/python3.10/dist-packages/smach_msgs'...
Listing '/home/aaa/robot/ros2_ws/install/smach_msgs/local/lib/python3.10/dist-packages/smach_msgs/msg'...
-- Up-to-date: /home/aaa/robot/ros2_ws/install/smach_msgs/lib/libsmach_msgs__rosidl_generator_py.so
-- Up-to-date: /home/aaa/robot/ros2_ws/install/smach_msgs/share/smach_msgs/cmake/export_smach_msgs__rosidl_generator_cExport.cmake
-- Up-to-date: /home/aaa/robot/ros2_ws/install/smach_msgs/share/smach_msgs/cmake/export_smach_msgs__rosidl_generator_cExport-noconfig.cmake
-- Up-to-date: /home/aaa/robot/ros2_ws/install/smach_msgs/share/smach_msgs/cmake/export_smach_msgs__rosidl_typesupport_fastrtps_cExport.cmake
-- Up-to-date: /home/aaa/robot/ros2_ws/install/smach_msgs/share/smach_msgs/cmake/export_smach_msgs__rosidl_typesupport_fastrtps_cExport-noconfig.cmake
-- Up-to-date: /home/aaa/robot/ros2_ws/install/smach_msgs/share/smach_msgs/cmake/export_smach_msgs__rosidl_generator_cppExport.cmake
-- Up-to-date: /home/aaa/robot/ros2_ws/install/smach_msgs/share/smach_msgs/cmake/export_smach_msgs__rosidl_typesupport_fastrtps_cppExport.cmake
-- Up-to-date: /home/aaa/robot/ros2_ws/install/smach_msgs/share/smach_msgs/cmake/export_smach_msgs__rosidl_typesupport_fastrtps_cppExport-noconfig.cmake
-- Up-to-date: /home/aaa/robot/ros2_ws/install/smach_msgs/share/smach_msgs/cmake/smach_msgs__rosidl_typesupport_introspection_cExport.cmake
-- Up-to-date: /home/aaa/robot/ros2_ws/install/smach_msgs/share/smach_msgs/cmake/smach_msgs__rosidl_typesupport_introspection_cExport-noconfig.cmake
-- Up-to-date: /home/aaa/robot/ros2_ws/install/smach_msgs/share/smach_msgs/cmake/smach_msgs__rosidl_typesupport_cExport.cmake
-- Up-to-date: /home/aaa/robot/ros2_ws/install/smach_msgs/share/smach_msgs/cmake/smach_msgs__rosidl_typesupport_cExport-noconfig.cmake
-- Up-to-date: /home/aaa/robot/ros2_ws/install/smach_msgs/share/smach_msgs/cmake/smach_msgs__rosidl_typesupport_introspection_cppExport.cmake
-- Up-to-date: /home/aaa/robot/ros2_ws/install/smach_msgs/share/smach_msgs/cmake/smach_msgs__rosidl_typesupport_introspection_cppExport-noconfig.cmake
-- Up-to-date: /home/aaa/robot/ros2_ws/install/smach_msgs/share/smach_msgs/cmake/smach_msgs__rosidl_typesupport_cppExport.cmake
-- Up-to-date: /home/aaa/robot/ros2_ws/install/smach_msgs/share/smach_msgs/cmake/smach_msgs__rosidl_typesupport_cppExport-noconfig.cmake
-- Up-to-date: /home/aaa/robot/ros2_ws/install/smach_msgs/share/smach_msgs/cmake/export_smach_msgs__rosidl_generator_pyExport.cmake
-- Up-to-date: /home/aaa/robot/ros2_ws/install/smach_msgs/share/smach_msgs/cmake/export_smach_msgs__rosidl_generator_pyExport-noconfig.cmake
