[3.321s] Invoking command in '/home/aaa/robot/ros2_ws/src/mj_bridge': PS1=(mj) \[\e]0;\u@\h: \w\a\]${debian_chroot:+($debian_chroot)}\[\033[01;32m\]\u@\h\[\033[00m\]:\[\033[01;34m\]\w\[\033[00m\]\$ PYTHONPATH=/home/aaa/robot/ros2_ws/src/build/mj_bridge/prefix_override:/usr/lib/python3/dist-packages/colcon_core/task/python/colcon_distutils_commands:/home/aaa/robot/ros2_ws/src/install/mj_bridge/lib/python3.10/site-packages:${PYTHONPATH} VIRTUAL_ENV_PROMPT=(mj) /usr/bin/python3 -W ignore:setup.py install is deprecated -W ignore:easy_install command is deprecated setup.py egg_info --egg-base ../build/mj_bridge build --build-base /home/aaa/robot/ros2_ws/src/build/mj_bridge/build install --record /home/aaa/robot/ros2_ws/src/build/mj_bridge/install.log --single-version-externally-managed install_data
[4.007s] running egg_info
[4.013s] writing ../build/mj_bridge/mj_bridge.egg-info/PKG-INFO
[4.013s] writing dependency_links to ../build/mj_bridge/mj_bridge.egg-info/dependency_links.txt
[4.014s] writing entry points to ../build/mj_bridge/mj_bridge.egg-info/entry_points.txt
[4.014s] writing requirements to ../build/mj_bridge/mj_bridge.egg-info/requires.txt
[4.014s] writing top-level names to ../build/mj_bridge/mj_bridge.egg-info/top_level.txt
[4.017s] reading manifest file '../build/mj_bridge/mj_bridge.egg-info/SOURCES.txt'
[4.025s] writing manifest file '../build/mj_bridge/mj_bridge.egg-info/SOURCES.txt'
[4.025s] running build
[4.025s] running build_py
[4.027s] running install
[4.027s] running install_lib
[4.032s] running install_data
[4.032s] running install_egg_info
[4.033s] removing '/home/aaa/robot/ros2_ws/src/install/mj_bridge/lib/python3.10/site-packages/mj_bridge-0.0.0-py3.10.egg-info' (and everything under it)
[4.034s] Copying ../build/mj_bridge/mj_bridge.egg-info to /home/aaa/robot/ros2_ws/src/install/mj_bridge/lib/python3.10/site-packages/mj_bridge-0.0.0-py3.10.egg-info
[4.034s] running install_scripts
[4.083s] Installing mj_bridge script to /home/aaa/robot/ros2_ws/src/install/mj_bridge/lib/mj_bridge
[4.084s] writing list of installed files to '/home/aaa/robot/ros2_ws/src/build/mj_bridge/install.log'
[4.157s] Invoked command in '/home/aaa/robot/ros2_ws/src/mj_bridge' returned '0': PS1=(mj) \[\e]0;\u@\h: \w\a\]${debian_chroot:+($debian_chroot)}\[\033[01;32m\]\u@\h\[\033[00m\]:\[\033[01;34m\]\w\[\033[00m\]\$ PYTHONPATH=/home/aaa/robot/ros2_ws/src/build/mj_bridge/prefix_override:/usr/lib/python3/dist-packages/colcon_core/task/python/colcon_distutils_commands:/home/aaa/robot/ros2_ws/src/install/mj_bridge/lib/python3.10/site-packages:${PYTHONPATH} VIRTUAL_ENV_PROMPT=(mj) /usr/bin/python3 -W ignore:setup.py install is deprecated -W ignore:easy_install command is deprecated setup.py egg_info --egg-base ../build/mj_bridge build --build-base /home/aaa/robot/ros2_ws/src/build/mj_bridge/build install --record /home/aaa/robot/ros2_ws/src/build/mj_bridge/install.log --single-version-externally-managed install_data
