[2.875s] Invoking command in '/home/aaa/robot/ros2_ws/build/smach_ros': AMENT_PREFIX_PATH=/home/aaa/robot/ros2_ws/install/smach:/home/aaa/robot/ros2_ws/install/executive_smach:/home/aaa/robot/ros2_ws/install/smach_ros:/home/aaa/robot/ros2_ws/install/smach_msgs:/home/aaa/robot/ros2_ws/install/smach_demo:/home/aaa/robot/ros2_ws/install/mj_bridge:/home/aaa/robot/ros2_ws/src/install/smach_demo:/home/aaa/robot/ros2_ws/src/install/mj_bridge:/opt/ros/humble CMAKE_PREFIX_PATH=/home/aaa/robot/ros2_ws/install/smach_msgs:/home/aaa/robot/ros2_ws/install/executive_smach PYTHONPATH=/home/aaa/robot/ros2_ws/build/smach_ros/prefix_override:/usr/lib/python3/dist-packages/colcon_core/task/python/colcon_distutils_commands:/home/aaa/robot/ros2_ws/install/smach_ros/lib/python3.10/site-packages:/home/aaa/robot/ros2_ws/install/smach/lib/python3.10/site-packages:/home/aaa/robot/ros2_ws/build/smach_ros:/home/aaa/robot/ros2_ws/install/smach_ros/lib/python3.10/site-packages:/home/aaa/robot/ros2_ws/install/smach_msgs/local/lib/python3.10/dist-packages:/home/aaa/robot/ros2_ws/build/smach_demo:/home/aaa/robot/ros2_ws/install/smach_demo/lib/python3.10/site-packages:/home/aaa/robot/ros2_ws/build/smach:/home/aaa/robot/ros2_ws/install/mj_bridge/lib/python3.10/site-packages:/home/aaa/robot/ros2_ws/src/install/smach_demo/lib/python3.10/site-packages:/home/aaa/robot/ros2_ws/src/install/mj_bridge/lib/python3.10/site-packages:/opt/ros/humble/lib/python3.10/site-packages:/opt/ros/humble/local/lib/python3.10/dist-packages /usr/bin/python3 -W ignore:setup.py install is deprecated -W ignore:easy_install command is deprecated setup.py develop --uninstall --editable --build-directory /home/aaa/robot/ros2_ws/build/smach_ros/build
[3.715s] /usr/lib/python3/dist-packages/setuptools/dist.py:723: UserWarning: Usage of dash-separated 'script-dir' will not be supported in future versions. Please use the underscore name 'script_dir' instead
[3.715s]   warnings.warn(
[3.798s] running develop
[4.138s] Removing /home/aaa/robot/ros2_ws/install/smach_ros/lib/python3.10/site-packages/smach-ros.egg-link (link to .)
[4.266s] Invoked command in '/home/aaa/robot/ros2_ws/build/smach_ros' returned '0': AMENT_PREFIX_PATH=/home/aaa/robot/ros2_ws/install/smach:/home/aaa/robot/ros2_ws/install/executive_smach:/home/aaa/robot/ros2_ws/install/smach_ros:/home/aaa/robot/ros2_ws/install/smach_msgs:/home/aaa/robot/ros2_ws/install/smach_demo:/home/aaa/robot/ros2_ws/install/mj_bridge:/home/aaa/robot/ros2_ws/src/install/smach_demo:/home/aaa/robot/ros2_ws/src/install/mj_bridge:/opt/ros/humble CMAKE_PREFIX_PATH=/home/aaa/robot/ros2_ws/install/smach_msgs:/home/aaa/robot/ros2_ws/install/executive_smach PYTHONPATH=/home/aaa/robot/ros2_ws/build/smach_ros/prefix_override:/usr/lib/python3/dist-packages/colcon_core/task/python/colcon_distutils_commands:/home/aaa/robot/ros2_ws/install/smach_ros/lib/python3.10/site-packages:/home/aaa/robot/ros2_ws/install/smach/lib/python3.10/site-packages:/home/aaa/robot/ros2_ws/build/smach_ros:/home/aaa/robot/ros2_ws/install/smach_ros/lib/python3.10/site-packages:/home/aaa/robot/ros2_ws/install/smach_msgs/local/lib/python3.10/dist-packages:/home/aaa/robot/ros2_ws/build/smach_demo:/home/aaa/robot/ros2_ws/install/smach_demo/lib/python3.10/site-packages:/home/aaa/robot/ros2_ws/build/smach:/home/aaa/robot/ros2_ws/install/mj_bridge/lib/python3.10/site-packages:/home/aaa/robot/ros2_ws/src/install/smach_demo/lib/python3.10/site-packages:/home/aaa/robot/ros2_ws/src/install/mj_bridge/lib/python3.10/site-packages:/opt/ros/humble/lib/python3.10/site-packages:/opt/ros/humble/local/lib/python3.10/dist-packages /usr/bin/python3 -W ignore:setup.py install is deprecated -W ignore:easy_install command is deprecated setup.py develop --uninstall --editable --build-directory /home/aaa/robot/ros2_ws/build/smach_ros/build
[4.281s] Invoking command in '/home/aaa/robot/ros2_ws/executive_smach/smach_ros': AMENT_PREFIX_PATH=/home/aaa/robot/ros2_ws/install/smach:/home/aaa/robot/ros2_ws/install/executive_smach:/home/aaa/robot/ros2_ws/install/smach_ros:/home/aaa/robot/ros2_ws/install/smach_msgs:/home/aaa/robot/ros2_ws/install/smach_demo:/home/aaa/robot/ros2_ws/install/mj_bridge:/home/aaa/robot/ros2_ws/src/install/smach_demo:/home/aaa/robot/ros2_ws/src/install/mj_bridge:/opt/ros/humble CMAKE_PREFIX_PATH=/home/aaa/robot/ros2_ws/install/smach_msgs:/home/aaa/robot/ros2_ws/install/executive_smach PYTHONPATH=/home/aaa/robot/ros2_ws/build/smach_ros/prefix_override:/usr/lib/python3/dist-packages/colcon_core/task/python/colcon_distutils_commands:/home/aaa/robot/ros2_ws/install/smach_ros/lib/python3.10/site-packages:/home/aaa/robot/ros2_ws/install/smach/lib/python3.10/site-packages:/home/aaa/robot/ros2_ws/build/smach_ros:/home/aaa/robot/ros2_ws/install/smach_ros/lib/python3.10/site-packages:/home/aaa/robot/ros2_ws/install/smach_msgs/local/lib/python3.10/dist-packages:/home/aaa/robot/ros2_ws/build/smach_demo:/home/aaa/robot/ros2_ws/install/smach_demo/lib/python3.10/site-packages:/home/aaa/robot/ros2_ws/build/smach:/home/aaa/robot/ros2_ws/install/mj_bridge/lib/python3.10/site-packages:/home/aaa/robot/ros2_ws/src/install/smach_demo/lib/python3.10/site-packages:/home/aaa/robot/ros2_ws/src/install/mj_bridge/lib/python3.10/site-packages:/opt/ros/humble/lib/python3.10/site-packages:/opt/ros/humble/local/lib/python3.10/dist-packages /usr/bin/python3 -W ignore:setup.py install is deprecated -W ignore:easy_install command is deprecated setup.py egg_info --egg-base ../../build/smach_ros build --build-base /home/aaa/robot/ros2_ws/build/smach_ros/build install --record /home/aaa/robot/ros2_ws/build/smach_ros/install.log --install-scripts $base/lib/smach_ros --single-version-externally-managed install_data --force
[5.007s] /usr/lib/python3/dist-packages/setuptools/dist.py:723: UserWarning: Usage of dash-separated 'script-dir' will not be supported in future versions. Please use the underscore name 'script_dir' instead
[5.007s]   warnings.warn(
[5.039s] running egg_info
[5.060s] writing ../../build/smach_ros/smach_ros.egg-info/PKG-INFO
[5.060s] /usr/lib/python3/dist-packages/setuptools/dist.py:157: UserWarning: newlines not allowed and will break in the future
[5.060s]   warnings.warn("newlines not allowed and will break in the future")
[5.060s] writing dependency_links to ../../build/smach_ros/smach_ros.egg-info/dependency_links.txt
[5.061s] writing requirements to ../../build/smach_ros/smach_ros.egg-info/requires.txt
[5.061s] writing top-level names to ../../build/smach_ros/smach_ros.egg-info/top_level.txt
[5.062s] reading manifest file '../../build/smach_ros/smach_ros.egg-info/SOURCES.txt'
[5.064s] writing manifest file '../../build/smach_ros/smach_ros.egg-info/SOURCES.txt'
[5.064s] running build
[5.064s] running build_py
[5.065s] running install
[5.065s] running install_lib
[5.072s] creating /home/aaa/robot/ros2_ws/install/smach_ros/lib/python3.10/site-packages/smach_ros
[5.072s] copying /home/aaa/robot/ros2_ws/build/smach_ros/build/lib/smach_ros/introspection.py -> /home/aaa/robot/ros2_ws/install/smach_ros/lib/python3.10/site-packages/smach_ros
[5.075s] copying /home/aaa/robot/ros2_ws/build/smach_ros/build/lib/smach_ros/monitor_state.py -> /home/aaa/robot/ros2_ws/install/smach_ros/lib/python3.10/site-packages/smach_ros
[5.076s] copying /home/aaa/robot/ros2_ws/build/smach_ros/build/lib/smach_ros/service_state.py -> /home/aaa/robot/ros2_ws/install/smach_ros/lib/python3.10/site-packages/smach_ros
[5.077s] copying /home/aaa/robot/ros2_ws/build/smach_ros/build/lib/smach_ros/simple_action_state.py -> /home/aaa/robot/ros2_ws/install/smach_ros/lib/python3.10/site-packages/smach_ros
[5.077s] copying /home/aaa/robot/ros2_ws/build/smach_ros/build/lib/smach_ros/__init__.py -> /home/aaa/robot/ros2_ws/install/smach_ros/lib/python3.10/site-packages/smach_ros
[5.077s] copying /home/aaa/robot/ros2_ws/build/smach_ros/build/lib/smach_ros/action_server_wrapper.py -> /home/aaa/robot/ros2_ws/install/smach_ros/lib/python3.10/site-packages/smach_ros
[5.078s] copying /home/aaa/robot/ros2_ws/build/smach_ros/build/lib/smach_ros/ros_state.py -> /home/aaa/robot/ros2_ws/install/smach_ros/lib/python3.10/site-packages/smach_ros
[5.078s] copying /home/aaa/robot/ros2_ws/build/smach_ros/build/lib/smach_ros/condition_state.py -> /home/aaa/robot/ros2_ws/install/smach_ros/lib/python3.10/site-packages/smach_ros
[5.078s] copying /home/aaa/robot/ros2_ws/build/smach_ros/build/lib/smach_ros/node.py -> /home/aaa/robot/ros2_ws/install/smach_ros/lib/python3.10/site-packages/smach_ros
[5.079s] copying /home/aaa/robot/ros2_ws/build/smach_ros/build/lib/smach_ros/util.py -> /home/aaa/robot/ros2_ws/install/smach_ros/lib/python3.10/site-packages/smach_ros
[5.080s] byte-compiling /home/aaa/robot/ros2_ws/install/smach_ros/lib/python3.10/site-packages/smach_ros/introspection.py to introspection.cpython-310.pyc
[5.087s] byte-compiling /home/aaa/robot/ros2_ws/install/smach_ros/lib/python3.10/site-packages/smach_ros/monitor_state.py to monitor_state.cpython-310.pyc
[5.088s] byte-compiling /home/aaa/robot/ros2_ws/install/smach_ros/lib/python3.10/site-packages/smach_ros/service_state.py to service_state.cpython-310.pyc
[5.096s] byte-compiling /home/aaa/robot/ros2_ws/install/smach_ros/lib/python3.10/site-packages/smach_ros/simple_action_state.py to simple_action_state.cpython-310.pyc
[5.102s] byte-compiling /home/aaa/robot/ros2_ws/install/smach_ros/lib/python3.10/site-packages/smach_ros/__init__.py to __init__.cpython-310.pyc
[5.103s] byte-compiling /home/aaa/robot/ros2_ws/install/smach_ros/lib/python3.10/site-packages/smach_ros/action_server_wrapper.py to action_server_wrapper.cpython-310.pyc
[5.108s] byte-compiling /home/aaa/robot/ros2_ws/install/smach_ros/lib/python3.10/site-packages/smach_ros/ros_state.py to ros_state.cpython-310.pyc
[5.109s] byte-compiling /home/aaa/robot/ros2_ws/install/smach_ros/lib/python3.10/site-packages/smach_ros/condition_state.py to condition_state.cpython-310.pyc
[5.109s] byte-compiling /home/aaa/robot/ros2_ws/install/smach_ros/lib/python3.10/site-packages/smach_ros/node.py to node.cpython-310.pyc
[5.110s] byte-compiling /home/aaa/robot/ros2_ws/install/smach_ros/lib/python3.10/site-packages/smach_ros/util.py to util.cpython-310.pyc
[5.112s] running install_data
[5.112s] copying resource/smach_ros -> /home/aaa/robot/ros2_ws/install/smach_ros/share/ament_index/resource_index/packages
[5.112s] copying package.xml -> /home/aaa/robot/ros2_ws/install/smach_ros/share/smach_ros
[5.113s] running install_egg_info
[5.114s] Copying ../../build/smach_ros/smach_ros.egg-info to /home/aaa/robot/ros2_ws/install/smach_ros/lib/python3.10/site-packages/smach_ros-3.0.3-py3.10.egg-info
[5.133s] running install_scripts
[5.182s] writing list of installed files to '/home/aaa/robot/ros2_ws/build/smach_ros/install.log'
[6.013s] Invoked command in '/home/aaa/robot/ros2_ws/executive_smach/smach_ros' returned '0': AMENT_PREFIX_PATH=/home/aaa/robot/ros2_ws/install/smach:/home/aaa/robot/ros2_ws/install/executive_smach:/home/aaa/robot/ros2_ws/install/smach_ros:/home/aaa/robot/ros2_ws/install/smach_msgs:/home/aaa/robot/ros2_ws/install/smach_demo:/home/aaa/robot/ros2_ws/install/mj_bridge:/home/aaa/robot/ros2_ws/src/install/smach_demo:/home/aaa/robot/ros2_ws/src/install/mj_bridge:/opt/ros/humble CMAKE_PREFIX_PATH=/home/aaa/robot/ros2_ws/install/smach_msgs:/home/aaa/robot/ros2_ws/install/executive_smach PYTHONPATH=/home/aaa/robot/ros2_ws/build/smach_ros/prefix_override:/usr/lib/python3/dist-packages/colcon_core/task/python/colcon_distutils_commands:/home/aaa/robot/ros2_ws/install/smach_ros/lib/python3.10/site-packages:/home/aaa/robot/ros2_ws/install/smach/lib/python3.10/site-packages:/home/aaa/robot/ros2_ws/build/smach_ros:/home/aaa/robot/ros2_ws/install/smach_ros/lib/python3.10/site-packages:/home/aaa/robot/ros2_ws/install/smach_msgs/local/lib/python3.10/dist-packages:/home/aaa/robot/ros2_ws/build/smach_demo:/home/aaa/robot/ros2_ws/install/smach_demo/lib/python3.10/site-packages:/home/aaa/robot/ros2_ws/build/smach:/home/aaa/robot/ros2_ws/install/mj_bridge/lib/python3.10/site-packages:/home/aaa/robot/ros2_ws/src/install/smach_demo/lib/python3.10/site-packages:/home/aaa/robot/ros2_ws/src/install/mj_bridge/lib/python3.10/site-packages:/opt/ros/humble/lib/python3.10/site-packages:/opt/ros/humble/local/lib/python3.10/dist-packages /usr/bin/python3 -W ignore:setup.py install is deprecated -W ignore:easy_install command is deprecated setup.py egg_info --egg-base ../../build/smach_ros build --build-base /home/aaa/robot/ros2_ws/build/smach_ros/build install --record /home/aaa/robot/ros2_ws/build/smach_ros/install.log --install-scripts $base/lib/smach_ros --single-version-externally-managed install_data --force
