[0.367s] Invoking command in '/home/aaa/robot/ros2_ws/src/mj_bridge': PS1=\[\e]0;\u@\h: \w\a\]${debian_chroot:+($debian_chroot)}\[\033[01;32m\]\u@\h\[\033[00m\]:\[\033[01;34m\]\w\[\033[00m\]\$ PYTHONPATH=/home/aaa/robot/ros2_ws/build/mj_bridge/prefix_override:/usr/lib/python3/dist-packages/colcon_core/task/python/colcon_distutils_commands:/home/aaa/robot/ros2_ws/install/mj_bridge/lib/python3.10/site-packages:${PYTHONPATH} /usr/bin/python3 -W ignore:setup.py install is deprecated -W ignore:easy_install command is deprecated setup.py egg_info --egg-base ../../build/mj_bridge build --build-base /home/aaa/robot/ros2_ws/build/mj_bridge/build install --record /home/aaa/robot/ros2_ws/build/mj_bridge/install.log --single-version-externally-managed install_data
[0.572s] running egg_info
[0.572s] writing ../../build/mj_bridge/mj_bridge.egg-info/PKG-INFO
[0.573s] writing dependency_links to ../../build/mj_bridge/mj_bridge.egg-info/dependency_links.txt
[0.573s] writing entry points to ../../build/mj_bridge/mj_bridge.egg-info/entry_points.txt
[0.574s] writing requirements to ../../build/mj_bridge/mj_bridge.egg-info/requires.txt
[0.574s] writing top-level names to ../../build/mj_bridge/mj_bridge.egg-info/top_level.txt
[0.576s] reading manifest file '../../build/mj_bridge/mj_bridge.egg-info/SOURCES.txt'
[0.577s] writing manifest file '../../build/mj_bridge/mj_bridge.egg-info/SOURCES.txt'
[0.578s] running build
[0.578s] running build_py
[0.579s] running install
[0.579s] running install_lib
[0.580s] running install_data
[0.580s] running install_egg_info
[0.582s] removing '/home/aaa/robot/ros2_ws/install/mj_bridge/lib/python3.10/site-packages/mj_bridge-0.0.0-py3.10.egg-info' (and everything under it)
[0.582s] Copying ../../build/mj_bridge/mj_bridge.egg-info to /home/aaa/robot/ros2_ws/install/mj_bridge/lib/python3.10/site-packages/mj_bridge-0.0.0-py3.10.egg-info
[0.583s] running install_scripts
[0.597s] Installing mj_bridge script to /home/aaa/robot/ros2_ws/install/mj_bridge/lib/mj_bridge
[0.598s] writing list of installed files to '/home/aaa/robot/ros2_ws/build/mj_bridge/install.log'
[0.615s] Invoked command in '/home/aaa/robot/ros2_ws/src/mj_bridge' returned '0': PS1=\[\e]0;\u@\h: \w\a\]${debian_chroot:+($debian_chroot)}\[\033[01;32m\]\u@\h\[\033[00m\]:\[\033[01;34m\]\w\[\033[00m\]\$ PYTHONPATH=/home/aaa/robot/ros2_ws/build/mj_bridge/prefix_override:/usr/lib/python3/dist-packages/colcon_core/task/python/colcon_distutils_commands:/home/aaa/robot/ros2_ws/install/mj_bridge/lib/python3.10/site-packages:${PYTHONPATH} /usr/bin/python3 -W ignore:setup.py install is deprecated -W ignore:easy_install command is deprecated setup.py egg_info --egg-base ../../build/mj_bridge build --build-base /home/aaa/robot/ros2_ws/build/mj_bridge/build install --record /home/aaa/robot/ros2_ws/build/mj_bridge/install.log --single-version-externally-managed install_data
