[0.376s] DEBUG:colcon:Command line arguments: ['/usr/bin/colcon', 'build']
[0.376s] DEBUG:colcon:Parsed command line arguments: Namespace(log_base=None, log_level=None, verb_name='build', build_base='build', install_base='install', merge_install=False, symlink_install=False, test_result_base=None, continue_on_error=False, executor='parallel', parallel_workers=2, event_handlers=None, ignore_user_meta=False, metas=['./colcon.meta'], base_paths=['.'], packages_ignore=None, packages_ignore_regex=None, paths=None, packages_up_to=None, packages_up_to_regex=None, packages_above=None, packages_above_and_dependencies=None, packages_above_depth=None, packages_select_by_dep=None, packages_skip_by_dep=None, packages_skip_up_to=None, packages_select_build_failed=False, packages_skip_build_finished=False, packages_select_test_failures=False, packages_skip_test_passed=False, packages_select=None, packages_skip=None, packages_select_regex=None, packages_skip_regex=None, packages_start=None, packages_end=None, allow_overriding=[], cmake_args=None, cmake_target=None, cmake_target_skip_unavailable=False, cmake_clean_cache=False, cmake_clean_first=False, cmake_force_configure=False, ament_cmake_args=None, catkin_cmake_args=None, catkin_skip_building_tests=False, verb_parser=<colcon_defaults.argument_parser.defaults.DefaultArgumentsDecorator object at 0xffffb3d047f0>, verb_extension=<colcon_core.verb.build.BuildVerb object at 0xffffb3d04220>, main=<bound method BuildVerb.main of <colcon_core.verb.build.BuildVerb object at 0xffffb3d04220>>)
[0.891s] Level 1:colcon.colcon_core.package_discovery:discover_packages(colcon_meta) check parameters
[0.891s] Level 1:colcon.colcon_core.package_discovery:discover_packages(recursive) check parameters
[0.891s] Level 1:colcon.colcon_core.package_discovery:discover_packages(ignore) check parameters
[0.891s] Level 1:colcon.colcon_core.package_discovery:discover_packages(path) check parameters
[0.891s] Level 1:colcon.colcon_core.package_discovery:discover_packages(colcon_meta) discover
[0.891s] Level 1:colcon.colcon_core.package_discovery:discover_packages(recursive) discover
[0.891s] INFO:colcon.colcon_core.package_discovery:Crawling recursively for packages in '/home/aaa/robot/ros2_ws/src'
[0.892s] Level 1:colcon.colcon_core.package_identification:_identify(.) by extensions ['ignore', 'ignore_ament_install']
[0.892s] Level 1:colcon.colcon_core.package_identification:_identify(.) by extension 'ignore'
[0.892s] Level 1:colcon.colcon_core.package_identification:_identify(.) by extension 'ignore_ament_install'
[0.892s] Level 1:colcon.colcon_core.package_identification:_identify(.) by extensions ['colcon_pkg']
[0.892s] Level 1:colcon.colcon_core.package_identification:_identify(.) by extension 'colcon_pkg'
[0.892s] Level 1:colcon.colcon_core.package_identification:_identify(.) by extensions ['colcon_meta']
[0.892s] Level 1:colcon.colcon_core.package_identification:_identify(.) by extension 'colcon_meta'
[0.892s] Level 1:colcon.colcon_core.package_identification:_identify(.) by extensions ['ros']
[0.892s] Level 1:colcon.colcon_core.package_identification:_identify(.) by extension 'ros'
[0.924s] Level 1:colcon.colcon_core.package_identification:_identify(.) by extensions ['cmake', 'python']
[0.924s] Level 1:colcon.colcon_core.package_identification:_identify(.) by extension 'cmake'
[0.924s] Level 1:colcon.colcon_core.package_identification:_identify(.) by extension 'python'
[0.924s] Level 1:colcon.colcon_core.package_identification:_identify(.) by extensions ['python_setup_py']
[0.924s] Level 1:colcon.colcon_core.package_identification:_identify(.) by extension 'python_setup_py'
[0.925s] Level 1:colcon.colcon_core.package_identification:_identify(build) by extensions ['ignore', 'ignore_ament_install']
[0.925s] Level 1:colcon.colcon_core.package_identification:_identify(build) by extension 'ignore'
[0.925s] Level 1:colcon.colcon_core.package_identification:_identify(build) ignored
[0.925s] Level 1:colcon.colcon_core.package_identification:_identify(install) by extensions ['ignore', 'ignore_ament_install']
[0.925s] Level 1:colcon.colcon_core.package_identification:_identify(install) by extension 'ignore'
[0.925s] Level 1:colcon.colcon_core.package_identification:_identify(install) ignored
[0.925s] Level 1:colcon.colcon_core.package_identification:_identify(log) by extensions ['ignore', 'ignore_ament_install']
[0.925s] Level 1:colcon.colcon_core.package_identification:_identify(log) by extension 'ignore'
[0.925s] Level 1:colcon.colcon_core.package_identification:_identify(log) ignored
[0.925s] Level 1:colcon.colcon_core.package_identification:_identify(mj_bridge) by extensions ['ignore', 'ignore_ament_install']
[0.925s] Level 1:colcon.colcon_core.package_identification:_identify(mj_bridge) by extension 'ignore'
[0.925s] Level 1:colcon.colcon_core.package_identification:_identify(mj_bridge) by extension 'ignore_ament_install'
[0.925s] Level 1:colcon.colcon_core.package_identification:_identify(mj_bridge) by extensions ['colcon_pkg']
[0.925s] Level 1:colcon.colcon_core.package_identification:_identify(mj_bridge) by extension 'colcon_pkg'
[0.925s] Level 1:colcon.colcon_core.package_identification:_identify(mj_bridge) by extensions ['colcon_meta']
[0.925s] Level 1:colcon.colcon_core.package_identification:_identify(mj_bridge) by extension 'colcon_meta'
[0.925s] Level 1:colcon.colcon_core.package_identification:_identify(mj_bridge) by extensions ['ros']
[0.925s] Level 1:colcon.colcon_core.package_identification:_identify(mj_bridge) by extension 'ros'
[0.927s] DEBUG:colcon.colcon_core.package_identification:Package 'mj_bridge' with type 'ros.ament_python' and name 'mj_bridge'
[0.927s] Level 1:colcon.colcon_core.package_identification:_identify(smach_demo) by extensions ['ignore', 'ignore_ament_install']
[0.927s] Level 1:colcon.colcon_core.package_identification:_identify(smach_demo) by extension 'ignore'
[0.927s] Level 1:colcon.colcon_core.package_identification:_identify(smach_demo) by extension 'ignore_ament_install'
[0.927s] Level 1:colcon.colcon_core.package_identification:_identify(smach_demo) by extensions ['colcon_pkg']
[0.927s] Level 1:colcon.colcon_core.package_identification:_identify(smach_demo) by extension 'colcon_pkg'
[0.927s] Level 1:colcon.colcon_core.package_identification:_identify(smach_demo) by extensions ['colcon_meta']
[0.927s] Level 1:colcon.colcon_core.package_identification:_identify(smach_demo) by extension 'colcon_meta'
[0.927s] Level 1:colcon.colcon_core.package_identification:_identify(smach_demo) by extensions ['ros']
[0.927s] Level 1:colcon.colcon_core.package_identification:_identify(smach_demo) by extension 'ros'
[0.928s] DEBUG:colcon.colcon_core.package_identification:Package 'smach_demo' with type 'ros.ament_python' and name 'smach_demo'
[0.928s] Level 1:colcon.colcon_core.package_discovery:discover_packages(recursive) using defaults
[0.928s] Level 1:colcon.colcon_core.package_discovery:discover_packages(ignore) discover
[0.928s] Level 1:colcon.colcon_core.package_discovery:discover_packages(ignore) using defaults
[0.928s] Level 1:colcon.colcon_core.package_discovery:discover_packages(path) discover
[0.928s] Level 1:colcon.colcon_core.package_discovery:discover_packages(path) using defaults
[1.032s] Level 1:colcon.colcon_core.package_discovery:discover_packages(prefix_path) check parameters
[1.032s] Level 1:colcon.colcon_core.package_discovery:discover_packages(prefix_path) discover
[1.041s] DEBUG:colcon.colcon_installed_package_information.package_discovery:Found 363 installed packages in /opt/ros/humble
[1.042s] Level 1:colcon.colcon_core.package_discovery:discover_packages(prefix_path) using defaults
[1.178s] Level 5:colcon.colcon_core.verb:set package 'mj_bridge' build argument 'cmake_args' from command line to 'None'
[1.178s] Level 5:colcon.colcon_core.verb:set package 'mj_bridge' build argument 'cmake_target' from command line to 'None'
[1.178s] Level 5:colcon.colcon_core.verb:set package 'mj_bridge' build argument 'cmake_target_skip_unavailable' from command line to 'False'
[1.178s] Level 5:colcon.colcon_core.verb:set package 'mj_bridge' build argument 'cmake_clean_cache' from command line to 'False'
[1.178s] Level 5:colcon.colcon_core.verb:set package 'mj_bridge' build argument 'cmake_clean_first' from command line to 'False'
[1.178s] Level 5:colcon.colcon_core.verb:set package 'mj_bridge' build argument 'cmake_force_configure' from command line to 'False'
[1.178s] Level 5:colcon.colcon_core.verb:set package 'mj_bridge' build argument 'ament_cmake_args' from command line to 'None'
[1.178s] Level 5:colcon.colcon_core.verb:set package 'mj_bridge' build argument 'catkin_cmake_args' from command line to 'None'
[1.178s] Level 5:colcon.colcon_core.verb:set package 'mj_bridge' build argument 'catkin_skip_building_tests' from command line to 'False'
[1.178s] DEBUG:colcon.colcon_core.verb:Building package 'mj_bridge' with the following arguments: {'ament_cmake_args': None, 'build_base': '/home/aaa/robot/ros2_ws/src/build/mj_bridge', 'catkin_cmake_args': None, 'catkin_skip_building_tests': False, 'cmake_args': None, 'cmake_clean_cache': False, 'cmake_clean_first': False, 'cmake_force_configure': False, 'cmake_target': None, 'cmake_target_skip_unavailable': False, 'install_base': '/home/aaa/robot/ros2_ws/src/install/mj_bridge', 'merge_install': False, 'path': '/home/aaa/robot/ros2_ws/src/mj_bridge', 'symlink_install': False, 'test_result_base': None}
[1.179s] Level 5:colcon.colcon_core.verb:set package 'smach_demo' build argument 'cmake_args' from command line to 'None'
[1.179s] Level 5:colcon.colcon_core.verb:set package 'smach_demo' build argument 'cmake_target' from command line to 'None'
[1.179s] Level 5:colcon.colcon_core.verb:set package 'smach_demo' build argument 'cmake_target_skip_unavailable' from command line to 'False'
[1.179s] Level 5:colcon.colcon_core.verb:set package 'smach_demo' build argument 'cmake_clean_cache' from command line to 'False'
[1.179s] Level 5:colcon.colcon_core.verb:set package 'smach_demo' build argument 'cmake_clean_first' from command line to 'False'
[1.179s] Level 5:colcon.colcon_core.verb:set package 'smach_demo' build argument 'cmake_force_configure' from command line to 'False'
[1.179s] Level 5:colcon.colcon_core.verb:set package 'smach_demo' build argument 'ament_cmake_args' from command line to 'None'
[1.179s] Level 5:colcon.colcon_core.verb:set package 'smach_demo' build argument 'catkin_cmake_args' from command line to 'None'
[1.179s] Level 5:colcon.colcon_core.verb:set package 'smach_demo' build argument 'catkin_skip_building_tests' from command line to 'False'
[1.179s] DEBUG:colcon.colcon_core.verb:Building package 'smach_demo' with the following arguments: {'ament_cmake_args': None, 'build_base': '/home/aaa/robot/ros2_ws/src/build/smach_demo', 'catkin_cmake_args': None, 'catkin_skip_building_tests': False, 'cmake_args': None, 'cmake_clean_cache': False, 'cmake_clean_first': False, 'cmake_force_configure': False, 'cmake_target': None, 'cmake_target_skip_unavailable': False, 'install_base': '/home/aaa/robot/ros2_ws/src/install/smach_demo', 'merge_install': False, 'path': '/home/aaa/robot/ros2_ws/src/smach_demo', 'symlink_install': False, 'test_result_base': None}
[1.179s] INFO:colcon.colcon_core.executor:Executing jobs using 'parallel' executor
[1.194s] DEBUG:colcon.colcon_parallel_executor.executor.parallel:run_until_complete
[1.195s] INFO:colcon.colcon_ros.task.ament_python.build:Building ROS package in '/home/aaa/robot/ros2_ws/src/mj_bridge' with build type 'ament_python'
[1.195s] Level 1:colcon.colcon_core.shell:create_environment_hook('mj_bridge', 'ament_prefix_path')
[1.196s] INFO:colcon.colcon_core.plugin_system:Skipping extension 'colcon_core.shell.bat': Not used on non-Windows systems
[1.196s] INFO:colcon.colcon_core.shell:Creating environment hook '/home/aaa/robot/ros2_ws/src/install/mj_bridge/share/mj_bridge/hook/ament_prefix_path.ps1'
[1.203s] INFO:colcon.colcon_core.shell:Creating environment descriptor '/home/aaa/robot/ros2_ws/src/install/mj_bridge/share/mj_bridge/hook/ament_prefix_path.dsv'
[1.221s] INFO:colcon.colcon_core.shell:Creating environment hook '/home/aaa/robot/ros2_ws/src/install/mj_bridge/share/mj_bridge/hook/ament_prefix_path.sh'
[1.223s] INFO:colcon.colcon_core.shell:Skip shell extension 'powershell' for command environment: Not usable outside of PowerShell
[1.223s] DEBUG:colcon.colcon_core.shell:Skip shell extension 'dsv' for command environment
[1.275s] INFO:colcon.colcon_ros.task.ament_python.build:Building ROS package in '/home/aaa/robot/ros2_ws/src/smach_demo' with build type 'ament_python'
[1.276s] Level 1:colcon.colcon_core.shell:create_environment_hook('smach_demo', 'ament_prefix_path')
[1.276s] INFO:colcon.colcon_core.shell:Creating environment hook '/home/aaa/robot/ros2_ws/src/install/smach_demo/share/smach_demo/hook/ament_prefix_path.ps1'
[1.276s] INFO:colcon.colcon_core.shell:Creating environment descriptor '/home/aaa/robot/ros2_ws/src/install/smach_demo/share/smach_demo/hook/ament_prefix_path.dsv'
[1.276s] INFO:colcon.colcon_core.shell:Creating environment hook '/home/aaa/robot/ros2_ws/src/install/smach_demo/share/smach_demo/hook/ament_prefix_path.sh'
[1.277s] INFO:colcon.colcon_core.shell:Skip shell extension 'powershell' for command environment: Not usable outside of PowerShell
[1.277s] DEBUG:colcon.colcon_core.shell:Skip shell extension 'dsv' for command environment
[2.085s] INFO:colcon.colcon_core.task.python.build:Building Python package in '/home/aaa/robot/ros2_ws/src/mj_bridge'
[2.085s] INFO:colcon.colcon_core.shell:Skip shell extension 'powershell' for command environment: Not usable outside of PowerShell
[2.085s] DEBUG:colcon.colcon_core.shell:Skip shell extension 'dsv' for command environment
[3.019s] INFO:colcon.colcon_core.task.python.build:Building Python package in '/home/aaa/robot/ros2_ws/src/smach_demo'
[3.019s] INFO:colcon.colcon_core.shell:Skip shell extension 'powershell' for command environment: Not usable outside of PowerShell
[3.019s] DEBUG:colcon.colcon_core.shell:Skip shell extension 'dsv' for command environment
[4.242s] DEBUG:colcon.colcon_core.event_handler.log_command:Invoking command in '/home/aaa/robot/ros2_ws/src/smach_demo': PS1=(mj) \[\e]0;\u@\h: \w\a\]${debian_chroot:+($debian_chroot)}\[\033[01;32m\]\u@\h\[\033[00m\]:\[\033[01;34m\]\w\[\033[00m\]\$ PYTHONPATH=/home/aaa/robot/ros2_ws/src/build/smach_demo/prefix_override:/usr/lib/python3/dist-packages/colcon_core/task/python/colcon_distutils_commands:/home/aaa/robot/ros2_ws/src/install/smach_demo/lib/python3.10/site-packages:${PYTHONPATH} VIRTUAL_ENV_PROMPT=(mj) /usr/bin/python3 -W ignore:setup.py install is deprecated -W ignore:easy_install command is deprecated setup.py egg_info --egg-base ../build/smach_demo build --build-base /home/aaa/robot/ros2_ws/src/build/smach_demo/build install --record /home/aaa/robot/ros2_ws/src/build/smach_demo/install.log --single-version-externally-managed install_data
[4.517s] DEBUG:colcon.colcon_core.event_handler.log_command:Invoking command in '/home/aaa/robot/ros2_ws/src/mj_bridge': PS1=(mj) \[\e]0;\u@\h: \w\a\]${debian_chroot:+($debian_chroot)}\[\033[01;32m\]\u@\h\[\033[00m\]:\[\033[01;34m\]\w\[\033[00m\]\$ PYTHONPATH=/home/aaa/robot/ros2_ws/src/build/mj_bridge/prefix_override:/usr/lib/python3/dist-packages/colcon_core/task/python/colcon_distutils_commands:/home/aaa/robot/ros2_ws/src/install/mj_bridge/lib/python3.10/site-packages:${PYTHONPATH} VIRTUAL_ENV_PROMPT=(mj) /usr/bin/python3 -W ignore:setup.py install is deprecated -W ignore:easy_install command is deprecated setup.py egg_info --egg-base ../build/mj_bridge build --build-base /home/aaa/robot/ros2_ws/src/build/mj_bridge/build install --record /home/aaa/robot/ros2_ws/src/build/mj_bridge/install.log --single-version-externally-managed install_data
[5.135s] DEBUG:colcon.colcon_core.event_handler.log_command:Invoked command in '/home/aaa/robot/ros2_ws/src/smach_demo' returned '0': PS1=(mj) \[\e]0;\u@\h: \w\a\]${debian_chroot:+($debian_chroot)}\[\033[01;32m\]\u@\h\[\033[00m\]:\[\033[01;34m\]\w\[\033[00m\]\$ PYTHONPATH=/home/aaa/robot/ros2_ws/src/build/smach_demo/prefix_override:/usr/lib/python3/dist-packages/colcon_core/task/python/colcon_distutils_commands:/home/aaa/robot/ros2_ws/src/install/smach_demo/lib/python3.10/site-packages:${PYTHONPATH} VIRTUAL_ENV_PROMPT=(mj) /usr/bin/python3 -W ignore:setup.py install is deprecated -W ignore:easy_install command is deprecated setup.py egg_info --egg-base ../build/smach_demo build --build-base /home/aaa/robot/ros2_ws/src/build/smach_demo/build install --record /home/aaa/robot/ros2_ws/src/build/smach_demo/install.log --single-version-externally-managed install_data
[5.137s] Level 1:colcon.colcon_core.environment:checking '/home/aaa/robot/ros2_ws/src/install/smach_demo' for CMake module files
[5.137s] Level 1:colcon.colcon_core.environment:checking '/home/aaa/robot/ros2_ws/src/install/smach_demo' for CMake config files
[5.138s] Level 1:colcon.colcon_core.environment:checking '/home/aaa/robot/ros2_ws/src/install/smach_demo/lib'
[5.138s] Level 1:colcon.colcon_core.environment:checking '/home/aaa/robot/ros2_ws/src/install/smach_demo/bin'
[5.138s] Level 1:colcon.colcon_core.environment:checking '/home/aaa/robot/ros2_ws/src/install/smach_demo/lib/pkgconfig/smach_demo.pc'
[5.138s] Level 1:colcon.colcon_core.environment:checking '/home/aaa/robot/ros2_ws/src/install/smach_demo/lib/python3.10/site-packages'
[5.138s] Level 1:colcon.colcon_core.shell:create_environment_hook('smach_demo', 'pythonpath')
[5.138s] INFO:colcon.colcon_core.shell:Creating environment hook '/home/aaa/robot/ros2_ws/src/install/smach_demo/share/smach_demo/hook/pythonpath.ps1'
[5.138s] INFO:colcon.colcon_core.shell:Creating environment descriptor '/home/aaa/robot/ros2_ws/src/install/smach_demo/share/smach_demo/hook/pythonpath.dsv'
[5.138s] INFO:colcon.colcon_core.shell:Creating environment hook '/home/aaa/robot/ros2_ws/src/install/smach_demo/share/smach_demo/hook/pythonpath.sh'
[5.139s] Level 1:colcon.colcon_core.environment:checking '/home/aaa/robot/ros2_ws/src/install/smach_demo/bin'
[5.139s] Level 1:colcon.colcon_core.environment:create_environment_scripts_only(smach_demo)
[5.139s] INFO:colcon.colcon_core.shell:Creating package script '/home/aaa/robot/ros2_ws/src/install/smach_demo/share/smach_demo/package.ps1'
[5.139s] INFO:colcon.colcon_core.shell:Creating package descriptor '/home/aaa/robot/ros2_ws/src/install/smach_demo/share/smach_demo/package.dsv'
[5.139s] INFO:colcon.colcon_core.shell:Creating package script '/home/aaa/robot/ros2_ws/src/install/smach_demo/share/smach_demo/package.sh'
[5.140s] INFO:colcon.colcon_core.shell:Creating package script '/home/aaa/robot/ros2_ws/src/install/smach_demo/share/smach_demo/package.bash'
[5.140s] INFO:colcon.colcon_core.shell:Creating package script '/home/aaa/robot/ros2_ws/src/install/smach_demo/share/smach_demo/package.zsh'
[5.140s] Level 1:colcon.colcon_core.environment:create_file_with_runtime_dependencies(/home/aaa/robot/ros2_ws/src/install/smach_demo/share/colcon-core/packages/smach_demo)
[5.352s] Level 1:colcon.colcon_core.environment:checking '/home/aaa/robot/ros2_ws/src/install/mj_bridge' for CMake module files
[5.352s] DEBUG:colcon.colcon_core.event_handler.log_command:Invoked command in '/home/aaa/robot/ros2_ws/src/mj_bridge' returned '0': PS1=(mj) \[\e]0;\u@\h: \w\a\]${debian_chroot:+($debian_chroot)}\[\033[01;32m\]\u@\h\[\033[00m\]:\[\033[01;34m\]\w\[\033[00m\]\$ PYTHONPATH=/home/aaa/robot/ros2_ws/src/build/mj_bridge/prefix_override:/usr/lib/python3/dist-packages/colcon_core/task/python/colcon_distutils_commands:/home/aaa/robot/ros2_ws/src/install/mj_bridge/lib/python3.10/site-packages:${PYTHONPATH} VIRTUAL_ENV_PROMPT=(mj) /usr/bin/python3 -W ignore:setup.py install is deprecated -W ignore:easy_install command is deprecated setup.py egg_info --egg-base ../build/mj_bridge build --build-base /home/aaa/robot/ros2_ws/src/build/mj_bridge/build install --record /home/aaa/robot/ros2_ws/src/build/mj_bridge/install.log --single-version-externally-managed install_data
[5.352s] Level 1:colcon.colcon_core.environment:checking '/home/aaa/robot/ros2_ws/src/install/mj_bridge' for CMake config files
[5.353s] Level 1:colcon.colcon_core.environment:checking '/home/aaa/robot/ros2_ws/src/install/mj_bridge/lib'
[5.353s] Level 1:colcon.colcon_core.environment:checking '/home/aaa/robot/ros2_ws/src/install/mj_bridge/bin'
[5.353s] Level 1:colcon.colcon_core.environment:checking '/home/aaa/robot/ros2_ws/src/install/mj_bridge/lib/pkgconfig/mj_bridge.pc'
[5.353s] Level 1:colcon.colcon_core.environment:checking '/home/aaa/robot/ros2_ws/src/install/mj_bridge/lib/python3.10/site-packages'
[5.353s] Level 1:colcon.colcon_core.shell:create_environment_hook('mj_bridge', 'pythonpath')
[5.353s] INFO:colcon.colcon_core.shell:Creating environment hook '/home/aaa/robot/ros2_ws/src/install/mj_bridge/share/mj_bridge/hook/pythonpath.ps1'
[5.353s] INFO:colcon.colcon_core.shell:Creating environment descriptor '/home/aaa/robot/ros2_ws/src/install/mj_bridge/share/mj_bridge/hook/pythonpath.dsv'
[5.353s] INFO:colcon.colcon_core.shell:Creating environment hook '/home/aaa/robot/ros2_ws/src/install/mj_bridge/share/mj_bridge/hook/pythonpath.sh'
[5.354s] Level 1:colcon.colcon_core.environment:checking '/home/aaa/robot/ros2_ws/src/install/mj_bridge/bin'
[5.354s] Level 1:colcon.colcon_core.environment:create_environment_scripts_only(mj_bridge)
[5.354s] INFO:colcon.colcon_core.shell:Creating package script '/home/aaa/robot/ros2_ws/src/install/mj_bridge/share/mj_bridge/package.ps1'
[5.354s] INFO:colcon.colcon_core.shell:Creating package descriptor '/home/aaa/robot/ros2_ws/src/install/mj_bridge/share/mj_bridge/package.dsv'
[5.354s] INFO:colcon.colcon_core.shell:Creating package script '/home/aaa/robot/ros2_ws/src/install/mj_bridge/share/mj_bridge/package.sh'
[5.355s] INFO:colcon.colcon_core.shell:Creating package script '/home/aaa/robot/ros2_ws/src/install/mj_bridge/share/mj_bridge/package.bash'
[5.355s] INFO:colcon.colcon_core.shell:Creating package script '/home/aaa/robot/ros2_ws/src/install/mj_bridge/share/mj_bridge/package.zsh'
[5.355s] Level 1:colcon.colcon_core.environment:create_file_with_runtime_dependencies(/home/aaa/robot/ros2_ws/src/install/mj_bridge/share/colcon-core/packages/mj_bridge)
[5.355s] DEBUG:colcon.colcon_parallel_executor.executor.parallel:closing loop
[5.355s] DEBUG:colcon.colcon_parallel_executor.executor.parallel:loop closed
[5.355s] DEBUG:colcon.colcon_parallel_executor.executor.parallel:run_until_complete finished with '0'
[5.355s] DEBUG:colcon.colcon_core.event_reactor:joining thread
[5.360s] INFO:colcon.colcon_core.plugin_system:Skipping extension 'colcon_notification.desktop_notification.terminal_notifier': Not used on non-Darwin systems
[5.360s] INFO:colcon.colcon_core.plugin_system:Skipping extension 'colcon_notification.desktop_notification.win32': Not used on non-Windows systems
[5.360s] INFO:colcon.colcon_notification.desktop_notification:Sending desktop notification using 'notify2'
[5.416s] DEBUG:colcon.colcon_core.event_reactor:joined thread
[5.416s] INFO:colcon.colcon_core.shell:Creating prefix script '/home/aaa/robot/ros2_ws/src/install/local_setup.ps1'
[5.417s] INFO:colcon.colcon_core.shell:Creating prefix util module '/home/aaa/robot/ros2_ws/src/install/_local_setup_util_ps1.py'
[5.417s] INFO:colcon.colcon_core.shell:Creating prefix chain script '/home/aaa/robot/ros2_ws/src/install/setup.ps1'
[5.418s] INFO:colcon.colcon_core.shell:Creating prefix script '/home/aaa/robot/ros2_ws/src/install/local_setup.sh'
[5.418s] INFO:colcon.colcon_core.shell:Creating prefix util module '/home/aaa/robot/ros2_ws/src/install/_local_setup_util_sh.py'
[5.419s] INFO:colcon.colcon_core.shell:Creating prefix chain script '/home/aaa/robot/ros2_ws/src/install/setup.sh'
[5.419s] INFO:colcon.colcon_core.shell:Creating prefix script '/home/aaa/robot/ros2_ws/src/install/local_setup.bash'
[5.419s] INFO:colcon.colcon_core.shell:Creating prefix chain script '/home/aaa/robot/ros2_ws/src/install/setup.bash'
[5.420s] INFO:colcon.colcon_core.shell:Creating prefix script '/home/aaa/robot/ros2_ws/src/install/local_setup.zsh'
[5.420s] INFO:colcon.colcon_core.shell:Creating prefix chain script '/home/aaa/robot/ros2_ws/src/install/setup.zsh'
