[1.596s] Invoking command in '/home/aaa/robot/ros2_ws/build/smach_demo': PS1=(mj) \[\e]0;\u@\h: \w\a\]${debian_chroot:+($debian_chroot)}\[\033[01;32m\]\u@\h\[\033[00m\]:\[\033[01;34m\]\w\[\033[00m\]\$ PYTHONPATH=/home/aaa/robot/ros2_ws/build/smach_demo/prefix_override:/usr/lib/python3/dist-packages/colcon_core/task/python/colcon_distutils_commands:/home/aaa/robot/ros2_ws/install/smach_demo/lib/python3.10/site-packages:${PYTHONPATH} VIRTUAL_ENV_PROMPT=(mj) /usr/bin/python3 -W ignore:setup.py install is deprecated -W ignore:easy_install command is deprecated setup.py develop --uninstall --editable --build-directory /home/aaa/robot/ros2_ws/build/smach_demo/build
[2.197s] running develop
[2.566s] Removing /home/aaa/robot/ros2_ws/install/smach_demo/lib/python3.10/site-packages/smach-demo.egg-link (link to .)
[2.656s] Invoked command in '/home/aaa/robot/ros2_ws/build/smach_demo' returned '0': PS1=(mj) \[\e]0;\u@\h: \w\a\]${debian_chroot:+($debian_chroot)}\[\033[01;32m\]\u@\h\[\033[00m\]:\[\033[01;34m\]\w\[\033[00m\]\$ PYTHONPATH=/home/aaa/robot/ros2_ws/build/smach_demo/prefix_override:/usr/lib/python3/dist-packages/colcon_core/task/python/colcon_distutils_commands:/home/aaa/robot/ros2_ws/install/smach_demo/lib/python3.10/site-packages:${PYTHONPATH} VIRTUAL_ENV_PROMPT=(mj) /usr/bin/python3 -W ignore:setup.py install is deprecated -W ignore:easy_install command is deprecated setup.py develop --uninstall --editable --build-directory /home/aaa/robot/ros2_ws/build/smach_demo/build
[2.656s] Invoking command in '/home/aaa/robot/ros2_ws/src/smach_demo': PS1=(mj) \[\e]0;\u@\h: \w\a\]${debian_chroot:+($debian_chroot)}\[\033[01;32m\]\u@\h\[\033[00m\]:\[\033[01;34m\]\w\[\033[00m\]\$ PYTHONPATH=/home/aaa/robot/ros2_ws/build/smach_demo/prefix_override:/usr/lib/python3/dist-packages/colcon_core/task/python/colcon_distutils_commands:/home/aaa/robot/ros2_ws/install/smach_demo/lib/python3.10/site-packages:${PYTHONPATH} VIRTUAL_ENV_PROMPT=(mj) /usr/bin/python3 -W ignore:setup.py install is deprecated -W ignore:easy_install command is deprecated setup.py egg_info --egg-base ../../build/smach_demo build --build-base /home/aaa/robot/ros2_ws/build/smach_demo/build install --record /home/aaa/robot/ros2_ws/build/smach_demo/install.log --single-version-externally-managed install_data --force
[3.399s] running egg_info
[3.400s] writing ../../build/smach_demo/smach_demo.egg-info/PKG-INFO
[3.409s] writing dependency_links to ../../build/smach_demo/smach_demo.egg-info/dependency_links.txt
[3.415s] writing entry points to ../../build/smach_demo/smach_demo.egg-info/entry_points.txt
[3.415s] writing requirements to ../../build/smach_demo/smach_demo.egg-info/requires.txt
[3.415s] writing top-level names to ../../build/smach_demo/smach_demo.egg-info/top_level.txt
[3.417s] reading manifest file '../../build/smach_demo/smach_demo.egg-info/SOURCES.txt'
[3.423s] writing manifest file '../../build/smach_demo/smach_demo.egg-info/SOURCES.txt'
[3.423s] running build
[3.423s] running build_py
[3.432s] copying smach_demo/demo.py -> /home/aaa/robot/ros2_ws/build/smach_demo/build/lib/smach_demo
[3.432s] running install
[3.433s] running install_lib
[3.434s] creating /home/aaa/robot/ros2_ws/install/smach_demo/lib/python3.10/site-packages/smach_demo
[3.438s] copying /home/aaa/robot/ros2_ws/build/smach_demo/build/lib/smach_demo/__init__.py -> /home/aaa/robot/ros2_ws/install/smach_demo/lib/python3.10/site-packages/smach_demo
[3.439s] copying /home/aaa/robot/ros2_ws/build/smach_demo/build/lib/smach_demo/demo.py -> /home/aaa/robot/ros2_ws/install/smach_demo/lib/python3.10/site-packages/smach_demo
[3.439s] byte-compiling /home/aaa/robot/ros2_ws/install/smach_demo/lib/python3.10/site-packages/smach_demo/__init__.py to __init__.cpython-310.pyc
[3.439s] byte-compiling /home/aaa/robot/ros2_ws/install/smach_demo/lib/python3.10/site-packages/smach_demo/demo.py to demo.cpython-310.pyc
[3.441s] Sorry: IndentationError: expected an indented block after function definition on line 6 (demo.py, line 8)
[3.441s] running install_data
[3.441s] copying resource/smach_demo -> /home/aaa/robot/ros2_ws/install/smach_demo/share/ament_index/resource_index/packages
[3.444s] copying package.xml -> /home/aaa/robot/ros2_ws/install/smach_demo/share/smach_demo
[3.444s] running install_egg_info
[3.446s] Copying ../../build/smach_demo/smach_demo.egg-info to /home/aaa/robot/ros2_ws/install/smach_demo/lib/python3.10/site-packages/smach_demo-0.0.0-py3.10.egg-info
[3.462s] running install_scripts
[3.472s] Installing demo script to /home/aaa/robot/ros2_ws/install/smach_demo/lib/smach_demo
[3.473s] writing list of installed files to '/home/aaa/robot/ros2_ws/build/smach_demo/install.log'
[3.570s] Invoked command in '/home/aaa/robot/ros2_ws/src/smach_demo' returned '0': PS1=(mj) \[\e]0;\u@\h: \w\a\]${debian_chroot:+($debian_chroot)}\[\033[01;32m\]\u@\h\[\033[00m\]:\[\033[01;34m\]\w\[\033[00m\]\$ PYTHONPATH=/home/aaa/robot/ros2_ws/build/smach_demo/prefix_override:/usr/lib/python3/dist-packages/colcon_core/task/python/colcon_distutils_commands:/home/aaa/robot/ros2_ws/install/smach_demo/lib/python3.10/site-packages:${PYTHONPATH} VIRTUAL_ENV_PROMPT=(mj) /usr/bin/python3 -W ignore:setup.py install is deprecated -W ignore:easy_install command is deprecated setup.py egg_info --egg-base ../../build/smach_demo build --build-base /home/aaa/robot/ros2_ws/build/smach_demo/build install --record /home/aaa/robot/ros2_ws/build/smach_demo/install.log --single-version-externally-managed install_data --force
