[1.861s] Invoking command in '/home/aaa/robot/ros2_ws/src/mj_bridge': PS1=(mj) \[\e]0;\u@\h: \w\a\]${debian_chroot:+($debian_chroot)}\[\033[01;32m\]\u@\h\[\033[00m\]:\[\033[01;34m\]\w\[\033[00m\]\$ PYTHONPATH=/home/aaa/robot/ros2_ws/build/mj_bridge/prefix_override:/usr/lib/python3/dist-packages/colcon_core/task/python/colcon_distutils_commands:/home/aaa/robot/ros2_ws/install/mj_bridge/lib/python3.10/site-packages:${PYTHONPATH} VIRTUAL_ENV_PROMPT=(mj) /usr/bin/python3 -W ignore:setup.py install is deprecated -W ignore:easy_install command is deprecated setup.py egg_info --egg-base ../../build/mj_bridge build --build-base /home/aaa/robot/ros2_ws/build/mj_bridge/build install --record /home/aaa/robot/ros2_ws/build/mj_bridge/install.log --single-version-externally-managed install_data
[2.587s] running egg_info
[2.603s] writing ../../build/mj_bridge/mj_bridge.egg-info/PKG-INFO
[2.609s] writing dependency_links to ../../build/mj_bridge/mj_bridge.egg-info/dependency_links.txt
[2.609s] writing entry points to ../../build/mj_bridge/mj_bridge.egg-info/entry_points.txt
[2.609s] writing requirements to ../../build/mj_bridge/mj_bridge.egg-info/requires.txt
[2.609s] writing top-level names to ../../build/mj_bridge/mj_bridge.egg-info/top_level.txt
[2.610s] reading manifest file '../../build/mj_bridge/mj_bridge.egg-info/SOURCES.txt'
[2.614s] writing manifest file '../../build/mj_bridge/mj_bridge.egg-info/SOURCES.txt'
[2.615s] running build
[2.615s] running build_py
[2.618s] copying mj_bridge/pick1.py -> /home/aaa/robot/ros2_ws/build/mj_bridge/build/lib/mj_bridge
[2.619s] copying mj_bridge/vlm_node2.py -> /home/aaa/robot/ros2_ws/build/mj_bridge/build/lib/mj_bridge
[2.619s] copying mj_bridge/yolo_sam.py -> /home/aaa/robot/ros2_ws/build/mj_bridge/build/lib/mj_bridge
[2.619s] copying mj_bridge/pick_and_place.py -> /home/aaa/robot/ros2_ws/build/mj_bridge/build/lib/mj_bridge
[2.619s] running install
[2.620s] running install_lib
[2.620s] copying /home/aaa/robot/ros2_ws/build/mj_bridge/build/lib/mj_bridge/pick1.py -> /home/aaa/robot/ros2_ws/install/mj_bridge/lib/python3.10/site-packages/mj_bridge
[2.620s] copying /home/aaa/robot/ros2_ws/build/mj_bridge/build/lib/mj_bridge/vlm_node2.py -> /home/aaa/robot/ros2_ws/install/mj_bridge/lib/python3.10/site-packages/mj_bridge
[2.621s] copying /home/aaa/robot/ros2_ws/build/mj_bridge/build/lib/mj_bridge/yolo_sam.py -> /home/aaa/robot/ros2_ws/install/mj_bridge/lib/python3.10/site-packages/mj_bridge
[2.621s] copying /home/aaa/robot/ros2_ws/build/mj_bridge/build/lib/mj_bridge/pick_and_place.py -> /home/aaa/robot/ros2_ws/install/mj_bridge/lib/python3.10/site-packages/mj_bridge
[2.622s] byte-compiling /home/aaa/robot/ros2_ws/install/mj_bridge/lib/python3.10/site-packages/mj_bridge/pick1.py to pick1.cpython-310.pyc
[2.624s] byte-compiling /home/aaa/robot/ros2_ws/install/mj_bridge/lib/python3.10/site-packages/mj_bridge/vlm_node2.py to vlm_node2.cpython-310.pyc
[2.625s] byte-compiling /home/aaa/robot/ros2_ws/install/mj_bridge/lib/python3.10/site-packages/mj_bridge/yolo_sam.py to yolo_sam.cpython-310.pyc
[2.631s] byte-compiling /home/aaa/robot/ros2_ws/install/mj_bridge/lib/python3.10/site-packages/mj_bridge/pick_and_place.py to pick_and_place.cpython-310.pyc
[2.640s] running install_data
[2.640s] running install_egg_info
[2.641s] removing '/home/aaa/robot/ros2_ws/install/mj_bridge/lib/python3.10/site-packages/mj_bridge-0.0.0-py3.10.egg-info' (and everything under it)
[2.642s] Copying ../../build/mj_bridge/mj_bridge.egg-info to /home/aaa/robot/ros2_ws/install/mj_bridge/lib/python3.10/site-packages/mj_bridge-0.0.0-py3.10.egg-info
[2.647s] running install_scripts
[2.673s] Installing mj_bridge script to /home/aaa/robot/ros2_ws/install/mj_bridge/lib/mj_bridge
[2.674s] Installing pick_and_place script to /home/aaa/robot/ros2_ws/install/mj_bridge/lib/mj_bridge
[2.676s] writing list of installed files to '/home/aaa/robot/ros2_ws/build/mj_bridge/install.log'
[2.749s] Invoked command in '/home/aaa/robot/ros2_ws/src/mj_bridge' returned '0': PS1=(mj) \[\e]0;\u@\h: \w\a\]${debian_chroot:+($debian_chroot)}\[\033[01;32m\]\u@\h\[\033[00m\]:\[\033[01;34m\]\w\[\033[00m\]\$ PYTHONPATH=/home/aaa/robot/ros2_ws/build/mj_bridge/prefix_override:/usr/lib/python3/dist-packages/colcon_core/task/python/colcon_distutils_commands:/home/aaa/robot/ros2_ws/install/mj_bridge/lib/python3.10/site-packages:${PYTHONPATH} VIRTUAL_ENV_PROMPT=(mj) /usr/bin/python3 -W ignore:setup.py install is deprecated -W ignore:easy_install command is deprecated setup.py egg_info --egg-base ../../build/mj_bridge build --build-base /home/aaa/robot/ros2_ws/build/mj_bridge/build install --record /home/aaa/robot/ros2_ws/build/mj_bridge/install.log --single-version-externally-managed install_data
