[3.475s] Invoking command in '/home/aaa/robot/ros2_ws/build/mj_bridge': PS1=(mj) \[\e]0;\u@\h: \w\a\]${debian_chroot:+($debian_chroot)}\[\033[01;32m\]\u@\h\[\033[00m\]:\[\033[01;34m\]\w\[\033[00m\]\$ PYTHONPATH=/home/aaa/robot/ros2_ws/build/mj_bridge/prefix_override:/usr/lib/python3/dist-packages/colcon_core/task/python/colcon_distutils_commands:/home/aaa/robot/ros2_ws/install/mj_bridge/lib/python3.10/site-packages:${PYTHONPATH} VIRTUAL_ENV_PROMPT=(mj) /usr/bin/python3 -W ignore:setup.py install is deprecated -W ignore:easy_install command is deprecated setup.py develop --editable --build-directory /home/aaa/robot/ros2_ws/build/mj_bridge/build --no-deps symlink_data --force
[4.467s] running develop
[5.262s] running egg_info
[5.262s] writing mj_bridge.egg-info/PKG-INFO
[5.263s] writing dependency_links to mj_bridge.egg-info/dependency_links.txt
[5.263s] writing entry points to mj_bridge.egg-info/entry_points.txt
[5.263s] writing requirements to mj_bridge.egg-info/requires.txt
[5.263s] writing top-level names to mj_bridge.egg-info/top_level.txt
[5.277s] reading manifest file 'mj_bridge.egg-info/SOURCES.txt'
[5.303s] writing manifest file 'mj_bridge.egg-info/SOURCES.txt'
[5.304s] running build_ext
[5.304s] Creating /home/aaa/robot/ros2_ws/install/mj_bridge/lib/python3.10/site-packages/mj-bridge.egg-link (link to .)
[5.305s] Installing mj_bridge script to /home/aaa/robot/ros2_ws/install/mj_bridge/lib/mj_bridge
[5.305s] Installing pick_and_place script to /home/aaa/robot/ros2_ws/install/mj_bridge/lib/mj_bridge
[5.305s] 
[5.305s] Installed /home/aaa/robot/ros2_ws/build/mj_bridge
[5.305s] running symlink_data
[5.306s] symbolically linking /home/aaa/robot/ros2_ws/build/mj_bridge/resource/mj_bridge -> /home/aaa/robot/ros2_ws/install/mj_bridge/share/ament_index/resource_index/packages
[5.306s] symbolically linking /home/aaa/robot/ros2_ws/build/mj_bridge/package.xml -> /home/aaa/robot/ros2_ws/install/mj_bridge/share/mj_bridge
[5.564s] Invoked command in '/home/aaa/robot/ros2_ws/build/mj_bridge' returned '0': PS1=(mj) \[\e]0;\u@\h: \w\a\]${debian_chroot:+($debian_chroot)}\[\033[01;32m\]\u@\h\[\033[00m\]:\[\033[01;34m\]\w\[\033[00m\]\$ PYTHONPATH=/home/aaa/robot/ros2_ws/build/mj_bridge/prefix_override:/usr/lib/python3/dist-packages/colcon_core/task/python/colcon_distutils_commands:/home/aaa/robot/ros2_ws/install/mj_bridge/lib/python3.10/site-packages:${PYTHONPATH} VIRTUAL_ENV_PROMPT=(mj) /usr/bin/python3 -W ignore:setup.py install is deprecated -W ignore:easy_install command is deprecated setup.py develop --editable --build-directory /home/aaa/robot/ros2_ws/build/mj_bridge/build --no-deps symlink_data --force
