[0.429s] DEBUG:colcon:Command line arguments: ['/usr/bin/colcon', 'build', '--symlink-install']
[0.429s] DEBUG:colcon:Parsed command line arguments: Namespace(log_base=None, log_level=None, verb_name='build', build_base='build', install_base='install', merge_install=False, symlink_install=True, test_result_base=None, continue_on_error=False, executor='parallel', parallel_workers=2, event_handlers=None, ignore_user_meta=False, metas=['./colcon.meta'], base_paths=['.'], packages_ignore=None, packages_ignore_regex=None, paths=None, packages_up_to=None, packages_up_to_regex=None, packages_above=None, packages_above_and_dependencies=None, packages_above_depth=None, packages_select_by_dep=None, packages_skip_by_dep=None, packages_skip_up_to=None, packages_select_build_failed=False, packages_skip_build_finished=False, packages_select_test_failures=False, packages_skip_test_passed=False, packages_select=None, packages_skip=None, packages_select_regex=None, packages_skip_regex=None, packages_start=None, packages_end=None, allow_overriding=[], cmake_args=None, cmake_target=None, cmake_target_skip_unavailable=False, cmake_clean_cache=False, cmake_clean_first=False, cmake_force_configure=False, ament_cmake_args=None, catkin_cmake_args=None, catkin_skip_building_tests=False, verb_parser=<colcon_defaults.argument_parser.defaults.DefaultArgumentsDecorator object at 0xffffa29fdff0>, verb_extension=<colcon_core.verb.build.BuildVerb object at 0xffffa29fda50>, main=<bound method BuildVerb.main of <colcon_core.verb.build.BuildVerb object at 0xffffa29fda50>>)
[1.004s] Level 1:colcon.colcon_core.package_discovery:discover_packages(colcon_meta) check parameters
[1.004s] Level 1:colcon.colcon_core.package_discovery:discover_packages(recursive) check parameters
[1.004s] Level 1:colcon.colcon_core.package_discovery:discover_packages(ignore) check parameters
[1.004s] Level 1:colcon.colcon_core.package_discovery:discover_packages(path) check parameters
[1.004s] Level 1:colcon.colcon_core.package_discovery:discover_packages(colcon_meta) discover
[1.004s] Level 1:colcon.colcon_core.package_discovery:discover_packages(recursive) discover
[1.004s] INFO:colcon.colcon_core.package_discovery:Crawling recursively for packages in '/home/aaa/robot/ros2_ws'
[1.004s] Level 1:colcon.colcon_core.package_identification:_identify(.) by extensions ['ignore', 'ignore_ament_install']
[1.004s] Level 1:colcon.colcon_core.package_identification:_identify(.) by extension 'ignore'
[1.004s] Level 1:colcon.colcon_core.package_identification:_identify(.) by extension 'ignore_ament_install'
[1.004s] Level 1:colcon.colcon_core.package_identification:_identify(.) by extensions ['colcon_pkg']
[1.004s] Level 1:colcon.colcon_core.package_identification:_identify(.) by extension 'colcon_pkg'
[1.004s] Level 1:colcon.colcon_core.package_identification:_identify(.) by extensions ['colcon_meta']
[1.004s] Level 1:colcon.colcon_core.package_identification:_identify(.) by extension 'colcon_meta'
[1.004s] Level 1:colcon.colcon_core.package_identification:_identify(.) by extensions ['ros']
[1.004s] Level 1:colcon.colcon_core.package_identification:_identify(.) by extension 'ros'
[1.027s] Level 1:colcon.colcon_core.package_identification:_identify(.) by extensions ['cmake', 'python']
[1.027s] Level 1:colcon.colcon_core.package_identification:_identify(.) by extension 'cmake'
[1.027s] Level 1:colcon.colcon_core.package_identification:_identify(.) by extension 'python'
[1.027s] Level 1:colcon.colcon_core.package_identification:_identify(.) by extensions ['python_setup_py']
[1.027s] Level 1:colcon.colcon_core.package_identification:_identify(.) by extension 'python_setup_py'
[1.034s] Level 1:colcon.colcon_core.package_identification:_identify(build) by extensions ['ignore', 'ignore_ament_install']
[1.034s] Level 1:colcon.colcon_core.package_identification:_identify(build) by extension 'ignore'
[1.034s] Level 1:colcon.colcon_core.package_identification:_identify(build) ignored
[1.034s] Level 1:colcon.colcon_core.package_identification:_identify(executive_smach) by extensions ['ignore', 'ignore_ament_install']
[1.034s] Level 1:colcon.colcon_core.package_identification:_identify(executive_smach) by extension 'ignore'
[1.034s] Level 1:colcon.colcon_core.package_identification:_identify(executive_smach) by extension 'ignore_ament_install'
[1.034s] Level 1:colcon.colcon_core.package_identification:_identify(executive_smach) by extensions ['colcon_pkg']
[1.034s] Level 1:colcon.colcon_core.package_identification:_identify(executive_smach) by extension 'colcon_pkg'
[1.034s] Level 1:colcon.colcon_core.package_identification:_identify(executive_smach) by extensions ['colcon_meta']
[1.034s] Level 1:colcon.colcon_core.package_identification:_identify(executive_smach) by extension 'colcon_meta'
[1.034s] Level 1:colcon.colcon_core.package_identification:_identify(executive_smach) by extensions ['ros']
[1.034s] Level 1:colcon.colcon_core.package_identification:_identify(executive_smach) by extension 'ros'
[1.034s] Level 1:colcon.colcon_core.package_identification:_identify(executive_smach) by extensions ['cmake', 'python']
[1.034s] Level 1:colcon.colcon_core.package_identification:_identify(executive_smach) by extension 'cmake'
[1.034s] Level 1:colcon.colcon_core.package_identification:_identify(executive_smach) by extension 'python'
[1.034s] Level 1:colcon.colcon_core.package_identification:_identify(executive_smach) by extensions ['python_setup_py']
[1.034s] Level 1:colcon.colcon_core.package_identification:_identify(executive_smach) by extension 'python_setup_py'
[1.035s] Level 1:colcon.colcon_core.package_identification:_identify(executive_smach/executive_smach) by extensions ['ignore', 'ignore_ament_install']
[1.035s] Level 1:colcon.colcon_core.package_identification:_identify(executive_smach/executive_smach) by extension 'ignore'
[1.035s] Level 1:colcon.colcon_core.package_identification:_identify(executive_smach/executive_smach) by extension 'ignore_ament_install'
[1.035s] Level 1:colcon.colcon_core.package_identification:_identify(executive_smach/executive_smach) by extensions ['colcon_pkg']
[1.035s] Level 1:colcon.colcon_core.package_identification:_identify(executive_smach/executive_smach) by extension 'colcon_pkg'
[1.035s] Level 1:colcon.colcon_core.package_identification:_identify(executive_smach/executive_smach) by extensions ['colcon_meta']
[1.035s] Level 1:colcon.colcon_core.package_identification:_identify(executive_smach/executive_smach) by extension 'colcon_meta'
[1.035s] Level 1:colcon.colcon_core.package_identification:_identify(executive_smach/executive_smach) by extensions ['ros']
[1.035s] Level 1:colcon.colcon_core.package_identification:_identify(executive_smach/executive_smach) by extension 'ros'
[1.045s] DEBUG:colcon.colcon_core.package_identification:Package 'executive_smach/executive_smach' with type 'ros.ament_cmake' and name 'executive_smach'
[1.048s] Level 1:colcon.colcon_core.package_identification:_identify(executive_smach/smach) by extensions ['ignore', 'ignore_ament_install']
[1.048s] Level 1:colcon.colcon_core.package_identification:_identify(executive_smach/smach) by extension 'ignore'
[1.049s] Level 1:colcon.colcon_core.package_identification:_identify(executive_smach/smach) by extension 'ignore_ament_install'
[1.049s] Level 1:colcon.colcon_core.package_identification:_identify(executive_smach/smach) by extensions ['colcon_pkg']
[1.049s] Level 1:colcon.colcon_core.package_identification:_identify(executive_smach/smach) by extension 'colcon_pkg'
[1.049s] Level 1:colcon.colcon_core.package_identification:_identify(executive_smach/smach) by extensions ['colcon_meta']
[1.049s] Level 1:colcon.colcon_core.package_identification:_identify(executive_smach/smach) by extension 'colcon_meta'
[1.049s] Level 1:colcon.colcon_core.package_identification:_identify(executive_smach/smach) by extensions ['ros']
[1.049s] Level 1:colcon.colcon_core.package_identification:_identify(executive_smach/smach) by extension 'ros'
[1.051s] DEBUG:colcon.colcon_core.package_identification:Package 'executive_smach/smach' with type 'ros.ament_python' and name 'smach'
[1.055s] Level 1:colcon.colcon_core.package_identification:_identify(executive_smach/smach_msgs) by extensions ['ignore', 'ignore_ament_install']
[1.055s] Level 1:colcon.colcon_core.package_identification:_identify(executive_smach/smach_msgs) by extension 'ignore'
[1.055s] Level 1:colcon.colcon_core.package_identification:_identify(executive_smach/smach_msgs) by extension 'ignore_ament_install'
[1.056s] Level 1:colcon.colcon_core.package_identification:_identify(executive_smach/smach_msgs) by extensions ['colcon_pkg']
[1.056s] Level 1:colcon.colcon_core.package_identification:_identify(executive_smach/smach_msgs) by extension 'colcon_pkg'
[1.057s] Level 1:colcon.colcon_core.package_identification:_identify(executive_smach/smach_msgs) by extensions ['colcon_meta']
[1.057s] Level 1:colcon.colcon_core.package_identification:_identify(executive_smach/smach_msgs) by extension 'colcon_meta'
[1.057s] Level 1:colcon.colcon_core.package_identification:_identify(executive_smach/smach_msgs) by extensions ['ros']
[1.057s] Level 1:colcon.colcon_core.package_identification:_identify(executive_smach/smach_msgs) by extension 'ros'
[1.057s] DEBUG:colcon.colcon_core.package_identification:Package 'executive_smach/smach_msgs' with type 'ros.ament_cmake' and name 'smach_msgs'
[1.057s] Level 1:colcon.colcon_core.package_identification:_identify(executive_smach/smach_ros) by extensions ['ignore', 'ignore_ament_install']
[1.058s] Level 1:colcon.colcon_core.package_identification:_identify(executive_smach/smach_ros) by extension 'ignore'
[1.058s] Level 1:colcon.colcon_core.package_identification:_identify(executive_smach/smach_ros) by extension 'ignore_ament_install'
[1.058s] Level 1:colcon.colcon_core.package_identification:_identify(executive_smach/smach_ros) by extensions ['colcon_pkg']
[1.058s] Level 1:colcon.colcon_core.package_identification:_identify(executive_smach/smach_ros) by extension 'colcon_pkg'
[1.058s] Level 1:colcon.colcon_core.package_identification:_identify(executive_smach/smach_ros) by extensions ['colcon_meta']
[1.058s] Level 1:colcon.colcon_core.package_identification:_identify(executive_smach/smach_ros) by extension 'colcon_meta'
[1.058s] Level 1:colcon.colcon_core.package_identification:_identify(executive_smach/smach_ros) by extensions ['ros']
[1.058s] Level 1:colcon.colcon_core.package_identification:_identify(executive_smach/smach_ros) by extension 'ros'
[1.058s] DEBUG:colcon.colcon_core.package_identification:Package 'executive_smach/smach_ros' with type 'ros.ament_python' and name 'smach_ros'
[1.058s] Level 1:colcon.colcon_core.package_identification:_identify(install) by extensions ['ignore', 'ignore_ament_install']
[1.059s] Level 1:colcon.colcon_core.package_identification:_identify(install) by extension 'ignore'
[1.059s] Level 1:colcon.colcon_core.package_identification:_identify(install) ignored
[1.059s] Level 1:colcon.colcon_core.package_identification:_identify(log) by extensions ['ignore', 'ignore_ament_install']
[1.059s] Level 1:colcon.colcon_core.package_identification:_identify(log) by extension 'ignore'
[1.059s] Level 1:colcon.colcon_core.package_identification:_identify(log) ignored
[1.059s] Level 1:colcon.colcon_core.package_identification:_identify(src) by extensions ['ignore', 'ignore_ament_install']
[1.059s] Level 1:colcon.colcon_core.package_identification:_identify(src) by extension 'ignore'
[1.059s] Level 1:colcon.colcon_core.package_identification:_identify(src) by extension 'ignore_ament_install'
[1.059s] Level 1:colcon.colcon_core.package_identification:_identify(src) by extensions ['colcon_pkg']
[1.059s] Level 1:colcon.colcon_core.package_identification:_identify(src) by extension 'colcon_pkg'
[1.059s] Level 1:colcon.colcon_core.package_identification:_identify(src) by extensions ['colcon_meta']
[1.059s] Level 1:colcon.colcon_core.package_identification:_identify(src) by extension 'colcon_meta'
[1.059s] Level 1:colcon.colcon_core.package_identification:_identify(src) by extensions ['ros']
[1.059s] Level 1:colcon.colcon_core.package_identification:_identify(src) by extension 'ros'
[1.059s] Level 1:colcon.colcon_core.package_identification:_identify(src) by extensions ['cmake', 'python']
[1.059s] Level 1:colcon.colcon_core.package_identification:_identify(src) by extension 'cmake'
[1.059s] Level 1:colcon.colcon_core.package_identification:_identify(src) by extension 'python'
[1.059s] Level 1:colcon.colcon_core.package_identification:_identify(src) by extensions ['python_setup_py']
[1.059s] Level 1:colcon.colcon_core.package_identification:_identify(src) by extension 'python_setup_py'
[1.059s] Level 1:colcon.colcon_core.package_identification:_identify(src/build) by extensions ['ignore', 'ignore_ament_install']
[1.059s] Level 1:colcon.colcon_core.package_identification:_identify(src/build) by extension 'ignore'
[1.059s] Level 1:colcon.colcon_core.package_identification:_identify(src/build) ignored
[1.059s] Level 1:colcon.colcon_core.package_identification:_identify(src/install) by extensions ['ignore', 'ignore_ament_install']
[1.059s] Level 1:colcon.colcon_core.package_identification:_identify(src/install) by extension 'ignore'
[1.059s] Level 1:colcon.colcon_core.package_identification:_identify(src/install) ignored
[1.059s] Level 1:colcon.colcon_core.package_identification:_identify(src/log) by extensions ['ignore', 'ignore_ament_install']
[1.059s] Level 1:colcon.colcon_core.package_identification:_identify(src/log) by extension 'ignore'
[1.059s] Level 1:colcon.colcon_core.package_identification:_identify(src/log) ignored
[1.061s] Level 1:colcon.colcon_core.package_identification:_identify(src/mj_bridge) by extensions ['ignore', 'ignore_ament_install']
[1.061s] Level 1:colcon.colcon_core.package_identification:_identify(src/mj_bridge) by extension 'ignore'
[1.061s] Level 1:colcon.colcon_core.package_identification:_identify(src/mj_bridge) by extension 'ignore_ament_install'
[1.061s] Level 1:colcon.colcon_core.package_identification:_identify(src/mj_bridge) by extensions ['colcon_pkg']
[1.061s] Level 1:colcon.colcon_core.package_identification:_identify(src/mj_bridge) by extension 'colcon_pkg'
[1.061s] Level 1:colcon.colcon_core.package_identification:_identify(src/mj_bridge) by extensions ['colcon_meta']
[1.061s] Level 1:colcon.colcon_core.package_identification:_identify(src/mj_bridge) by extension 'colcon_meta'
[1.061s] Level 1:colcon.colcon_core.package_identification:_identify(src/mj_bridge) by extensions ['ros']
[1.061s] Level 1:colcon.colcon_core.package_identification:_identify(src/mj_bridge) by extension 'ros'
[1.062s] DEBUG:colcon.colcon_core.package_identification:Package 'src/mj_bridge' with type 'ros.ament_python' and name 'mj_bridge'
[1.062s] Level 1:colcon.colcon_core.package_identification:_identify(src/smach_demo) by extensions ['ignore', 'ignore_ament_install']
[1.062s] Level 1:colcon.colcon_core.package_identification:_identify(src/smach_demo) by extension 'ignore'
[1.062s] Level 1:colcon.colcon_core.package_identification:_identify(src/smach_demo) by extension 'ignore_ament_install'
[1.062s] Level 1:colcon.colcon_core.package_identification:_identify(src/smach_demo) by extensions ['colcon_pkg']
[1.062s] Level 1:colcon.colcon_core.package_identification:_identify(src/smach_demo) by extension 'colcon_pkg'
[1.062s] Level 1:colcon.colcon_core.package_identification:_identify(src/smach_demo) by extensions ['colcon_meta']
[1.062s] Level 1:colcon.colcon_core.package_identification:_identify(src/smach_demo) by extension 'colcon_meta'
[1.062s] Level 1:colcon.colcon_core.package_identification:_identify(src/smach_demo) by extensions ['ros']
[1.062s] Level 1:colcon.colcon_core.package_identification:_identify(src/smach_demo) by extension 'ros'
[1.065s] DEBUG:colcon.colcon_core.package_identification:Package 'src/smach_demo' with type 'ros.ament_python' and name 'smach_demo'
[1.065s] Level 1:colcon.colcon_core.package_discovery:discover_packages(recursive) using defaults
[1.065s] Level 1:colcon.colcon_core.package_discovery:discover_packages(ignore) discover
[1.065s] Level 1:colcon.colcon_core.package_discovery:discover_packages(ignore) using defaults
[1.065s] Level 1:colcon.colcon_core.package_discovery:discover_packages(path) discover
[1.065s] Level 1:colcon.colcon_core.package_discovery:discover_packages(path) using defaults
[1.142s] Level 1:colcon.colcon_core.package_discovery:discover_packages(prefix_path) check parameters
[1.142s] Level 1:colcon.colcon_core.package_discovery:discover_packages(prefix_path) discover
[1.146s] DEBUG:colcon.colcon_installed_package_information.package_discovery:Found 6 installed packages in /home/aaa/robot/ros2_ws/install
[1.146s] DEBUG:colcon.colcon_installed_package_information.package_discovery:Found 2 installed packages in /home/aaa/robot/ros2_ws/src/install
[1.148s] DEBUG:colcon.colcon_installed_package_information.package_discovery:Found 363 installed packages in /opt/ros/humble
[1.148s] Level 1:colcon.colcon_core.package_discovery:discover_packages(prefix_path) using defaults
[1.278s] Level 5:colcon.colcon_core.verb:set package 'mj_bridge' build argument 'cmake_args' from command line to 'None'
[1.278s] Level 5:colcon.colcon_core.verb:set package 'mj_bridge' build argument 'cmake_target' from command line to 'None'
[1.278s] Level 5:colcon.colcon_core.verb:set package 'mj_bridge' build argument 'cmake_target_skip_unavailable' from command line to 'False'
[1.278s] Level 5:colcon.colcon_core.verb:set package 'mj_bridge' build argument 'cmake_clean_cache' from command line to 'False'
[1.278s] Level 5:colcon.colcon_core.verb:set package 'mj_bridge' build argument 'cmake_clean_first' from command line to 'False'
[1.278s] Level 5:colcon.colcon_core.verb:set package 'mj_bridge' build argument 'cmake_force_configure' from command line to 'False'
[1.278s] Level 5:colcon.colcon_core.verb:set package 'mj_bridge' build argument 'ament_cmake_args' from command line to 'None'
[1.278s] Level 5:colcon.colcon_core.verb:set package 'mj_bridge' build argument 'catkin_cmake_args' from command line to 'None'
[1.278s] Level 5:colcon.colcon_core.verb:set package 'mj_bridge' build argument 'catkin_skip_building_tests' from command line to 'False'
[1.278s] DEBUG:colcon.colcon_core.verb:Building package 'mj_bridge' with the following arguments: {'ament_cmake_args': None, 'build_base': '/home/aaa/robot/ros2_ws/build/mj_bridge', 'catkin_cmake_args': None, 'catkin_skip_building_tests': False, 'cmake_args': None, 'cmake_clean_cache': False, 'cmake_clean_first': False, 'cmake_force_configure': False, 'cmake_target': None, 'cmake_target_skip_unavailable': False, 'install_base': '/home/aaa/robot/ros2_ws/install/mj_bridge', 'merge_install': False, 'path': '/home/aaa/robot/ros2_ws/src/mj_bridge', 'symlink_install': True, 'test_result_base': None}
[1.278s] Level 5:colcon.colcon_core.verb:set package 'smach' build argument 'cmake_args' from command line to 'None'
[1.278s] Level 5:colcon.colcon_core.verb:set package 'smach' build argument 'cmake_target' from command line to 'None'
[1.278s] Level 5:colcon.colcon_core.verb:set package 'smach' build argument 'cmake_target_skip_unavailable' from command line to 'False'
[1.278s] Level 5:colcon.colcon_core.verb:set package 'smach' build argument 'cmake_clean_cache' from command line to 'False'
[1.278s] Level 5:colcon.colcon_core.verb:set package 'smach' build argument 'cmake_clean_first' from command line to 'False'
[1.278s] Level 5:colcon.colcon_core.verb:set package 'smach' build argument 'cmake_force_configure' from command line to 'False'
[1.278s] Level 5:colcon.colcon_core.verb:set package 'smach' build argument 'ament_cmake_args' from command line to 'None'
[1.278s] Level 5:colcon.colcon_core.verb:set package 'smach' build argument 'catkin_cmake_args' from command line to 'None'
[1.278s] Level 5:colcon.colcon_core.verb:set package 'smach' build argument 'catkin_skip_building_tests' from command line to 'False'
[1.278s] DEBUG:colcon.colcon_core.verb:Building package 'smach' with the following arguments: {'ament_cmake_args': None, 'build_base': '/home/aaa/robot/ros2_ws/build/smach', 'catkin_cmake_args': None, 'catkin_skip_building_tests': False, 'cmake_args': None, 'cmake_clean_cache': False, 'cmake_clean_first': False, 'cmake_force_configure': False, 'cmake_target': None, 'cmake_target_skip_unavailable': False, 'install_base': '/home/aaa/robot/ros2_ws/install/smach', 'merge_install': False, 'path': '/home/aaa/robot/ros2_ws/executive_smach/smach', 'symlink_install': True, 'test_result_base': None}
[1.278s] Level 5:colcon.colcon_core.verb:set package 'smach_demo' build argument 'cmake_args' from command line to 'None'
[1.278s] Level 5:colcon.colcon_core.verb:set package 'smach_demo' build argument 'cmake_target' from command line to 'None'
[1.278s] Level 5:colcon.colcon_core.verb:set package 'smach_demo' build argument 'cmake_target_skip_unavailable' from command line to 'False'
[1.278s] Level 5:colcon.colcon_core.verb:set package 'smach_demo' build argument 'cmake_clean_cache' from command line to 'False'
[1.278s] Level 5:colcon.colcon_core.verb:set package 'smach_demo' build argument 'cmake_clean_first' from command line to 'False'
[1.278s] Level 5:colcon.colcon_core.verb:set package 'smach_demo' build argument 'cmake_force_configure' from command line to 'False'
[1.278s] Level 5:colcon.colcon_core.verb:set package 'smach_demo' build argument 'ament_cmake_args' from command line to 'None'
[1.278s] Level 5:colcon.colcon_core.verb:set package 'smach_demo' build argument 'catkin_cmake_args' from command line to 'None'
[1.278s] Level 5:colcon.colcon_core.verb:set package 'smach_demo' build argument 'catkin_skip_building_tests' from command line to 'False'
[1.278s] DEBUG:colcon.colcon_core.verb:Building package 'smach_demo' with the following arguments: {'ament_cmake_args': None, 'build_base': '/home/aaa/robot/ros2_ws/build/smach_demo', 'catkin_cmake_args': None, 'catkin_skip_building_tests': False, 'cmake_args': None, 'cmake_clean_cache': False, 'cmake_clean_first': False, 'cmake_force_configure': False, 'cmake_target': None, 'cmake_target_skip_unavailable': False, 'install_base': '/home/aaa/robot/ros2_ws/install/smach_demo', 'merge_install': False, 'path': '/home/aaa/robot/ros2_ws/src/smach_demo', 'symlink_install': True, 'test_result_base': None}
[1.278s] Level 5:colcon.colcon_core.verb:set package 'smach_msgs' build argument 'cmake_args' from command line to 'None'
[1.278s] Level 5:colcon.colcon_core.verb:set package 'smach_msgs' build argument 'cmake_target' from command line to 'None'
[1.278s] Level 5:colcon.colcon_core.verb:set package 'smach_msgs' build argument 'cmake_target_skip_unavailable' from command line to 'False'
[1.278s] Level 5:colcon.colcon_core.verb:set package 'smach_msgs' build argument 'cmake_clean_cache' from command line to 'False'
[1.278s] Level 5:colcon.colcon_core.verb:set package 'smach_msgs' build argument 'cmake_clean_first' from command line to 'False'
[1.278s] Level 5:colcon.colcon_core.verb:set package 'smach_msgs' build argument 'cmake_force_configure' from command line to 'False'
[1.279s] Level 5:colcon.colcon_core.verb:set package 'smach_msgs' build argument 'ament_cmake_args' from command line to 'None'
[1.279s] Level 5:colcon.colcon_core.verb:set package 'smach_msgs' build argument 'catkin_cmake_args' from command line to 'None'
[1.279s] Level 5:colcon.colcon_core.verb:set package 'smach_msgs' build argument 'catkin_skip_building_tests' from command line to 'False'
[1.279s] DEBUG:colcon.colcon_core.verb:Building package 'smach_msgs' with the following arguments: {'ament_cmake_args': None, 'build_base': '/home/aaa/robot/ros2_ws/build/smach_msgs', 'catkin_cmake_args': None, 'catkin_skip_building_tests': False, 'cmake_args': None, 'cmake_clean_cache': False, 'cmake_clean_first': False, 'cmake_force_configure': False, 'cmake_target': None, 'cmake_target_skip_unavailable': False, 'install_base': '/home/aaa/robot/ros2_ws/install/smach_msgs', 'merge_install': False, 'path': '/home/aaa/robot/ros2_ws/executive_smach/smach_msgs', 'symlink_install': True, 'test_result_base': None}
[1.279s] Level 5:colcon.colcon_core.verb:set package 'smach_ros' build argument 'cmake_args' from command line to 'None'
[1.279s] Level 5:colcon.colcon_core.verb:set package 'smach_ros' build argument 'cmake_target' from command line to 'None'
[1.279s] Level 5:colcon.colcon_core.verb:set package 'smach_ros' build argument 'cmake_target_skip_unavailable' from command line to 'False'
[1.279s] Level 5:colcon.colcon_core.verb:set package 'smach_ros' build argument 'cmake_clean_cache' from command line to 'False'
[1.279s] Level 5:colcon.colcon_core.verb:set package 'smach_ros' build argument 'cmake_clean_first' from command line to 'False'
[1.279s] Level 5:colcon.colcon_core.verb:set package 'smach_ros' build argument 'cmake_force_configure' from command line to 'False'
[1.279s] Level 5:colcon.colcon_core.verb:set package 'smach_ros' build argument 'ament_cmake_args' from command line to 'None'
[1.279s] Level 5:colcon.colcon_core.verb:set package 'smach_ros' build argument 'catkin_cmake_args' from command line to 'None'
[1.279s] Level 5:colcon.colcon_core.verb:set package 'smach_ros' build argument 'catkin_skip_building_tests' from command line to 'False'
[1.279s] DEBUG:colcon.colcon_core.verb:Building package 'smach_ros' with the following arguments: {'ament_cmake_args': None, 'build_base': '/home/aaa/robot/ros2_ws/build/smach_ros', 'catkin_cmake_args': None, 'catkin_skip_building_tests': False, 'cmake_args': None, 'cmake_clean_cache': False, 'cmake_clean_first': False, 'cmake_force_configure': False, 'cmake_target': None, 'cmake_target_skip_unavailable': False, 'install_base': '/home/aaa/robot/ros2_ws/install/smach_ros', 'merge_install': False, 'path': '/home/aaa/robot/ros2_ws/executive_smach/smach_ros', 'symlink_install': True, 'test_result_base': None}
[1.279s] Level 5:colcon.colcon_core.verb:set package 'executive_smach' build argument 'cmake_args' from command line to 'None'
[1.279s] Level 5:colcon.colcon_core.verb:set package 'executive_smach' build argument 'cmake_target' from command line to 'None'
[1.279s] Level 5:colcon.colcon_core.verb:set package 'executive_smach' build argument 'cmake_target_skip_unavailable' from command line to 'False'
[1.279s] Level 5:colcon.colcon_core.verb:set package 'executive_smach' build argument 'cmake_clean_cache' from command line to 'False'
[1.279s] Level 5:colcon.colcon_core.verb:set package 'executive_smach' build argument 'cmake_clean_first' from command line to 'False'
[1.279s] Level 5:colcon.colcon_core.verb:set package 'executive_smach' build argument 'cmake_force_configure' from command line to 'False'
[1.279s] Level 5:colcon.colcon_core.verb:set package 'executive_smach' build argument 'ament_cmake_args' from command line to 'None'
[1.279s] Level 5:colcon.colcon_core.verb:set package 'executive_smach' build argument 'catkin_cmake_args' from command line to 'None'
[1.279s] Level 5:colcon.colcon_core.verb:set package 'executive_smach' build argument 'catkin_skip_building_tests' from command line to 'False'
[1.279s] DEBUG:colcon.colcon_core.verb:Building package 'executive_smach' with the following arguments: {'ament_cmake_args': None, 'build_base': '/home/aaa/robot/ros2_ws/build/executive_smach', 'catkin_cmake_args': None, 'catkin_skip_building_tests': False, 'cmake_args': None, 'cmake_clean_cache': False, 'cmake_clean_first': False, 'cmake_force_configure': False, 'cmake_target': None, 'cmake_target_skip_unavailable': False, 'install_base': '/home/aaa/robot/ros2_ws/install/executive_smach', 'merge_install': False, 'path': '/home/aaa/robot/ros2_ws/executive_smach/executive_smach', 'symlink_install': True, 'test_result_base': None}
[1.279s] INFO:colcon.colcon_core.executor:Executing jobs using 'parallel' executor
[1.279s] DEBUG:colcon.colcon_parallel_executor.executor.parallel:run_until_complete
[1.280s] INFO:colcon.colcon_ros.task.ament_python.build:Building ROS package in '/home/aaa/robot/ros2_ws/executive_smach/smach' with build type 'ament_python'
[1.280s] Level 1:colcon.colcon_core.shell:create_environment_hook('smach', 'ament_prefix_path')
[1.282s] INFO:colcon.colcon_core.plugin_system:Skipping extension 'colcon_core.shell.bat': Not used on non-Windows systems
[1.282s] INFO:colcon.colcon_core.shell:Creating environment hook '/home/aaa/robot/ros2_ws/install/smach/share/smach/hook/ament_prefix_path.ps1'
[1.284s] INFO:colcon.colcon_core.shell:Creating environment descriptor '/home/aaa/robot/ros2_ws/install/smach/share/smach/hook/ament_prefix_path.dsv'
[1.284s] INFO:colcon.colcon_core.shell:Creating environment hook '/home/aaa/robot/ros2_ws/install/smach/share/smach/hook/ament_prefix_path.sh'
[1.296s] INFO:colcon.colcon_core.shell:Skip shell extension 'powershell' for command environment: Not usable outside of PowerShell
[1.296s] DEBUG:colcon.colcon_core.shell:Skip shell extension 'dsv' for command environment
[1.333s] INFO:colcon.colcon_ros.task.ament_cmake.build:Building ROS package in '/home/aaa/robot/ros2_ws/executive_smach/smach_msgs' with build type 'ament_cmake'
[1.333s] INFO:colcon.colcon_cmake.task.cmake.build:Building CMake package in '/home/aaa/robot/ros2_ws/executive_smach/smach_msgs'
[1.333s] INFO:colcon.colcon_core.shell:Skip shell extension 'powershell' for command environment: Not usable outside of PowerShell
[1.333s] DEBUG:colcon.colcon_core.shell:Skip shell extension 'dsv' for command environment
[2.018s] INFO:colcon.colcon_core.task.python.build:Building Python package in '/home/aaa/robot/ros2_ws/executive_smach/smach'
[2.018s] INFO:colcon.colcon_core.shell:Skip shell extension 'powershell' for command environment: Not usable outside of PowerShell
[2.018s] DEBUG:colcon.colcon_core.shell:Skip shell extension 'dsv' for command environment
[2.042s] DEBUG:colcon.colcon_core.event_handler.log_command:Invoking command in '/home/aaa/robot/ros2_ws/build/smach_msgs': CMAKE_PREFIX_PATH=${CMAKE_PREFIX_PATH}:/home/aaa/robot/ros2_ws/install/smach_ros:/home/aaa/robot/ros2_ws/install/smach_demo:/home/aaa/robot/ros2_ws/install/smach:/home/aaa/robot/ros2_ws/install/mj_bridge:/home/aaa/robot/ros2_ws/src/install/smach_demo:/home/aaa/robot/ros2_ws/src/install/mj_bridge:/opt/ros/humble PS1=(mj) \[\e]0;\u@\h: \w\a\]${debian_chroot:+($debian_chroot)}\[\033[01;32m\]\u@\h\[\033[00m\]:\[\033[01;34m\]\w\[\033[00m\]\$ VIRTUAL_ENV_PROMPT=(mj) /usr/bin/cmake /home/aaa/robot/ros2_ws/executive_smach/smach_msgs -DAMENT_CMAKE_SYMLINK_INSTALL=1 -DCMAKE_INSTALL_PREFIX=/home/aaa/robot/ros2_ws/install/smach_msgs
[3.250s] DEBUG:colcon.colcon_core.task.python.build:While undoing a previous installation files outside the Python library path are being ignored: /home/aaa/robot/ros2_ws/install/smach/share/ament_index/resource_index/packages/smach
[3.250s] DEBUG:colcon.colcon_core.task.python.build:While undoing a previous installation files outside the Python library path are being ignored: /home/aaa/robot/ros2_ws/install/smach/share/smach/package.xml
[3.256s] DEBUG:colcon.colcon_core.event_handler.log_command:Invoking command in '/home/aaa/robot/ros2_ws/build/smach': PS1=(mj) \[\e]0;\u@\h: \w\a\]${debian_chroot:+($debian_chroot)}\[\033[01;32m\]\u@\h\[\033[00m\]:\[\033[01;34m\]\w\[\033[00m\]\$ PYTHONPATH=/home/aaa/robot/ros2_ws/build/smach/prefix_override:/usr/lib/python3/dist-packages/colcon_core/task/python/colcon_distutils_commands:/home/aaa/robot/ros2_ws/install/smach/lib/python3.10/site-packages:${PYTHONPATH} VIRTUAL_ENV_PROMPT=(mj) /usr/bin/python3 -W ignore:setup.py install is deprecated -W ignore:easy_install command is deprecated setup.py develop --editable --build-directory /home/aaa/robot/ros2_ws/build/smach/build --no-deps symlink_data --force
[4.086s] Level 1:colcon.colcon_core.shell:create_environment_hook('smach', 'pythonpath_develop')
[4.086s] INFO:colcon.colcon_core.shell:Creating environment hook '/home/aaa/robot/ros2_ws/build/smach/share/smach/hook/pythonpath_develop.ps1'
[4.087s] DEBUG:colcon.colcon_core.event_handler.log_command:Invoked command in '/home/aaa/robot/ros2_ws/build/smach' returned '0': PS1=(mj) \[\e]0;\u@\h: \w\a\]${debian_chroot:+($debian_chroot)}\[\033[01;32m\]\u@\h\[\033[00m\]:\[\033[01;34m\]\w\[\033[00m\]\$ PYTHONPATH=/home/aaa/robot/ros2_ws/build/smach/prefix_override:/usr/lib/python3/dist-packages/colcon_core/task/python/colcon_distutils_commands:/home/aaa/robot/ros2_ws/install/smach/lib/python3.10/site-packages:${PYTHONPATH} VIRTUAL_ENV_PROMPT=(mj) /usr/bin/python3 -W ignore:setup.py install is deprecated -W ignore:easy_install command is deprecated setup.py develop --editable --build-directory /home/aaa/robot/ros2_ws/build/smach/build --no-deps symlink_data --force
[4.087s] INFO:colcon.colcon_core.shell:Creating environment descriptor '/home/aaa/robot/ros2_ws/build/smach/share/smach/hook/pythonpath_develop.dsv'
[4.087s] INFO:colcon.colcon_core.shell:Creating environment hook '/home/aaa/robot/ros2_ws/build/smach/share/smach/hook/pythonpath_develop.sh'
[4.090s] Level 1:colcon.colcon_core.environment:checking '/home/aaa/robot/ros2_ws/install/smach' for CMake module files
[4.090s] Level 1:colcon.colcon_core.environment:checking '/home/aaa/robot/ros2_ws/install/smach' for CMake config files
[4.090s] Level 1:colcon.colcon_core.environment:checking '/home/aaa/robot/ros2_ws/install/smach/lib'
[4.090s] Level 1:colcon.colcon_core.environment:checking '/home/aaa/robot/ros2_ws/install/smach/bin'
[4.091s] Level 1:colcon.colcon_core.environment:checking '/home/aaa/robot/ros2_ws/install/smach/lib/pkgconfig/smach.pc'
[4.091s] Level 1:colcon.colcon_core.environment:checking '/home/aaa/robot/ros2_ws/install/smach/lib/python3.10/site-packages'
[4.091s] Level 1:colcon.colcon_core.shell:create_environment_hook('smach', 'pythonpath')
[4.091s] INFO:colcon.colcon_core.shell:Creating environment hook '/home/aaa/robot/ros2_ws/install/smach/share/smach/hook/pythonpath.ps1'
[4.091s] INFO:colcon.colcon_core.shell:Creating environment descriptor '/home/aaa/robot/ros2_ws/install/smach/share/smach/hook/pythonpath.dsv'
[4.091s] INFO:colcon.colcon_core.shell:Creating environment hook '/home/aaa/robot/ros2_ws/install/smach/share/smach/hook/pythonpath.sh'
[4.091s] Level 1:colcon.colcon_core.environment:checking '/home/aaa/robot/ros2_ws/install/smach/bin'
[4.091s] Level 1:colcon.colcon_core.environment:create_environment_scripts_only(smach)
[4.091s] INFO:colcon.colcon_core.shell:Creating package script '/home/aaa/robot/ros2_ws/install/smach/share/smach/package.ps1'
[4.092s] INFO:colcon.colcon_core.shell:Creating package descriptor '/home/aaa/robot/ros2_ws/install/smach/share/smach/package.dsv'
[4.096s] INFO:colcon.colcon_core.shell:Creating package script '/home/aaa/robot/ros2_ws/install/smach/share/smach/package.sh'
[4.096s] INFO:colcon.colcon_core.shell:Creating package script '/home/aaa/robot/ros2_ws/install/smach/share/smach/package.bash'
[4.098s] INFO:colcon.colcon_core.shell:Creating package script '/home/aaa/robot/ros2_ws/install/smach/share/smach/package.zsh'
[4.100s] Level 1:colcon.colcon_core.environment:create_file_with_runtime_dependencies(/home/aaa/robot/ros2_ws/install/smach/share/colcon-core/packages/smach)
[4.100s] INFO:colcon.colcon_ros.task.ament_python.build:Building ROS package in '/home/aaa/robot/ros2_ws/src/mj_bridge' with build type 'ament_python'
[4.100s] Level 1:colcon.colcon_core.shell:create_environment_hook('mj_bridge', 'ament_prefix_path')
[4.101s] INFO:colcon.colcon_core.shell:Creating environment hook '/home/aaa/robot/ros2_ws/install/mj_bridge/share/mj_bridge/hook/ament_prefix_path.ps1'
[4.101s] INFO:colcon.colcon_core.shell:Creating environment descriptor '/home/aaa/robot/ros2_ws/install/mj_bridge/share/mj_bridge/hook/ament_prefix_path.dsv'
[4.101s] INFO:colcon.colcon_core.shell:Creating environment hook '/home/aaa/robot/ros2_ws/install/mj_bridge/share/mj_bridge/hook/ament_prefix_path.sh'
[4.101s] INFO:colcon.colcon_core.shell:Skip shell extension 'powershell' for command environment: Not usable outside of PowerShell
[4.101s] DEBUG:colcon.colcon_core.shell:Skip shell extension 'dsv' for command environment
[4.721s] INFO:colcon.colcon_core.task.python.build:Building Python package in '/home/aaa/robot/ros2_ws/src/mj_bridge'
[4.721s] INFO:colcon.colcon_core.shell:Skip shell extension 'powershell' for command environment: Not usable outside of PowerShell
[4.721s] DEBUG:colcon.colcon_core.shell:Skip shell extension 'dsv' for command environment
[5.167s] DEBUG:colcon.colcon_core.event_handler.log_command:Invoked command in '/home/aaa/robot/ros2_ws/build/smach_msgs' returned '0': CMAKE_PREFIX_PATH=${CMAKE_PREFIX_PATH}:/home/aaa/robot/ros2_ws/install/smach_ros:/home/aaa/robot/ros2_ws/install/smach_demo:/home/aaa/robot/ros2_ws/install/smach:/home/aaa/robot/ros2_ws/install/mj_bridge:/home/aaa/robot/ros2_ws/src/install/smach_demo:/home/aaa/robot/ros2_ws/src/install/mj_bridge:/opt/ros/humble PS1=(mj) \[\e]0;\u@\h: \w\a\]${debian_chroot:+($debian_chroot)}\[\033[01;32m\]\u@\h\[\033[00m\]:\[\033[01;34m\]\w\[\033[00m\]\$ VIRTUAL_ENV_PROMPT=(mj) /usr/bin/cmake /home/aaa/robot/ros2_ws/executive_smach/smach_msgs -DAMENT_CMAKE_SYMLINK_INSTALL=1 -DCMAKE_INSTALL_PREFIX=/home/aaa/robot/ros2_ws/install/smach_msgs
[5.167s] DEBUG:colcon.colcon_core.event_handler.log_command:Invoking command in '/home/aaa/robot/ros2_ws/build/smach_msgs': CMAKE_PREFIX_PATH=${CMAKE_PREFIX_PATH}:/home/aaa/robot/ros2_ws/install/smach_ros:/home/aaa/robot/ros2_ws/install/smach_demo:/home/aaa/robot/ros2_ws/install/smach:/home/aaa/robot/ros2_ws/install/mj_bridge:/home/aaa/robot/ros2_ws/src/install/smach_demo:/home/aaa/robot/ros2_ws/src/install/mj_bridge:/opt/ros/humble PS1=(mj) \[\e]0;\u@\h: \w\a\]${debian_chroot:+($debian_chroot)}\[\033[01;32m\]\u@\h\[\033[00m\]:\[\033[01;34m\]\w\[\033[00m\]\$ VIRTUAL_ENV_PROMPT=(mj) /usr/bin/cmake --build /home/aaa/robot/ros2_ws/build/smach_msgs -- -j2 -l2
[5.472s] DEBUG:colcon.colcon_core.task.python.build:While undoing a previous installation files outside the Python library path are being ignored: /home/aaa/robot/ros2_ws/install/mj_bridge/share/ament_index/resource_index/packages/mj_bridge
[5.473s] DEBUG:colcon.colcon_core.task.python.build:While undoing a previous installation files outside the Python library path are being ignored: /home/aaa/robot/ros2_ws/install/mj_bridge/share/mj_bridge/package.xml
[5.473s] DEBUG:colcon.colcon_core.task.python.build:While undoing a previous installation files outside the Python library path are being ignored: /home/aaa/robot/ros2_ws/install/mj_bridge/lib/mj_bridge/mj_bridge
[5.473s] DEBUG:colcon.colcon_core.task.python.build:While undoing a previous installation files outside the Python library path are being ignored: /home/aaa/robot/ros2_ws/install/mj_bridge/lib/mj_bridge/pick_and_place
[5.489s] DEBUG:colcon.colcon_core.event_handler.log_command:Invoking command in '/home/aaa/robot/ros2_ws/build/mj_bridge': PS1=(mj) \[\e]0;\u@\h: \w\a\]${debian_chroot:+($debian_chroot)}\[\033[01;32m\]\u@\h\[\033[00m\]:\[\033[01;34m\]\w\[\033[00m\]\$ PYTHONPATH=/home/aaa/robot/ros2_ws/build/mj_bridge/prefix_override:/usr/lib/python3/dist-packages/colcon_core/task/python/colcon_distutils_commands:/home/aaa/robot/ros2_ws/install/mj_bridge/lib/python3.10/site-packages:${PYTHONPATH} VIRTUAL_ENV_PROMPT=(mj) /usr/bin/python3 -W ignore:setup.py install is deprecated -W ignore:easy_install command is deprecated setup.py develop --editable --build-directory /home/aaa/robot/ros2_ws/build/mj_bridge/build --no-deps symlink_data --force
[6.577s] Level 1:colcon.colcon_core.shell:create_environment_hook('mj_bridge', 'pythonpath_develop')
[6.577s] INFO:colcon.colcon_core.shell:Creating environment hook '/home/aaa/robot/ros2_ws/build/mj_bridge/share/mj_bridge/hook/pythonpath_develop.ps1'
[6.578s] DEBUG:colcon.colcon_core.event_handler.log_command:Invoked command in '/home/aaa/robot/ros2_ws/build/mj_bridge' returned '0': PS1=(mj) \[\e]0;\u@\h: \w\a\]${debian_chroot:+($debian_chroot)}\[\033[01;32m\]\u@\h\[\033[00m\]:\[\033[01;34m\]\w\[\033[00m\]\$ PYTHONPATH=/home/aaa/robot/ros2_ws/build/mj_bridge/prefix_override:/usr/lib/python3/dist-packages/colcon_core/task/python/colcon_distutils_commands:/home/aaa/robot/ros2_ws/install/mj_bridge/lib/python3.10/site-packages:${PYTHONPATH} VIRTUAL_ENV_PROMPT=(mj) /usr/bin/python3 -W ignore:setup.py install is deprecated -W ignore:easy_install command is deprecated setup.py develop --editable --build-directory /home/aaa/robot/ros2_ws/build/mj_bridge/build --no-deps symlink_data --force
[6.578s] INFO:colcon.colcon_core.shell:Creating environment descriptor '/home/aaa/robot/ros2_ws/build/mj_bridge/share/mj_bridge/hook/pythonpath_develop.dsv'
[6.578s] INFO:colcon.colcon_core.shell:Creating environment hook '/home/aaa/robot/ros2_ws/build/mj_bridge/share/mj_bridge/hook/pythonpath_develop.sh'
[6.578s] Level 1:colcon.colcon_core.environment:checking '/home/aaa/robot/ros2_ws/install/mj_bridge' for CMake module files
[6.578s] Level 1:colcon.colcon_core.environment:checking '/home/aaa/robot/ros2_ws/install/mj_bridge' for CMake config files
[6.579s] Level 1:colcon.colcon_core.environment:checking '/home/aaa/robot/ros2_ws/install/mj_bridge/lib'
[6.579s] Level 1:colcon.colcon_core.environment:checking '/home/aaa/robot/ros2_ws/install/mj_bridge/bin'
[6.579s] Level 1:colcon.colcon_core.environment:checking '/home/aaa/robot/ros2_ws/install/mj_bridge/lib/pkgconfig/mj_bridge.pc'
[6.579s] Level 1:colcon.colcon_core.environment:checking '/home/aaa/robot/ros2_ws/install/mj_bridge/lib/python3.10/site-packages'
[6.579s] Level 1:colcon.colcon_core.shell:create_environment_hook('mj_bridge', 'pythonpath')
[6.579s] INFO:colcon.colcon_core.shell:Creating environment hook '/home/aaa/robot/ros2_ws/install/mj_bridge/share/mj_bridge/hook/pythonpath.ps1'
[6.579s] INFO:colcon.colcon_core.shell:Creating environment descriptor '/home/aaa/robot/ros2_ws/install/mj_bridge/share/mj_bridge/hook/pythonpath.dsv'
[6.579s] INFO:colcon.colcon_core.shell:Creating environment hook '/home/aaa/robot/ros2_ws/install/mj_bridge/share/mj_bridge/hook/pythonpath.sh'
[6.579s] Level 1:colcon.colcon_core.environment:checking '/home/aaa/robot/ros2_ws/install/mj_bridge/bin'
[6.579s] Level 1:colcon.colcon_core.environment:create_environment_scripts_only(mj_bridge)
[6.580s] INFO:colcon.colcon_core.shell:Creating package script '/home/aaa/robot/ros2_ws/install/mj_bridge/share/mj_bridge/package.ps1'
[6.581s] INFO:colcon.colcon_core.shell:Creating package descriptor '/home/aaa/robot/ros2_ws/install/mj_bridge/share/mj_bridge/package.dsv'
[6.581s] INFO:colcon.colcon_core.shell:Creating package script '/home/aaa/robot/ros2_ws/install/mj_bridge/share/mj_bridge/package.sh'
[6.581s] INFO:colcon.colcon_core.shell:Creating package script '/home/aaa/robot/ros2_ws/install/mj_bridge/share/mj_bridge/package.bash'
[6.581s] INFO:colcon.colcon_core.shell:Creating package script '/home/aaa/robot/ros2_ws/install/mj_bridge/share/mj_bridge/package.zsh'
[6.581s] Level 1:colcon.colcon_core.environment:create_file_with_runtime_dependencies(/home/aaa/robot/ros2_ws/install/mj_bridge/share/colcon-core/packages/mj_bridge)
[6.582s] INFO:colcon.colcon_ros.task.ament_python.build:Building ROS package in '/home/aaa/robot/ros2_ws/src/smach_demo' with build type 'ament_python'
[6.582s] Level 1:colcon.colcon_core.shell:create_environment_hook('smach_demo', 'ament_prefix_path')
[6.582s] INFO:colcon.colcon_core.shell:Creating environment hook '/home/aaa/robot/ros2_ws/install/smach_demo/share/smach_demo/hook/ament_prefix_path.ps1'
[6.582s] INFO:colcon.colcon_core.shell:Creating environment descriptor '/home/aaa/robot/ros2_ws/install/smach_demo/share/smach_demo/hook/ament_prefix_path.dsv'
[6.582s] INFO:colcon.colcon_core.shell:Creating environment hook '/home/aaa/robot/ros2_ws/install/smach_demo/share/smach_demo/hook/ament_prefix_path.sh'
[6.582s] INFO:colcon.colcon_core.shell:Skip shell extension 'powershell' for command environment: Not usable outside of PowerShell
[6.582s] DEBUG:colcon.colcon_core.shell:Skip shell extension 'dsv' for command environment
[7.160s] INFO:colcon.colcon_core.task.python.build:Building Python package in '/home/aaa/robot/ros2_ws/src/smach_demo'
[7.160s] INFO:colcon.colcon_core.shell:Skip shell extension 'powershell' for command environment: Not usable outside of PowerShell
[7.160s] DEBUG:colcon.colcon_core.shell:Skip shell extension 'dsv' for command environment
[7.804s] DEBUG:colcon.colcon_core.event_handler.log_command:Invoked command in '/home/aaa/robot/ros2_ws/build/smach_msgs' returned '0': CMAKE_PREFIX_PATH=${CMAKE_PREFIX_PATH}:/home/aaa/robot/ros2_ws/install/smach_ros:/home/aaa/robot/ros2_ws/install/smach_demo:/home/aaa/robot/ros2_ws/install/smach:/home/aaa/robot/ros2_ws/install/mj_bridge:/home/aaa/robot/ros2_ws/src/install/smach_demo:/home/aaa/robot/ros2_ws/src/install/mj_bridge:/opt/ros/humble PS1=(mj) \[\e]0;\u@\h: \w\a\]${debian_chroot:+($debian_chroot)}\[\033[01;32m\]\u@\h\[\033[00m\]:\[\033[01;34m\]\w\[\033[00m\]\$ VIRTUAL_ENV_PROMPT=(mj) /usr/bin/cmake --build /home/aaa/robot/ros2_ws/build/smach_msgs -- -j2 -l2
[7.828s] DEBUG:colcon.colcon_core.event_handler.log_command:Invoking command in '/home/aaa/robot/ros2_ws/build/smach_msgs': CMAKE_PREFIX_PATH=${CMAKE_PREFIX_PATH}:/home/aaa/robot/ros2_ws/install/smach_ros:/home/aaa/robot/ros2_ws/install/smach_demo:/home/aaa/robot/ros2_ws/install/smach:/home/aaa/robot/ros2_ws/install/mj_bridge:/home/aaa/robot/ros2_ws/src/install/smach_demo:/home/aaa/robot/ros2_ws/src/install/mj_bridge:/opt/ros/humble PS1=(mj) \[\e]0;\u@\h: \w\a\]${debian_chroot:+($debian_chroot)}\[\033[01;32m\]\u@\h\[\033[00m\]:\[\033[01;34m\]\w\[\033[00m\]\$ VIRTUAL_ENV_PROMPT=(mj) /usr/bin/cmake --install /home/aaa/robot/ros2_ws/build/smach_msgs
[7.963s] DEBUG:colcon.colcon_core.task.python.build:While undoing a previous installation files outside the Python library path are being ignored: /home/aaa/robot/ros2_ws/install/smach_demo/share/ament_index/resource_index/packages/smach_demo
[7.963s] DEBUG:colcon.colcon_core.task.python.build:While undoing a previous installation files outside the Python library path are being ignored: /home/aaa/robot/ros2_ws/install/smach_demo/share/smach_demo/package.xml
[7.963s] DEBUG:colcon.colcon_core.task.python.build:While undoing a previous installation files outside the Python library path are being ignored: /home/aaa/robot/ros2_ws/install/smach_demo/lib/smach_demo/demo
[7.977s] DEBUG:colcon.colcon_core.event_handler.log_command:Invoking command in '/home/aaa/robot/ros2_ws/build/smach_demo': PS1=(mj) \[\e]0;\u@\h: \w\a\]${debian_chroot:+($debian_chroot)}\[\033[01;32m\]\u@\h\[\033[00m\]:\[\033[01;34m\]\w\[\033[00m\]\$ PYTHONPATH=/home/aaa/robot/ros2_ws/build/smach_demo/prefix_override:/usr/lib/python3/dist-packages/colcon_core/task/python/colcon_distutils_commands:/home/aaa/robot/ros2_ws/install/smach_demo/lib/python3.10/site-packages:${PYTHONPATH} VIRTUAL_ENV_PROMPT=(mj) /usr/bin/python3 -W ignore:setup.py install is deprecated -W ignore:easy_install command is deprecated setup.py develop --editable --build-directory /home/aaa/robot/ros2_ws/build/smach_demo/build --no-deps symlink_data --force
[8.005s] Level 1:colcon.colcon_core.environment:create_environment_scripts_only(smach_msgs)
[8.005s] Level 1:colcon.colcon_core.environment:checking '/home/aaa/robot/ros2_ws/install/smach_msgs' for CMake module files
[8.006s] DEBUG:colcon.colcon_core.event_handler.log_command:Invoked command in '/home/aaa/robot/ros2_ws/build/smach_msgs' returned '0': CMAKE_PREFIX_PATH=${CMAKE_PREFIX_PATH}:/home/aaa/robot/ros2_ws/install/smach_ros:/home/aaa/robot/ros2_ws/install/smach_demo:/home/aaa/robot/ros2_ws/install/smach:/home/aaa/robot/ros2_ws/install/mj_bridge:/home/aaa/robot/ros2_ws/src/install/smach_demo:/home/aaa/robot/ros2_ws/src/install/mj_bridge:/opt/ros/humble PS1=(mj) \[\e]0;\u@\h: \w\a\]${debian_chroot:+($debian_chroot)}\[\033[01;32m\]\u@\h\[\033[00m\]:\[\033[01;34m\]\w\[\033[00m\]\$ VIRTUAL_ENV_PROMPT=(mj) /usr/bin/cmake --install /home/aaa/robot/ros2_ws/build/smach_msgs
[8.006s] Level 1:colcon.colcon_core.environment:checking '/home/aaa/robot/ros2_ws/install/smach_msgs' for CMake config files
[8.007s] Level 1:colcon.colcon_core.shell:create_environment_hook('smach_msgs', 'cmake_prefix_path')
[8.007s] INFO:colcon.colcon_core.shell:Creating environment hook '/home/aaa/robot/ros2_ws/install/smach_msgs/share/smach_msgs/hook/cmake_prefix_path.ps1'
[8.007s] INFO:colcon.colcon_core.shell:Creating environment descriptor '/home/aaa/robot/ros2_ws/install/smach_msgs/share/smach_msgs/hook/cmake_prefix_path.dsv'
[8.007s] INFO:colcon.colcon_core.shell:Creating environment hook '/home/aaa/robot/ros2_ws/install/smach_msgs/share/smach_msgs/hook/cmake_prefix_path.sh'
[8.008s] Level 1:colcon.colcon_core.environment:checking '/home/aaa/robot/ros2_ws/install/smach_msgs/lib'
[8.008s] Level 1:colcon.colcon_core.shell:create_environment_hook('smach_msgs', 'ld_library_path_lib')
[8.008s] INFO:colcon.colcon_core.shell:Creating environment hook '/home/aaa/robot/ros2_ws/install/smach_msgs/share/smach_msgs/hook/ld_library_path_lib.ps1'
[8.008s] INFO:colcon.colcon_core.shell:Creating environment descriptor '/home/aaa/robot/ros2_ws/install/smach_msgs/share/smach_msgs/hook/ld_library_path_lib.dsv'
[8.008s] INFO:colcon.colcon_core.shell:Creating environment hook '/home/aaa/robot/ros2_ws/install/smach_msgs/share/smach_msgs/hook/ld_library_path_lib.sh'
[8.008s] Level 1:colcon.colcon_core.environment:checking '/home/aaa/robot/ros2_ws/install/smach_msgs/bin'
[8.008s] Level 1:colcon.colcon_core.environment:checking '/home/aaa/robot/ros2_ws/install/smach_msgs/lib/pkgconfig/smach_msgs.pc'
[8.008s] Level 1:colcon.colcon_core.environment:checking '/home/aaa/robot/ros2_ws/install/smach_msgs/lib/python3.10/site-packages'
[8.008s] Level 1:colcon.colcon_core.environment:checking '/home/aaa/robot/ros2_ws/install/smach_msgs/bin'
[8.009s] INFO:colcon.colcon_core.shell:Creating package script '/home/aaa/robot/ros2_ws/install/smach_msgs/share/smach_msgs/package.ps1'
[8.009s] INFO:colcon.colcon_core.shell:Creating package descriptor '/home/aaa/robot/ros2_ws/install/smach_msgs/share/smach_msgs/package.dsv'
[8.009s] INFO:colcon.colcon_core.shell:Creating package script '/home/aaa/robot/ros2_ws/install/smach_msgs/share/smach_msgs/package.sh'
[8.009s] INFO:colcon.colcon_core.shell:Creating package script '/home/aaa/robot/ros2_ws/install/smach_msgs/share/smach_msgs/package.bash'
[8.009s] INFO:colcon.colcon_core.shell:Creating package script '/home/aaa/robot/ros2_ws/install/smach_msgs/share/smach_msgs/package.zsh'
[8.009s] Level 1:colcon.colcon_core.environment:create_file_with_runtime_dependencies(/home/aaa/robot/ros2_ws/install/smach_msgs/share/colcon-core/packages/smach_msgs)
[8.009s] Level 1:colcon.colcon_core.environment:create_environment_scripts_only(smach_msgs)
[8.010s] Level 1:colcon.colcon_core.environment:checking '/home/aaa/robot/ros2_ws/install/smach_msgs' for CMake module files
[8.010s] Level 1:colcon.colcon_core.environment:checking '/home/aaa/robot/ros2_ws/install/smach_msgs' for CMake config files
[8.010s] Level 1:colcon.colcon_core.shell:create_environment_hook('smach_msgs', 'cmake_prefix_path')
[8.010s] INFO:colcon.colcon_core.shell:Creating environment hook '/home/aaa/robot/ros2_ws/install/smach_msgs/share/smach_msgs/hook/cmake_prefix_path.ps1'
[8.011s] INFO:colcon.colcon_core.shell:Creating environment descriptor '/home/aaa/robot/ros2_ws/install/smach_msgs/share/smach_msgs/hook/cmake_prefix_path.dsv'
[8.011s] INFO:colcon.colcon_core.shell:Creating environment hook '/home/aaa/robot/ros2_ws/install/smach_msgs/share/smach_msgs/hook/cmake_prefix_path.sh'
[8.011s] Level 1:colcon.colcon_core.environment:checking '/home/aaa/robot/ros2_ws/install/smach_msgs/lib'
[8.011s] Level 1:colcon.colcon_core.shell:create_environment_hook('smach_msgs', 'ld_library_path_lib')
[8.011s] INFO:colcon.colcon_core.shell:Creating environment hook '/home/aaa/robot/ros2_ws/install/smach_msgs/share/smach_msgs/hook/ld_library_path_lib.ps1'
[8.011s] INFO:colcon.colcon_core.shell:Creating environment descriptor '/home/aaa/robot/ros2_ws/install/smach_msgs/share/smach_msgs/hook/ld_library_path_lib.dsv'
[8.011s] INFO:colcon.colcon_core.shell:Creating environment hook '/home/aaa/robot/ros2_ws/install/smach_msgs/share/smach_msgs/hook/ld_library_path_lib.sh'
[8.011s] Level 1:colcon.colcon_core.environment:checking '/home/aaa/robot/ros2_ws/install/smach_msgs/bin'
[8.011s] Level 1:colcon.colcon_core.environment:checking '/home/aaa/robot/ros2_ws/install/smach_msgs/lib/pkgconfig/smach_msgs.pc'
[8.011s] Level 1:colcon.colcon_core.environment:checking '/home/aaa/robot/ros2_ws/install/smach_msgs/lib/python3.10/site-packages'
[8.012s] Level 1:colcon.colcon_core.environment:checking '/home/aaa/robot/ros2_ws/install/smach_msgs/bin'
[8.012s] INFO:colcon.colcon_core.shell:Creating package script '/home/aaa/robot/ros2_ws/install/smach_msgs/share/smach_msgs/package.ps1'
[8.012s] INFO:colcon.colcon_core.shell:Creating package descriptor '/home/aaa/robot/ros2_ws/install/smach_msgs/share/smach_msgs/package.dsv'
[8.012s] INFO:colcon.colcon_core.shell:Creating package script '/home/aaa/robot/ros2_ws/install/smach_msgs/share/smach_msgs/package.sh'
[8.012s] INFO:colcon.colcon_core.shell:Creating package script '/home/aaa/robot/ros2_ws/install/smach_msgs/share/smach_msgs/package.bash'
[8.012s] INFO:colcon.colcon_core.shell:Creating package script '/home/aaa/robot/ros2_ws/install/smach_msgs/share/smach_msgs/package.zsh'
[8.013s] Level 1:colcon.colcon_core.environment:create_file_with_runtime_dependencies(/home/aaa/robot/ros2_ws/install/smach_msgs/share/colcon-core/packages/smach_msgs)
[8.018s] INFO:colcon.colcon_ros.task.ament_python.build:Building ROS package in '/home/aaa/robot/ros2_ws/executive_smach/smach_ros' with build type 'ament_python'
[8.018s] Level 1:colcon.colcon_core.shell:create_environment_hook('smach_ros', 'ament_prefix_path')
[8.018s] INFO:colcon.colcon_core.shell:Creating environment hook '/home/aaa/robot/ros2_ws/install/smach_ros/share/smach_ros/hook/ament_prefix_path.ps1'
[8.018s] INFO:colcon.colcon_core.shell:Creating environment descriptor '/home/aaa/robot/ros2_ws/install/smach_ros/share/smach_ros/hook/ament_prefix_path.dsv'
[8.019s] INFO:colcon.colcon_core.shell:Creating environment hook '/home/aaa/robot/ros2_ws/install/smach_ros/share/smach_ros/hook/ament_prefix_path.sh'
[8.019s] INFO:colcon.colcon_core.shell:Skip shell extension 'powershell' for command environment: Not usable outside of PowerShell
[8.019s] DEBUG:colcon.colcon_core.shell:Skip shell extension 'dsv' for command environment
[8.737s] INFO:colcon.colcon_core.task.python.build:Building Python package in '/home/aaa/robot/ros2_ws/executive_smach/smach_ros'
[8.737s] INFO:colcon.colcon_core.shell:Skip shell extension 'powershell' for command environment: Not usable outside of PowerShell
[8.737s] DEBUG:colcon.colcon_core.shell:Skip shell extension 'dsv' for command environment
[9.163s] Level 1:colcon.colcon_core.shell:create_environment_hook('smach_demo', 'pythonpath_develop')
[9.163s] INFO:colcon.colcon_core.shell:Creating environment hook '/home/aaa/robot/ros2_ws/build/smach_demo/share/smach_demo/hook/pythonpath_develop.ps1'
[9.163s] DEBUG:colcon.colcon_core.event_handler.log_command:Invoked command in '/home/aaa/robot/ros2_ws/build/smach_demo' returned '0': PS1=(mj) \[\e]0;\u@\h: \w\a\]${debian_chroot:+($debian_chroot)}\[\033[01;32m\]\u@\h\[\033[00m\]:\[\033[01;34m\]\w\[\033[00m\]\$ PYTHONPATH=/home/aaa/robot/ros2_ws/build/smach_demo/prefix_override:/usr/lib/python3/dist-packages/colcon_core/task/python/colcon_distutils_commands:/home/aaa/robot/ros2_ws/install/smach_demo/lib/python3.10/site-packages:${PYTHONPATH} VIRTUAL_ENV_PROMPT=(mj) /usr/bin/python3 -W ignore:setup.py install is deprecated -W ignore:easy_install command is deprecated setup.py develop --editable --build-directory /home/aaa/robot/ros2_ws/build/smach_demo/build --no-deps symlink_data --force
[9.164s] INFO:colcon.colcon_core.shell:Creating environment descriptor '/home/aaa/robot/ros2_ws/build/smach_demo/share/smach_demo/hook/pythonpath_develop.dsv'
[9.164s] INFO:colcon.colcon_core.shell:Creating environment hook '/home/aaa/robot/ros2_ws/build/smach_demo/share/smach_demo/hook/pythonpath_develop.sh'
[9.164s] Level 1:colcon.colcon_core.environment:checking '/home/aaa/robot/ros2_ws/install/smach_demo' for CMake module files
[9.164s] Level 1:colcon.colcon_core.environment:checking '/home/aaa/robot/ros2_ws/install/smach_demo' for CMake config files
[9.167s] Level 1:colcon.colcon_core.environment:checking '/home/aaa/robot/ros2_ws/install/smach_demo/lib'
[9.167s] Level 1:colcon.colcon_core.environment:checking '/home/aaa/robot/ros2_ws/install/smach_demo/bin'
[9.167s] Level 1:colcon.colcon_core.environment:checking '/home/aaa/robot/ros2_ws/install/smach_demo/lib/pkgconfig/smach_demo.pc'
[9.167s] Level 1:colcon.colcon_core.environment:checking '/home/aaa/robot/ros2_ws/install/smach_demo/lib/python3.10/site-packages'
[9.167s] Level 1:colcon.colcon_core.shell:create_environment_hook('smach_demo', 'pythonpath')
[9.167s] INFO:colcon.colcon_core.shell:Creating environment hook '/home/aaa/robot/ros2_ws/install/smach_demo/share/smach_demo/hook/pythonpath.ps1'
[9.167s] INFO:colcon.colcon_core.shell:Creating environment descriptor '/home/aaa/robot/ros2_ws/install/smach_demo/share/smach_demo/hook/pythonpath.dsv'
[9.167s] INFO:colcon.colcon_core.shell:Creating environment hook '/home/aaa/robot/ros2_ws/install/smach_demo/share/smach_demo/hook/pythonpath.sh'
[9.168s] Level 1:colcon.colcon_core.environment:checking '/home/aaa/robot/ros2_ws/install/smach_demo/bin'
[9.168s] Level 1:colcon.colcon_core.environment:create_environment_scripts_only(smach_demo)
[9.168s] INFO:colcon.colcon_core.shell:Creating package script '/home/aaa/robot/ros2_ws/install/smach_demo/share/smach_demo/package.ps1'
[9.168s] INFO:colcon.colcon_core.shell:Creating package descriptor '/home/aaa/robot/ros2_ws/install/smach_demo/share/smach_demo/package.dsv'
[9.168s] INFO:colcon.colcon_core.shell:Creating package script '/home/aaa/robot/ros2_ws/install/smach_demo/share/smach_demo/package.sh'
[9.168s] INFO:colcon.colcon_core.shell:Creating package script '/home/aaa/robot/ros2_ws/install/smach_demo/share/smach_demo/package.bash'
[9.169s] INFO:colcon.colcon_core.shell:Creating package script '/home/aaa/robot/ros2_ws/install/smach_demo/share/smach_demo/package.zsh'
[9.169s] Level 1:colcon.colcon_core.environment:create_file_with_runtime_dependencies(/home/aaa/robot/ros2_ws/install/smach_demo/share/colcon-core/packages/smach_demo)
[9.800s] DEBUG:colcon.colcon_core.task.python.build:While undoing a previous installation files outside the Python library path are being ignored: /home/aaa/robot/ros2_ws/install/smach_ros/share/ament_index/resource_index/packages/smach_ros
[9.800s] DEBUG:colcon.colcon_core.task.python.build:While undoing a previous installation files outside the Python library path are being ignored: /home/aaa/robot/ros2_ws/install/smach_ros/share/smach_ros/package.xml
[9.817s] DEBUG:colcon.colcon_core.event_handler.log_command:Invoking command in '/home/aaa/robot/ros2_ws/build/smach_ros': AMENT_PREFIX_PATH=/home/aaa/robot/ros2_ws/install/smach:/home/aaa/robot/ros2_ws/install/executive_smach:/home/aaa/robot/ros2_ws/install/smach_ros:/home/aaa/robot/ros2_ws/install/smach_msgs:/home/aaa/robot/ros2_ws/install/smach_demo:/home/aaa/robot/ros2_ws/install/mj_bridge:/home/aaa/robot/ros2_ws/src/install/smach_demo:/home/aaa/robot/ros2_ws/src/install/mj_bridge:/opt/ros/humble CMAKE_PREFIX_PATH=/home/aaa/robot/ros2_ws/install/smach_msgs:/home/aaa/robot/ros2_ws/install/executive_smach PS1=(mj) \[\e]0;\u@\h: \w\a\]${debian_chroot:+($debian_chroot)}\[\033[01;32m\]\u@\h\[\033[00m\]:\[\033[01;34m\]\w\[\033[00m\]\$ PYTHONPATH=/home/aaa/robot/ros2_ws/build/smach_ros/prefix_override:/usr/lib/python3/dist-packages/colcon_core/task/python/colcon_distutils_commands:/home/aaa/robot/ros2_ws/install/smach_ros/lib/python3.10/site-packages:/home/aaa/robot/ros2_ws/build/smach:/home/aaa/robot/ros2_ws/install/smach/lib/python3.10/site-packages:/home/aaa/robot/ros2_ws/install/smach_ros/lib/python3.10/site-packages:/home/aaa/robot/ros2_ws/install/smach_msgs/local/lib/python3.10/dist-packages:/home/aaa/robot/ros2_ws/install/smach_demo/lib/python3.10/site-packages:/home/aaa/robot/ros2_ws/install/mj_bridge/lib/python3.10/site-packages:/home/aaa/robot/ros2_ws/src/install/smach_demo/lib/python3.10/site-packages:/home/aaa/robot/ros2_ws/src/install/mj_bridge/lib/python3.10/site-packages:/opt/ros/humble/lib/python3.10/site-packages:/opt/ros/humble/local/lib/python3.10/dist-packages VIRTUAL_ENV_PROMPT=(mj) /usr/bin/python3 -W ignore:setup.py install is deprecated -W ignore:easy_install command is deprecated setup.py develop --editable --build-directory /home/aaa/robot/ros2_ws/build/smach_ros/build --no-deps symlink_data --force
[10.746s] Level 1:colcon.colcon_core.shell:create_environment_hook('smach_ros', 'pythonpath_develop')
[10.746s] INFO:colcon.colcon_core.shell:Creating environment hook '/home/aaa/robot/ros2_ws/build/smach_ros/share/smach_ros/hook/pythonpath_develop.ps1'
[10.746s] DEBUG:colcon.colcon_core.event_handler.log_command:Invoked command in '/home/aaa/robot/ros2_ws/build/smach_ros' returned '0': AMENT_PREFIX_PATH=/home/aaa/robot/ros2_ws/install/smach:/home/aaa/robot/ros2_ws/install/executive_smach:/home/aaa/robot/ros2_ws/install/smach_ros:/home/aaa/robot/ros2_ws/install/smach_msgs:/home/aaa/robot/ros2_ws/install/smach_demo:/home/aaa/robot/ros2_ws/install/mj_bridge:/home/aaa/robot/ros2_ws/src/install/smach_demo:/home/aaa/robot/ros2_ws/src/install/mj_bridge:/opt/ros/humble CMAKE_PREFIX_PATH=/home/aaa/robot/ros2_ws/install/smach_msgs:/home/aaa/robot/ros2_ws/install/executive_smach PS1=(mj) \[\e]0;\u@\h: \w\a\]${debian_chroot:+($debian_chroot)}\[\033[01;32m\]\u@\h\[\033[00m\]:\[\033[01;34m\]\w\[\033[00m\]\$ PYTHONPATH=/home/aaa/robot/ros2_ws/build/smach_ros/prefix_override:/usr/lib/python3/dist-packages/colcon_core/task/python/colcon_distutils_commands:/home/aaa/robot/ros2_ws/install/smach_ros/lib/python3.10/site-packages:/home/aaa/robot/ros2_ws/build/smach:/home/aaa/robot/ros2_ws/install/smach/lib/python3.10/site-packages:/home/aaa/robot/ros2_ws/install/smach_ros/lib/python3.10/site-packages:/home/aaa/robot/ros2_ws/install/smach_msgs/local/lib/python3.10/dist-packages:/home/aaa/robot/ros2_ws/install/smach_demo/lib/python3.10/site-packages:/home/aaa/robot/ros2_ws/install/mj_bridge/lib/python3.10/site-packages:/home/aaa/robot/ros2_ws/src/install/smach_demo/lib/python3.10/site-packages:/home/aaa/robot/ros2_ws/src/install/mj_bridge/lib/python3.10/site-packages:/opt/ros/humble/lib/python3.10/site-packages:/opt/ros/humble/local/lib/python3.10/dist-packages VIRTUAL_ENV_PROMPT=(mj) /usr/bin/python3 -W ignore:setup.py install is deprecated -W ignore:easy_install command is deprecated setup.py develop --editable --build-directory /home/aaa/robot/ros2_ws/build/smach_ros/build --no-deps symlink_data --force
[10.747s] INFO:colcon.colcon_core.shell:Creating environment descriptor '/home/aaa/robot/ros2_ws/build/smach_ros/share/smach_ros/hook/pythonpath_develop.dsv'
[10.747s] INFO:colcon.colcon_core.shell:Creating environment hook '/home/aaa/robot/ros2_ws/build/smach_ros/share/smach_ros/hook/pythonpath_develop.sh'
[10.747s] Level 1:colcon.colcon_core.environment:checking '/home/aaa/robot/ros2_ws/install/smach_ros' for CMake module files
[10.748s] Level 1:colcon.colcon_core.environment:checking '/home/aaa/robot/ros2_ws/install/smach_ros' for CMake config files
[10.748s] Level 1:colcon.colcon_core.environment:checking '/home/aaa/robot/ros2_ws/install/smach_ros/lib'
[10.748s] Level 1:colcon.colcon_core.environment:checking '/home/aaa/robot/ros2_ws/install/smach_ros/bin'
[10.748s] Level 1:colcon.colcon_core.environment:checking '/home/aaa/robot/ros2_ws/install/smach_ros/lib/pkgconfig/smach_ros.pc'
[10.748s] Level 1:colcon.colcon_core.environment:checking '/home/aaa/robot/ros2_ws/install/smach_ros/lib/python3.10/site-packages'
[10.748s] Level 1:colcon.colcon_core.shell:create_environment_hook('smach_ros', 'pythonpath')
[10.748s] INFO:colcon.colcon_core.shell:Creating environment hook '/home/aaa/robot/ros2_ws/install/smach_ros/share/smach_ros/hook/pythonpath.ps1'
[10.748s] INFO:colcon.colcon_core.shell:Creating environment descriptor '/home/aaa/robot/ros2_ws/install/smach_ros/share/smach_ros/hook/pythonpath.dsv'
[10.749s] INFO:colcon.colcon_core.shell:Creating environment hook '/home/aaa/robot/ros2_ws/install/smach_ros/share/smach_ros/hook/pythonpath.sh'
[10.749s] Level 1:colcon.colcon_core.environment:checking '/home/aaa/robot/ros2_ws/install/smach_ros/bin'
[10.749s] Level 1:colcon.colcon_core.environment:create_environment_scripts_only(smach_ros)
[10.749s] INFO:colcon.colcon_core.shell:Creating package script '/home/aaa/robot/ros2_ws/install/smach_ros/share/smach_ros/package.ps1'
[10.749s] INFO:colcon.colcon_core.shell:Creating package descriptor '/home/aaa/robot/ros2_ws/install/smach_ros/share/smach_ros/package.dsv'
[10.749s] INFO:colcon.colcon_core.shell:Creating package script '/home/aaa/robot/ros2_ws/install/smach_ros/share/smach_ros/package.sh'
[10.750s] INFO:colcon.colcon_core.shell:Creating package script '/home/aaa/robot/ros2_ws/install/smach_ros/share/smach_ros/package.bash'
[10.750s] INFO:colcon.colcon_core.shell:Creating package script '/home/aaa/robot/ros2_ws/install/smach_ros/share/smach_ros/package.zsh'
[10.750s] Level 1:colcon.colcon_core.environment:create_file_with_runtime_dependencies(/home/aaa/robot/ros2_ws/install/smach_ros/share/colcon-core/packages/smach_ros)
[10.751s] INFO:colcon.colcon_ros.task.ament_cmake.build:Building ROS package in '/home/aaa/robot/ros2_ws/executive_smach/executive_smach' with build type 'ament_cmake'
[10.751s] INFO:colcon.colcon_cmake.task.cmake.build:Building CMake package in '/home/aaa/robot/ros2_ws/executive_smach/executive_smach'
[10.751s] INFO:colcon.colcon_core.shell:Skip shell extension 'powershell' for command environment: Not usable outside of PowerShell
[10.751s] DEBUG:colcon.colcon_core.shell:Skip shell extension 'dsv' for command environment
[10.948s] DEBUG:colcon.colcon_core.event_handler.log_command:Invoking command in '/home/aaa/robot/ros2_ws/build/executive_smach': AMENT_PREFIX_PATH=/home/aaa/robot/ros2_ws/install/smach_ros:/home/aaa/robot/ros2_ws/install/smach:/home/aaa/robot/ros2_ws/install/executive_smach:/home/aaa/robot/ros2_ws/install/smach_msgs:/home/aaa/robot/ros2_ws/install/smach_demo:/home/aaa/robot/ros2_ws/install/mj_bridge:/home/aaa/robot/ros2_ws/src/install/smach_demo:/home/aaa/robot/ros2_ws/src/install/mj_bridge:/opt/ros/humble CMAKE_PREFIX_PATH=/home/aaa/robot/ros2_ws/install/smach_msgs:/home/aaa/robot/ros2_ws/install/executive_smach:/home/aaa/robot/ros2_ws/install/smach_ros:/home/aaa/robot/ros2_ws/install/smach_demo:/home/aaa/robot/ros2_ws/install/smach:/home/aaa/robot/ros2_ws/install/mj_bridge:/home/aaa/robot/ros2_ws/src/install/smach_demo:/home/aaa/robot/ros2_ws/src/install/mj_bridge:/opt/ros/humble PS1=(mj) \[\e]0;\u@\h: \w\a\]${debian_chroot:+($debian_chroot)}\[\033[01;32m\]\u@\h\[\033[00m\]:\[\033[01;34m\]\w\[\033[00m\]\$ PYTHONPATH=/home/aaa/robot/ros2_ws/build/smach_ros:/home/aaa/robot/ros2_ws/install/smach_ros/lib/python3.10/site-packages:/home/aaa/robot/ros2_ws/build/smach:/home/aaa/robot/ros2_ws/install/smach/lib/python3.10/site-packages:/home/aaa/robot/ros2_ws/install/smach_msgs/local/lib/python3.10/dist-packages:/home/aaa/robot/ros2_ws/install/smach_demo/lib/python3.10/site-packages:/home/aaa/robot/ros2_ws/install/mj_bridge/lib/python3.10/site-packages:/home/aaa/robot/ros2_ws/src/install/smach_demo/lib/python3.10/site-packages:/home/aaa/robot/ros2_ws/src/install/mj_bridge/lib/python3.10/site-packages:/opt/ros/humble/lib/python3.10/site-packages:/opt/ros/humble/local/lib/python3.10/dist-packages VIRTUAL_ENV_PROMPT=(mj) /usr/bin/cmake /home/aaa/robot/ros2_ws/executive_smach/executive_smach -DAMENT_CMAKE_SYMLINK_INSTALL=1 -DCMAKE_INSTALL_PREFIX=/home/aaa/robot/ros2_ws/install/executive_smach
[11.592s] DEBUG:colcon.colcon_core.event_handler.log_command:Invoked command in '/home/aaa/robot/ros2_ws/build/executive_smach' returned '0': AMENT_PREFIX_PATH=/home/aaa/robot/ros2_ws/install/smach_ros:/home/aaa/robot/ros2_ws/install/smach:/home/aaa/robot/ros2_ws/install/executive_smach:/home/aaa/robot/ros2_ws/install/smach_msgs:/home/aaa/robot/ros2_ws/install/smach_demo:/home/aaa/robot/ros2_ws/install/mj_bridge:/home/aaa/robot/ros2_ws/src/install/smach_demo:/home/aaa/robot/ros2_ws/src/install/mj_bridge:/opt/ros/humble CMAKE_PREFIX_PATH=/home/aaa/robot/ros2_ws/install/smach_msgs:/home/aaa/robot/ros2_ws/install/executive_smach:/home/aaa/robot/ros2_ws/install/smach_ros:/home/aaa/robot/ros2_ws/install/smach_demo:/home/aaa/robot/ros2_ws/install/smach:/home/aaa/robot/ros2_ws/install/mj_bridge:/home/aaa/robot/ros2_ws/src/install/smach_demo:/home/aaa/robot/ros2_ws/src/install/mj_bridge:/opt/ros/humble PS1=(mj) \[\e]0;\u@\h: \w\a\]${debian_chroot:+($debian_chroot)}\[\033[01;32m\]\u@\h\[\033[00m\]:\[\033[01;34m\]\w\[\033[00m\]\$ PYTHONPATH=/home/aaa/robot/ros2_ws/build/smach_ros:/home/aaa/robot/ros2_ws/install/smach_ros/lib/python3.10/site-packages:/home/aaa/robot/ros2_ws/build/smach:/home/aaa/robot/ros2_ws/install/smach/lib/python3.10/site-packages:/home/aaa/robot/ros2_ws/install/smach_msgs/local/lib/python3.10/dist-packages:/home/aaa/robot/ros2_ws/install/smach_demo/lib/python3.10/site-packages:/home/aaa/robot/ros2_ws/install/mj_bridge/lib/python3.10/site-packages:/home/aaa/robot/ros2_ws/src/install/smach_demo/lib/python3.10/site-packages:/home/aaa/robot/ros2_ws/src/install/mj_bridge/lib/python3.10/site-packages:/opt/ros/humble/lib/python3.10/site-packages:/opt/ros/humble/local/lib/python3.10/dist-packages VIRTUAL_ENV_PROMPT=(mj) /usr/bin/cmake /home/aaa/robot/ros2_ws/executive_smach/executive_smach -DAMENT_CMAKE_SYMLINK_INSTALL=1 -DCMAKE_INSTALL_PREFIX=/home/aaa/robot/ros2_ws/install/executive_smach
[11.592s] DEBUG:colcon.colcon_core.event_handler.log_command:Invoking command in '/home/aaa/robot/ros2_ws/build/executive_smach': AMENT_PREFIX_PATH=/home/aaa/robot/ros2_ws/install/smach_ros:/home/aaa/robot/ros2_ws/install/smach:/home/aaa/robot/ros2_ws/install/executive_smach:/home/aaa/robot/ros2_ws/install/smach_msgs:/home/aaa/robot/ros2_ws/install/smach_demo:/home/aaa/robot/ros2_ws/install/mj_bridge:/home/aaa/robot/ros2_ws/src/install/smach_demo:/home/aaa/robot/ros2_ws/src/install/mj_bridge:/opt/ros/humble CMAKE_PREFIX_PATH=/home/aaa/robot/ros2_ws/install/smach_msgs:/home/aaa/robot/ros2_ws/install/executive_smach:/home/aaa/robot/ros2_ws/install/smach_ros:/home/aaa/robot/ros2_ws/install/smach_demo:/home/aaa/robot/ros2_ws/install/smach:/home/aaa/robot/ros2_ws/install/mj_bridge:/home/aaa/robot/ros2_ws/src/install/smach_demo:/home/aaa/robot/ros2_ws/src/install/mj_bridge:/opt/ros/humble PS1=(mj) \[\e]0;\u@\h: \w\a\]${debian_chroot:+($debian_chroot)}\[\033[01;32m\]\u@\h\[\033[00m\]:\[\033[01;34m\]\w\[\033[00m\]\$ PYTHONPATH=/home/aaa/robot/ros2_ws/build/smach_ros:/home/aaa/robot/ros2_ws/install/smach_ros/lib/python3.10/site-packages:/home/aaa/robot/ros2_ws/build/smach:/home/aaa/robot/ros2_ws/install/smach/lib/python3.10/site-packages:/home/aaa/robot/ros2_ws/install/smach_msgs/local/lib/python3.10/dist-packages:/home/aaa/robot/ros2_ws/install/smach_demo/lib/python3.10/site-packages:/home/aaa/robot/ros2_ws/install/mj_bridge/lib/python3.10/site-packages:/home/aaa/robot/ros2_ws/src/install/smach_demo/lib/python3.10/site-packages:/home/aaa/robot/ros2_ws/src/install/mj_bridge/lib/python3.10/site-packages:/opt/ros/humble/lib/python3.10/site-packages:/opt/ros/humble/local/lib/python3.10/dist-packages VIRTUAL_ENV_PROMPT=(mj) /usr/bin/cmake --build /home/aaa/robot/ros2_ws/build/executive_smach -- -j2 -l2
[11.703s] DEBUG:colcon.colcon_core.event_handler.log_command:Invoked command in '/home/aaa/robot/ros2_ws/build/executive_smach' returned '0': AMENT_PREFIX_PATH=/home/aaa/robot/ros2_ws/install/smach_ros:/home/aaa/robot/ros2_ws/install/smach:/home/aaa/robot/ros2_ws/install/executive_smach:/home/aaa/robot/ros2_ws/install/smach_msgs:/home/aaa/robot/ros2_ws/install/smach_demo:/home/aaa/robot/ros2_ws/install/mj_bridge:/home/aaa/robot/ros2_ws/src/install/smach_demo:/home/aaa/robot/ros2_ws/src/install/mj_bridge:/opt/ros/humble CMAKE_PREFIX_PATH=/home/aaa/robot/ros2_ws/install/smach_msgs:/home/aaa/robot/ros2_ws/install/executive_smach:/home/aaa/robot/ros2_ws/install/smach_ros:/home/aaa/robot/ros2_ws/install/smach_demo:/home/aaa/robot/ros2_ws/install/smach:/home/aaa/robot/ros2_ws/install/mj_bridge:/home/aaa/robot/ros2_ws/src/install/smach_demo:/home/aaa/robot/ros2_ws/src/install/mj_bridge:/opt/ros/humble PS1=(mj) \[\e]0;\u@\h: \w\a\]${debian_chroot:+($debian_chroot)}\[\033[01;32m\]\u@\h\[\033[00m\]:\[\033[01;34m\]\w\[\033[00m\]\$ PYTHONPATH=/home/aaa/robot/ros2_ws/build/smach_ros:/home/aaa/robot/ros2_ws/install/smach_ros/lib/python3.10/site-packages:/home/aaa/robot/ros2_ws/build/smach:/home/aaa/robot/ros2_ws/install/smach/lib/python3.10/site-packages:/home/aaa/robot/ros2_ws/install/smach_msgs/local/lib/python3.10/dist-packages:/home/aaa/robot/ros2_ws/install/smach_demo/lib/python3.10/site-packages:/home/aaa/robot/ros2_ws/install/mj_bridge/lib/python3.10/site-packages:/home/aaa/robot/ros2_ws/src/install/smach_demo/lib/python3.10/site-packages:/home/aaa/robot/ros2_ws/src/install/mj_bridge/lib/python3.10/site-packages:/opt/ros/humble/lib/python3.10/site-packages:/opt/ros/humble/local/lib/python3.10/dist-packages VIRTUAL_ENV_PROMPT=(mj) /usr/bin/cmake --build /home/aaa/robot/ros2_ws/build/executive_smach -- -j2 -l2
[11.716s] DEBUG:colcon.colcon_core.event_handler.log_command:Invoking command in '/home/aaa/robot/ros2_ws/build/executive_smach': AMENT_PREFIX_PATH=/home/aaa/robot/ros2_ws/install/smach_ros:/home/aaa/robot/ros2_ws/install/smach:/home/aaa/robot/ros2_ws/install/executive_smach:/home/aaa/robot/ros2_ws/install/smach_msgs:/home/aaa/robot/ros2_ws/install/smach_demo:/home/aaa/robot/ros2_ws/install/mj_bridge:/home/aaa/robot/ros2_ws/src/install/smach_demo:/home/aaa/robot/ros2_ws/src/install/mj_bridge:/opt/ros/humble CMAKE_PREFIX_PATH=/home/aaa/robot/ros2_ws/install/smach_msgs:/home/aaa/robot/ros2_ws/install/executive_smach:/home/aaa/robot/ros2_ws/install/smach_ros:/home/aaa/robot/ros2_ws/install/smach_demo:/home/aaa/robot/ros2_ws/install/smach:/home/aaa/robot/ros2_ws/install/mj_bridge:/home/aaa/robot/ros2_ws/src/install/smach_demo:/home/aaa/robot/ros2_ws/src/install/mj_bridge:/opt/ros/humble PS1=(mj) \[\e]0;\u@\h: \w\a\]${debian_chroot:+($debian_chroot)}\[\033[01;32m\]\u@\h\[\033[00m\]:\[\033[01;34m\]\w\[\033[00m\]\$ PYTHONPATH=/home/aaa/robot/ros2_ws/build/smach_ros:/home/aaa/robot/ros2_ws/install/smach_ros/lib/python3.10/site-packages:/home/aaa/robot/ros2_ws/build/smach:/home/aaa/robot/ros2_ws/install/smach/lib/python3.10/site-packages:/home/aaa/robot/ros2_ws/install/smach_msgs/local/lib/python3.10/dist-packages:/home/aaa/robot/ros2_ws/install/smach_demo/lib/python3.10/site-packages:/home/aaa/robot/ros2_ws/install/mj_bridge/lib/python3.10/site-packages:/home/aaa/robot/ros2_ws/src/install/smach_demo/lib/python3.10/site-packages:/home/aaa/robot/ros2_ws/src/install/mj_bridge/lib/python3.10/site-packages:/opt/ros/humble/lib/python3.10/site-packages:/opt/ros/humble/local/lib/python3.10/dist-packages VIRTUAL_ENV_PROMPT=(mj) /usr/bin/cmake --install /home/aaa/robot/ros2_ws/build/executive_smach
[11.769s] Level 1:colcon.colcon_core.environment:create_environment_scripts_only(executive_smach)
[11.769s] Level 1:colcon.colcon_core.environment:checking '/home/aaa/robot/ros2_ws/install/executive_smach' for CMake module files
[11.769s] DEBUG:colcon.colcon_core.event_handler.log_command:Invoked command in '/home/aaa/robot/ros2_ws/build/executive_smach' returned '0': AMENT_PREFIX_PATH=/home/aaa/robot/ros2_ws/install/smach_ros:/home/aaa/robot/ros2_ws/install/smach:/home/aaa/robot/ros2_ws/install/executive_smach:/home/aaa/robot/ros2_ws/install/smach_msgs:/home/aaa/robot/ros2_ws/install/smach_demo:/home/aaa/robot/ros2_ws/install/mj_bridge:/home/aaa/robot/ros2_ws/src/install/smach_demo:/home/aaa/robot/ros2_ws/src/install/mj_bridge:/opt/ros/humble CMAKE_PREFIX_PATH=/home/aaa/robot/ros2_ws/install/smach_msgs:/home/aaa/robot/ros2_ws/install/executive_smach:/home/aaa/robot/ros2_ws/install/smach_ros:/home/aaa/robot/ros2_ws/install/smach_demo:/home/aaa/robot/ros2_ws/install/smach:/home/aaa/robot/ros2_ws/install/mj_bridge:/home/aaa/robot/ros2_ws/src/install/smach_demo:/home/aaa/robot/ros2_ws/src/install/mj_bridge:/opt/ros/humble PS1=(mj) \[\e]0;\u@\h: \w\a\]${debian_chroot:+($debian_chroot)}\[\033[01;32m\]\u@\h\[\033[00m\]:\[\033[01;34m\]\w\[\033[00m\]\$ PYTHONPATH=/home/aaa/robot/ros2_ws/build/smach_ros:/home/aaa/robot/ros2_ws/install/smach_ros/lib/python3.10/site-packages:/home/aaa/robot/ros2_ws/build/smach:/home/aaa/robot/ros2_ws/install/smach/lib/python3.10/site-packages:/home/aaa/robot/ros2_ws/install/smach_msgs/local/lib/python3.10/dist-packages:/home/aaa/robot/ros2_ws/install/smach_demo/lib/python3.10/site-packages:/home/aaa/robot/ros2_ws/install/mj_bridge/lib/python3.10/site-packages:/home/aaa/robot/ros2_ws/src/install/smach_demo/lib/python3.10/site-packages:/home/aaa/robot/ros2_ws/src/install/mj_bridge/lib/python3.10/site-packages:/opt/ros/humble/lib/python3.10/site-packages:/opt/ros/humble/local/lib/python3.10/dist-packages VIRTUAL_ENV_PROMPT=(mj) /usr/bin/cmake --install /home/aaa/robot/ros2_ws/build/executive_smach
[11.769s] Level 1:colcon.colcon_core.environment:checking '/home/aaa/robot/ros2_ws/install/executive_smach' for CMake config files
[11.770s] Level 1:colcon.colcon_core.shell:create_environment_hook('executive_smach', 'cmake_prefix_path')
[11.770s] INFO:colcon.colcon_core.shell:Creating environment hook '/home/aaa/robot/ros2_ws/install/executive_smach/share/executive_smach/hook/cmake_prefix_path.ps1'
[11.770s] INFO:colcon.colcon_core.shell:Creating environment descriptor '/home/aaa/robot/ros2_ws/install/executive_smach/share/executive_smach/hook/cmake_prefix_path.dsv'
[11.770s] INFO:colcon.colcon_core.shell:Creating environment hook '/home/aaa/robot/ros2_ws/install/executive_smach/share/executive_smach/hook/cmake_prefix_path.sh'
[11.771s] Level 1:colcon.colcon_core.environment:checking '/home/aaa/robot/ros2_ws/install/executive_smach/bin'
[11.771s] Level 1:colcon.colcon_core.environment:checking '/home/aaa/robot/ros2_ws/install/executive_smach/lib/pkgconfig/executive_smach.pc'
[11.771s] Level 1:colcon.colcon_core.environment:checking '/home/aaa/robot/ros2_ws/install/executive_smach/lib/python3.10/site-packages'
[11.771s] Level 1:colcon.colcon_core.environment:checking '/home/aaa/robot/ros2_ws/install/executive_smach/bin'
[11.771s] INFO:colcon.colcon_core.shell:Creating package script '/home/aaa/robot/ros2_ws/install/executive_smach/share/executive_smach/package.ps1'
[11.771s] INFO:colcon.colcon_core.shell:Creating package descriptor '/home/aaa/robot/ros2_ws/install/executive_smach/share/executive_smach/package.dsv'
[11.772s] INFO:colcon.colcon_core.shell:Creating package script '/home/aaa/robot/ros2_ws/install/executive_smach/share/executive_smach/package.sh'
[11.772s] INFO:colcon.colcon_core.shell:Creating package script '/home/aaa/robot/ros2_ws/install/executive_smach/share/executive_smach/package.bash'
[11.772s] INFO:colcon.colcon_core.shell:Creating package script '/home/aaa/robot/ros2_ws/install/executive_smach/share/executive_smach/package.zsh'
[11.773s] Level 1:colcon.colcon_core.environment:create_file_with_runtime_dependencies(/home/aaa/robot/ros2_ws/install/executive_smach/share/colcon-core/packages/executive_smach)
[11.773s] Level 1:colcon.colcon_core.environment:create_environment_scripts_only(executive_smach)
[11.773s] Level 1:colcon.colcon_core.environment:checking '/home/aaa/robot/ros2_ws/install/executive_smach' for CMake module files
[11.773s] Level 1:colcon.colcon_core.environment:checking '/home/aaa/robot/ros2_ws/install/executive_smach' for CMake config files
[11.773s] Level 1:colcon.colcon_core.shell:create_environment_hook('executive_smach', 'cmake_prefix_path')
[11.773s] INFO:colcon.colcon_core.shell:Creating environment hook '/home/aaa/robot/ros2_ws/install/executive_smach/share/executive_smach/hook/cmake_prefix_path.ps1'
[11.773s] INFO:colcon.colcon_core.shell:Creating environment descriptor '/home/aaa/robot/ros2_ws/install/executive_smach/share/executive_smach/hook/cmake_prefix_path.dsv'
[11.773s] INFO:colcon.colcon_core.shell:Creating environment hook '/home/aaa/robot/ros2_ws/install/executive_smach/share/executive_smach/hook/cmake_prefix_path.sh'
[11.774s] Level 1:colcon.colcon_core.environment:checking '/home/aaa/robot/ros2_ws/install/executive_smach/bin'
[11.774s] Level 1:colcon.colcon_core.environment:checking '/home/aaa/robot/ros2_ws/install/executive_smach/lib/pkgconfig/executive_smach.pc'
[11.774s] Level 1:colcon.colcon_core.environment:checking '/home/aaa/robot/ros2_ws/install/executive_smach/lib/python3.10/site-packages'
[11.774s] Level 1:colcon.colcon_core.environment:checking '/home/aaa/robot/ros2_ws/install/executive_smach/bin'
[11.774s] INFO:colcon.colcon_core.shell:Creating package script '/home/aaa/robot/ros2_ws/install/executive_smach/share/executive_smach/package.ps1'
[11.774s] INFO:colcon.colcon_core.shell:Creating package descriptor '/home/aaa/robot/ros2_ws/install/executive_smach/share/executive_smach/package.dsv'
[11.774s] INFO:colcon.colcon_core.shell:Creating package script '/home/aaa/robot/ros2_ws/install/executive_smach/share/executive_smach/package.sh'
[11.774s] INFO:colcon.colcon_core.shell:Creating package script '/home/aaa/robot/ros2_ws/install/executive_smach/share/executive_smach/package.bash'
[11.775s] INFO:colcon.colcon_core.shell:Creating package script '/home/aaa/robot/ros2_ws/install/executive_smach/share/executive_smach/package.zsh'
[11.775s] Level 1:colcon.colcon_core.environment:create_file_with_runtime_dependencies(/home/aaa/robot/ros2_ws/install/executive_smach/share/colcon-core/packages/executive_smach)
[11.775s] DEBUG:colcon.colcon_parallel_executor.executor.parallel:closing loop
[11.775s] DEBUG:colcon.colcon_parallel_executor.executor.parallel:loop closed
[11.775s] DEBUG:colcon.colcon_parallel_executor.executor.parallel:run_until_complete finished with '0'
[11.775s] DEBUG:colcon.colcon_core.event_reactor:joining thread
[11.784s] INFO:colcon.colcon_core.plugin_system:Skipping extension 'colcon_notification.desktop_notification.terminal_notifier': Not used on non-Darwin systems
[11.784s] INFO:colcon.colcon_core.plugin_system:Skipping extension 'colcon_notification.desktop_notification.win32': Not used on non-Windows systems
[11.784s] INFO:colcon.colcon_notification.desktop_notification:Sending desktop notification using 'notify2'
[11.821s] DEBUG:colcon.colcon_core.event_reactor:joined thread
[11.821s] INFO:colcon.colcon_core.shell:Creating prefix script '/home/aaa/robot/ros2_ws/install/local_setup.ps1'
[11.822s] INFO:colcon.colcon_core.shell:Creating prefix util module '/home/aaa/robot/ros2_ws/install/_local_setup_util_ps1.py'
[11.823s] INFO:colcon.colcon_core.shell:Creating prefix chain script '/home/aaa/robot/ros2_ws/install/setup.ps1'
[11.824s] INFO:colcon.colcon_core.shell:Creating prefix script '/home/aaa/robot/ros2_ws/install/local_setup.sh'
[11.824s] INFO:colcon.colcon_core.shell:Creating prefix util module '/home/aaa/robot/ros2_ws/install/_local_setup_util_sh.py'
[11.824s] INFO:colcon.colcon_core.shell:Creating prefix chain script '/home/aaa/robot/ros2_ws/install/setup.sh'
[11.825s] INFO:colcon.colcon_core.shell:Creating prefix script '/home/aaa/robot/ros2_ws/install/local_setup.bash'
[11.825s] INFO:colcon.colcon_core.shell:Creating prefix chain script '/home/aaa/robot/ros2_ws/install/setup.bash'
[11.827s] INFO:colcon.colcon_core.shell:Creating prefix script '/home/aaa/robot/ros2_ws/install/local_setup.zsh'
[11.828s] INFO:colcon.colcon_core.shell:Creating prefix chain script '/home/aaa/robot/ros2_ws/install/setup.zsh'
