[1.630s] Invoking command in '/home/aaa/robot/ros2_ws/build/mj_bridge': PYTHONPATH=/home/aaa/robot/ros2_ws/build/mj_bridge/prefix_override:/usr/lib/python3/dist-packages/colcon_core/task/python/colcon_distutils_commands:/home/aaa/robot/ros2_ws/install/mj_bridge/lib/python3.10/site-packages:${PYTHONPATH} /usr/bin/python3 -W ignore:setup.py install is deprecated -W ignore:easy_install command is deprecated setup.py develop --uninstall --editable --build-directory /home/aaa/robot/ros2_ws/build/mj_bridge/build
[2.305s] running develop
[2.608s] Removing /home/aaa/robot/ros2_ws/install/mj_bridge/lib/python3.10/site-packages/mj-bridge.egg-link (link to .)
[2.794s] Invoked command in '/home/aaa/robot/ros2_ws/build/mj_bridge' returned '0': PYTHONPATH=/home/aaa/robot/ros2_ws/build/mj_bridge/prefix_override:/usr/lib/python3/dist-packages/colcon_core/task/python/colcon_distutils_commands:/home/aaa/robot/ros2_ws/install/mj_bridge/lib/python3.10/site-packages:${PYTHONPATH} /usr/bin/python3 -W ignore:setup.py install is deprecated -W ignore:easy_install command is deprecated setup.py develop --uninstall --editable --build-directory /home/aaa/robot/ros2_ws/build/mj_bridge/build
[2.828s] Invoking command in '/home/aaa/robot/ros2_ws/src/mj_bridge': PYTHONPATH=/home/aaa/robot/ros2_ws/build/mj_bridge/prefix_override:/usr/lib/python3/dist-packages/colcon_core/task/python/colcon_distutils_commands:/home/aaa/robot/ros2_ws/install/mj_bridge/lib/python3.10/site-packages:${PYTHONPATH} /usr/bin/python3 -W ignore:setup.py install is deprecated -W ignore:easy_install command is deprecated setup.py egg_info --egg-base ../../build/mj_bridge build --build-base /home/aaa/robot/ros2_ws/build/mj_bridge/build install --record /home/aaa/robot/ros2_ws/build/mj_bridge/install.log --single-version-externally-managed install_data --force
[3.239s] running egg_info
[3.241s] writing ../../build/mj_bridge/mj_bridge.egg-info/PKG-INFO
[3.241s] writing dependency_links to ../../build/mj_bridge/mj_bridge.egg-info/dependency_links.txt
[3.241s] writing entry points to ../../build/mj_bridge/mj_bridge.egg-info/entry_points.txt
[3.242s] writing requirements to ../../build/mj_bridge/mj_bridge.egg-info/requires.txt
[3.242s] writing top-level names to ../../build/mj_bridge/mj_bridge.egg-info/top_level.txt
[3.259s] reading manifest file '../../build/mj_bridge/mj_bridge.egg-info/SOURCES.txt'
[3.260s] writing manifest file '../../build/mj_bridge/mj_bridge.egg-info/SOURCES.txt'
[3.260s] running build
[3.260s] running build_py
[3.261s] running install
[3.261s] running install_lib
[3.262s] copying /home/aaa/robot/ros2_ws/build/mj_bridge/build/lib/mj_bridge/pick1.py -> /home/aaa/robot/ros2_ws/install/mj_bridge/lib/python3.10/site-packages/mj_bridge
[3.262s] copying /home/aaa/robot/ros2_ws/build/mj_bridge/build/lib/mj_bridge/vlm_node2.py -> /home/aaa/robot/ros2_ws/install/mj_bridge/lib/python3.10/site-packages/mj_bridge
[3.263s] copying /home/aaa/robot/ros2_ws/build/mj_bridge/build/lib/mj_bridge/virtual_camera.py -> /home/aaa/robot/ros2_ws/install/mj_bridge/lib/python3.10/site-packages/mj_bridge
[3.263s] copying /home/aaa/robot/ros2_ws/build/mj_bridge/build/lib/mj_bridge/vlm_node.py -> /home/aaa/robot/ros2_ws/install/mj_bridge/lib/python3.10/site-packages/mj_bridge
[3.263s] copying /home/aaa/robot/ros2_ws/build/mj_bridge/build/lib/mj_bridge/__init__.py -> /home/aaa/robot/ros2_ws/install/mj_bridge/lib/python3.10/site-packages/mj_bridge
[3.264s] copying /home/aaa/robot/ros2_ws/build/mj_bridge/build/lib/mj_bridge/yolo_sam.py -> /home/aaa/robot/ros2_ws/install/mj_bridge/lib/python3.10/site-packages/mj_bridge
[3.265s] copying /home/aaa/robot/ros2_ws/build/mj_bridge/build/lib/mj_bridge/mj_bridge2.py -> /home/aaa/robot/ros2_ws/install/mj_bridge/lib/python3.10/site-packages/mj_bridge
[3.266s] copying /home/aaa/robot/ros2_ws/build/mj_bridge/build/lib/mj_bridge/mj_bridge3.py -> /home/aaa/robot/ros2_ws/install/mj_bridge/lib/python3.10/site-packages/mj_bridge
[3.266s] copying /home/aaa/robot/ros2_ws/build/mj_bridge/build/lib/mj_bridge/mj_bridge.py -> /home/aaa/robot/ros2_ws/install/mj_bridge/lib/python3.10/site-packages/mj_bridge
[3.266s] copying /home/aaa/robot/ros2_ws/build/mj_bridge/build/lib/mj_bridge/test_panda.py -> /home/aaa/robot/ros2_ws/install/mj_bridge/lib/python3.10/site-packages/mj_bridge
[3.274s] byte-compiling /home/aaa/robot/ros2_ws/install/mj_bridge/lib/python3.10/site-packages/mj_bridge/pick1.py to pick1.cpython-310.pyc
[3.277s] byte-compiling /home/aaa/robot/ros2_ws/install/mj_bridge/lib/python3.10/site-packages/mj_bridge/vlm_node2.py to vlm_node2.cpython-310.pyc
[3.278s] byte-compiling /home/aaa/robot/ros2_ws/install/mj_bridge/lib/python3.10/site-packages/mj_bridge/virtual_camera.py to virtual_camera.cpython-310.pyc
[3.281s] byte-compiling /home/aaa/robot/ros2_ws/install/mj_bridge/lib/python3.10/site-packages/mj_bridge/vlm_node.py to vlm_node.cpython-310.pyc
[3.282s] byte-compiling /home/aaa/robot/ros2_ws/install/mj_bridge/lib/python3.10/site-packages/mj_bridge/__init__.py to __init__.cpython-310.pyc
[3.283s] byte-compiling /home/aaa/robot/ros2_ws/install/mj_bridge/lib/python3.10/site-packages/mj_bridge/yolo_sam.py to yolo_sam.cpython-310.pyc
[3.288s] byte-compiling /home/aaa/robot/ros2_ws/install/mj_bridge/lib/python3.10/site-packages/mj_bridge/mj_bridge2.py to mj_bridge2.cpython-310.pyc
[3.288s] byte-compiling /home/aaa/robot/ros2_ws/install/mj_bridge/lib/python3.10/site-packages/mj_bridge/mj_bridge3.py to mj_bridge3.cpython-310.pyc
[3.290s] byte-compiling /home/aaa/robot/ros2_ws/install/mj_bridge/lib/python3.10/site-packages/mj_bridge/mj_bridge.py to mj_bridge.cpython-310.pyc
[3.292s] byte-compiling /home/aaa/robot/ros2_ws/install/mj_bridge/lib/python3.10/site-packages/mj_bridge/test_panda.py to test_panda.cpython-310.pyc
[3.292s] running install_data
[3.292s] copying resource/mj_bridge -> /home/aaa/robot/ros2_ws/install/mj_bridge/share/ament_index/resource_index/packages
[3.293s] copying package.xml -> /home/aaa/robot/ros2_ws/install/mj_bridge/share/mj_bridge
[3.293s] running install_egg_info
[3.303s] Copying ../../build/mj_bridge/mj_bridge.egg-info to /home/aaa/robot/ros2_ws/install/mj_bridge/lib/python3.10/site-packages/mj_bridge-0.0.0-py3.10.egg-info
[3.304s] running install_scripts
[3.344s] Installing mj_bridge script to /home/aaa/robot/ros2_ws/install/mj_bridge/lib/mj_bridge
[3.345s] Installing pick_and_place script to /home/aaa/robot/ros2_ws/install/mj_bridge/lib/mj_bridge
[3.348s] writing list of installed files to '/home/aaa/robot/ros2_ws/build/mj_bridge/install.log'
[3.423s] Invoked command in '/home/aaa/robot/ros2_ws/src/mj_bridge' returned '0': PYTHONPATH=/home/aaa/robot/ros2_ws/build/mj_bridge/prefix_override:/usr/lib/python3/dist-packages/colcon_core/task/python/colcon_distutils_commands:/home/aaa/robot/ros2_ws/install/mj_bridge/lib/python3.10/site-packages:${PYTHONPATH} /usr/bin/python3 -W ignore:setup.py install is deprecated -W ignore:easy_install command is deprecated setup.py egg_info --egg-base ../../build/mj_bridge build --build-base /home/aaa/robot/ros2_ws/build/mj_bridge/build install --record /home/aaa/robot/ros2_ws/build/mj_bridge/install.log --single-version-externally-managed install_data --force
