[0.413s] DEBUG:colcon:Command line arguments: ['/usr/bin/colcon', 'build']
[0.413s] DEBUG:colcon:Parsed command line arguments: Namespace(log_base=None, log_level=None, verb_name='build', build_base='build', install_base='install', merge_install=False, symlink_install=False, test_result_base=None, continue_on_error=False, executor='parallel', parallel_workers=2, event_handlers=None, ignore_user_meta=False, metas=['./colcon.meta'], base_paths=['.'], packages_ignore=None, packages_ignore_regex=None, paths=None, packages_up_to=None, packages_up_to_regex=None, packages_above=None, packages_above_and_dependencies=None, packages_above_depth=None, packages_select_by_dep=None, packages_skip_by_dep=None, packages_skip_up_to=None, packages_select_build_failed=False, packages_skip_build_finished=False, packages_select_test_failures=False, packages_skip_test_passed=False, packages_select=None, packages_skip=None, packages_select_regex=None, packages_skip_regex=None, packages_start=None, packages_end=None, allow_overriding=[], cmake_args=None, cmake_target=None, cmake_target_skip_unavailable=False, cmake_clean_cache=False, cmake_clean_first=False, cmake_force_configure=False, ament_cmake_args=None, catkin_cmake_args=None, catkin_skip_building_tests=False, verb_parser=<colcon_defaults.argument_parser.defaults.DefaultArgumentsDecorator object at 0xffffb6cb0df0>, verb_extension=<colcon_core.verb.build.BuildVerb object at 0xffffb6cb08b0>, main=<bound method BuildVerb.main of <colcon_core.verb.build.BuildVerb object at 0xffffb6cb08b0>>)
[0.864s] Level 1:colcon.colcon_core.package_discovery:discover_packages(colcon_meta) check parameters
[0.864s] Level 1:colcon.colcon_core.package_discovery:discover_packages(recursive) check parameters
[0.864s] Level 1:colcon.colcon_core.package_discovery:discover_packages(ignore) check parameters
[0.864s] Level 1:colcon.colcon_core.package_discovery:discover_packages(path) check parameters
[0.864s] Level 1:colcon.colcon_core.package_discovery:discover_packages(colcon_meta) discover
[0.864s] Level 1:colcon.colcon_core.package_discovery:discover_packages(recursive) discover
[0.864s] INFO:colcon.colcon_core.package_discovery:Crawling recursively for packages in '/home/aaa/robot/ros2_ws'
[0.864s] Level 1:colcon.colcon_core.package_identification:_identify(.) by extensions ['ignore', 'ignore_ament_install']
[0.864s] Level 1:colcon.colcon_core.package_identification:_identify(.) by extension 'ignore'
[0.865s] Level 1:colcon.colcon_core.package_identification:_identify(.) by extension 'ignore_ament_install'
[0.865s] Level 1:colcon.colcon_core.package_identification:_identify(.) by extensions ['colcon_pkg']
[0.865s] Level 1:colcon.colcon_core.package_identification:_identify(.) by extension 'colcon_pkg'
[0.865s] Level 1:colcon.colcon_core.package_identification:_identify(.) by extensions ['colcon_meta']
[0.865s] Level 1:colcon.colcon_core.package_identification:_identify(.) by extension 'colcon_meta'
[0.865s] Level 1:colcon.colcon_core.package_identification:_identify(.) by extensions ['ros']
[0.865s] Level 1:colcon.colcon_core.package_identification:_identify(.) by extension 'ros'
[0.882s] Level 1:colcon.colcon_core.package_identification:_identify(.) by extensions ['cmake', 'python']
[0.882s] Level 1:colcon.colcon_core.package_identification:_identify(.) by extension 'cmake'
[0.882s] Level 1:colcon.colcon_core.package_identification:_identify(.) by extension 'python'
[0.882s] Level 1:colcon.colcon_core.package_identification:_identify(.) by extensions ['python_setup_py']
[0.882s] Level 1:colcon.colcon_core.package_identification:_identify(.) by extension 'python_setup_py'
[0.882s] Level 1:colcon.colcon_core.package_identification:_identify(build) by extensions ['ignore', 'ignore_ament_install']
[0.882s] Level 1:colcon.colcon_core.package_identification:_identify(build) by extension 'ignore'
[0.882s] Level 1:colcon.colcon_core.package_identification:_identify(build) ignored
[0.883s] Level 1:colcon.colcon_core.package_identification:_identify(executive_smach) by extensions ['ignore', 'ignore_ament_install']
[0.883s] Level 1:colcon.colcon_core.package_identification:_identify(executive_smach) by extension 'ignore'
[0.883s] Level 1:colcon.colcon_core.package_identification:_identify(executive_smach) by extension 'ignore_ament_install'
[0.883s] Level 1:colcon.colcon_core.package_identification:_identify(executive_smach) by extensions ['colcon_pkg']
[0.883s] Level 1:colcon.colcon_core.package_identification:_identify(executive_smach) by extension 'colcon_pkg'
[0.883s] Level 1:colcon.colcon_core.package_identification:_identify(executive_smach) by extensions ['colcon_meta']
[0.883s] Level 1:colcon.colcon_core.package_identification:_identify(executive_smach) by extension 'colcon_meta'
[0.883s] Level 1:colcon.colcon_core.package_identification:_identify(executive_smach) by extensions ['ros']
[0.883s] Level 1:colcon.colcon_core.package_identification:_identify(executive_smach) by extension 'ros'
[0.883s] Level 1:colcon.colcon_core.package_identification:_identify(executive_smach) by extensions ['cmake', 'python']
[0.883s] Level 1:colcon.colcon_core.package_identification:_identify(executive_smach) by extension 'cmake'
[0.883s] Level 1:colcon.colcon_core.package_identification:_identify(executive_smach) by extension 'python'
[0.883s] Level 1:colcon.colcon_core.package_identification:_identify(executive_smach) by extensions ['python_setup_py']
[0.883s] Level 1:colcon.colcon_core.package_identification:_identify(executive_smach) by extension 'python_setup_py'
[0.894s] Level 1:colcon.colcon_core.package_identification:_identify(executive_smach/executive_smach) by extensions ['ignore', 'ignore_ament_install']
[0.894s] Level 1:colcon.colcon_core.package_identification:_identify(executive_smach/executive_smach) by extension 'ignore'
[0.894s] Level 1:colcon.colcon_core.package_identification:_identify(executive_smach/executive_smach) by extension 'ignore_ament_install'
[0.894s] Level 1:colcon.colcon_core.package_identification:_identify(executive_smach/executive_smach) by extensions ['colcon_pkg']
[0.894s] Level 1:colcon.colcon_core.package_identification:_identify(executive_smach/executive_smach) by extension 'colcon_pkg'
[0.894s] Level 1:colcon.colcon_core.package_identification:_identify(executive_smach/executive_smach) by extensions ['colcon_meta']
[0.894s] Level 1:colcon.colcon_core.package_identification:_identify(executive_smach/executive_smach) by extension 'colcon_meta'
[0.894s] Level 1:colcon.colcon_core.package_identification:_identify(executive_smach/executive_smach) by extensions ['ros']
[0.894s] Level 1:colcon.colcon_core.package_identification:_identify(executive_smach/executive_smach) by extension 'ros'
[0.901s] DEBUG:colcon.colcon_core.package_identification:Package 'executive_smach/executive_smach' with type 'ros.ament_cmake' and name 'executive_smach'
[0.925s] Level 1:colcon.colcon_core.package_identification:_identify(executive_smach/smach) by extensions ['ignore', 'ignore_ament_install']
[0.925s] Level 1:colcon.colcon_core.package_identification:_identify(executive_smach/smach) by extension 'ignore'
[0.926s] Level 1:colcon.colcon_core.package_identification:_identify(executive_smach/smach) by extension 'ignore_ament_install'
[0.926s] Level 1:colcon.colcon_core.package_identification:_identify(executive_smach/smach) by extensions ['colcon_pkg']
[0.926s] Level 1:colcon.colcon_core.package_identification:_identify(executive_smach/smach) by extension 'colcon_pkg'
[0.926s] Level 1:colcon.colcon_core.package_identification:_identify(executive_smach/smach) by extensions ['colcon_meta']
[0.926s] Level 1:colcon.colcon_core.package_identification:_identify(executive_smach/smach) by extension 'colcon_meta'
[0.926s] Level 1:colcon.colcon_core.package_identification:_identify(executive_smach/smach) by extensions ['ros']
[0.926s] Level 1:colcon.colcon_core.package_identification:_identify(executive_smach/smach) by extension 'ros'
[0.942s] DEBUG:colcon.colcon_core.package_identification:Package 'executive_smach/smach' with type 'ros.ament_python' and name 'smach'
[0.957s] Level 1:colcon.colcon_core.package_identification:_identify(executive_smach/smach_msgs) by extensions ['ignore', 'ignore_ament_install']
[0.957s] Level 1:colcon.colcon_core.package_identification:_identify(executive_smach/smach_msgs) by extension 'ignore'
[0.957s] Level 1:colcon.colcon_core.package_identification:_identify(executive_smach/smach_msgs) by extension 'ignore_ament_install'
[0.957s] Level 1:colcon.colcon_core.package_identification:_identify(executive_smach/smach_msgs) by extensions ['colcon_pkg']
[0.957s] Level 1:colcon.colcon_core.package_identification:_identify(executive_smach/smach_msgs) by extension 'colcon_pkg'
[0.957s] Level 1:colcon.colcon_core.package_identification:_identify(executive_smach/smach_msgs) by extensions ['colcon_meta']
[0.957s] Level 1:colcon.colcon_core.package_identification:_identify(executive_smach/smach_msgs) by extension 'colcon_meta'
[0.957s] Level 1:colcon.colcon_core.package_identification:_identify(executive_smach/smach_msgs) by extensions ['ros']
[0.957s] Level 1:colcon.colcon_core.package_identification:_identify(executive_smach/smach_msgs) by extension 'ros'
[0.961s] DEBUG:colcon.colcon_core.package_identification:Package 'executive_smach/smach_msgs' with type 'ros.ament_cmake' and name 'smach_msgs'
[0.965s] Level 1:colcon.colcon_core.package_identification:_identify(executive_smach/smach_ros) by extensions ['ignore', 'ignore_ament_install']
[0.966s] Level 1:colcon.colcon_core.package_identification:_identify(executive_smach/smach_ros) by extension 'ignore'
[0.967s] Level 1:colcon.colcon_core.package_identification:_identify(executive_smach/smach_ros) by extension 'ignore_ament_install'
[0.967s] Level 1:colcon.colcon_core.package_identification:_identify(executive_smach/smach_ros) by extensions ['colcon_pkg']
[0.967s] Level 1:colcon.colcon_core.package_identification:_identify(executive_smach/smach_ros) by extension 'colcon_pkg'
[0.967s] Level 1:colcon.colcon_core.package_identification:_identify(executive_smach/smach_ros) by extensions ['colcon_meta']
[0.967s] Level 1:colcon.colcon_core.package_identification:_identify(executive_smach/smach_ros) by extension 'colcon_meta'
[0.967s] Level 1:colcon.colcon_core.package_identification:_identify(executive_smach/smach_ros) by extensions ['ros']
[0.967s] Level 1:colcon.colcon_core.package_identification:_identify(executive_smach/smach_ros) by extension 'ros'
[0.968s] DEBUG:colcon.colcon_core.package_identification:Package 'executive_smach/smach_ros' with type 'ros.ament_python' and name 'smach_ros'
[0.968s] Level 1:colcon.colcon_core.package_identification:_identify(install) by extensions ['ignore', 'ignore_ament_install']
[0.968s] Level 1:colcon.colcon_core.package_identification:_identify(install) by extension 'ignore'
[0.968s] Level 1:colcon.colcon_core.package_identification:_identify(install) ignored
[0.968s] Level 1:colcon.colcon_core.package_identification:_identify(log) by extensions ['ignore', 'ignore_ament_install']
[0.969s] Level 1:colcon.colcon_core.package_identification:_identify(log) by extension 'ignore'
[0.969s] Level 1:colcon.colcon_core.package_identification:_identify(log) ignored
[0.969s] Level 1:colcon.colcon_core.package_identification:_identify(src) by extensions ['ignore', 'ignore_ament_install']
[0.969s] Level 1:colcon.colcon_core.package_identification:_identify(src) by extension 'ignore'
[0.969s] Level 1:colcon.colcon_core.package_identification:_identify(src) by extension 'ignore_ament_install'
[0.969s] Level 1:colcon.colcon_core.package_identification:_identify(src) by extensions ['colcon_pkg']
[0.969s] Level 1:colcon.colcon_core.package_identification:_identify(src) by extension 'colcon_pkg'
[0.969s] Level 1:colcon.colcon_core.package_identification:_identify(src) by extensions ['colcon_meta']
[0.969s] Level 1:colcon.colcon_core.package_identification:_identify(src) by extension 'colcon_meta'
[0.969s] Level 1:colcon.colcon_core.package_identification:_identify(src) by extensions ['ros']
[0.969s] Level 1:colcon.colcon_core.package_identification:_identify(src) by extension 'ros'
[0.969s] Level 1:colcon.colcon_core.package_identification:_identify(src) by extensions ['cmake', 'python']
[0.969s] Level 1:colcon.colcon_core.package_identification:_identify(src) by extension 'cmake'
[0.969s] Level 1:colcon.colcon_core.package_identification:_identify(src) by extension 'python'
[0.969s] Level 1:colcon.colcon_core.package_identification:_identify(src) by extensions ['python_setup_py']
[0.969s] Level 1:colcon.colcon_core.package_identification:_identify(src) by extension 'python_setup_py'
[0.969s] Level 1:colcon.colcon_core.package_identification:_identify(src/build) by extensions ['ignore', 'ignore_ament_install']
[0.969s] Level 1:colcon.colcon_core.package_identification:_identify(src/build) by extension 'ignore'
[0.969s] Level 1:colcon.colcon_core.package_identification:_identify(src/build) ignored
[0.969s] Level 1:colcon.colcon_core.package_identification:_identify(src/install) by extensions ['ignore', 'ignore_ament_install']
[0.969s] Level 1:colcon.colcon_core.package_identification:_identify(src/install) by extension 'ignore'
[0.969s] Level 1:colcon.colcon_core.package_identification:_identify(src/install) ignored
[0.969s] Level 1:colcon.colcon_core.package_identification:_identify(src/log) by extensions ['ignore', 'ignore_ament_install']
[0.969s] Level 1:colcon.colcon_core.package_identification:_identify(src/log) by extension 'ignore'
[0.969s] Level 1:colcon.colcon_core.package_identification:_identify(src/log) ignored
[0.969s] Level 1:colcon.colcon_core.package_identification:_identify(src/mj_bridge) by extensions ['ignore', 'ignore_ament_install']
[0.969s] Level 1:colcon.colcon_core.package_identification:_identify(src/mj_bridge) by extension 'ignore'
[0.969s] Level 1:colcon.colcon_core.package_identification:_identify(src/mj_bridge) by extension 'ignore_ament_install'
[0.969s] Level 1:colcon.colcon_core.package_identification:_identify(src/mj_bridge) by extensions ['colcon_pkg']
[0.969s] Level 1:colcon.colcon_core.package_identification:_identify(src/mj_bridge) by extension 'colcon_pkg'
[0.969s] Level 1:colcon.colcon_core.package_identification:_identify(src/mj_bridge) by extensions ['colcon_meta']
[0.969s] Level 1:colcon.colcon_core.package_identification:_identify(src/mj_bridge) by extension 'colcon_meta'
[0.970s] Level 1:colcon.colcon_core.package_identification:_identify(src/mj_bridge) by extensions ['ros']
[0.970s] Level 1:colcon.colcon_core.package_identification:_identify(src/mj_bridge) by extension 'ros'
[0.970s] DEBUG:colcon.colcon_core.package_identification:Package 'src/mj_bridge' with type 'ros.ament_python' and name 'mj_bridge'
[0.970s] Level 1:colcon.colcon_core.package_identification:_identify(src/smach_demo) by extensions ['ignore', 'ignore_ament_install']
[0.970s] Level 1:colcon.colcon_core.package_identification:_identify(src/smach_demo) by extension 'ignore'
[0.970s] Level 1:colcon.colcon_core.package_identification:_identify(src/smach_demo) by extension 'ignore_ament_install'
[0.970s] Level 1:colcon.colcon_core.package_identification:_identify(src/smach_demo) by extensions ['colcon_pkg']
[0.970s] Level 1:colcon.colcon_core.package_identification:_identify(src/smach_demo) by extension 'colcon_pkg'
[0.970s] Level 1:colcon.colcon_core.package_identification:_identify(src/smach_demo) by extensions ['colcon_meta']
[0.970s] Level 1:colcon.colcon_core.package_identification:_identify(src/smach_demo) by extension 'colcon_meta'
[0.970s] Level 1:colcon.colcon_core.package_identification:_identify(src/smach_demo) by extensions ['ros']
[0.970s] Level 1:colcon.colcon_core.package_identification:_identify(src/smach_demo) by extension 'ros'
[0.970s] DEBUG:colcon.colcon_core.package_identification:Package 'src/smach_demo' with type 'ros.ament_python' and name 'smach_demo'
[0.970s] Level 1:colcon.colcon_core.package_discovery:discover_packages(recursive) using defaults
[0.970s] Level 1:colcon.colcon_core.package_discovery:discover_packages(ignore) discover
[0.970s] Level 1:colcon.colcon_core.package_discovery:discover_packages(ignore) using defaults
[0.970s] Level 1:colcon.colcon_core.package_discovery:discover_packages(path) discover
[0.970s] Level 1:colcon.colcon_core.package_discovery:discover_packages(path) using defaults
[1.074s] Level 1:colcon.colcon_core.package_discovery:discover_packages(prefix_path) check parameters
[1.074s] Level 1:colcon.colcon_core.package_discovery:discover_packages(prefix_path) discover
[1.075s] DEBUG:colcon.colcon_installed_package_information.package_discovery:Found 2 installed packages in /home/aaa/robot/ros2_ws/src/install
[1.086s] DEBUG:colcon.colcon_installed_package_information.package_discovery:Found 363 installed packages in /opt/ros/humble
[1.087s] Level 1:colcon.colcon_core.package_discovery:discover_packages(prefix_path) using defaults
[1.204s] Level 5:colcon.colcon_core.verb:set package 'mj_bridge' build argument 'cmake_args' from command line to 'None'
[1.204s] Level 5:colcon.colcon_core.verb:set package 'mj_bridge' build argument 'cmake_target' from command line to 'None'
[1.204s] Level 5:colcon.colcon_core.verb:set package 'mj_bridge' build argument 'cmake_target_skip_unavailable' from command line to 'False'
[1.204s] Level 5:colcon.colcon_core.verb:set package 'mj_bridge' build argument 'cmake_clean_cache' from command line to 'False'
[1.204s] Level 5:colcon.colcon_core.verb:set package 'mj_bridge' build argument 'cmake_clean_first' from command line to 'False'
[1.204s] Level 5:colcon.colcon_core.verb:set package 'mj_bridge' build argument 'cmake_force_configure' from command line to 'False'
[1.204s] Level 5:colcon.colcon_core.verb:set package 'mj_bridge' build argument 'ament_cmake_args' from command line to 'None'
[1.204s] Level 5:colcon.colcon_core.verb:set package 'mj_bridge' build argument 'catkin_cmake_args' from command line to 'None'
[1.204s] Level 5:colcon.colcon_core.verb:set package 'mj_bridge' build argument 'catkin_skip_building_tests' from command line to 'False'
[1.204s] DEBUG:colcon.colcon_core.verb:Building package 'mj_bridge' with the following arguments: {'ament_cmake_args': None, 'build_base': '/home/aaa/robot/ros2_ws/build/mj_bridge', 'catkin_cmake_args': None, 'catkin_skip_building_tests': False, 'cmake_args': None, 'cmake_clean_cache': False, 'cmake_clean_first': False, 'cmake_force_configure': False, 'cmake_target': None, 'cmake_target_skip_unavailable': False, 'install_base': '/home/aaa/robot/ros2_ws/install/mj_bridge', 'merge_install': False, 'path': '/home/aaa/robot/ros2_ws/src/mj_bridge', 'symlink_install': False, 'test_result_base': None}
[1.204s] Level 5:colcon.colcon_core.verb:set package 'smach' build argument 'cmake_args' from command line to 'None'
[1.204s] Level 5:colcon.colcon_core.verb:set package 'smach' build argument 'cmake_target' from command line to 'None'
[1.204s] Level 5:colcon.colcon_core.verb:set package 'smach' build argument 'cmake_target_skip_unavailable' from command line to 'False'
[1.204s] Level 5:colcon.colcon_core.verb:set package 'smach' build argument 'cmake_clean_cache' from command line to 'False'
[1.204s] Level 5:colcon.colcon_core.verb:set package 'smach' build argument 'cmake_clean_first' from command line to 'False'
[1.204s] Level 5:colcon.colcon_core.verb:set package 'smach' build argument 'cmake_force_configure' from command line to 'False'
[1.204s] Level 5:colcon.colcon_core.verb:set package 'smach' build argument 'ament_cmake_args' from command line to 'None'
[1.204s] Level 5:colcon.colcon_core.verb:set package 'smach' build argument 'catkin_cmake_args' from command line to 'None'
[1.204s] Level 5:colcon.colcon_core.verb:set package 'smach' build argument 'catkin_skip_building_tests' from command line to 'False'
[1.204s] DEBUG:colcon.colcon_core.verb:Building package 'smach' with the following arguments: {'ament_cmake_args': None, 'build_base': '/home/aaa/robot/ros2_ws/build/smach', 'catkin_cmake_args': None, 'catkin_skip_building_tests': False, 'cmake_args': None, 'cmake_clean_cache': False, 'cmake_clean_first': False, 'cmake_force_configure': False, 'cmake_target': None, 'cmake_target_skip_unavailable': False, 'install_base': '/home/aaa/robot/ros2_ws/install/smach', 'merge_install': False, 'path': '/home/aaa/robot/ros2_ws/executive_smach/smach', 'symlink_install': False, 'test_result_base': None}
[1.204s] Level 5:colcon.colcon_core.verb:set package 'smach_demo' build argument 'cmake_args' from command line to 'None'
[1.204s] Level 5:colcon.colcon_core.verb:set package 'smach_demo' build argument 'cmake_target' from command line to 'None'
[1.204s] Level 5:colcon.colcon_core.verb:set package 'smach_demo' build argument 'cmake_target_skip_unavailable' from command line to 'False'
[1.204s] Level 5:colcon.colcon_core.verb:set package 'smach_demo' build argument 'cmake_clean_cache' from command line to 'False'
[1.204s] Level 5:colcon.colcon_core.verb:set package 'smach_demo' build argument 'cmake_clean_first' from command line to 'False'
[1.204s] Level 5:colcon.colcon_core.verb:set package 'smach_demo' build argument 'cmake_force_configure' from command line to 'False'
[1.204s] Level 5:colcon.colcon_core.verb:set package 'smach_demo' build argument 'ament_cmake_args' from command line to 'None'
[1.204s] Level 5:colcon.colcon_core.verb:set package 'smach_demo' build argument 'catkin_cmake_args' from command line to 'None'
[1.204s] Level 5:colcon.colcon_core.verb:set package 'smach_demo' build argument 'catkin_skip_building_tests' from command line to 'False'
[1.204s] DEBUG:colcon.colcon_core.verb:Building package 'smach_demo' with the following arguments: {'ament_cmake_args': None, 'build_base': '/home/aaa/robot/ros2_ws/build/smach_demo', 'catkin_cmake_args': None, 'catkin_skip_building_tests': False, 'cmake_args': None, 'cmake_clean_cache': False, 'cmake_clean_first': False, 'cmake_force_configure': False, 'cmake_target': None, 'cmake_target_skip_unavailable': False, 'install_base': '/home/aaa/robot/ros2_ws/install/smach_demo', 'merge_install': False, 'path': '/home/aaa/robot/ros2_ws/src/smach_demo', 'symlink_install': False, 'test_result_base': None}
[1.204s] Level 5:colcon.colcon_core.verb:set package 'smach_msgs' build argument 'cmake_args' from command line to 'None'
[1.204s] Level 5:colcon.colcon_core.verb:set package 'smach_msgs' build argument 'cmake_target' from command line to 'None'
[1.204s] Level 5:colcon.colcon_core.verb:set package 'smach_msgs' build argument 'cmake_target_skip_unavailable' from command line to 'False'
[1.204s] Level 5:colcon.colcon_core.verb:set package 'smach_msgs' build argument 'cmake_clean_cache' from command line to 'False'
[1.205s] Level 5:colcon.colcon_core.verb:set package 'smach_msgs' build argument 'cmake_clean_first' from command line to 'False'
[1.205s] Level 5:colcon.colcon_core.verb:set package 'smach_msgs' build argument 'cmake_force_configure' from command line to 'False'
[1.205s] Level 5:colcon.colcon_core.verb:set package 'smach_msgs' build argument 'ament_cmake_args' from command line to 'None'
[1.205s] Level 5:colcon.colcon_core.verb:set package 'smach_msgs' build argument 'catkin_cmake_args' from command line to 'None'
[1.205s] Level 5:colcon.colcon_core.verb:set package 'smach_msgs' build argument 'catkin_skip_building_tests' from command line to 'False'
[1.205s] DEBUG:colcon.colcon_core.verb:Building package 'smach_msgs' with the following arguments: {'ament_cmake_args': None, 'build_base': '/home/aaa/robot/ros2_ws/build/smach_msgs', 'catkin_cmake_args': None, 'catkin_skip_building_tests': False, 'cmake_args': None, 'cmake_clean_cache': False, 'cmake_clean_first': False, 'cmake_force_configure': False, 'cmake_target': None, 'cmake_target_skip_unavailable': False, 'install_base': '/home/aaa/robot/ros2_ws/install/smach_msgs', 'merge_install': False, 'path': '/home/aaa/robot/ros2_ws/executive_smach/smach_msgs', 'symlink_install': False, 'test_result_base': None}
[1.205s] Level 5:colcon.colcon_core.verb:set package 'smach_ros' build argument 'cmake_args' from command line to 'None'
[1.205s] Level 5:colcon.colcon_core.verb:set package 'smach_ros' build argument 'cmake_target' from command line to 'None'
[1.205s] Level 5:colcon.colcon_core.verb:set package 'smach_ros' build argument 'cmake_target_skip_unavailable' from command line to 'False'
[1.205s] Level 5:colcon.colcon_core.verb:set package 'smach_ros' build argument 'cmake_clean_cache' from command line to 'False'
[1.213s] Level 5:colcon.colcon_core.verb:set package 'smach_ros' build argument 'cmake_clean_first' from command line to 'False'
[1.213s] Level 5:colcon.colcon_core.verb:set package 'smach_ros' build argument 'cmake_force_configure' from command line to 'False'
[1.213s] Level 5:colcon.colcon_core.verb:set package 'smach_ros' build argument 'ament_cmake_args' from command line to 'None'
[1.213s] Level 5:colcon.colcon_core.verb:set package 'smach_ros' build argument 'catkin_cmake_args' from command line to 'None'
[1.213s] Level 5:colcon.colcon_core.verb:set package 'smach_ros' build argument 'catkin_skip_building_tests' from command line to 'False'
[1.213s] DEBUG:colcon.colcon_core.verb:Building package 'smach_ros' with the following arguments: {'ament_cmake_args': None, 'build_base': '/home/aaa/robot/ros2_ws/build/smach_ros', 'catkin_cmake_args': None, 'catkin_skip_building_tests': False, 'cmake_args': None, 'cmake_clean_cache': False, 'cmake_clean_first': False, 'cmake_force_configure': False, 'cmake_target': None, 'cmake_target_skip_unavailable': False, 'install_base': '/home/aaa/robot/ros2_ws/install/smach_ros', 'merge_install': False, 'path': '/home/aaa/robot/ros2_ws/executive_smach/smach_ros', 'symlink_install': False, 'test_result_base': None}
[1.213s] Level 5:colcon.colcon_core.verb:set package 'executive_smach' build argument 'cmake_args' from command line to 'None'
[1.213s] Level 5:colcon.colcon_core.verb:set package 'executive_smach' build argument 'cmake_target' from command line to 'None'
[1.213s] Level 5:colcon.colcon_core.verb:set package 'executive_smach' build argument 'cmake_target_skip_unavailable' from command line to 'False'
[1.213s] Level 5:colcon.colcon_core.verb:set package 'executive_smach' build argument 'cmake_clean_cache' from command line to 'False'
[1.213s] Level 5:colcon.colcon_core.verb:set package 'executive_smach' build argument 'cmake_clean_first' from command line to 'False'
[1.213s] Level 5:colcon.colcon_core.verb:set package 'executive_smach' build argument 'cmake_force_configure' from command line to 'False'
[1.213s] Level 5:colcon.colcon_core.verb:set package 'executive_smach' build argument 'ament_cmake_args' from command line to 'None'
[1.213s] Level 5:colcon.colcon_core.verb:set package 'executive_smach' build argument 'catkin_cmake_args' from command line to 'None'
[1.213s] Level 5:colcon.colcon_core.verb:set package 'executive_smach' build argument 'catkin_skip_building_tests' from command line to 'False'
[1.213s] DEBUG:colcon.colcon_core.verb:Building package 'executive_smach' with the following arguments: {'ament_cmake_args': None, 'build_base': '/home/aaa/robot/ros2_ws/build/executive_smach', 'catkin_cmake_args': None, 'catkin_skip_building_tests': False, 'cmake_args': None, 'cmake_clean_cache': False, 'cmake_clean_first': False, 'cmake_force_configure': False, 'cmake_target': None, 'cmake_target_skip_unavailable': False, 'install_base': '/home/aaa/robot/ros2_ws/install/executive_smach', 'merge_install': False, 'path': '/home/aaa/robot/ros2_ws/executive_smach/executive_smach', 'symlink_install': False, 'test_result_base': None}
[1.213s] INFO:colcon.colcon_core.executor:Executing jobs using 'parallel' executor
[1.224s] DEBUG:colcon.colcon_parallel_executor.executor.parallel:run_until_complete
[1.225s] INFO:colcon.colcon_ros.task.ament_python.build:Building ROS package in '/home/aaa/robot/ros2_ws/executive_smach/smach' with build type 'ament_python'
[1.225s] Level 1:colcon.colcon_core.shell:create_environment_hook('smach', 'ament_prefix_path')
[1.229s] INFO:colcon.colcon_core.plugin_system:Skipping extension 'colcon_core.shell.bat': Not used on non-Windows systems
[1.229s] INFO:colcon.colcon_core.shell:Creating environment hook '/home/aaa/robot/ros2_ws/install/smach/share/smach/hook/ament_prefix_path.ps1'
[1.233s] INFO:colcon.colcon_core.shell:Creating environment descriptor '/home/aaa/robot/ros2_ws/install/smach/share/smach/hook/ament_prefix_path.dsv'
[1.233s] INFO:colcon.colcon_core.shell:Creating environment hook '/home/aaa/robot/ros2_ws/install/smach/share/smach/hook/ament_prefix_path.sh'
[1.234s] INFO:colcon.colcon_core.shell:Skip shell extension 'powershell' for command environment: Not usable outside of PowerShell
[1.234s] DEBUG:colcon.colcon_core.shell:Skip shell extension 'dsv' for command environment
[1.243s] INFO:colcon.colcon_ros.task.ament_cmake.build:Building ROS package in '/home/aaa/robot/ros2_ws/executive_smach/smach_msgs' with build type 'ament_cmake'
[1.243s] INFO:colcon.colcon_cmake.task.cmake.build:Building CMake package in '/home/aaa/robot/ros2_ws/executive_smach/smach_msgs'
[1.243s] INFO:colcon.colcon_core.shell:Skip shell extension 'powershell' for command environment: Not usable outside of PowerShell
[1.243s] DEBUG:colcon.colcon_core.shell:Skip shell extension 'dsv' for command environment
[1.900s] INFO:colcon.colcon_core.task.python.build:Building Python package in '/home/aaa/robot/ros2_ws/executive_smach/smach'
[1.901s] INFO:colcon.colcon_core.shell:Skip shell extension 'powershell' for command environment: Not usable outside of PowerShell
[1.901s] DEBUG:colcon.colcon_core.shell:Skip shell extension 'dsv' for command environment
[1.932s] DEBUG:colcon.colcon_core.event_handler.log_command:Invoking command in '/home/aaa/robot/ros2_ws/build/smach_msgs': CMAKE_PREFIX_PATH=/home/aaa/robot/ros2_ws/src/install/smach_demo:/home/aaa/robot/ros2_ws/src/install/mj_bridge:/opt/ros/humble PS1=(mj) \[\e]0;\u@\h: \w\a\]${debian_chroot:+($debian_chroot)}\[\033[01;32m\]\u@\h\[\033[00m\]:\[\033[01;34m\]\w\[\033[00m\]\$ VIRTUAL_ENV_PROMPT=(mj) /usr/bin/cmake /home/aaa/robot/ros2_ws/executive_smach/smach_msgs -DCMAKE_INSTALL_PREFIX=/home/aaa/robot/ros2_ws/install/smach_msgs
[3.298s] DEBUG:colcon.colcon_core.event_handler.log_command:Invoking command in '/home/aaa/robot/ros2_ws/build/smach': PS1=(mj) \[\e]0;\u@\h: \w\a\]${debian_chroot:+($debian_chroot)}\[\033[01;32m\]\u@\h\[\033[00m\]:\[\033[01;34m\]\w\[\033[00m\]\$ PYTHONPATH=/home/aaa/robot/ros2_ws/build/smach/prefix_override:/usr/lib/python3/dist-packages/colcon_core/task/python/colcon_distutils_commands:/home/aaa/robot/ros2_ws/install/smach/lib/python3.10/site-packages:${PYTHONPATH} VIRTUAL_ENV_PROMPT=(mj) /usr/bin/python3 -W ignore:setup.py install is deprecated -W ignore:easy_install command is deprecated setup.py develop --uninstall --editable --build-directory /home/aaa/robot/ros2_ws/build/smach/build
[4.552s] DEBUG:colcon.colcon_core.event_handler.log_command:Invoked command in '/home/aaa/robot/ros2_ws/build/smach' returned '0': PS1=(mj) \[\e]0;\u@\h: \w\a\]${debian_chroot:+($debian_chroot)}\[\033[01;32m\]\u@\h\[\033[00m\]:\[\033[01;34m\]\w\[\033[00m\]\$ PYTHONPATH=/home/aaa/robot/ros2_ws/build/smach/prefix_override:/usr/lib/python3/dist-packages/colcon_core/task/python/colcon_distutils_commands:/home/aaa/robot/ros2_ws/install/smach/lib/python3.10/site-packages:${PYTHONPATH} VIRTUAL_ENV_PROMPT=(mj) /usr/bin/python3 -W ignore:setup.py install is deprecated -W ignore:easy_install command is deprecated setup.py develop --uninstall --editable --build-directory /home/aaa/robot/ros2_ws/build/smach/build
[4.553s] DEBUG:colcon.colcon_core.event_handler.log_command:Invoking command in '/home/aaa/robot/ros2_ws/executive_smach/smach': PS1=(mj) \[\e]0;\u@\h: \w\a\]${debian_chroot:+($debian_chroot)}\[\033[01;32m\]\u@\h\[\033[00m\]:\[\033[01;34m\]\w\[\033[00m\]\$ PYTHONPATH=/home/aaa/robot/ros2_ws/build/smach/prefix_override:/usr/lib/python3/dist-packages/colcon_core/task/python/colcon_distutils_commands:/home/aaa/robot/ros2_ws/install/smach/lib/python3.10/site-packages:${PYTHONPATH} VIRTUAL_ENV_PROMPT=(mj) /usr/bin/python3 -W ignore:setup.py install is deprecated -W ignore:easy_install command is deprecated setup.py egg_info --egg-base ../../build/smach build --build-base /home/aaa/robot/ros2_ws/build/smach/build install --record /home/aaa/robot/ros2_ws/build/smach/install.log --install-scripts $base/lib/smach --single-version-externally-managed install_data --force
[5.313s] Level 1:colcon.colcon_core.environment:checking '/home/aaa/robot/ros2_ws/install/smach' for CMake module files
[5.313s] Level 1:colcon.colcon_core.environment:checking '/home/aaa/robot/ros2_ws/install/smach' for CMake config files
[5.314s] Level 1:colcon.colcon_core.environment:checking '/home/aaa/robot/ros2_ws/install/smach/lib'
[5.314s] Level 1:colcon.colcon_core.environment:checking '/home/aaa/robot/ros2_ws/install/smach/bin'
[5.314s] Level 1:colcon.colcon_core.environment:checking '/home/aaa/robot/ros2_ws/install/smach/lib/pkgconfig/smach.pc'
[5.314s] Level 1:colcon.colcon_core.environment:checking '/home/aaa/robot/ros2_ws/install/smach/lib/python3.10/site-packages'
[5.314s] Level 1:colcon.colcon_core.shell:create_environment_hook('smach', 'pythonpath')
[5.314s] INFO:colcon.colcon_core.shell:Creating environment hook '/home/aaa/robot/ros2_ws/install/smach/share/smach/hook/pythonpath.ps1'
[5.314s] INFO:colcon.colcon_core.shell:Creating environment descriptor '/home/aaa/robot/ros2_ws/install/smach/share/smach/hook/pythonpath.dsv'
[5.314s] DEBUG:colcon.colcon_core.event_handler.log_command:Invoked command in '/home/aaa/robot/ros2_ws/executive_smach/smach' returned '0': PS1=(mj) \[\e]0;\u@\h: \w\a\]${debian_chroot:+($debian_chroot)}\[\033[01;32m\]\u@\h\[\033[00m\]:\[\033[01;34m\]\w\[\033[00m\]\$ PYTHONPATH=/home/aaa/robot/ros2_ws/build/smach/prefix_override:/usr/lib/python3/dist-packages/colcon_core/task/python/colcon_distutils_commands:/home/aaa/robot/ros2_ws/install/smach/lib/python3.10/site-packages:${PYTHONPATH} VIRTUAL_ENV_PROMPT=(mj) /usr/bin/python3 -W ignore:setup.py install is deprecated -W ignore:easy_install command is deprecated setup.py egg_info --egg-base ../../build/smach build --build-base /home/aaa/robot/ros2_ws/build/smach/build install --record /home/aaa/robot/ros2_ws/build/smach/install.log --install-scripts $base/lib/smach --single-version-externally-managed install_data --force
[5.315s] INFO:colcon.colcon_core.shell:Creating environment hook '/home/aaa/robot/ros2_ws/install/smach/share/smach/hook/pythonpath.sh'
[5.315s] Level 1:colcon.colcon_core.environment:checking '/home/aaa/robot/ros2_ws/install/smach/bin'
[5.315s] Level 1:colcon.colcon_core.environment:create_environment_scripts_only(smach)
[5.315s] INFO:colcon.colcon_core.shell:Creating package script '/home/aaa/robot/ros2_ws/install/smach/share/smach/package.ps1'
[5.316s] INFO:colcon.colcon_core.shell:Creating package descriptor '/home/aaa/robot/ros2_ws/install/smach/share/smach/package.dsv'
[5.316s] INFO:colcon.colcon_core.shell:Creating package script '/home/aaa/robot/ros2_ws/install/smach/share/smach/package.sh'
[5.317s] INFO:colcon.colcon_core.shell:Creating package script '/home/aaa/robot/ros2_ws/install/smach/share/smach/package.bash'
[5.317s] INFO:colcon.colcon_core.shell:Creating package script '/home/aaa/robot/ros2_ws/install/smach/share/smach/package.zsh'
[5.317s] Level 1:colcon.colcon_core.environment:create_file_with_runtime_dependencies(/home/aaa/robot/ros2_ws/install/smach/share/colcon-core/packages/smach)
[5.318s] INFO:colcon.colcon_ros.task.ament_python.build:Building ROS package in '/home/aaa/robot/ros2_ws/src/mj_bridge' with build type 'ament_python'
[5.319s] Level 1:colcon.colcon_core.shell:create_environment_hook('mj_bridge', 'ament_prefix_path')
[5.319s] INFO:colcon.colcon_core.shell:Creating environment hook '/home/aaa/robot/ros2_ws/install/mj_bridge/share/mj_bridge/hook/ament_prefix_path.ps1'
[5.323s] INFO:colcon.colcon_core.shell:Creating environment descriptor '/home/aaa/robot/ros2_ws/install/mj_bridge/share/mj_bridge/hook/ament_prefix_path.dsv'
[5.324s] INFO:colcon.colcon_core.shell:Creating environment hook '/home/aaa/robot/ros2_ws/install/mj_bridge/share/mj_bridge/hook/ament_prefix_path.sh'
[5.325s] INFO:colcon.colcon_core.shell:Skip shell extension 'powershell' for command environment: Not usable outside of PowerShell
[5.325s] DEBUG:colcon.colcon_core.shell:Skip shell extension 'dsv' for command environment
[6.042s] INFO:colcon.colcon_core.task.python.build:Building Python package in '/home/aaa/robot/ros2_ws/src/mj_bridge'
[6.042s] INFO:colcon.colcon_core.shell:Skip shell extension 'powershell' for command environment: Not usable outside of PowerShell
[6.042s] DEBUG:colcon.colcon_core.shell:Skip shell extension 'dsv' for command environment
[6.084s] DEBUG:colcon.colcon_core.event_handler.log_command:Invoked command in '/home/aaa/robot/ros2_ws/build/smach_msgs' returned '0': CMAKE_PREFIX_PATH=/home/aaa/robot/ros2_ws/src/install/smach_demo:/home/aaa/robot/ros2_ws/src/install/mj_bridge:/opt/ros/humble PS1=(mj) \[\e]0;\u@\h: \w\a\]${debian_chroot:+($debian_chroot)}\[\033[01;32m\]\u@\h\[\033[00m\]:\[\033[01;34m\]\w\[\033[00m\]\$ VIRTUAL_ENV_PROMPT=(mj) /usr/bin/cmake /home/aaa/robot/ros2_ws/executive_smach/smach_msgs -DCMAKE_INSTALL_PREFIX=/home/aaa/robot/ros2_ws/install/smach_msgs
[6.085s] DEBUG:colcon.colcon_core.event_handler.log_command:Invoking command in '/home/aaa/robot/ros2_ws/build/smach_msgs': CMAKE_PREFIX_PATH=/home/aaa/robot/ros2_ws/src/install/smach_demo:/home/aaa/robot/ros2_ws/src/install/mj_bridge:/opt/ros/humble PS1=(mj) \[\e]0;\u@\h: \w\a\]${debian_chroot:+($debian_chroot)}\[\033[01;32m\]\u@\h\[\033[00m\]:\[\033[01;34m\]\w\[\033[00m\]\$ VIRTUAL_ENV_PROMPT=(mj) /usr/bin/cmake --build /home/aaa/robot/ros2_ws/build/smach_msgs -- -j2 -l2
[7.179s] DEBUG:colcon.colcon_core.event_handler.log_command:Invoking command in '/home/aaa/robot/ros2_ws/src/mj_bridge': PS1=(mj) \[\e]0;\u@\h: \w\a\]${debian_chroot:+($debian_chroot)}\[\033[01;32m\]\u@\h\[\033[00m\]:\[\033[01;34m\]\w\[\033[00m\]\$ PYTHONPATH=/home/aaa/robot/ros2_ws/build/mj_bridge/prefix_override:/usr/lib/python3/dist-packages/colcon_core/task/python/colcon_distutils_commands:/home/aaa/robot/ros2_ws/install/mj_bridge/lib/python3.10/site-packages:${PYTHONPATH} VIRTUAL_ENV_PROMPT=(mj) /usr/bin/python3 -W ignore:setup.py install is deprecated -W ignore:easy_install command is deprecated setup.py egg_info --egg-base ../../build/mj_bridge build --build-base /home/aaa/robot/ros2_ws/build/mj_bridge/build install --record /home/aaa/robot/ros2_ws/build/mj_bridge/install.log --single-version-externally-managed install_data
[8.066s] Level 1:colcon.colcon_core.environment:checking '/home/aaa/robot/ros2_ws/install/mj_bridge' for CMake module files
[8.067s] Level 1:colcon.colcon_core.environment:checking '/home/aaa/robot/ros2_ws/install/mj_bridge' for CMake config files
[8.067s] Level 1:colcon.colcon_core.environment:checking '/home/aaa/robot/ros2_ws/install/mj_bridge/lib'
[8.067s] Level 1:colcon.colcon_core.environment:checking '/home/aaa/robot/ros2_ws/install/mj_bridge/bin'
[8.067s] Level 1:colcon.colcon_core.environment:checking '/home/aaa/robot/ros2_ws/install/mj_bridge/lib/pkgconfig/mj_bridge.pc'
[8.067s] Level 1:colcon.colcon_core.environment:checking '/home/aaa/robot/ros2_ws/install/mj_bridge/lib/python3.10/site-packages'
[8.067s] Level 1:colcon.colcon_core.shell:create_environment_hook('mj_bridge', 'pythonpath')
[8.067s] INFO:colcon.colcon_core.shell:Creating environment hook '/home/aaa/robot/ros2_ws/install/mj_bridge/share/mj_bridge/hook/pythonpath.ps1'
[8.068s] INFO:colcon.colcon_core.shell:Creating environment descriptor '/home/aaa/robot/ros2_ws/install/mj_bridge/share/mj_bridge/hook/pythonpath.dsv'
[8.068s] DEBUG:colcon.colcon_core.event_handler.log_command:Invoked command in '/home/aaa/robot/ros2_ws/src/mj_bridge' returned '0': PS1=(mj) \[\e]0;\u@\h: \w\a\]${debian_chroot:+($debian_chroot)}\[\033[01;32m\]\u@\h\[\033[00m\]:\[\033[01;34m\]\w\[\033[00m\]\$ PYTHONPATH=/home/aaa/robot/ros2_ws/build/mj_bridge/prefix_override:/usr/lib/python3/dist-packages/colcon_core/task/python/colcon_distutils_commands:/home/aaa/robot/ros2_ws/install/mj_bridge/lib/python3.10/site-packages:${PYTHONPATH} VIRTUAL_ENV_PROMPT=(mj) /usr/bin/python3 -W ignore:setup.py install is deprecated -W ignore:easy_install command is deprecated setup.py egg_info --egg-base ../../build/mj_bridge build --build-base /home/aaa/robot/ros2_ws/build/mj_bridge/build install --record /home/aaa/robot/ros2_ws/build/mj_bridge/install.log --single-version-externally-managed install_data
[8.073s] INFO:colcon.colcon_core.shell:Creating environment hook '/home/aaa/robot/ros2_ws/install/mj_bridge/share/mj_bridge/hook/pythonpath.sh'
[8.073s] Level 1:colcon.colcon_core.environment:checking '/home/aaa/robot/ros2_ws/install/mj_bridge/bin'
[8.073s] Level 1:colcon.colcon_core.environment:create_environment_scripts_only(mj_bridge)
[8.074s] INFO:colcon.colcon_core.shell:Creating package script '/home/aaa/robot/ros2_ws/install/mj_bridge/share/mj_bridge/package.ps1'
[8.074s] INFO:colcon.colcon_core.shell:Creating package descriptor '/home/aaa/robot/ros2_ws/install/mj_bridge/share/mj_bridge/package.dsv'
[8.074s] INFO:colcon.colcon_core.shell:Creating package script '/home/aaa/robot/ros2_ws/install/mj_bridge/share/mj_bridge/package.sh'
[8.074s] INFO:colcon.colcon_core.shell:Creating package script '/home/aaa/robot/ros2_ws/install/mj_bridge/share/mj_bridge/package.bash'
[8.074s] INFO:colcon.colcon_core.shell:Creating package script '/home/aaa/robot/ros2_ws/install/mj_bridge/share/mj_bridge/package.zsh'
[8.074s] Level 1:colcon.colcon_core.environment:create_file_with_runtime_dependencies(/home/aaa/robot/ros2_ws/install/mj_bridge/share/colcon-core/packages/mj_bridge)
[8.075s] INFO:colcon.colcon_ros.task.ament_python.build:Building ROS package in '/home/aaa/robot/ros2_ws/src/smach_demo' with build type 'ament_python'
[8.075s] Level 1:colcon.colcon_core.shell:create_environment_hook('smach_demo', 'ament_prefix_path')
[8.075s] INFO:colcon.colcon_core.shell:Creating environment hook '/home/aaa/robot/ros2_ws/install/smach_demo/share/smach_demo/hook/ament_prefix_path.ps1'
[8.075s] INFO:colcon.colcon_core.shell:Creating environment descriptor '/home/aaa/robot/ros2_ws/install/smach_demo/share/smach_demo/hook/ament_prefix_path.dsv'
[8.075s] INFO:colcon.colcon_core.shell:Creating environment hook '/home/aaa/robot/ros2_ws/install/smach_demo/share/smach_demo/hook/ament_prefix_path.sh'
[8.076s] INFO:colcon.colcon_core.shell:Skip shell extension 'powershell' for command environment: Not usable outside of PowerShell
[8.076s] DEBUG:colcon.colcon_core.shell:Skip shell extension 'dsv' for command environment
[8.862s] INFO:colcon.colcon_core.task.python.build:Building Python package in '/home/aaa/robot/ros2_ws/src/smach_demo'
[8.863s] INFO:colcon.colcon_core.shell:Skip shell extension 'powershell' for command environment: Not usable outside of PowerShell
[8.863s] DEBUG:colcon.colcon_core.shell:Skip shell extension 'dsv' for command environment
[9.167s] DEBUG:colcon.colcon_core.event_handler.log_command:Invoked command in '/home/aaa/robot/ros2_ws/build/smach_msgs' returned '0': CMAKE_PREFIX_PATH=/home/aaa/robot/ros2_ws/src/install/smach_demo:/home/aaa/robot/ros2_ws/src/install/mj_bridge:/opt/ros/humble PS1=(mj) \[\e]0;\u@\h: \w\a\]${debian_chroot:+($debian_chroot)}\[\033[01;32m\]\u@\h\[\033[00m\]:\[\033[01;34m\]\w\[\033[00m\]\$ VIRTUAL_ENV_PROMPT=(mj) /usr/bin/cmake --build /home/aaa/robot/ros2_ws/build/smach_msgs -- -j2 -l2
[9.188s] DEBUG:colcon.colcon_core.event_handler.log_command:Invoking command in '/home/aaa/robot/ros2_ws/build/smach_msgs': CMAKE_PREFIX_PATH=/home/aaa/robot/ros2_ws/src/install/smach_demo:/home/aaa/robot/ros2_ws/src/install/mj_bridge:/opt/ros/humble PS1=(mj) \[\e]0;\u@\h: \w\a\]${debian_chroot:+($debian_chroot)}\[\033[01;32m\]\u@\h\[\033[00m\]:\[\033[01;34m\]\w\[\033[00m\]\$ VIRTUAL_ENV_PROMPT=(mj) /usr/bin/cmake --install /home/aaa/robot/ros2_ws/build/smach_msgs
[9.508s] Level 1:colcon.colcon_core.environment:create_environment_scripts_only(smach_msgs)
[9.508s] Level 1:colcon.colcon_core.environment:checking '/home/aaa/robot/ros2_ws/install/smach_msgs' for CMake module files
[9.509s] Level 1:colcon.colcon_core.environment:checking '/home/aaa/robot/ros2_ws/install/smach_msgs' for CMake config files
[9.510s] Level 1:colcon.colcon_core.shell:create_environment_hook('smach_msgs', 'cmake_prefix_path')
[9.510s] INFO:colcon.colcon_core.shell:Creating environment hook '/home/aaa/robot/ros2_ws/install/smach_msgs/share/smach_msgs/hook/cmake_prefix_path.ps1'
[9.510s] INFO:colcon.colcon_core.shell:Creating environment descriptor '/home/aaa/robot/ros2_ws/install/smach_msgs/share/smach_msgs/hook/cmake_prefix_path.dsv'
[9.510s] INFO:colcon.colcon_core.shell:Creating environment hook '/home/aaa/robot/ros2_ws/install/smach_msgs/share/smach_msgs/hook/cmake_prefix_path.sh'
[9.510s] Level 1:colcon.colcon_core.environment:checking '/home/aaa/robot/ros2_ws/install/smach_msgs/lib'
[9.510s] Level 1:colcon.colcon_core.shell:create_environment_hook('smach_msgs', 'ld_library_path_lib')
[9.511s] INFO:colcon.colcon_core.shell:Creating environment hook '/home/aaa/robot/ros2_ws/install/smach_msgs/share/smach_msgs/hook/ld_library_path_lib.ps1'
[9.511s] INFO:colcon.colcon_core.shell:Creating environment descriptor '/home/aaa/robot/ros2_ws/install/smach_msgs/share/smach_msgs/hook/ld_library_path_lib.dsv'
[9.511s] DEBUG:colcon.colcon_core.event_handler.log_command:Invoked command in '/home/aaa/robot/ros2_ws/build/smach_msgs' returned '0': CMAKE_PREFIX_PATH=/home/aaa/robot/ros2_ws/src/install/smach_demo:/home/aaa/robot/ros2_ws/src/install/mj_bridge:/opt/ros/humble PS1=(mj) \[\e]0;\u@\h: \w\a\]${debian_chroot:+($debian_chroot)}\[\033[01;32m\]\u@\h\[\033[00m\]:\[\033[01;34m\]\w\[\033[00m\]\$ VIRTUAL_ENV_PROMPT=(mj) /usr/bin/cmake --install /home/aaa/robot/ros2_ws/build/smach_msgs
[9.511s] INFO:colcon.colcon_core.shell:Creating environment hook '/home/aaa/robot/ros2_ws/install/smach_msgs/share/smach_msgs/hook/ld_library_path_lib.sh'
[9.511s] Level 1:colcon.colcon_core.environment:checking '/home/aaa/robot/ros2_ws/install/smach_msgs/bin'
[9.511s] Level 1:colcon.colcon_core.environment:checking '/home/aaa/robot/ros2_ws/install/smach_msgs/lib/pkgconfig/smach_msgs.pc'
[9.511s] Level 1:colcon.colcon_core.environment:checking '/home/aaa/robot/ros2_ws/install/smach_msgs/lib/python3.10/site-packages'
[9.512s] Level 1:colcon.colcon_core.environment:checking '/home/aaa/robot/ros2_ws/install/smach_msgs/bin'
[9.512s] INFO:colcon.colcon_core.shell:Creating package script '/home/aaa/robot/ros2_ws/install/smach_msgs/share/smach_msgs/package.ps1'
[9.512s] INFO:colcon.colcon_core.shell:Creating package descriptor '/home/aaa/robot/ros2_ws/install/smach_msgs/share/smach_msgs/package.dsv'
[9.512s] INFO:colcon.colcon_core.shell:Creating package script '/home/aaa/robot/ros2_ws/install/smach_msgs/share/smach_msgs/package.sh'
[9.512s] INFO:colcon.colcon_core.shell:Creating package script '/home/aaa/robot/ros2_ws/install/smach_msgs/share/smach_msgs/package.bash'
[9.512s] INFO:colcon.colcon_core.shell:Creating package script '/home/aaa/robot/ros2_ws/install/smach_msgs/share/smach_msgs/package.zsh'
[9.513s] Level 1:colcon.colcon_core.environment:create_file_with_runtime_dependencies(/home/aaa/robot/ros2_ws/install/smach_msgs/share/colcon-core/packages/smach_msgs)
[9.513s] Level 1:colcon.colcon_core.environment:create_environment_scripts_only(smach_msgs)
[9.513s] Level 1:colcon.colcon_core.environment:checking '/home/aaa/robot/ros2_ws/install/smach_msgs' for CMake module files
[9.513s] Level 1:colcon.colcon_core.environment:checking '/home/aaa/robot/ros2_ws/install/smach_msgs' for CMake config files
[9.514s] Level 1:colcon.colcon_core.shell:create_environment_hook('smach_msgs', 'cmake_prefix_path')
[9.514s] INFO:colcon.colcon_core.shell:Creating environment hook '/home/aaa/robot/ros2_ws/install/smach_msgs/share/smach_msgs/hook/cmake_prefix_path.ps1'
[9.514s] INFO:colcon.colcon_core.shell:Creating environment descriptor '/home/aaa/robot/ros2_ws/install/smach_msgs/share/smach_msgs/hook/cmake_prefix_path.dsv'
[9.514s] INFO:colcon.colcon_core.shell:Creating environment hook '/home/aaa/robot/ros2_ws/install/smach_msgs/share/smach_msgs/hook/cmake_prefix_path.sh'
[9.514s] Level 1:colcon.colcon_core.environment:checking '/home/aaa/robot/ros2_ws/install/smach_msgs/lib'
[9.517s] Level 1:colcon.colcon_core.shell:create_environment_hook('smach_msgs', 'ld_library_path_lib')
[9.517s] INFO:colcon.colcon_core.shell:Creating environment hook '/home/aaa/robot/ros2_ws/install/smach_msgs/share/smach_msgs/hook/ld_library_path_lib.ps1'
[9.517s] INFO:colcon.colcon_core.shell:Creating environment descriptor '/home/aaa/robot/ros2_ws/install/smach_msgs/share/smach_msgs/hook/ld_library_path_lib.dsv'
[9.517s] INFO:colcon.colcon_core.shell:Creating environment hook '/home/aaa/robot/ros2_ws/install/smach_msgs/share/smach_msgs/hook/ld_library_path_lib.sh'
[9.517s] Level 1:colcon.colcon_core.environment:checking '/home/aaa/robot/ros2_ws/install/smach_msgs/bin'
[9.517s] Level 1:colcon.colcon_core.environment:checking '/home/aaa/robot/ros2_ws/install/smach_msgs/lib/pkgconfig/smach_msgs.pc'
[9.517s] Level 1:colcon.colcon_core.environment:checking '/home/aaa/robot/ros2_ws/install/smach_msgs/lib/python3.10/site-packages'
[9.518s] Level 1:colcon.colcon_core.environment:checking '/home/aaa/robot/ros2_ws/install/smach_msgs/bin'
[9.518s] INFO:colcon.colcon_core.shell:Creating package script '/home/aaa/robot/ros2_ws/install/smach_msgs/share/smach_msgs/package.ps1'
[9.518s] INFO:colcon.colcon_core.shell:Creating package descriptor '/home/aaa/robot/ros2_ws/install/smach_msgs/share/smach_msgs/package.dsv'
[9.519s] INFO:colcon.colcon_core.shell:Creating package script '/home/aaa/robot/ros2_ws/install/smach_msgs/share/smach_msgs/package.sh'
[9.519s] INFO:colcon.colcon_core.shell:Creating package script '/home/aaa/robot/ros2_ws/install/smach_msgs/share/smach_msgs/package.bash'
[9.519s] INFO:colcon.colcon_core.shell:Creating package script '/home/aaa/robot/ros2_ws/install/smach_msgs/share/smach_msgs/package.zsh'
[9.520s] Level 1:colcon.colcon_core.environment:create_file_with_runtime_dependencies(/home/aaa/robot/ros2_ws/install/smach_msgs/share/colcon-core/packages/smach_msgs)
[9.530s] INFO:colcon.colcon_ros.task.ament_python.build:Building ROS package in '/home/aaa/robot/ros2_ws/executive_smach/smach_ros' with build type 'ament_python'
[9.530s] Level 1:colcon.colcon_core.shell:create_environment_hook('smach_ros', 'ament_prefix_path')
[9.530s] INFO:colcon.colcon_core.shell:Creating environment hook '/home/aaa/robot/ros2_ws/install/smach_ros/share/smach_ros/hook/ament_prefix_path.ps1'
[9.531s] INFO:colcon.colcon_core.shell:Creating environment descriptor '/home/aaa/robot/ros2_ws/install/smach_ros/share/smach_ros/hook/ament_prefix_path.dsv'
[9.533s] INFO:colcon.colcon_core.shell:Creating environment hook '/home/aaa/robot/ros2_ws/install/smach_ros/share/smach_ros/hook/ament_prefix_path.sh'
[9.534s] INFO:colcon.colcon_core.shell:Skip shell extension 'powershell' for command environment: Not usable outside of PowerShell
[9.534s] DEBUG:colcon.colcon_core.shell:Skip shell extension 'dsv' for command environment
[9.671s] DEBUG:colcon.colcon_core.event_handler.log_command:Invoking command in '/home/aaa/robot/ros2_ws/build/smach_demo': PS1=(mj) \[\e]0;\u@\h: \w\a\]${debian_chroot:+($debian_chroot)}\[\033[01;32m\]\u@\h\[\033[00m\]:\[\033[01;34m\]\w\[\033[00m\]\$ PYTHONPATH=/home/aaa/robot/ros2_ws/build/smach_demo/prefix_override:/usr/lib/python3/dist-packages/colcon_core/task/python/colcon_distutils_commands:/home/aaa/robot/ros2_ws/install/smach_demo/lib/python3.10/site-packages:${PYTHONPATH} VIRTUAL_ENV_PROMPT=(mj) /usr/bin/python3 -W ignore:setup.py install is deprecated -W ignore:easy_install command is deprecated setup.py develop --uninstall --editable --build-directory /home/aaa/robot/ros2_ws/build/smach_demo/build
[10.360s] INFO:colcon.colcon_core.task.python.build:Building Python package in '/home/aaa/robot/ros2_ws/executive_smach/smach_ros'
[10.361s] INFO:colcon.colcon_core.shell:Skip shell extension 'powershell' for command environment: Not usable outside of PowerShell
[10.361s] DEBUG:colcon.colcon_core.shell:Skip shell extension 'dsv' for command environment
[10.731s] DEBUG:colcon.colcon_core.event_handler.log_command:Invoked command in '/home/aaa/robot/ros2_ws/build/smach_demo' returned '0': PS1=(mj) \[\e]0;\u@\h: \w\a\]${debian_chroot:+($debian_chroot)}\[\033[01;32m\]\u@\h\[\033[00m\]:\[\033[01;34m\]\w\[\033[00m\]\$ PYTHONPATH=/home/aaa/robot/ros2_ws/build/smach_demo/prefix_override:/usr/lib/python3/dist-packages/colcon_core/task/python/colcon_distutils_commands:/home/aaa/robot/ros2_ws/install/smach_demo/lib/python3.10/site-packages:${PYTHONPATH} VIRTUAL_ENV_PROMPT=(mj) /usr/bin/python3 -W ignore:setup.py install is deprecated -W ignore:easy_install command is deprecated setup.py develop --uninstall --editable --build-directory /home/aaa/robot/ros2_ws/build/smach_demo/build
[10.731s] DEBUG:colcon.colcon_core.event_handler.log_command:Invoking command in '/home/aaa/robot/ros2_ws/src/smach_demo': PS1=(mj) \[\e]0;\u@\h: \w\a\]${debian_chroot:+($debian_chroot)}\[\033[01;32m\]\u@\h\[\033[00m\]:\[\033[01;34m\]\w\[\033[00m\]\$ PYTHONPATH=/home/aaa/robot/ros2_ws/build/smach_demo/prefix_override:/usr/lib/python3/dist-packages/colcon_core/task/python/colcon_distutils_commands:/home/aaa/robot/ros2_ws/install/smach_demo/lib/python3.10/site-packages:${PYTHONPATH} VIRTUAL_ENV_PROMPT=(mj) /usr/bin/python3 -W ignore:setup.py install is deprecated -W ignore:easy_install command is deprecated setup.py egg_info --egg-base ../../build/smach_demo build --build-base /home/aaa/robot/ros2_ws/build/smach_demo/build install --record /home/aaa/robot/ros2_ws/build/smach_demo/install.log --single-version-externally-managed install_data --force
[11.537s] DEBUG:colcon.colcon_core.event_handler.log_command:Invoking command in '/home/aaa/robot/ros2_ws/build/smach_ros': AMENT_PREFIX_PATH=/home/aaa/robot/ros2_ws/install/smach_msgs:/home/aaa/robot/ros2_ws/install/smach:${AMENT_PREFIX_PATH} CMAKE_PREFIX_PATH=/home/aaa/robot/ros2_ws/install/smach_msgs LD_LIBRARY_PATH=/home/aaa/robot/ros2_ws/install/smach_msgs/lib:${LD_LIBRARY_PATH} PS1=(mj) \[\e]0;\u@\h: \w\a\]${debian_chroot:+($debian_chroot)}\[\033[01;32m\]\u@\h\[\033[00m\]:\[\033[01;34m\]\w\[\033[00m\]\$ PYTHONPATH=/home/aaa/robot/ros2_ws/build/smach_ros/prefix_override:/usr/lib/python3/dist-packages/colcon_core/task/python/colcon_distutils_commands:/home/aaa/robot/ros2_ws/install/smach_ros/lib/python3.10/site-packages:/home/aaa/robot/ros2_ws/install/smach_msgs/local/lib/python3.10/dist-packages:/home/aaa/robot/ros2_ws/install/smach/lib/python3.10/site-packages:${PYTHONPATH} VIRTUAL_ENV_PROMPT=(mj) /usr/bin/python3 -W ignore:setup.py install is deprecated -W ignore:easy_install command is deprecated setup.py develop --uninstall --editable --build-directory /home/aaa/robot/ros2_ws/build/smach_ros/build
[11.644s] Level 1:colcon.colcon_core.environment:checking '/home/aaa/robot/ros2_ws/install/smach_demo' for CMake module files
[11.645s] DEBUG:colcon.colcon_core.event_handler.log_command:Invoked command in '/home/aaa/robot/ros2_ws/src/smach_demo' returned '0': PS1=(mj) \[\e]0;\u@\h: \w\a\]${debian_chroot:+($debian_chroot)}\[\033[01;32m\]\u@\h\[\033[00m\]:\[\033[01;34m\]\w\[\033[00m\]\$ PYTHONPATH=/home/aaa/robot/ros2_ws/build/smach_demo/prefix_override:/usr/lib/python3/dist-packages/colcon_core/task/python/colcon_distutils_commands:/home/aaa/robot/ros2_ws/install/smach_demo/lib/python3.10/site-packages:${PYTHONPATH} VIRTUAL_ENV_PROMPT=(mj) /usr/bin/python3 -W ignore:setup.py install is deprecated -W ignore:easy_install command is deprecated setup.py egg_info --egg-base ../../build/smach_demo build --build-base /home/aaa/robot/ros2_ws/build/smach_demo/build install --record /home/aaa/robot/ros2_ws/build/smach_demo/install.log --single-version-externally-managed install_data --force
[11.645s] Level 1:colcon.colcon_core.environment:checking '/home/aaa/robot/ros2_ws/install/smach_demo' for CMake config files
[11.645s] Level 1:colcon.colcon_core.environment:checking '/home/aaa/robot/ros2_ws/install/smach_demo/lib'
[11.646s] Level 1:colcon.colcon_core.environment:checking '/home/aaa/robot/ros2_ws/install/smach_demo/bin'
[11.646s] Level 1:colcon.colcon_core.environment:checking '/home/aaa/robot/ros2_ws/install/smach_demo/lib/pkgconfig/smach_demo.pc'
[11.646s] Level 1:colcon.colcon_core.environment:checking '/home/aaa/robot/ros2_ws/install/smach_demo/lib/python3.10/site-packages'
[11.646s] Level 1:colcon.colcon_core.shell:create_environment_hook('smach_demo', 'pythonpath')
[11.646s] INFO:colcon.colcon_core.shell:Creating environment hook '/home/aaa/robot/ros2_ws/install/smach_demo/share/smach_demo/hook/pythonpath.ps1'
[11.653s] INFO:colcon.colcon_core.shell:Creating environment descriptor '/home/aaa/robot/ros2_ws/install/smach_demo/share/smach_demo/hook/pythonpath.dsv'
[11.654s] INFO:colcon.colcon_core.shell:Creating environment hook '/home/aaa/robot/ros2_ws/install/smach_demo/share/smach_demo/hook/pythonpath.sh'
[11.654s] Level 1:colcon.colcon_core.environment:checking '/home/aaa/robot/ros2_ws/install/smach_demo/bin'
[11.654s] Level 1:colcon.colcon_core.environment:create_environment_scripts_only(smach_demo)
[11.654s] INFO:colcon.colcon_core.shell:Creating package script '/home/aaa/robot/ros2_ws/install/smach_demo/share/smach_demo/package.ps1'
[11.655s] INFO:colcon.colcon_core.shell:Creating package descriptor '/home/aaa/robot/ros2_ws/install/smach_demo/share/smach_demo/package.dsv'
[11.655s] INFO:colcon.colcon_core.shell:Creating package script '/home/aaa/robot/ros2_ws/install/smach_demo/share/smach_demo/package.sh'
[11.655s] INFO:colcon.colcon_core.shell:Creating package script '/home/aaa/robot/ros2_ws/install/smach_demo/share/smach_demo/package.bash'
[11.655s] INFO:colcon.colcon_core.shell:Creating package script '/home/aaa/robot/ros2_ws/install/smach_demo/share/smach_demo/package.zsh'
[11.655s] Level 1:colcon.colcon_core.environment:create_file_with_runtime_dependencies(/home/aaa/robot/ros2_ws/install/smach_demo/share/colcon-core/packages/smach_demo)
[12.660s] DEBUG:colcon.colcon_core.event_handler.log_command:Invoked command in '/home/aaa/robot/ros2_ws/build/smach_ros' returned '0': AMENT_PREFIX_PATH=/home/aaa/robot/ros2_ws/install/smach_msgs:/home/aaa/robot/ros2_ws/install/smach:${AMENT_PREFIX_PATH} CMAKE_PREFIX_PATH=/home/aaa/robot/ros2_ws/install/smach_msgs LD_LIBRARY_PATH=/home/aaa/robot/ros2_ws/install/smach_msgs/lib:${LD_LIBRARY_PATH} PS1=(mj) \[\e]0;\u@\h: \w\a\]${debian_chroot:+($debian_chroot)}\[\033[01;32m\]\u@\h\[\033[00m\]:\[\033[01;34m\]\w\[\033[00m\]\$ PYTHONPATH=/home/aaa/robot/ros2_ws/build/smach_ros/prefix_override:/usr/lib/python3/dist-packages/colcon_core/task/python/colcon_distutils_commands:/home/aaa/robot/ros2_ws/install/smach_ros/lib/python3.10/site-packages:/home/aaa/robot/ros2_ws/install/smach_msgs/local/lib/python3.10/dist-packages:/home/aaa/robot/ros2_ws/install/smach/lib/python3.10/site-packages:${PYTHONPATH} VIRTUAL_ENV_PROMPT=(mj) /usr/bin/python3 -W ignore:setup.py install is deprecated -W ignore:easy_install command is deprecated setup.py develop --uninstall --editable --build-directory /home/aaa/robot/ros2_ws/build/smach_ros/build
[12.666s] DEBUG:colcon.colcon_core.event_handler.log_command:Invoking command in '/home/aaa/robot/ros2_ws/executive_smach/smach_ros': AMENT_PREFIX_PATH=/home/aaa/robot/ros2_ws/install/smach_msgs:/home/aaa/robot/ros2_ws/install/smach:${AMENT_PREFIX_PATH} CMAKE_PREFIX_PATH=/home/aaa/robot/ros2_ws/install/smach_msgs LD_LIBRARY_PATH=/home/aaa/robot/ros2_ws/install/smach_msgs/lib:${LD_LIBRARY_PATH} PS1=(mj) \[\e]0;\u@\h: \w\a\]${debian_chroot:+($debian_chroot)}\[\033[01;32m\]\u@\h\[\033[00m\]:\[\033[01;34m\]\w\[\033[00m\]\$ PYTHONPATH=/home/aaa/robot/ros2_ws/build/smach_ros/prefix_override:/usr/lib/python3/dist-packages/colcon_core/task/python/colcon_distutils_commands:/home/aaa/robot/ros2_ws/install/smach_ros/lib/python3.10/site-packages:/home/aaa/robot/ros2_ws/install/smach_msgs/local/lib/python3.10/dist-packages:/home/aaa/robot/ros2_ws/install/smach/lib/python3.10/site-packages:${PYTHONPATH} VIRTUAL_ENV_PROMPT=(mj) /usr/bin/python3 -W ignore:setup.py install is deprecated -W ignore:easy_install command is deprecated setup.py egg_info --egg-base ../../build/smach_ros build --build-base /home/aaa/robot/ros2_ws/build/smach_ros/build install --record /home/aaa/robot/ros2_ws/build/smach_ros/install.log --install-scripts $base/lib/smach_ros --single-version-externally-managed install_data --force
[13.444s] Level 1:colcon.colcon_core.environment:checking '/home/aaa/robot/ros2_ws/install/smach_ros' for CMake module files
[13.444s] DEBUG:colcon.colcon_core.event_handler.log_command:Invoked command in '/home/aaa/robot/ros2_ws/executive_smach/smach_ros' returned '0': AMENT_PREFIX_PATH=/home/aaa/robot/ros2_ws/install/smach_msgs:/home/aaa/robot/ros2_ws/install/smach:${AMENT_PREFIX_PATH} CMAKE_PREFIX_PATH=/home/aaa/robot/ros2_ws/install/smach_msgs LD_LIBRARY_PATH=/home/aaa/robot/ros2_ws/install/smach_msgs/lib:${LD_LIBRARY_PATH} PS1=(mj) \[\e]0;\u@\h: \w\a\]${debian_chroot:+($debian_chroot)}\[\033[01;32m\]\u@\h\[\033[00m\]:\[\033[01;34m\]\w\[\033[00m\]\$ PYTHONPATH=/home/aaa/robot/ros2_ws/build/smach_ros/prefix_override:/usr/lib/python3/dist-packages/colcon_core/task/python/colcon_distutils_commands:/home/aaa/robot/ros2_ws/install/smach_ros/lib/python3.10/site-packages:/home/aaa/robot/ros2_ws/install/smach_msgs/local/lib/python3.10/dist-packages:/home/aaa/robot/ros2_ws/install/smach/lib/python3.10/site-packages:${PYTHONPATH} VIRTUAL_ENV_PROMPT=(mj) /usr/bin/python3 -W ignore:setup.py install is deprecated -W ignore:easy_install command is deprecated setup.py egg_info --egg-base ../../build/smach_ros build --build-base /home/aaa/robot/ros2_ws/build/smach_ros/build install --record /home/aaa/robot/ros2_ws/build/smach_ros/install.log --install-scripts $base/lib/smach_ros --single-version-externally-managed install_data --force
[13.444s] Level 1:colcon.colcon_core.environment:checking '/home/aaa/robot/ros2_ws/install/smach_ros' for CMake config files
[13.444s] Level 1:colcon.colcon_core.environment:checking '/home/aaa/robot/ros2_ws/install/smach_ros/lib'
[13.444s] Level 1:colcon.colcon_core.environment:checking '/home/aaa/robot/ros2_ws/install/smach_ros/bin'
[13.445s] Level 1:colcon.colcon_core.environment:checking '/home/aaa/robot/ros2_ws/install/smach_ros/lib/pkgconfig/smach_ros.pc'
[13.445s] Level 1:colcon.colcon_core.environment:checking '/home/aaa/robot/ros2_ws/install/smach_ros/lib/python3.10/site-packages'
[13.445s] Level 1:colcon.colcon_core.shell:create_environment_hook('smach_ros', 'pythonpath')
[13.445s] INFO:colcon.colcon_core.shell:Creating environment hook '/home/aaa/robot/ros2_ws/install/smach_ros/share/smach_ros/hook/pythonpath.ps1'
[13.445s] INFO:colcon.colcon_core.shell:Creating environment descriptor '/home/aaa/robot/ros2_ws/install/smach_ros/share/smach_ros/hook/pythonpath.dsv'
[13.445s] INFO:colcon.colcon_core.shell:Creating environment hook '/home/aaa/robot/ros2_ws/install/smach_ros/share/smach_ros/hook/pythonpath.sh'
[13.447s] Level 1:colcon.colcon_core.environment:checking '/home/aaa/robot/ros2_ws/install/smach_ros/bin'
[13.447s] Level 1:colcon.colcon_core.environment:create_environment_scripts_only(smach_ros)
[13.448s] INFO:colcon.colcon_core.shell:Creating package script '/home/aaa/robot/ros2_ws/install/smach_ros/share/smach_ros/package.ps1'
[13.448s] INFO:colcon.colcon_core.shell:Creating package descriptor '/home/aaa/robot/ros2_ws/install/smach_ros/share/smach_ros/package.dsv'
[13.448s] INFO:colcon.colcon_core.shell:Creating package script '/home/aaa/robot/ros2_ws/install/smach_ros/share/smach_ros/package.sh'
[13.448s] INFO:colcon.colcon_core.shell:Creating package script '/home/aaa/robot/ros2_ws/install/smach_ros/share/smach_ros/package.bash'
[13.448s] INFO:colcon.colcon_core.shell:Creating package script '/home/aaa/robot/ros2_ws/install/smach_ros/share/smach_ros/package.zsh'
[13.448s] Level 1:colcon.colcon_core.environment:create_file_with_runtime_dependencies(/home/aaa/robot/ros2_ws/install/smach_ros/share/colcon-core/packages/smach_ros)
[13.449s] INFO:colcon.colcon_ros.task.ament_cmake.build:Building ROS package in '/home/aaa/robot/ros2_ws/executive_smach/executive_smach' with build type 'ament_cmake'
[13.449s] INFO:colcon.colcon_cmake.task.cmake.build:Building CMake package in '/home/aaa/robot/ros2_ws/executive_smach/executive_smach'
[13.449s] INFO:colcon.colcon_core.shell:Skip shell extension 'powershell' for command environment: Not usable outside of PowerShell
[13.449s] DEBUG:colcon.colcon_core.shell:Skip shell extension 'dsv' for command environment
[13.531s] DEBUG:colcon.colcon_core.event_handler.log_command:Invoking command in '/home/aaa/robot/ros2_ws/build/executive_smach': AMENT_PREFIX_PATH=/home/aaa/robot/ros2_ws/install/smach_ros:/home/aaa/robot/ros2_ws/install/smach_msgs:/home/aaa/robot/ros2_ws/install/smach:${AMENT_PREFIX_PATH} CMAKE_PREFIX_PATH=/home/aaa/robot/ros2_ws/install/smach_msgs:/home/aaa/robot/ros2_ws/src/install/smach_demo:/home/aaa/robot/ros2_ws/src/install/mj_bridge:/opt/ros/humble LD_LIBRARY_PATH=/home/aaa/robot/ros2_ws/install/smach_msgs/lib:${LD_LIBRARY_PATH} PS1=(mj) \[\e]0;\u@\h: \w\a\]${debian_chroot:+($debian_chroot)}\[\033[01;32m\]\u@\h\[\033[00m\]:\[\033[01;34m\]\w\[\033[00m\]\$ PYTHONPATH=/home/aaa/robot/ros2_ws/install/smach_ros/lib/python3.10/site-packages:/home/aaa/robot/ros2_ws/install/smach_msgs/local/lib/python3.10/dist-packages:/home/aaa/robot/ros2_ws/install/smach/lib/python3.10/site-packages:${PYTHONPATH} VIRTUAL_ENV_PROMPT=(mj) /usr/bin/cmake /home/aaa/robot/ros2_ws/executive_smach/executive_smach -DCMAKE_INSTALL_PREFIX=/home/aaa/robot/ros2_ws/install/executive_smach
[14.028s] DEBUG:colcon.colcon_core.event_handler.log_command:Invoked command in '/home/aaa/robot/ros2_ws/build/executive_smach' returned '0': AMENT_PREFIX_PATH=/home/aaa/robot/ros2_ws/install/smach_ros:/home/aaa/robot/ros2_ws/install/smach_msgs:/home/aaa/robot/ros2_ws/install/smach:${AMENT_PREFIX_PATH} CMAKE_PREFIX_PATH=/home/aaa/robot/ros2_ws/install/smach_msgs:/home/aaa/robot/ros2_ws/src/install/smach_demo:/home/aaa/robot/ros2_ws/src/install/mj_bridge:/opt/ros/humble LD_LIBRARY_PATH=/home/aaa/robot/ros2_ws/install/smach_msgs/lib:${LD_LIBRARY_PATH} PS1=(mj) \[\e]0;\u@\h: \w\a\]${debian_chroot:+($debian_chroot)}\[\033[01;32m\]\u@\h\[\033[00m\]:\[\033[01;34m\]\w\[\033[00m\]\$ PYTHONPATH=/home/aaa/robot/ros2_ws/install/smach_ros/lib/python3.10/site-packages:/home/aaa/robot/ros2_ws/install/smach_msgs/local/lib/python3.10/dist-packages:/home/aaa/robot/ros2_ws/install/smach/lib/python3.10/site-packages:${PYTHONPATH} VIRTUAL_ENV_PROMPT=(mj) /usr/bin/cmake /home/aaa/robot/ros2_ws/executive_smach/executive_smach -DCMAKE_INSTALL_PREFIX=/home/aaa/robot/ros2_ws/install/executive_smach
[14.029s] DEBUG:colcon.colcon_core.event_handler.log_command:Invoking command in '/home/aaa/robot/ros2_ws/build/executive_smach': AMENT_PREFIX_PATH=/home/aaa/robot/ros2_ws/install/smach_ros:/home/aaa/robot/ros2_ws/install/smach_msgs:/home/aaa/robot/ros2_ws/install/smach:${AMENT_PREFIX_PATH} CMAKE_PREFIX_PATH=/home/aaa/robot/ros2_ws/install/smach_msgs:/home/aaa/robot/ros2_ws/src/install/smach_demo:/home/aaa/robot/ros2_ws/src/install/mj_bridge:/opt/ros/humble LD_LIBRARY_PATH=/home/aaa/robot/ros2_ws/install/smach_msgs/lib:${LD_LIBRARY_PATH} PS1=(mj) \[\e]0;\u@\h: \w\a\]${debian_chroot:+($debian_chroot)}\[\033[01;32m\]\u@\h\[\033[00m\]:\[\033[01;34m\]\w\[\033[00m\]\$ PYTHONPATH=/home/aaa/robot/ros2_ws/install/smach_ros/lib/python3.10/site-packages:/home/aaa/robot/ros2_ws/install/smach_msgs/local/lib/python3.10/dist-packages:/home/aaa/robot/ros2_ws/install/smach/lib/python3.10/site-packages:${PYTHONPATH} VIRTUAL_ENV_PROMPT=(mj) /usr/bin/cmake --build /home/aaa/robot/ros2_ws/build/executive_smach -- -j2 -l2
[14.168s] DEBUG:colcon.colcon_core.event_handler.log_command:Invoked command in '/home/aaa/robot/ros2_ws/build/executive_smach' returned '0': AMENT_PREFIX_PATH=/home/aaa/robot/ros2_ws/install/smach_ros:/home/aaa/robot/ros2_ws/install/smach_msgs:/home/aaa/robot/ros2_ws/install/smach:${AMENT_PREFIX_PATH} CMAKE_PREFIX_PATH=/home/aaa/robot/ros2_ws/install/smach_msgs:/home/aaa/robot/ros2_ws/src/install/smach_demo:/home/aaa/robot/ros2_ws/src/install/mj_bridge:/opt/ros/humble LD_LIBRARY_PATH=/home/aaa/robot/ros2_ws/install/smach_msgs/lib:${LD_LIBRARY_PATH} PS1=(mj) \[\e]0;\u@\h: \w\a\]${debian_chroot:+($debian_chroot)}\[\033[01;32m\]\u@\h\[\033[00m\]:\[\033[01;34m\]\w\[\033[00m\]\$ PYTHONPATH=/home/aaa/robot/ros2_ws/install/smach_ros/lib/python3.10/site-packages:/home/aaa/robot/ros2_ws/install/smach_msgs/local/lib/python3.10/dist-packages:/home/aaa/robot/ros2_ws/install/smach/lib/python3.10/site-packages:${PYTHONPATH} VIRTUAL_ENV_PROMPT=(mj) /usr/bin/cmake --build /home/aaa/robot/ros2_ws/build/executive_smach -- -j2 -l2
[14.201s] DEBUG:colcon.colcon_core.event_handler.log_command:Invoking command in '/home/aaa/robot/ros2_ws/build/executive_smach': AMENT_PREFIX_PATH=/home/aaa/robot/ros2_ws/install/smach_ros:/home/aaa/robot/ros2_ws/install/smach_msgs:/home/aaa/robot/ros2_ws/install/smach:${AMENT_PREFIX_PATH} CMAKE_PREFIX_PATH=/home/aaa/robot/ros2_ws/install/smach_msgs:/home/aaa/robot/ros2_ws/src/install/smach_demo:/home/aaa/robot/ros2_ws/src/install/mj_bridge:/opt/ros/humble LD_LIBRARY_PATH=/home/aaa/robot/ros2_ws/install/smach_msgs/lib:${LD_LIBRARY_PATH} PS1=(mj) \[\e]0;\u@\h: \w\a\]${debian_chroot:+($debian_chroot)}\[\033[01;32m\]\u@\h\[\033[00m\]:\[\033[01;34m\]\w\[\033[00m\]\$ PYTHONPATH=/home/aaa/robot/ros2_ws/install/smach_ros/lib/python3.10/site-packages:/home/aaa/robot/ros2_ws/install/smach_msgs/local/lib/python3.10/dist-packages:/home/aaa/robot/ros2_ws/install/smach/lib/python3.10/site-packages:${PYTHONPATH} VIRTUAL_ENV_PROMPT=(mj) /usr/bin/cmake --install /home/aaa/robot/ros2_ws/build/executive_smach
[14.263s] Level 1:colcon.colcon_core.environment:create_environment_scripts_only(executive_smach)
[14.263s] Level 1:colcon.colcon_core.environment:checking '/home/aaa/robot/ros2_ws/install/executive_smach' for CMake module files
[14.263s] DEBUG:colcon.colcon_core.event_handler.log_command:Invoked command in '/home/aaa/robot/ros2_ws/build/executive_smach' returned '0': AMENT_PREFIX_PATH=/home/aaa/robot/ros2_ws/install/smach_ros:/home/aaa/robot/ros2_ws/install/smach_msgs:/home/aaa/robot/ros2_ws/install/smach:${AMENT_PREFIX_PATH} CMAKE_PREFIX_PATH=/home/aaa/robot/ros2_ws/install/smach_msgs:/home/aaa/robot/ros2_ws/src/install/smach_demo:/home/aaa/robot/ros2_ws/src/install/mj_bridge:/opt/ros/humble LD_LIBRARY_PATH=/home/aaa/robot/ros2_ws/install/smach_msgs/lib:${LD_LIBRARY_PATH} PS1=(mj) \[\e]0;\u@\h: \w\a\]${debian_chroot:+($debian_chroot)}\[\033[01;32m\]\u@\h\[\033[00m\]:\[\033[01;34m\]\w\[\033[00m\]\$ PYTHONPATH=/home/aaa/robot/ros2_ws/install/smach_ros/lib/python3.10/site-packages:/home/aaa/robot/ros2_ws/install/smach_msgs/local/lib/python3.10/dist-packages:/home/aaa/robot/ros2_ws/install/smach/lib/python3.10/site-packages:${PYTHONPATH} VIRTUAL_ENV_PROMPT=(mj) /usr/bin/cmake --install /home/aaa/robot/ros2_ws/build/executive_smach
[14.263s] Level 1:colcon.colcon_core.environment:checking '/home/aaa/robot/ros2_ws/install/executive_smach' for CMake config files
[14.263s] Level 1:colcon.colcon_core.shell:create_environment_hook('executive_smach', 'cmake_prefix_path')
[14.263s] INFO:colcon.colcon_core.shell:Creating environment hook '/home/aaa/robot/ros2_ws/install/executive_smach/share/executive_smach/hook/cmake_prefix_path.ps1'
[14.264s] INFO:colcon.colcon_core.shell:Creating environment descriptor '/home/aaa/robot/ros2_ws/install/executive_smach/share/executive_smach/hook/cmake_prefix_path.dsv'
[14.264s] INFO:colcon.colcon_core.shell:Creating environment hook '/home/aaa/robot/ros2_ws/install/executive_smach/share/executive_smach/hook/cmake_prefix_path.sh'
[14.264s] Level 1:colcon.colcon_core.environment:checking '/home/aaa/robot/ros2_ws/install/executive_smach/bin'
[14.264s] Level 1:colcon.colcon_core.environment:checking '/home/aaa/robot/ros2_ws/install/executive_smach/lib/pkgconfig/executive_smach.pc'
[14.264s] Level 1:colcon.colcon_core.environment:checking '/home/aaa/robot/ros2_ws/install/executive_smach/lib/python3.10/site-packages'
[14.265s] Level 1:colcon.colcon_core.environment:checking '/home/aaa/robot/ros2_ws/install/executive_smach/bin'
[14.265s] INFO:colcon.colcon_core.shell:Creating package script '/home/aaa/robot/ros2_ws/install/executive_smach/share/executive_smach/package.ps1'
[14.265s] INFO:colcon.colcon_core.shell:Creating package descriptor '/home/aaa/robot/ros2_ws/install/executive_smach/share/executive_smach/package.dsv'
[14.265s] INFO:colcon.colcon_core.shell:Creating package script '/home/aaa/robot/ros2_ws/install/executive_smach/share/executive_smach/package.sh'
[14.265s] INFO:colcon.colcon_core.shell:Creating package script '/home/aaa/robot/ros2_ws/install/executive_smach/share/executive_smach/package.bash'
[14.265s] INFO:colcon.colcon_core.shell:Creating package script '/home/aaa/robot/ros2_ws/install/executive_smach/share/executive_smach/package.zsh'
[14.265s] Level 1:colcon.colcon_core.environment:create_file_with_runtime_dependencies(/home/aaa/robot/ros2_ws/install/executive_smach/share/colcon-core/packages/executive_smach)
[14.266s] Level 1:colcon.colcon_core.environment:create_environment_scripts_only(executive_smach)
[14.266s] Level 1:colcon.colcon_core.environment:checking '/home/aaa/robot/ros2_ws/install/executive_smach' for CMake module files
[14.266s] Level 1:colcon.colcon_core.environment:checking '/home/aaa/robot/ros2_ws/install/executive_smach' for CMake config files
[14.266s] Level 1:colcon.colcon_core.shell:create_environment_hook('executive_smach', 'cmake_prefix_path')
[14.266s] INFO:colcon.colcon_core.shell:Creating environment hook '/home/aaa/robot/ros2_ws/install/executive_smach/share/executive_smach/hook/cmake_prefix_path.ps1'
[14.267s] INFO:colcon.colcon_core.shell:Creating environment descriptor '/home/aaa/robot/ros2_ws/install/executive_smach/share/executive_smach/hook/cmake_prefix_path.dsv'
[14.267s] INFO:colcon.colcon_core.shell:Creating environment hook '/home/aaa/robot/ros2_ws/install/executive_smach/share/executive_smach/hook/cmake_prefix_path.sh'
[14.267s] Level 1:colcon.colcon_core.environment:checking '/home/aaa/robot/ros2_ws/install/executive_smach/bin'
[14.267s] Level 1:colcon.colcon_core.environment:checking '/home/aaa/robot/ros2_ws/install/executive_smach/lib/pkgconfig/executive_smach.pc'
[14.267s] Level 1:colcon.colcon_core.environment:checking '/home/aaa/robot/ros2_ws/install/executive_smach/lib/python3.10/site-packages'
[14.267s] Level 1:colcon.colcon_core.environment:checking '/home/aaa/robot/ros2_ws/install/executive_smach/bin'
[14.269s] INFO:colcon.colcon_core.shell:Creating package script '/home/aaa/robot/ros2_ws/install/executive_smach/share/executive_smach/package.ps1'
[14.269s] INFO:colcon.colcon_core.shell:Creating package descriptor '/home/aaa/robot/ros2_ws/install/executive_smach/share/executive_smach/package.dsv'
[14.269s] INFO:colcon.colcon_core.shell:Creating package script '/home/aaa/robot/ros2_ws/install/executive_smach/share/executive_smach/package.sh'
[14.269s] INFO:colcon.colcon_core.shell:Creating package script '/home/aaa/robot/ros2_ws/install/executive_smach/share/executive_smach/package.bash'
[14.269s] INFO:colcon.colcon_core.shell:Creating package script '/home/aaa/robot/ros2_ws/install/executive_smach/share/executive_smach/package.zsh'
[14.270s] Level 1:colcon.colcon_core.environment:create_file_with_runtime_dependencies(/home/aaa/robot/ros2_ws/install/executive_smach/share/colcon-core/packages/executive_smach)
[14.270s] DEBUG:colcon.colcon_parallel_executor.executor.parallel:closing loop
[14.273s] DEBUG:colcon.colcon_parallel_executor.executor.parallel:loop closed
[14.273s] DEBUG:colcon.colcon_parallel_executor.executor.parallel:run_until_complete finished with '0'
[14.273s] DEBUG:colcon.colcon_core.event_reactor:joining thread
[14.295s] INFO:colcon.colcon_core.plugin_system:Skipping extension 'colcon_notification.desktop_notification.terminal_notifier': Not used on non-Darwin systems
[14.295s] INFO:colcon.colcon_core.plugin_system:Skipping extension 'colcon_notification.desktop_notification.win32': Not used on non-Windows systems
[14.295s] INFO:colcon.colcon_notification.desktop_notification:Sending desktop notification using 'notify2'
[14.349s] DEBUG:colcon.colcon_core.event_reactor:joined thread
[14.349s] INFO:colcon.colcon_core.shell:Creating prefix script '/home/aaa/robot/ros2_ws/install/local_setup.ps1'
[14.350s] INFO:colcon.colcon_core.shell:Creating prefix util module '/home/aaa/robot/ros2_ws/install/_local_setup_util_ps1.py'
[14.351s] INFO:colcon.colcon_core.shell:Creating prefix chain script '/home/aaa/robot/ros2_ws/install/setup.ps1'
[14.351s] INFO:colcon.colcon_core.shell:Creating prefix script '/home/aaa/robot/ros2_ws/install/local_setup.sh'
[14.351s] INFO:colcon.colcon_core.shell:Creating prefix util module '/home/aaa/robot/ros2_ws/install/_local_setup_util_sh.py'
[14.352s] INFO:colcon.colcon_core.shell:Creating prefix chain script '/home/aaa/robot/ros2_ws/install/setup.sh'
[14.352s] INFO:colcon.colcon_core.shell:Creating prefix script '/home/aaa/robot/ros2_ws/install/local_setup.bash'
[14.353s] INFO:colcon.colcon_core.shell:Creating prefix chain script '/home/aaa/robot/ros2_ws/install/setup.bash'
[14.356s] INFO:colcon.colcon_core.shell:Creating prefix script '/home/aaa/robot/ros2_ws/install/local_setup.zsh'
[14.366s] INFO:colcon.colcon_core.shell:Creating prefix chain script '/home/aaa/robot/ros2_ws/install/setup.zsh'
