[2.966s] Invoking command in '/home/aaa/robot/ros2_ws/src/smach_demo': PS1=(mj) \[\e]0;\u@\h: \w\a\]${debian_chroot:+($debian_chroot)}\[\033[01;32m\]\u@\h\[\033[00m\]:\[\033[01;34m\]\w\[\033[00m\]\$ PYTHONPATH=/home/aaa/robot/ros2_ws/src/build/smach_demo/prefix_override:/usr/lib/python3/dist-packages/colcon_core/task/python/colcon_distutils_commands:/home/aaa/robot/ros2_ws/src/install/smach_demo/lib/python3.10/site-packages:${PYTHONPATH} VIRTUAL_ENV_PROMPT=(mj) /usr/bin/python3 -W ignore:setup.py install is deprecated -W ignore:easy_install command is deprecated setup.py egg_info --egg-base ../build/smach_demo build --build-base /home/aaa/robot/ros2_ws/src/build/smach_demo/build install --record /home/aaa/robot/ros2_ws/src/build/smach_demo/install.log --single-version-externally-managed install_data
[3.678s] running egg_info
[3.679s] writing ../build/smach_demo/smach_demo.egg-info/PKG-INFO
[3.679s] writing dependency_links to ../build/smach_demo/smach_demo.egg-info/dependency_links.txt
[3.679s] writing entry points to ../build/smach_demo/smach_demo.egg-info/entry_points.txt
[3.679s] writing requirements to ../build/smach_demo/smach_demo.egg-info/requires.txt
[3.679s] writing top-level names to ../build/smach_demo/smach_demo.egg-info/top_level.txt
[3.680s] reading manifest file '../build/smach_demo/smach_demo.egg-info/SOURCES.txt'
[3.697s] writing manifest file '../build/smach_demo/smach_demo.egg-info/SOURCES.txt'
[3.697s] running build
[3.697s] running build_py
[3.700s] running install
[3.700s] running install_lib
[3.701s] byte-compiling /home/aaa/robot/ros2_ws/src/install/smach_demo/lib/python3.10/site-packages/smach_demo/demo.py to demo.cpython-310.pyc
[3.701s] running install_data
[3.701s] Sorry: IndentationError: expected an indented block after function definition on line 6 (demo.py, line 8)
[3.701s] running install_egg_info
[3.708s] removing '/home/aaa/robot/ros2_ws/src/install/smach_demo/lib/python3.10/site-packages/smach_demo-0.0.0-py3.10.egg-info' (and everything under it)
[3.712s] Copying ../build/smach_demo/smach_demo.egg-info to /home/aaa/robot/ros2_ws/src/install/smach_demo/lib/python3.10/site-packages/smach_demo-0.0.0-py3.10.egg-info
[3.716s] running install_scripts
[3.783s] Installing demo script to /home/aaa/robot/ros2_ws/src/install/smach_demo/lib/smach_demo
[3.783s] writing list of installed files to '/home/aaa/robot/ros2_ws/src/build/smach_demo/install.log'
[3.860s] Invoked command in '/home/aaa/robot/ros2_ws/src/smach_demo' returned '0': PS1=(mj) \[\e]0;\u@\h: \w\a\]${debian_chroot:+($debian_chroot)}\[\033[01;32m\]\u@\h\[\033[00m\]:\[\033[01;34m\]\w\[\033[00m\]\$ PYTHONPATH=/home/aaa/robot/ros2_ws/src/build/smach_demo/prefix_override:/usr/lib/python3/dist-packages/colcon_core/task/python/colcon_distutils_commands:/home/aaa/robot/ros2_ws/src/install/smach_demo/lib/python3.10/site-packages:${PYTHONPATH} VIRTUAL_ENV_PROMPT=(mj) /usr/bin/python3 -W ignore:setup.py install is deprecated -W ignore:easy_install command is deprecated setup.py egg_info --egg-base ../build/smach_demo build --build-base /home/aaa/robot/ros2_ws/src/build/smach_demo/build install --record /home/aaa/robot/ros2_ws/src/build/smach_demo/install.log --single-version-externally-managed install_data
