running egg_info
creating ../../build/smach/smach.egg-info
writing ../../build/smach/smach.egg-info/PKG-INFO
writing dependency_links to ../../build/smach/smach.egg-info/dependency_links.txt
writing requirements to ../../build/smach/smach.egg-info/requires.txt
writing top-level names to ../../build/smach/smach.egg-info/top_level.txt
writing manifest file '../../build/smach/smach.egg-info/SOURCES.txt'
reading manifest file '../../build/smach/smach.egg-info/SOURCES.txt'
writing manifest file '../../build/smach/smach.egg-info/SOURCES.txt'
running build
running build_py
creating /home/aaa/robot/ros2_ws/build/smach/build
creating /home/aaa/robot/ros2_ws/build/smach/build/lib
creating /home/aaa/robot/ros2_ws/build/smach/build/lib/smach
copying smach/user_data.py -> /home/aaa/robot/ros2_ws/build/smach/build/lib/smach
copying smach/log.py -> /home/aaa/robot/ros2_ws/build/smach/build/lib/smach
copying smach/state.py -> /home/aaa/robot/ros2_ws/build/smach/build/lib/smach
copying smach/concurrence.py -> /home/aaa/robot/ros2_ws/build/smach/build/lib/smach
copying smach/container.py -> /home/aaa/robot/ros2_ws/build/smach/build/lib/smach
copying smach/__init__.py -> /home/aaa/robot/ros2_ws/build/smach/build/lib/smach
copying smach/exceptions.py -> /home/aaa/robot/ros2_ws/build/smach/build/lib/smach
copying smach/sequence.py -> /home/aaa/robot/ros2_ws/build/smach/build/lib/smach
copying smach/util.py -> /home/aaa/robot/ros2_ws/build/smach/build/lib/smach
copying smach/iterator.py -> /home/aaa/robot/ros2_ws/build/smach/build/lib/smach
copying smach/state_machine.py -> /home/aaa/robot/ros2_ws/build/smach/build/lib/smach
running install
running install_lib
creating /home/aaa/robot/ros2_ws/install/smach/lib/python3.10/site-packages/smach
copying /home/aaa/robot/ros2_ws/build/smach/build/lib/smach/user_data.py -> /home/aaa/robot/ros2_ws/install/smach/lib/python3.10/site-packages/smach
copying /home/aaa/robot/ros2_ws/build/smach/build/lib/smach/log.py -> /home/aaa/robot/ros2_ws/install/smach/lib/python3.10/site-packages/smach
copying /home/aaa/robot/ros2_ws/build/smach/build/lib/smach/state.py -> /home/aaa/robot/ros2_ws/install/smach/lib/python3.10/site-packages/smach
copying /home/aaa/robot/ros2_ws/build/smach/build/lib/smach/concurrence.py -> /home/aaa/robot/ros2_ws/install/smach/lib/python3.10/site-packages/smach
copying /home/aaa/robot/ros2_ws/build/smach/build/lib/smach/container.py -> /home/aaa/robot/ros2_ws/install/smach/lib/python3.10/site-packages/smach
copying /home/aaa/robot/ros2_ws/build/smach/build/lib/smach/__init__.py -> /home/aaa/robot/ros2_ws/install/smach/lib/python3.10/site-packages/smach
copying /home/aaa/robot/ros2_ws/build/smach/build/lib/smach/exceptions.py -> /home/aaa/robot/ros2_ws/install/smach/lib/python3.10/site-packages/smach
copying /home/aaa/robot/ros2_ws/build/smach/build/lib/smach/sequence.py -> /home/aaa/robot/ros2_ws/install/smach/lib/python3.10/site-packages/smach
copying /home/aaa/robot/ros2_ws/build/smach/build/lib/smach/util.py -> /home/aaa/robot/ros2_ws/install/smach/lib/python3.10/site-packages/smach
copying /home/aaa/robot/ros2_ws/build/smach/build/lib/smach/iterator.py -> /home/aaa/robot/ros2_ws/install/smach/lib/python3.10/site-packages/smach
copying /home/aaa/robot/ros2_ws/build/smach/build/lib/smach/state_machine.py -> /home/aaa/robot/ros2_ws/install/smach/lib/python3.10/site-packages/smach
byte-compiling /home/aaa/robot/ros2_ws/install/smach/lib/python3.10/site-packages/smach/user_data.py to user_data.cpython-310.pyc
byte-compiling /home/aaa/robot/ros2_ws/install/smach/lib/python3.10/site-packages/smach/log.py to log.cpython-310.pyc
byte-compiling /home/aaa/robot/ros2_ws/install/smach/lib/python3.10/site-packages/smach/state.py to state.cpython-310.pyc
byte-compiling /home/aaa/robot/ros2_ws/install/smach/lib/python3.10/site-packages/smach/concurrence.py to concurrence.cpython-310.pyc
byte-compiling /home/aaa/robot/ros2_ws/install/smach/lib/python3.10/site-packages/smach/container.py to container.cpython-310.pyc
byte-compiling /home/aaa/robot/ros2_ws/install/smach/lib/python3.10/site-packages/smach/__init__.py to __init__.cpython-310.pyc
byte-compiling /home/aaa/robot/ros2_ws/install/smach/lib/python3.10/site-packages/smach/exceptions.py to exceptions.cpython-310.pyc
byte-compiling /home/aaa/robot/ros2_ws/install/smach/lib/python3.10/site-packages/smach/sequence.py to sequence.cpython-310.pyc
byte-compiling /home/aaa/robot/ros2_ws/install/smach/lib/python3.10/site-packages/smach/util.py to util.cpython-310.pyc
byte-compiling /home/aaa/robot/ros2_ws/install/smach/lib/python3.10/site-packages/smach/iterator.py to iterator.cpython-310.pyc
byte-compiling /home/aaa/robot/ros2_ws/install/smach/lib/python3.10/site-packages/smach/state_machine.py to state_machine.cpython-310.pyc
running install_data
creating /home/aaa/robot/ros2_ws/install/smach/share/ament_index
creating /home/aaa/robot/ros2_ws/install/smach/share/ament_index/resource_index
creating /home/aaa/robot/ros2_ws/install/smach/share/ament_index/resource_index/packages
copying resource/smach -> /home/aaa/robot/ros2_ws/install/smach/share/ament_index/resource_index/packages
copying package.xml -> /home/aaa/robot/ros2_ws/install/smach/share/smach
running install_egg_info
Copying ../../build/smach/smach.egg-info to /home/aaa/robot/ros2_ws/install/smach/lib/python3.10/site-packages/smach-3.0.3-py3.10.egg-info
running install_scripts
writing list of installed files to '/home/aaa/robot/ros2_ws/build/smach/install.log'
