[0.278s] DEBUG:colcon:Command line arguments: ['/usr/bin/colcon', 'build', '--packages-select', 'mj_bridge']
[0.278s] DEBUG:colcon:Parsed command line arguments: Namespace(log_base=None, log_level=None, verb_name='build', build_base='build', install_base='install', merge_install=False, symlink_install=False, test_result_base=None, continue_on_error=False, executor='parallel', parallel_workers=2, event_handlers=None, ignore_user_meta=False, metas=['./colcon.meta'], base_paths=['.'], packages_ignore=None, packages_ignore_regex=None, paths=None, packages_up_to=None, packages_up_to_regex=None, packages_above=None, packages_above_and_dependencies=None, packages_above_depth=None, packages_select_by_dep=None, packages_skip_by_dep=None, packages_skip_up_to=None, packages_select_build_failed=False, packages_skip_build_finished=False, packages_select_test_failures=False, packages_skip_test_passed=False, packages_select=['mj_bridge'], packages_skip=None, packages_select_regex=None, packages_skip_regex=None, packages_start=None, packages_end=None, allow_overriding=[], cmake_args=None, cmake_target=None, cmake_target_skip_unavailable=False, cmake_clean_cache=False, cmake_clean_first=False, cmake_force_configure=False, ament_cmake_args=None, catkin_cmake_args=None, catkin_skip_building_tests=False, verb_parser=<colcon_defaults.argument_parser.defaults.DefaultArgumentsDecorator object at 0xffffa73b21d0>, verb_extension=<colcon_core.verb.build.BuildVerb object at 0xffffa73b1c30>, main=<bound method BuildVerb.main of <colcon_core.verb.build.BuildVerb object at 0xffffa73b1c30>>)
[0.519s] Level 1:colcon.colcon_core.package_discovery:discover_packages(colcon_meta) check parameters
[0.519s] Level 1:colcon.colcon_core.package_discovery:discover_packages(recursive) check parameters
[0.519s] Level 1:colcon.colcon_core.package_discovery:discover_packages(ignore) check parameters
[0.519s] Level 1:colcon.colcon_core.package_discovery:discover_packages(path) check parameters
[0.519s] Level 1:colcon.colcon_core.package_discovery:discover_packages(colcon_meta) discover
[0.519s] Level 1:colcon.colcon_core.package_discovery:discover_packages(recursive) discover
[0.519s] INFO:colcon.colcon_core.package_discovery:Crawling recursively for packages in '/home/aaa/robot/ros2_ws'
[0.519s] Level 1:colcon.colcon_core.package_identification:_identify(.) by extensions ['ignore', 'ignore_ament_install']
[0.519s] Level 1:colcon.colcon_core.package_identification:_identify(.) by extension 'ignore'
[0.519s] Level 1:colcon.colcon_core.package_identification:_identify(.) by extension 'ignore_ament_install'
[0.519s] Level 1:colcon.colcon_core.package_identification:_identify(.) by extensions ['colcon_pkg']
[0.519s] Level 1:colcon.colcon_core.package_identification:_identify(.) by extension 'colcon_pkg'
[0.519s] Level 1:colcon.colcon_core.package_identification:_identify(.) by extensions ['colcon_meta']
[0.519s] Level 1:colcon.colcon_core.package_identification:_identify(.) by extension 'colcon_meta'
[0.519s] Level 1:colcon.colcon_core.package_identification:_identify(.) by extensions ['ros']
[0.519s] Level 1:colcon.colcon_core.package_identification:_identify(.) by extension 'ros'
[0.528s] Level 1:colcon.colcon_core.package_identification:_identify(.) by extensions ['cmake', 'python']
[0.528s] Level 1:colcon.colcon_core.package_identification:_identify(.) by extension 'cmake'
[0.528s] Level 1:colcon.colcon_core.package_identification:_identify(.) by extension 'python'
[0.528s] Level 1:colcon.colcon_core.package_identification:_identify(.) by extensions ['python_setup_py']
[0.528s] Level 1:colcon.colcon_core.package_identification:_identify(.) by extension 'python_setup_py'
[0.528s] Level 1:colcon.colcon_core.package_identification:_identify(build) by extensions ['ignore', 'ignore_ament_install']
[0.528s] Level 1:colcon.colcon_core.package_identification:_identify(build) by extension 'ignore'
[0.529s] Level 1:colcon.colcon_core.package_identification:_identify(build) ignored
[0.529s] Level 1:colcon.colcon_core.package_identification:_identify(executive_smach) by extensions ['ignore', 'ignore_ament_install']
[0.529s] Level 1:colcon.colcon_core.package_identification:_identify(executive_smach) by extension 'ignore'
[0.529s] Level 1:colcon.colcon_core.package_identification:_identify(executive_smach) by extension 'ignore_ament_install'
[0.529s] Level 1:colcon.colcon_core.package_identification:_identify(executive_smach) by extensions ['colcon_pkg']
[0.529s] Level 1:colcon.colcon_core.package_identification:_identify(executive_smach) by extension 'colcon_pkg'
[0.529s] Level 1:colcon.colcon_core.package_identification:_identify(executive_smach) by extensions ['colcon_meta']
[0.529s] Level 1:colcon.colcon_core.package_identification:_identify(executive_smach) by extension 'colcon_meta'
[0.529s] Level 1:colcon.colcon_core.package_identification:_identify(executive_smach) by extensions ['ros']
[0.529s] Level 1:colcon.colcon_core.package_identification:_identify(executive_smach) by extension 'ros'
[0.529s] Level 1:colcon.colcon_core.package_identification:_identify(executive_smach) by extensions ['cmake', 'python']
[0.529s] Level 1:colcon.colcon_core.package_identification:_identify(executive_smach) by extension 'cmake'
[0.529s] Level 1:colcon.colcon_core.package_identification:_identify(executive_smach) by extension 'python'
[0.529s] Level 1:colcon.colcon_core.package_identification:_identify(executive_smach) by extensions ['python_setup_py']
[0.529s] Level 1:colcon.colcon_core.package_identification:_identify(executive_smach) by extension 'python_setup_py'
[0.529s] Level 1:colcon.colcon_core.package_identification:_identify(executive_smach/executive_smach) by extensions ['ignore', 'ignore_ament_install']
[0.529s] Level 1:colcon.colcon_core.package_identification:_identify(executive_smach/executive_smach) by extension 'ignore'
[0.529s] Level 1:colcon.colcon_core.package_identification:_identify(executive_smach/executive_smach) by extension 'ignore_ament_install'
[0.529s] Level 1:colcon.colcon_core.package_identification:_identify(executive_smach/executive_smach) by extensions ['colcon_pkg']
[0.529s] Level 1:colcon.colcon_core.package_identification:_identify(executive_smach/executive_smach) by extension 'colcon_pkg'
[0.529s] Level 1:colcon.colcon_core.package_identification:_identify(executive_smach/executive_smach) by extensions ['colcon_meta']
[0.529s] Level 1:colcon.colcon_core.package_identification:_identify(executive_smach/executive_smach) by extension 'colcon_meta'
[0.529s] Level 1:colcon.colcon_core.package_identification:_identify(executive_smach/executive_smach) by extensions ['ros']
[0.529s] Level 1:colcon.colcon_core.package_identification:_identify(executive_smach/executive_smach) by extension 'ros'
[0.531s] DEBUG:colcon.colcon_core.package_identification:Package 'executive_smach/executive_smach' with type 'ros.ament_cmake' and name 'executive_smach'
[0.531s] Level 1:colcon.colcon_core.package_identification:_identify(executive_smach/smach) by extensions ['ignore', 'ignore_ament_install']
[0.531s] Level 1:colcon.colcon_core.package_identification:_identify(executive_smach/smach) by extension 'ignore'
[0.531s] Level 1:colcon.colcon_core.package_identification:_identify(executive_smach/smach) by extension 'ignore_ament_install'
[0.531s] Level 1:colcon.colcon_core.package_identification:_identify(executive_smach/smach) by extensions ['colcon_pkg']
[0.531s] Level 1:colcon.colcon_core.package_identification:_identify(executive_smach/smach) by extension 'colcon_pkg'
[0.531s] Level 1:colcon.colcon_core.package_identification:_identify(executive_smach/smach) by extensions ['colcon_meta']
[0.531s] Level 1:colcon.colcon_core.package_identification:_identify(executive_smach/smach) by extension 'colcon_meta'
[0.531s] Level 1:colcon.colcon_core.package_identification:_identify(executive_smach/smach) by extensions ['ros']
[0.531s] Level 1:colcon.colcon_core.package_identification:_identify(executive_smach/smach) by extension 'ros'
[0.532s] DEBUG:colcon.colcon_core.package_identification:Package 'executive_smach/smach' with type 'ros.ament_python' and name 'smach'
[0.532s] Level 1:colcon.colcon_core.package_identification:_identify(executive_smach/smach_msgs) by extensions ['ignore', 'ignore_ament_install']
[0.532s] Level 1:colcon.colcon_core.package_identification:_identify(executive_smach/smach_msgs) by extension 'ignore'
[0.532s] Level 1:colcon.colcon_core.package_identification:_identify(executive_smach/smach_msgs) by extension 'ignore_ament_install'
[0.532s] Level 1:colcon.colcon_core.package_identification:_identify(executive_smach/smach_msgs) by extensions ['colcon_pkg']
[0.532s] Level 1:colcon.colcon_core.package_identification:_identify(executive_smach/smach_msgs) by extension 'colcon_pkg'
[0.532s] Level 1:colcon.colcon_core.package_identification:_identify(executive_smach/smach_msgs) by extensions ['colcon_meta']
[0.532s] Level 1:colcon.colcon_core.package_identification:_identify(executive_smach/smach_msgs) by extension 'colcon_meta'
[0.532s] Level 1:colcon.colcon_core.package_identification:_identify(executive_smach/smach_msgs) by extensions ['ros']
[0.532s] Level 1:colcon.colcon_core.package_identification:_identify(executive_smach/smach_msgs) by extension 'ros'
[0.532s] DEBUG:colcon.colcon_core.package_identification:Package 'executive_smach/smach_msgs' with type 'ros.ament_cmake' and name 'smach_msgs'
[0.532s] Level 1:colcon.colcon_core.package_identification:_identify(executive_smach/smach_ros) by extensions ['ignore', 'ignore_ament_install']
[0.532s] Level 1:colcon.colcon_core.package_identification:_identify(executive_smach/smach_ros) by extension 'ignore'
[0.532s] Level 1:colcon.colcon_core.package_identification:_identify(executive_smach/smach_ros) by extension 'ignore_ament_install'
[0.532s] Level 1:colcon.colcon_core.package_identification:_identify(executive_smach/smach_ros) by extensions ['colcon_pkg']
[0.532s] Level 1:colcon.colcon_core.package_identification:_identify(executive_smach/smach_ros) by extension 'colcon_pkg'
[0.532s] Level 1:colcon.colcon_core.package_identification:_identify(executive_smach/smach_ros) by extensions ['colcon_meta']
[0.533s] Level 1:colcon.colcon_core.package_identification:_identify(executive_smach/smach_ros) by extension 'colcon_meta'
[0.533s] Level 1:colcon.colcon_core.package_identification:_identify(executive_smach/smach_ros) by extensions ['ros']
[0.533s] Level 1:colcon.colcon_core.package_identification:_identify(executive_smach/smach_ros) by extension 'ros'
[0.533s] DEBUG:colcon.colcon_core.package_identification:Package 'executive_smach/smach_ros' with type 'ros.ament_python' and name 'smach_ros'
[0.533s] Level 1:colcon.colcon_core.package_identification:_identify(install) by extensions ['ignore', 'ignore_ament_install']
[0.533s] Level 1:colcon.colcon_core.package_identification:_identify(install) by extension 'ignore'
[0.533s] Level 1:colcon.colcon_core.package_identification:_identify(install) ignored
[0.533s] Level 1:colcon.colcon_core.package_identification:_identify(log) by extensions ['ignore', 'ignore_ament_install']
[0.533s] Level 1:colcon.colcon_core.package_identification:_identify(log) by extension 'ignore'
[0.533s] Level 1:colcon.colcon_core.package_identification:_identify(log) ignored
[0.533s] Level 1:colcon.colcon_core.package_identification:_identify(src) by extensions ['ignore', 'ignore_ament_install']
[0.533s] Level 1:colcon.colcon_core.package_identification:_identify(src) by extension 'ignore'
[0.533s] Level 1:colcon.colcon_core.package_identification:_identify(src) by extension 'ignore_ament_install'
[0.533s] Level 1:colcon.colcon_core.package_identification:_identify(src) by extensions ['colcon_pkg']
[0.533s] Level 1:colcon.colcon_core.package_identification:_identify(src) by extension 'colcon_pkg'
[0.533s] Level 1:colcon.colcon_core.package_identification:_identify(src) by extensions ['colcon_meta']
[0.533s] Level 1:colcon.colcon_core.package_identification:_identify(src) by extension 'colcon_meta'
[0.533s] Level 1:colcon.colcon_core.package_identification:_identify(src) by extensions ['ros']
[0.533s] Level 1:colcon.colcon_core.package_identification:_identify(src) by extension 'ros'
[0.533s] Level 1:colcon.colcon_core.package_identification:_identify(src) by extensions ['cmake', 'python']
[0.533s] Level 1:colcon.colcon_core.package_identification:_identify(src) by extension 'cmake'
[0.533s] Level 1:colcon.colcon_core.package_identification:_identify(src) by extension 'python'
[0.533s] Level 1:colcon.colcon_core.package_identification:_identify(src) by extensions ['python_setup_py']
[0.533s] Level 1:colcon.colcon_core.package_identification:_identify(src) by extension 'python_setup_py'
[0.534s] Level 1:colcon.colcon_core.package_identification:_identify(src/mj_bridge) by extensions ['ignore', 'ignore_ament_install']
[0.534s] Level 1:colcon.colcon_core.package_identification:_identify(src/mj_bridge) by extension 'ignore'
[0.534s] Level 1:colcon.colcon_core.package_identification:_identify(src/mj_bridge) by extension 'ignore_ament_install'
[0.534s] Level 1:colcon.colcon_core.package_identification:_identify(src/mj_bridge) by extensions ['colcon_pkg']
[0.534s] Level 1:colcon.colcon_core.package_identification:_identify(src/mj_bridge) by extension 'colcon_pkg'
[0.534s] Level 1:colcon.colcon_core.package_identification:_identify(src/mj_bridge) by extensions ['colcon_meta']
[0.534s] Level 1:colcon.colcon_core.package_identification:_identify(src/mj_bridge) by extension 'colcon_meta'
[0.534s] Level 1:colcon.colcon_core.package_identification:_identify(src/mj_bridge) by extensions ['ros']
[0.534s] Level 1:colcon.colcon_core.package_identification:_identify(src/mj_bridge) by extension 'ros'
[0.534s] DEBUG:colcon.colcon_core.package_identification:Package 'src/mj_bridge' with type 'ros.ament_python' and name 'mj_bridge'
[0.534s] Level 1:colcon.colcon_core.package_identification:_identify(src/smach_demo) by extensions ['ignore', 'ignore_ament_install']
[0.534s] Level 1:colcon.colcon_core.package_identification:_identify(src/smach_demo) by extension 'ignore'
[0.534s] Level 1:colcon.colcon_core.package_identification:_identify(src/smach_demo) by extension 'ignore_ament_install'
[0.534s] Level 1:colcon.colcon_core.package_identification:_identify(src/smach_demo) by extensions ['colcon_pkg']
[0.534s] Level 1:colcon.colcon_core.package_identification:_identify(src/smach_demo) by extension 'colcon_pkg'
[0.534s] Level 1:colcon.colcon_core.package_identification:_identify(src/smach_demo) by extensions ['colcon_meta']
[0.534s] Level 1:colcon.colcon_core.package_identification:_identify(src/smach_demo) by extension 'colcon_meta'
[0.534s] Level 1:colcon.colcon_core.package_identification:_identify(src/smach_demo) by extensions ['ros']
[0.534s] Level 1:colcon.colcon_core.package_identification:_identify(src/smach_demo) by extension 'ros'
[0.535s] DEBUG:colcon.colcon_core.package_identification:Package 'src/smach_demo' with type 'ros.ament_python' and name 'smach_demo'
[0.535s] Level 1:colcon.colcon_core.package_discovery:discover_packages(recursive) using defaults
[0.535s] Level 1:colcon.colcon_core.package_discovery:discover_packages(ignore) discover
[0.535s] Level 1:colcon.colcon_core.package_discovery:discover_packages(ignore) using defaults
[0.535s] Level 1:colcon.colcon_core.package_discovery:discover_packages(path) discover
[0.535s] Level 1:colcon.colcon_core.package_discovery:discover_packages(path) using defaults
[0.596s] INFO:colcon.colcon_core.package_selection:Skipping not selected package 'smach' in 'executive_smach/smach'
[0.596s] INFO:colcon.colcon_core.package_selection:Skipping not selected package 'smach_demo' in 'src/smach_demo'
[0.596s] INFO:colcon.colcon_core.package_selection:Skipping not selected package 'smach_msgs' in 'executive_smach/smach_msgs'
[0.596s] INFO:colcon.colcon_core.package_selection:Skipping not selected package 'smach_ros' in 'executive_smach/smach_ros'
[0.596s] INFO:colcon.colcon_core.package_selection:Skipping not selected package 'executive_smach' in 'executive_smach/executive_smach'
[0.596s] Level 1:colcon.colcon_core.package_discovery:discover_packages(prefix_path) check parameters
[0.596s] Level 1:colcon.colcon_core.package_discovery:discover_packages(prefix_path) discover
[0.597s] DEBUG:colcon.colcon_installed_package_information.package_discovery:Found 6 installed packages in /home/aaa/robot/ros2_ws/install
[0.598s] DEBUG:colcon.colcon_installed_package_information.package_discovery:Found 363 installed packages in /opt/ros/humble
[0.599s] Level 1:colcon.colcon_core.package_discovery:discover_packages(prefix_path) using defaults
[0.652s] Level 5:colcon.colcon_core.verb:set package 'mj_bridge' build argument 'cmake_args' from command line to 'None'
[0.652s] Level 5:colcon.colcon_core.verb:set package 'mj_bridge' build argument 'cmake_target' from command line to 'None'
[0.652s] Level 5:colcon.colcon_core.verb:set package 'mj_bridge' build argument 'cmake_target_skip_unavailable' from command line to 'False'
[0.652s] Level 5:colcon.colcon_core.verb:set package 'mj_bridge' build argument 'cmake_clean_cache' from command line to 'False'
[0.652s] Level 5:colcon.colcon_core.verb:set package 'mj_bridge' build argument 'cmake_clean_first' from command line to 'False'
[0.652s] Level 5:colcon.colcon_core.verb:set package 'mj_bridge' build argument 'cmake_force_configure' from command line to 'False'
[0.652s] Level 5:colcon.colcon_core.verb:set package 'mj_bridge' build argument 'ament_cmake_args' from command line to 'None'
[0.652s] Level 5:colcon.colcon_core.verb:set package 'mj_bridge' build argument 'catkin_cmake_args' from command line to 'None'
[0.652s] Level 5:colcon.colcon_core.verb:set package 'mj_bridge' build argument 'catkin_skip_building_tests' from command line to 'False'
[0.652s] DEBUG:colcon.colcon_core.verb:Building package 'mj_bridge' with the following arguments: {'ament_cmake_args': None, 'build_base': '/home/aaa/robot/ros2_ws/build/mj_bridge', 'catkin_cmake_args': None, 'catkin_skip_building_tests': False, 'cmake_args': None, 'cmake_clean_cache': False, 'cmake_clean_first': False, 'cmake_force_configure': False, 'cmake_target': None, 'cmake_target_skip_unavailable': False, 'install_base': '/home/aaa/robot/ros2_ws/install/mj_bridge', 'merge_install': False, 'path': '/home/aaa/robot/ros2_ws/src/mj_bridge', 'symlink_install': False, 'test_result_base': None}
[0.652s] INFO:colcon.colcon_core.executor:Executing jobs using 'parallel' executor
[0.656s] DEBUG:colcon.colcon_parallel_executor.executor.parallel:run_until_complete
[0.656s] INFO:colcon.colcon_ros.task.ament_python.build:Building ROS package in '/home/aaa/robot/ros2_ws/src/mj_bridge' with build type 'ament_python'
[0.656s] Level 1:colcon.colcon_core.shell:create_environment_hook('mj_bridge', 'ament_prefix_path')
[0.665s] INFO:colcon.colcon_core.plugin_system:Skipping extension 'colcon_core.shell.bat': Not used on non-Windows systems
[0.665s] INFO:colcon.colcon_core.shell:Creating environment hook '/home/aaa/robot/ros2_ws/install/mj_bridge/share/mj_bridge/hook/ament_prefix_path.ps1'
[0.666s] INFO:colcon.colcon_core.shell:Creating environment descriptor '/home/aaa/robot/ros2_ws/install/mj_bridge/share/mj_bridge/hook/ament_prefix_path.dsv'
[0.666s] INFO:colcon.colcon_core.shell:Creating environment hook '/home/aaa/robot/ros2_ws/install/mj_bridge/share/mj_bridge/hook/ament_prefix_path.sh'
[0.667s] INFO:colcon.colcon_core.shell:Skip shell extension 'powershell' for command environment: Not usable outside of PowerShell
[0.667s] DEBUG:colcon.colcon_core.shell:Skip shell extension 'dsv' for command environment
[0.995s] INFO:colcon.colcon_core.task.python.build:Building Python package in '/home/aaa/robot/ros2_ws/src/mj_bridge'
[0.996s] INFO:colcon.colcon_core.shell:Skip shell extension 'powershell' for command environment: Not usable outside of PowerShell
[0.996s] DEBUG:colcon.colcon_core.shell:Skip shell extension 'dsv' for command environment
[1.669s] DEBUG:colcon.colcon_core.event_handler.log_command:Invoking command in '/home/aaa/robot/ros2_ws/src/mj_bridge': PYTHONPATH=/home/aaa/robot/ros2_ws/build/mj_bridge/prefix_override:/usr/lib/python3/dist-packages/colcon_core/task/python/colcon_distutils_commands:/home/aaa/robot/ros2_ws/install/mj_bridge/lib/python3.10/site-packages:${PYTHONPATH} /usr/bin/python3 -W ignore:setup.py install is deprecated -W ignore:easy_install command is deprecated setup.py egg_info --egg-base ../../build/mj_bridge build --build-base /home/aaa/robot/ros2_ws/build/mj_bridge/build install --record /home/aaa/robot/ros2_ws/build/mj_bridge/install.log --single-version-externally-managed install_data
[2.068s] DEBUG:colcon.colcon_core.event_handler.log_command:Invoked command in '/home/aaa/robot/ros2_ws/src/mj_bridge' returned '0': PYTHONPATH=/home/aaa/robot/ros2_ws/build/mj_bridge/prefix_override:/usr/lib/python3/dist-packages/colcon_core/task/python/colcon_distutils_commands:/home/aaa/robot/ros2_ws/install/mj_bridge/lib/python3.10/site-packages:${PYTHONPATH} /usr/bin/python3 -W ignore:setup.py install is deprecated -W ignore:easy_install command is deprecated setup.py egg_info --egg-base ../../build/mj_bridge build --build-base /home/aaa/robot/ros2_ws/build/mj_bridge/build install --record /home/aaa/robot/ros2_ws/build/mj_bridge/install.log --single-version-externally-managed install_data
[2.071s] Level 1:colcon.colcon_core.environment:checking '/home/aaa/robot/ros2_ws/install/mj_bridge' for CMake module files
[2.071s] Level 1:colcon.colcon_core.environment:checking '/home/aaa/robot/ros2_ws/install/mj_bridge' for CMake config files
[2.072s] Level 1:colcon.colcon_core.environment:checking '/home/aaa/robot/ros2_ws/install/mj_bridge/lib'
[2.072s] Level 1:colcon.colcon_core.environment:checking '/home/aaa/robot/ros2_ws/install/mj_bridge/bin'
[2.072s] Level 1:colcon.colcon_core.environment:checking '/home/aaa/robot/ros2_ws/install/mj_bridge/lib/pkgconfig/mj_bridge.pc'
[2.072s] Level 1:colcon.colcon_core.environment:checking '/home/aaa/robot/ros2_ws/install/mj_bridge/lib/python3.10/site-packages'
[2.072s] Level 1:colcon.colcon_core.shell:create_environment_hook('mj_bridge', 'pythonpath')
[2.072s] INFO:colcon.colcon_core.shell:Creating environment hook '/home/aaa/robot/ros2_ws/install/mj_bridge/share/mj_bridge/hook/pythonpath.ps1'
[2.072s] INFO:colcon.colcon_core.shell:Creating environment descriptor '/home/aaa/robot/ros2_ws/install/mj_bridge/share/mj_bridge/hook/pythonpath.dsv'
[2.073s] INFO:colcon.colcon_core.shell:Creating environment hook '/home/aaa/robot/ros2_ws/install/mj_bridge/share/mj_bridge/hook/pythonpath.sh'
[2.073s] Level 1:colcon.colcon_core.environment:checking '/home/aaa/robot/ros2_ws/install/mj_bridge/bin'
[2.073s] Level 1:colcon.colcon_core.environment:create_environment_scripts_only(mj_bridge)
[2.073s] INFO:colcon.colcon_core.shell:Creating package script '/home/aaa/robot/ros2_ws/install/mj_bridge/share/mj_bridge/package.ps1'
[2.073s] INFO:colcon.colcon_core.shell:Creating package descriptor '/home/aaa/robot/ros2_ws/install/mj_bridge/share/mj_bridge/package.dsv'
[2.074s] INFO:colcon.colcon_core.shell:Creating package script '/home/aaa/robot/ros2_ws/install/mj_bridge/share/mj_bridge/package.sh'
[2.074s] INFO:colcon.colcon_core.shell:Creating package script '/home/aaa/robot/ros2_ws/install/mj_bridge/share/mj_bridge/package.bash'
[2.075s] INFO:colcon.colcon_core.shell:Creating package script '/home/aaa/robot/ros2_ws/install/mj_bridge/share/mj_bridge/package.zsh'
[2.075s] Level 1:colcon.colcon_core.environment:create_file_with_runtime_dependencies(/home/aaa/robot/ros2_ws/install/mj_bridge/share/colcon-core/packages/mj_bridge)
[2.076s] DEBUG:colcon.colcon_parallel_executor.executor.parallel:closing loop
[2.076s] DEBUG:colcon.colcon_parallel_executor.executor.parallel:loop closed
[2.076s] DEBUG:colcon.colcon_parallel_executor.executor.parallel:run_until_complete finished with '0'
[2.076s] DEBUG:colcon.colcon_core.event_reactor:joining thread
[2.090s] INFO:colcon.colcon_core.plugin_system:Skipping extension 'colcon_notification.desktop_notification.terminal_notifier': Not used on non-Darwin systems
[2.090s] INFO:colcon.colcon_core.plugin_system:Skipping extension 'colcon_notification.desktop_notification.win32': Not used on non-Windows systems
[2.090s] INFO:colcon.colcon_notification.desktop_notification:Sending desktop notification using 'notify2'
[2.111s] DEBUG:colcon.colcon_core.event_reactor:joined thread
[2.111s] INFO:colcon.colcon_core.shell:Creating prefix script '/home/aaa/robot/ros2_ws/install/local_setup.ps1'
[2.112s] INFO:colcon.colcon_core.shell:Creating prefix util module '/home/aaa/robot/ros2_ws/install/_local_setup_util_ps1.py'
[2.113s] INFO:colcon.colcon_core.shell:Creating prefix chain script '/home/aaa/robot/ros2_ws/install/setup.ps1'
[2.114s] INFO:colcon.colcon_core.shell:Creating prefix script '/home/aaa/robot/ros2_ws/install/local_setup.sh'
[2.114s] INFO:colcon.colcon_core.shell:Creating prefix util module '/home/aaa/robot/ros2_ws/install/_local_setup_util_sh.py'
[2.114s] INFO:colcon.colcon_core.shell:Creating prefix chain script '/home/aaa/robot/ros2_ws/install/setup.sh'
[2.115s] INFO:colcon.colcon_core.shell:Creating prefix script '/home/aaa/robot/ros2_ws/install/local_setup.bash'
[2.115s] INFO:colcon.colcon_core.shell:Creating prefix chain script '/home/aaa/robot/ros2_ws/install/setup.bash'
[2.116s] INFO:colcon.colcon_core.shell:Creating prefix script '/home/aaa/robot/ros2_ws/install/local_setup.zsh'
[2.116s] INFO:colcon.colcon_core.shell:Creating prefix chain script '/home/aaa/robot/ros2_ws/install/setup.zsh'
