[1.013s] Invoking command in '/home/aaa/robot/ros2_ws/src/mj_bridge': PYTHONPATH=/home/aaa/robot/ros2_ws/build/mj_bridge/prefix_override:/usr/lib/python3/dist-packages/colcon_core/task/python/colcon_distutils_commands:/home/aaa/robot/ros2_ws/install/mj_bridge/lib/python3.10/site-packages:${PYTHONPATH} /usr/bin/python3 -W ignore:setup.py install is deprecated -W ignore:easy_install command is deprecated setup.py egg_info --egg-base ../../build/mj_bridge build --build-base /home/aaa/robot/ros2_ws/build/mj_bridge/build install --record /home/aaa/robot/ros2_ws/build/mj_bridge/install.log --single-version-externally-managed install_data
[1.318s] running egg_info
[1.319s] writing ../../build/mj_bridge/mj_bridge.egg-info/PKG-INFO
[1.320s] writing dependency_links to ../../build/mj_bridge/mj_bridge.egg-info/dependency_links.txt
[1.320s] writing entry points to ../../build/mj_bridge/mj_bridge.egg-info/entry_points.txt
[1.320s] writing requirements to ../../build/mj_bridge/mj_bridge.egg-info/requires.txt
[1.321s] writing top-level names to ../../build/mj_bridge/mj_bridge.egg-info/top_level.txt
[1.327s] reading manifest file '../../build/mj_bridge/mj_bridge.egg-info/SOURCES.txt'
[1.328s] writing manifest file '../../build/mj_bridge/mj_bridge.egg-info/SOURCES.txt'
[1.328s] running build
[1.328s] running build_py
[1.328s] copying mj_bridge/vlm_node2.py -> /home/aaa/robot/ros2_ws/build/mj_bridge/build/lib/mj_bridge
[1.330s] copying mj_bridge/vlm_node.py -> /home/aaa/robot/ros2_ws/build/mj_bridge/build/lib/mj_bridge
[1.330s] copying mj_bridge/yolo.sam.py -> /home/aaa/robot/ros2_ws/build/mj_bridge/build/lib/mj_bridge
[1.331s] running install
[1.331s] running install_lib
[1.332s] copying /home/aaa/robot/ros2_ws/build/mj_bridge/build/lib/mj_bridge/vlm_node2.py -> /home/aaa/robot/ros2_ws/install/mj_bridge/lib/python3.10/site-packages/mj_bridge
[1.332s] copying /home/aaa/robot/ros2_ws/build/mj_bridge/build/lib/mj_bridge/vlm_node.py -> /home/aaa/robot/ros2_ws/install/mj_bridge/lib/python3.10/site-packages/mj_bridge
[1.332s] copying /home/aaa/robot/ros2_ws/build/mj_bridge/build/lib/mj_bridge/yolo.sam.py -> /home/aaa/robot/ros2_ws/install/mj_bridge/lib/python3.10/site-packages/mj_bridge
[1.332s] byte-compiling /home/aaa/robot/ros2_ws/install/mj_bridge/lib/python3.10/site-packages/mj_bridge/vlm_node2.py to vlm_node2.cpython-310.pyc
[1.333s] byte-compiling /home/aaa/robot/ros2_ws/install/mj_bridge/lib/python3.10/site-packages/mj_bridge/vlm_node.py to vlm_node.cpython-310.pyc
[1.334s] byte-compiling /home/aaa/robot/ros2_ws/install/mj_bridge/lib/python3.10/site-packages/mj_bridge/yolo.sam.py to yolo.sam.cpython-310.pyc
[1.335s] running install_data
[1.335s] running install_egg_info
[1.343s] removing '/home/aaa/robot/ros2_ws/install/mj_bridge/lib/python3.10/site-packages/mj_bridge-0.0.0-py3.10.egg-info' (and everything under it)
[1.344s] Copying ../../build/mj_bridge/mj_bridge.egg-info to /home/aaa/robot/ros2_ws/install/mj_bridge/lib/python3.10/site-packages/mj_bridge-0.0.0-py3.10.egg-info
[1.344s] running install_scripts
[1.374s] Installing mj_bridge script to /home/aaa/robot/ros2_ws/install/mj_bridge/lib/mj_bridge
[1.376s] writing list of installed files to '/home/aaa/robot/ros2_ws/build/mj_bridge/install.log'
[1.412s] Invoked command in '/home/aaa/robot/ros2_ws/src/mj_bridge' returned '0': PYTHONPATH=/home/aaa/robot/ros2_ws/build/mj_bridge/prefix_override:/usr/lib/python3/dist-packages/colcon_core/task/python/colcon_distutils_commands:/home/aaa/robot/ros2_ws/install/mj_bridge/lib/python3.10/site-packages:${PYTHONPATH} /usr/bin/python3 -W ignore:setup.py install is deprecated -W ignore:easy_install command is deprecated setup.py egg_info --egg-base ../../build/mj_bridge build --build-base /home/aaa/robot/ros2_ws/build/mj_bridge/build install --record /home/aaa/robot/ros2_ws/build/mj_bridge/install.log --single-version-externally-managed install_data
