[2.007s] Invoking command in '/home/aaa/robot/ros2_ws/build/smach_ros': AMENT_PREFIX_PATH=/home/aaa/robot/ros2_ws/install/smach_msgs:/home/aaa/robot/ros2_ws/install/smach:${AMENT_PREFIX_PATH} CMAKE_PREFIX_PATH=/home/aaa/robot/ros2_ws/install/smach_msgs LD_LIBRARY_PATH=/home/aaa/robot/ros2_ws/install/smach_msgs/lib:${LD_LIBRARY_PATH} PS1=(mj) \[\e]0;\u@\h: \w\a\]${debian_chroot:+($debian_chroot)}\[\033[01;32m\]\u@\h\[\033[00m\]:\[\033[01;34m\]\w\[\033[00m\]\$ PYTHONPATH=/home/aaa/robot/ros2_ws/build/smach_ros/prefix_override:/usr/lib/python3/dist-packages/colcon_core/task/python/colcon_distutils_commands:/home/aaa/robot/ros2_ws/install/smach_ros/lib/python3.10/site-packages:/home/aaa/robot/ros2_ws/install/smach_msgs/local/lib/python3.10/dist-packages:/home/aaa/robot/ros2_ws/install/smach/lib/python3.10/site-packages:${PYTHONPATH} VIRTUAL_ENV_PROMPT=(mj) /usr/bin/python3 -W ignore:setup.py install is deprecated -W ignore:easy_install command is deprecated setup.py develop --uninstall --editable --build-directory /home/aaa/robot/ros2_ws/build/smach_ros/build
[2.628s] /usr/lib/python3/dist-packages/setuptools/dist.py:723: UserWarning: Usage of dash-separated 'script-dir' will not be supported in future versions. Please use the underscore name 'script_dir' instead
[2.628s]   warnings.warn(
[2.705s] running develop
[3.032s] Removing /home/aaa/robot/ros2_ws/install/smach_ros/lib/python3.10/site-packages/smach-ros.egg-link (link to .)
[3.130s] Invoked command in '/home/aaa/robot/ros2_ws/build/smach_ros' returned '0': AMENT_PREFIX_PATH=/home/aaa/robot/ros2_ws/install/smach_msgs:/home/aaa/robot/ros2_ws/install/smach:${AMENT_PREFIX_PATH} CMAKE_PREFIX_PATH=/home/aaa/robot/ros2_ws/install/smach_msgs LD_LIBRARY_PATH=/home/aaa/robot/ros2_ws/install/smach_msgs/lib:${LD_LIBRARY_PATH} PS1=(mj) \[\e]0;\u@\h: \w\a\]${debian_chroot:+($debian_chroot)}\[\033[01;32m\]\u@\h\[\033[00m\]:\[\033[01;34m\]\w\[\033[00m\]\$ PYTHONPATH=/home/aaa/robot/ros2_ws/build/smach_ros/prefix_override:/usr/lib/python3/dist-packages/colcon_core/task/python/colcon_distutils_commands:/home/aaa/robot/ros2_ws/install/smach_ros/lib/python3.10/site-packages:/home/aaa/robot/ros2_ws/install/smach_msgs/local/lib/python3.10/dist-packages:/home/aaa/robot/ros2_ws/install/smach/lib/python3.10/site-packages:${PYTHONPATH} VIRTUAL_ENV_PROMPT=(mj) /usr/bin/python3 -W ignore:setup.py install is deprecated -W ignore:easy_install command is deprecated setup.py develop --uninstall --editable --build-directory /home/aaa/robot/ros2_ws/build/smach_ros/build
[3.136s] Invoking command in '/home/aaa/robot/ros2_ws/executive_smach/smach_ros': AMENT_PREFIX_PATH=/home/aaa/robot/ros2_ws/install/smach_msgs:/home/aaa/robot/ros2_ws/install/smach:${AMENT_PREFIX_PATH} CMAKE_PREFIX_PATH=/home/aaa/robot/ros2_ws/install/smach_msgs LD_LIBRARY_PATH=/home/aaa/robot/ros2_ws/install/smach_msgs/lib:${LD_LIBRARY_PATH} PS1=(mj) \[\e]0;\u@\h: \w\a\]${debian_chroot:+($debian_chroot)}\[\033[01;32m\]\u@\h\[\033[00m\]:\[\033[01;34m\]\w\[\033[00m\]\$ PYTHONPATH=/home/aaa/robot/ros2_ws/build/smach_ros/prefix_override:/usr/lib/python3/dist-packages/colcon_core/task/python/colcon_distutils_commands:/home/aaa/robot/ros2_ws/install/smach_ros/lib/python3.10/site-packages:/home/aaa/robot/ros2_ws/install/smach_msgs/local/lib/python3.10/dist-packages:/home/aaa/robot/ros2_ws/install/smach/lib/python3.10/site-packages:${PYTHONPATH} VIRTUAL_ENV_PROMPT=(mj) /usr/bin/python3 -W ignore:setup.py install is deprecated -W ignore:easy_install command is deprecated setup.py egg_info --egg-base ../../build/smach_ros build --build-base /home/aaa/robot/ros2_ws/build/smach_ros/build install --record /home/aaa/robot/ros2_ws/build/smach_ros/install.log --install-scripts $base/lib/smach_ros --single-version-externally-managed install_data --force
[3.713s] /usr/lib/python3/dist-packages/setuptools/dist.py:723: UserWarning: Usage of dash-separated 'script-dir' will not be supported in future versions. Please use the underscore name 'script_dir' instead
[3.713s]   warnings.warn(
[3.726s] running egg_info
[3.727s] writing ../../build/smach_ros/smach_ros.egg-info/PKG-INFO
[3.727s] /usr/lib/python3/dist-packages/setuptools/dist.py:157: UserWarning: newlines not allowed and will break in the future
[3.728s]   warnings.warn("newlines not allowed and will break in the future")
[3.728s] writing dependency_links to ../../build/smach_ros/smach_ros.egg-info/dependency_links.txt
[3.728s] writing requirements to ../../build/smach_ros/smach_ros.egg-info/requires.txt
[3.728s] writing top-level names to ../../build/smach_ros/smach_ros.egg-info/top_level.txt
[3.742s] reading manifest file '../../build/smach_ros/smach_ros.egg-info/SOURCES.txt'
[3.747s] writing manifest file '../../build/smach_ros/smach_ros.egg-info/SOURCES.txt'
[3.747s] running build
[3.747s] running build_py
[3.747s] creating /home/aaa/robot/ros2_ws/build/smach_ros/build
[3.747s] creating /home/aaa/robot/ros2_ws/build/smach_ros/build/lib
[3.748s] creating /home/aaa/robot/ros2_ws/build/smach_ros/build/lib/smach_ros
[3.748s] copying smach_ros/introspection.py -> /home/aaa/robot/ros2_ws/build/smach_ros/build/lib/smach_ros
[3.748s] copying smach_ros/monitor_state.py -> /home/aaa/robot/ros2_ws/build/smach_ros/build/lib/smach_ros
[3.748s] copying smach_ros/service_state.py -> /home/aaa/robot/ros2_ws/build/smach_ros/build/lib/smach_ros
[3.749s] copying smach_ros/simple_action_state.py -> /home/aaa/robot/ros2_ws/build/smach_ros/build/lib/smach_ros
[3.749s] copying smach_ros/__init__.py -> /home/aaa/robot/ros2_ws/build/smach_ros/build/lib/smach_ros
[3.749s] copying smach_ros/action_server_wrapper.py -> /home/aaa/robot/ros2_ws/build/smach_ros/build/lib/smach_ros
[3.749s] copying smach_ros/ros_state.py -> /home/aaa/robot/ros2_ws/build/smach_ros/build/lib/smach_ros
[3.749s] copying smach_ros/condition_state.py -> /home/aaa/robot/ros2_ws/build/smach_ros/build/lib/smach_ros
[3.749s] copying smach_ros/node.py -> /home/aaa/robot/ros2_ws/build/smach_ros/build/lib/smach_ros
[3.749s] copying smach_ros/util.py -> /home/aaa/robot/ros2_ws/build/smach_ros/build/lib/smach_ros
[3.750s] running install
[3.750s] running install_lib
[3.750s] creating /home/aaa/robot/ros2_ws/install/smach_ros/lib/python3.10/site-packages/smach_ros
[3.750s] copying /home/aaa/robot/ros2_ws/build/smach_ros/build/lib/smach_ros/introspection.py -> /home/aaa/robot/ros2_ws/install/smach_ros/lib/python3.10/site-packages/smach_ros
[3.750s] copying /home/aaa/robot/ros2_ws/build/smach_ros/build/lib/smach_ros/monitor_state.py -> /home/aaa/robot/ros2_ws/install/smach_ros/lib/python3.10/site-packages/smach_ros
[3.750s] copying /home/aaa/robot/ros2_ws/build/smach_ros/build/lib/smach_ros/service_state.py -> /home/aaa/robot/ros2_ws/install/smach_ros/lib/python3.10/site-packages/smach_ros
[3.751s] copying /home/aaa/robot/ros2_ws/build/smach_ros/build/lib/smach_ros/simple_action_state.py -> /home/aaa/robot/ros2_ws/install/smach_ros/lib/python3.10/site-packages/smach_ros
[3.751s] copying /home/aaa/robot/ros2_ws/build/smach_ros/build/lib/smach_ros/__init__.py -> /home/aaa/robot/ros2_ws/install/smach_ros/lib/python3.10/site-packages/smach_ros
[3.751s] copying /home/aaa/robot/ros2_ws/build/smach_ros/build/lib/smach_ros/action_server_wrapper.py -> /home/aaa/robot/ros2_ws/install/smach_ros/lib/python3.10/site-packages/smach_ros
[3.751s] copying /home/aaa/robot/ros2_ws/build/smach_ros/build/lib/smach_ros/ros_state.py -> /home/aaa/robot/ros2_ws/install/smach_ros/lib/python3.10/site-packages/smach_ros
[3.751s] copying /home/aaa/robot/ros2_ws/build/smach_ros/build/lib/smach_ros/condition_state.py -> /home/aaa/robot/ros2_ws/install/smach_ros/lib/python3.10/site-packages/smach_ros
[3.751s] copying /home/aaa/robot/ros2_ws/build/smach_ros/build/lib/smach_ros/node.py -> /home/aaa/robot/ros2_ws/install/smach_ros/lib/python3.10/site-packages/smach_ros
[3.751s] copying /home/aaa/robot/ros2_ws/build/smach_ros/build/lib/smach_ros/util.py -> /home/aaa/robot/ros2_ws/install/smach_ros/lib/python3.10/site-packages/smach_ros
[3.752s] byte-compiling /home/aaa/robot/ros2_ws/install/smach_ros/lib/python3.10/site-packages/smach_ros/introspection.py to introspection.cpython-310.pyc
[3.753s] byte-compiling /home/aaa/robot/ros2_ws/install/smach_ros/lib/python3.10/site-packages/smach_ros/monitor_state.py to monitor_state.cpython-310.pyc
[3.753s] byte-compiling /home/aaa/robot/ros2_ws/install/smach_ros/lib/python3.10/site-packages/smach_ros/service_state.py to service_state.cpython-310.pyc
[3.760s] byte-compiling /home/aaa/robot/ros2_ws/install/smach_ros/lib/python3.10/site-packages/smach_ros/simple_action_state.py to simple_action_state.cpython-310.pyc
[3.772s] byte-compiling /home/aaa/robot/ros2_ws/install/smach_ros/lib/python3.10/site-packages/smach_ros/__init__.py to __init__.cpython-310.pyc
[3.772s] byte-compiling /home/aaa/robot/ros2_ws/install/smach_ros/lib/python3.10/site-packages/smach_ros/action_server_wrapper.py to action_server_wrapper.cpython-310.pyc
[3.775s] byte-compiling /home/aaa/robot/ros2_ws/install/smach_ros/lib/python3.10/site-packages/smach_ros/ros_state.py to ros_state.cpython-310.pyc
[3.777s] byte-compiling /home/aaa/robot/ros2_ws/install/smach_ros/lib/python3.10/site-packages/smach_ros/condition_state.py to condition_state.cpython-310.pyc
[3.778s] byte-compiling /home/aaa/robot/ros2_ws/install/smach_ros/lib/python3.10/site-packages/smach_ros/node.py to node.cpython-310.pyc
[3.778s] byte-compiling /home/aaa/robot/ros2_ws/install/smach_ros/lib/python3.10/site-packages/smach_ros/util.py to util.cpython-310.pyc
[3.778s] running install_data
[3.778s] copying resource/smach_ros -> /home/aaa/robot/ros2_ws/install/smach_ros/share/ament_index/resource_index/packages
[3.785s] copying package.xml -> /home/aaa/robot/ros2_ws/install/smach_ros/share/smach_ros
[3.789s] running install_egg_info
[3.791s] Copying ../../build/smach_ros/smach_ros.egg-info to /home/aaa/robot/ros2_ws/install/smach_ros/lib/python3.10/site-packages/smach_ros-3.0.3-py3.10.egg-info
[3.795s] running install_scripts
[3.852s] writing list of installed files to '/home/aaa/robot/ros2_ws/build/smach_ros/install.log'
[3.914s] Invoked command in '/home/aaa/robot/ros2_ws/executive_smach/smach_ros' returned '0': AMENT_PREFIX_PATH=/home/aaa/robot/ros2_ws/install/smach_msgs:/home/aaa/robot/ros2_ws/install/smach:${AMENT_PREFIX_PATH} CMAKE_PREFIX_PATH=/home/aaa/robot/ros2_ws/install/smach_msgs LD_LIBRARY_PATH=/home/aaa/robot/ros2_ws/install/smach_msgs/lib:${LD_LIBRARY_PATH} PS1=(mj) \[\e]0;\u@\h: \w\a\]${debian_chroot:+($debian_chroot)}\[\033[01;32m\]\u@\h\[\033[00m\]:\[\033[01;34m\]\w\[\033[00m\]\$ PYTHONPATH=/home/aaa/robot/ros2_ws/build/smach_ros/prefix_override:/usr/lib/python3/dist-packages/colcon_core/task/python/colcon_distutils_commands:/home/aaa/robot/ros2_ws/install/smach_ros/lib/python3.10/site-packages:/home/aaa/robot/ros2_ws/install/smach_msgs/local/lib/python3.10/dist-packages:/home/aaa/robot/ros2_ws/install/smach/lib/python3.10/site-packages:${PYTHONPATH} VIRTUAL_ENV_PROMPT=(mj) /usr/bin/python3 -W ignore:setup.py install is deprecated -W ignore:easy_install command is deprecated setup.py egg_info --egg-base ../../build/smach_ros build --build-base /home/aaa/robot/ros2_ws/build/smach_ros/build install --record /home/aaa/robot/ros2_ws/build/smach_ros/install.log --install-scripts $base/lib/smach_ros --single-version-externally-managed install_data --force
