[0.267s] Invoking command in '/home/aaa/robot/ros2_ws/src/mj_bridge': PYTHONPATH=/home/aaa/robot/ros2_ws/build/mj_bridge/prefix_override:/usr/lib/python3/dist-packages/colcon_core/task/python/colcon_distutils_commands:/home/aaa/robot/ros2_ws/install/mj_bridge/lib/python3.10/site-packages:${PYTHONPATH} /usr/bin/python3 -W ignore:setup.py install is deprecated -W ignore:easy_install command is deprecated setup.py egg_info --egg-base ../../build/mj_bridge build --build-base /home/aaa/robot/ros2_ws/build/mj_bridge/build install --record /home/aaa/robot/ros2_ws/build/mj_bridge/install.log --single-version-externally-managed install_data
[0.373s] running egg_info
[0.373s] writing ../../build/mj_bridge/mj_bridge.egg-info/PKG-INFO
[0.373s] writing dependency_links to ../../build/mj_bridge/mj_bridge.egg-info/dependency_links.txt
[0.373s] writing entry points to ../../build/mj_bridge/mj_bridge.egg-info/entry_points.txt
[0.373s] writing requirements to ../../build/mj_bridge/mj_bridge.egg-info/requires.txt
[0.373s] writing top-level names to ../../build/mj_bridge/mj_bridge.egg-info/top_level.txt
[0.374s] reading manifest file '../../build/mj_bridge/mj_bridge.egg-info/SOURCES.txt'
[0.375s] writing manifest file '../../build/mj_bridge/mj_bridge.egg-info/SOURCES.txt'
[0.375s] running build
[0.375s] running build_py
[0.375s] copying mj_bridge/mj_bridge3.py -> /home/aaa/robot/ros2_ws/build/mj_bridge/build/lib/mj_bridge
[0.375s] running install
[0.375s] running install_lib
[0.376s] copying /home/aaa/robot/ros2_ws/build/mj_bridge/build/lib/mj_bridge/mj_bridge3.py -> /home/aaa/robot/ros2_ws/install/mj_bridge/lib/python3.10/site-packages/mj_bridge
[0.376s] byte-compiling /home/aaa/robot/ros2_ws/install/mj_bridge/lib/python3.10/site-packages/mj_bridge/mj_bridge3.py to mj_bridge3.cpython-310.pyc
[0.377s] running install_data
[0.377s] running install_egg_info
[0.378s] removing '/home/aaa/robot/ros2_ws/install/mj_bridge/lib/python3.10/site-packages/mj_bridge-0.0.0-py3.10.egg-info' (and everything under it)
[0.379s] Copying ../../build/mj_bridge/mj_bridge.egg-info to /home/aaa/robot/ros2_ws/install/mj_bridge/lib/python3.10/site-packages/mj_bridge-0.0.0-py3.10.egg-info
[0.379s] running install_scripts
[0.388s] Installing mj_bridge script to /home/aaa/robot/ros2_ws/install/mj_bridge/lib/mj_bridge
[0.388s] writing list of installed files to '/home/aaa/robot/ros2_ws/build/mj_bridge/install.log'
[0.400s] Invoked command in '/home/aaa/robot/ros2_ws/src/mj_bridge' returned '0': PYTHONPATH=/home/aaa/robot/ros2_ws/build/mj_bridge/prefix_override:/usr/lib/python3/dist-packages/colcon_core/task/python/colcon_distutils_commands:/home/aaa/robot/ros2_ws/install/mj_bridge/lib/python3.10/site-packages:${PYTHONPATH} /usr/bin/python3 -W ignore:setup.py install is deprecated -W ignore:easy_install command is deprecated setup.py egg_info --egg-base ../../build/mj_bridge build --build-base /home/aaa/robot/ros2_ws/build/mj_bridge/build install --record /home/aaa/robot/ros2_ws/build/mj_bridge/install.log --single-version-externally-managed install_data
