running egg_info
writing ../build/mj_bridge/mj_bridge.egg-info/PKG-INFO
writing dependency_links to ../build/mj_bridge/mj_bridge.egg-info/dependency_links.txt
writing entry points to ../build/mj_bridge/mj_bridge.egg-info/entry_points.txt
writing requirements to ../build/mj_bridge/mj_bridge.egg-info/requires.txt
writing top-level names to ../build/mj_bridge/mj_bridge.egg-info/top_level.txt
reading manifest file '../build/mj_bridge/mj_bridge.egg-info/SOURCES.txt'
writing manifest file '../build/mj_bridge/mj_bridge.egg-info/SOURCES.txt'
running build
running build_py
copying mj_bridge/pick1.py -> /home/aaa/robot/ros2_ws/src/build/mj_bridge/build/lib/mj_bridge
copying mj_bridge/pick_and_place.py -> /home/aaa/robot/ros2_ws/src/build/mj_bridge/build/lib/mj_bridge
running install
running install_lib
copying /home/aaa/robot/ros2_ws/src/build/mj_bridge/build/lib/mj_bridge/pick1.py -> /home/aaa/robot/ros2_ws/src/install/mj_bridge/lib/python3.10/site-packages/mj_bridge
copying /home/aaa/robot/ros2_ws/src/build/mj_bridge/build/lib/mj_bridge/pick_and_place.py -> /home/aaa/robot/ros2_ws/src/install/mj_bridge/lib/python3.10/site-packages/mj_bridge
byte-compiling /home/aaa/robot/ros2_ws/src/install/mj_bridge/lib/python3.10/site-packages/mj_bridge/pick1.py to pick1.cpython-310.pyc
byte-compiling /home/aaa/robot/ros2_ws/src/install/mj_bridge/lib/python3.10/site-packages/mj_bridge/pick_and_place.py to pick_and_place.cpython-310.pyc
running install_data
running install_egg_info
removing '/home/aaa/robot/ros2_ws/src/install/mj_bridge/lib/python3.10/site-packages/mj_bridge-0.0.0-py3.10.egg-info' (and everything under it)
Copying ../build/mj_bridge/mj_bridge.egg-info to /home/aaa/robot/ros2_ws/src/install/mj_bridge/lib/python3.10/site-packages/mj_bridge-0.0.0-py3.10.egg-info
running install_scripts
Installing mj_bridge script to /home/aaa/robot/ros2_ws/src/install/mj_bridge/lib/mj_bridge
writing list of installed files to '/home/aaa/robot/ros2_ws/src/build/mj_bridge/install.log'
