[1.916s] Invoking command in '/home/aaa/robot/ros2_ws/src/mj_bridge': PYTHONPATH=/home/aaa/robot/ros2_ws/src/build/mj_bridge/prefix_override:/usr/lib/python3/dist-packages/colcon_core/task/python/colcon_distutils_commands:/home/aaa/robot/ros2_ws/src/install/mj_bridge/lib/python3.10/site-packages:${PYTHONPATH} /usr/bin/python3 -W ignore:setup.py install is deprecated -W ignore:easy_install command is deprecated setup.py egg_info --egg-base ../build/mj_bridge build --build-base /home/aaa/robot/ros2_ws/src/build/mj_bridge/build install --record /home/aaa/robot/ros2_ws/src/build/mj_bridge/install.log --single-version-externally-managed install_data
[2.388s] running egg_info
[2.391s] writing ../build/mj_bridge/mj_bridge.egg-info/PKG-INFO
[2.396s] writing dependency_links to ../build/mj_bridge/mj_bridge.egg-info/dependency_links.txt
[2.396s] writing entry points to ../build/mj_bridge/mj_bridge.egg-info/entry_points.txt
[2.397s] writing requirements to ../build/mj_bridge/mj_bridge.egg-info/requires.txt
[2.397s] writing top-level names to ../build/mj_bridge/mj_bridge.egg-info/top_level.txt
[2.398s] reading manifest file '../build/mj_bridge/mj_bridge.egg-info/SOURCES.txt'
[2.399s] writing manifest file '../build/mj_bridge/mj_bridge.egg-info/SOURCES.txt'
[2.399s] running build
[2.399s] running build_py
[2.399s] copying mj_bridge/pick1.py -> /home/aaa/robot/ros2_ws/src/build/mj_bridge/build/lib/mj_bridge
[2.400s] copying mj_bridge/pick_and_place.py -> /home/aaa/robot/ros2_ws/src/build/mj_bridge/build/lib/mj_bridge
[2.400s] running install
[2.400s] running install_lib
[2.404s] copying /home/aaa/robot/ros2_ws/src/build/mj_bridge/build/lib/mj_bridge/pick1.py -> /home/aaa/robot/ros2_ws/src/install/mj_bridge/lib/python3.10/site-packages/mj_bridge
[2.405s] copying /home/aaa/robot/ros2_ws/src/build/mj_bridge/build/lib/mj_bridge/pick_and_place.py -> /home/aaa/robot/ros2_ws/src/install/mj_bridge/lib/python3.10/site-packages/mj_bridge
[2.405s] byte-compiling /home/aaa/robot/ros2_ws/src/install/mj_bridge/lib/python3.10/site-packages/mj_bridge/pick1.py to pick1.cpython-310.pyc
[2.406s] byte-compiling /home/aaa/robot/ros2_ws/src/install/mj_bridge/lib/python3.10/site-packages/mj_bridge/pick_and_place.py to pick_and_place.cpython-310.pyc
[2.406s] running install_data
[2.406s] running install_egg_info
[2.408s] removing '/home/aaa/robot/ros2_ws/src/install/mj_bridge/lib/python3.10/site-packages/mj_bridge-0.0.0-py3.10.egg-info' (and everything under it)
[2.408s] Copying ../build/mj_bridge/mj_bridge.egg-info to /home/aaa/robot/ros2_ws/src/install/mj_bridge/lib/python3.10/site-packages/mj_bridge-0.0.0-py3.10.egg-info
[2.410s] running install_scripts
[2.454s] Installing mj_bridge script to /home/aaa/robot/ros2_ws/src/install/mj_bridge/lib/mj_bridge
[2.456s] writing list of installed files to '/home/aaa/robot/ros2_ws/src/build/mj_bridge/install.log'
[2.518s] Invoked command in '/home/aaa/robot/ros2_ws/src/mj_bridge' returned '0': PYTHONPATH=/home/aaa/robot/ros2_ws/src/build/mj_bridge/prefix_override:/usr/lib/python3/dist-packages/colcon_core/task/python/colcon_distutils_commands:/home/aaa/robot/ros2_ws/src/install/mj_bridge/lib/python3.10/site-packages:${PYTHONPATH} /usr/bin/python3 -W ignore:setup.py install is deprecated -W ignore:easy_install command is deprecated setup.py egg_info --egg-base ../build/mj_bridge build --build-base /home/aaa/robot/ros2_ws/src/build/mj_bridge/build install --record /home/aaa/robot/ros2_ws/src/build/mj_bridge/install.log --single-version-externally-managed install_data
