[0.165s] Invoking command in '/home/aaa/robot/ros2_ws/build/panda_pick': CMAKE_PREFIX_PATH=${CMAKE_PREFIX_PATH}:/home/aaa/robot/ros2_ws/install/smach_ros:/home/aaa/robot/ros2_ws/install/smach_demo:/home/aaa/robot/ros2_ws/install/smach:/home/aaa/robot/ros2_ws/install/mj_bridge:/opt/ros/humble /usr/bin/cmake --build /home/aaa/robot/ros2_ws/build/panda_pick -- -j2 -l2
[0.250s] [35m[1mConsolidate compiler generated dependencies of target cpp_pick_node[0m
[0.271s] [ 50%] [32mBuilding CXX object CMakeFiles/cpp_pick_node.dir/src/cpp_pick_node.cpp.o[0m
[6.765s] [100%] [32m[1mLinking CXX executable cpp_pick_node[0m
[7.177s] [100%] Built target cpp_pick_node
[7.186s] Invoked command in '/home/aaa/robot/ros2_ws/build/panda_pick' returned '0': CMAKE_PREFIX_PATH=${CMAKE_PREFIX_PATH}:/home/aaa/robot/ros2_ws/install/smach_ros:/home/aaa/robot/ros2_ws/install/smach_demo:/home/aaa/robot/ros2_ws/install/smach:/home/aaa/robot/ros2_ws/install/mj_bridge:/opt/ros/humble /usr/bin/cmake --build /home/aaa/robot/ros2_ws/build/panda_pick -- -j2 -l2
[7.200s] Invoking command in '/home/aaa/robot/ros2_ws/build/panda_pick': CMAKE_PREFIX_PATH=${CMAKE_PREFIX_PATH}:/home/aaa/robot/ros2_ws/install/smach_ros:/home/aaa/robot/ros2_ws/install/smach_demo:/home/aaa/robot/ros2_ws/install/smach:/home/aaa/robot/ros2_ws/install/mj_bridge:/opt/ros/humble /usr/bin/cmake --install /home/aaa/robot/ros2_ws/build/panda_pick
[7.206s] -- Install configuration: ""
[7.208s] -- Installing: /home/aaa/robot/ros2_ws/install/panda_pick/lib/panda_pick/cpp_pick_node
[7.209s] -- Set runtime path of "/home/aaa/robot/ros2_ws/install/panda_pick/lib/panda_pick/cpp_pick_node" to ""
[7.209s] -- Up-to-date: /home/aaa/robot/ros2_ws/install/panda_pick/share/panda_pick/launch
[7.211s] -- Up-to-date: /home/aaa/robot/ros2_ws/install/panda_pick/share/panda_pick/launch/demo.launch1.py
[7.211s] -- Up-to-date: /home/aaa/robot/ros2_ws/install/panda_pick/share/panda_pick/launch/cpp_node.launch.py
[7.211s] -- Up-to-date: /home/aaa/robot/ros2_ws/install/panda_pick/share/panda_pick/launch/__pycache__
[7.212s] -- Installing: /home/aaa/robot/ros2_ws/install/panda_pick/share/panda_pick/launch/__pycache__/demo.launch1.cpython-310.pyc
[7.214s] -- Up-to-date: /home/aaa/robot/ros2_ws/install/panda_pick/share/panda_pick/config
[7.215s] -- Up-to-date: /home/aaa/robot/ros2_ws/install/panda_pick/share/panda_pick/config/ros2_controllers.yaml
[7.215s] -- Up-to-date: /home/aaa/robot/ros2_ws/install/panda_pick/share/panda_pick/config/moveit_controllers.yaml
[7.215s] -- Up-to-date: /home/aaa/robot/ros2_ws/install/panda_pick/share/ament_index/resource_index/package_run_dependencies/panda_pick
[7.215s] -- Up-to-date: /home/aaa/robot/ros2_ws/install/panda_pick/share/ament_index/resource_index/parent_prefix_path/panda_pick
[7.216s] -- Up-to-date: /home/aaa/robot/ros2_ws/install/panda_pick/share/panda_pick/environment/ament_prefix_path.sh
[7.216s] -- Up-to-date: /home/aaa/robot/ros2_ws/install/panda_pick/share/panda_pick/environment/ament_prefix_path.dsv
[7.216s] -- Up-to-date: /home/aaa/robot/ros2_ws/install/panda_pick/share/panda_pick/environment/path.sh
[7.216s] -- Up-to-date: /home/aaa/robot/ros2_ws/install/panda_pick/share/panda_pick/environment/path.dsv
[7.216s] -- Up-to-date: /home/aaa/robot/ros2_ws/install/panda_pick/share/panda_pick/local_setup.bash
[7.216s] -- Up-to-date: /home/aaa/robot/ros2_ws/install/panda_pick/share/panda_pick/local_setup.sh
[7.216s] -- Up-to-date: /home/aaa/robot/ros2_ws/install/panda_pick/share/panda_pick/local_setup.zsh
[7.216s] -- Up-to-date: /home/aaa/robot/ros2_ws/install/panda_pick/share/panda_pick/local_setup.dsv
[7.216s] -- Installing: /home/aaa/robot/ros2_ws/install/panda_pick/share/panda_pick/package.dsv
[7.217s] -- Up-to-date: /home/aaa/robot/ros2_ws/install/panda_pick/share/ament_index/resource_index/packages/panda_pick
[7.217s] -- Up-to-date: /home/aaa/robot/ros2_ws/install/panda_pick/share/panda_pick/cmake/panda_pickConfig.cmake
[7.217s] -- Up-to-date: /home/aaa/robot/ros2_ws/install/panda_pick/share/panda_pick/cmake/panda_pickConfig-version.cmake
[7.217s] -- Up-to-date: /home/aaa/robot/ros2_ws/install/panda_pick/share/panda_pick/package.xml
[7.218s] Invoked command in '/home/aaa/robot/ros2_ws/build/panda_pick' returned '0': CMAKE_PREFIX_PATH=${CMAKE_PREFIX_PATH}:/home/aaa/robot/ros2_ws/install/smach_ros:/home/aaa/robot/ros2_ws/install/smach_demo:/home/aaa/robot/ros2_ws/install/smach:/home/aaa/robot/ros2_ws/install/mj_bridge:/opt/ros/humble /usr/bin/cmake --install /home/aaa/robot/ros2_ws/build/panda_pick
