[0.244s] DEBUG:colcon:Command line arguments: ['/usr/bin/colcon', 'build', '--symlink-install']
[0.244s] DEBUG:colcon:Parsed command line arguments: Namespace(log_base=None, log_level=None, verb_name='build', build_base='build', install_base='install', merge_install=False, symlink_install=True, test_result_base=None, continue_on_error=False, executor='parallel', parallel_workers=2, event_handlers=None, ignore_user_meta=False, metas=['./colcon.meta'], base_paths=['.'], packages_ignore=None, packages_ignore_regex=None, paths=None, packages_up_to=None, packages_up_to_regex=None, packages_above=None, packages_above_and_dependencies=None, packages_above_depth=None, packages_select_by_dep=None, packages_skip_by_dep=None, packages_skip_up_to=None, packages_select_build_failed=False, packages_skip_build_finished=False, packages_select_test_failures=False, packages_skip_test_passed=False, packages_select=None, packages_skip=None, packages_select_regex=None, packages_skip_regex=None, packages_start=None, packages_end=None, allow_overriding=[], cmake_args=None, cmake_target=None, cmake_target_skip_unavailable=False, cmake_clean_cache=False, cmake_clean_first=False, cmake_force_configure=False, ament_cmake_args=None, catkin_cmake_args=None, catkin_skip_building_tests=False, verb_parser=<colcon_defaults.argument_parser.defaults.DefaultArgumentsDecorator object at 0xffff869969b0>, verb_extension=<colcon_core.verb.build.BuildVerb object at 0xffff86996410>, main=<bound method BuildVerb.main of <colcon_core.verb.build.BuildVerb object at 0xffff86996410>>)
[0.579s] Level 1:colcon.colcon_core.package_discovery:discover_packages(colcon_meta) check parameters
[0.580s] Level 1:colcon.colcon_core.package_discovery:discover_packages(recursive) check parameters
[0.580s] Level 1:colcon.colcon_core.package_discovery:discover_packages(ignore) check parameters
[0.580s] Level 1:colcon.colcon_core.package_discovery:discover_packages(path) check parameters
[0.580s] Level 1:colcon.colcon_core.package_discovery:discover_packages(colcon_meta) discover
[0.580s] Level 1:colcon.colcon_core.package_discovery:discover_packages(recursive) discover
[0.580s] INFO:colcon.colcon_core.package_discovery:Crawling recursively for packages in '/home/aaa/robot/ros2_ws'
[0.580s] Level 1:colcon.colcon_core.package_identification:_identify(.) by extensions ['ignore', 'ignore_ament_install']
[0.580s] Level 1:colcon.colcon_core.package_identification:_identify(.) by extension 'ignore'
[0.580s] Level 1:colcon.colcon_core.package_identification:_identify(.) by extension 'ignore_ament_install'
[0.580s] Level 1:colcon.colcon_core.package_identification:_identify(.) by extensions ['colcon_pkg']
[0.580s] Level 1:colcon.colcon_core.package_identification:_identify(.) by extension 'colcon_pkg'
[0.580s] Level 1:colcon.colcon_core.package_identification:_identify(.) by extensions ['colcon_meta']
[0.580s] Level 1:colcon.colcon_core.package_identification:_identify(.) by extension 'colcon_meta'
[0.580s] Level 1:colcon.colcon_core.package_identification:_identify(.) by extensions ['ros']
[0.580s] Level 1:colcon.colcon_core.package_identification:_identify(.) by extension 'ros'
[0.603s] Level 1:colcon.colcon_core.package_identification:_identify(.) by extensions ['cmake', 'python']
[0.603s] Level 1:colcon.colcon_core.package_identification:_identify(.) by extension 'cmake'
[0.603s] Level 1:colcon.colcon_core.package_identification:_identify(.) by extension 'python'
[0.603s] Level 1:colcon.colcon_core.package_identification:_identify(.) by extensions ['python_setup_py']
[0.603s] Level 1:colcon.colcon_core.package_identification:_identify(.) by extension 'python_setup_py'
[0.605s] Level 1:colcon.colcon_core.package_identification:_identify(build) by extensions ['ignore', 'ignore_ament_install']
[0.605s] Level 1:colcon.colcon_core.package_identification:_identify(build) by extension 'ignore'
[0.605s] Level 1:colcon.colcon_core.package_identification:_identify(build) ignored
[0.615s] Level 1:colcon.colcon_core.package_identification:_identify(executive_smach) by extensions ['ignore', 'ignore_ament_install']
[0.615s] Level 1:colcon.colcon_core.package_identification:_identify(executive_smach) by extension 'ignore'
[0.616s] Level 1:colcon.colcon_core.package_identification:_identify(executive_smach) by extension 'ignore_ament_install'
[0.616s] Level 1:colcon.colcon_core.package_identification:_identify(executive_smach) by extensions ['colcon_pkg']
[0.616s] Level 1:colcon.colcon_core.package_identification:_identify(executive_smach) by extension 'colcon_pkg'
[0.616s] Level 1:colcon.colcon_core.package_identification:_identify(executive_smach) by extensions ['colcon_meta']
[0.616s] Level 1:colcon.colcon_core.package_identification:_identify(executive_smach) by extension 'colcon_meta'
[0.616s] Level 1:colcon.colcon_core.package_identification:_identify(executive_smach) by extensions ['ros']
[0.616s] Level 1:colcon.colcon_core.package_identification:_identify(executive_smach) by extension 'ros'
[0.616s] Level 1:colcon.colcon_core.package_identification:_identify(executive_smach) by extensions ['cmake', 'python']
[0.616s] Level 1:colcon.colcon_core.package_identification:_identify(executive_smach) by extension 'cmake'
[0.616s] Level 1:colcon.colcon_core.package_identification:_identify(executive_smach) by extension 'python'
[0.616s] Level 1:colcon.colcon_core.package_identification:_identify(executive_smach) by extensions ['python_setup_py']
[0.616s] Level 1:colcon.colcon_core.package_identification:_identify(executive_smach) by extension 'python_setup_py'
[0.616s] Level 1:colcon.colcon_core.package_identification:_identify(executive_smach/executive_smach) by extensions ['ignore', 'ignore_ament_install']
[0.616s] Level 1:colcon.colcon_core.package_identification:_identify(executive_smach/executive_smach) by extension 'ignore'
[0.616s] Level 1:colcon.colcon_core.package_identification:_identify(executive_smach/executive_smach) by extension 'ignore_ament_install'
[0.616s] Level 1:colcon.colcon_core.package_identification:_identify(executive_smach/executive_smach) by extensions ['colcon_pkg']
[0.616s] Level 1:colcon.colcon_core.package_identification:_identify(executive_smach/executive_smach) by extension 'colcon_pkg'
[0.616s] Level 1:colcon.colcon_core.package_identification:_identify(executive_smach/executive_smach) by extensions ['colcon_meta']
[0.616s] Level 1:colcon.colcon_core.package_identification:_identify(executive_smach/executive_smach) by extension 'colcon_meta'
[0.616s] Level 1:colcon.colcon_core.package_identification:_identify(executive_smach/executive_smach) by extensions ['ros']
[0.616s] Level 1:colcon.colcon_core.package_identification:_identify(executive_smach/executive_smach) by extension 'ros'
[0.618s] DEBUG:colcon.colcon_core.package_identification:Package 'executive_smach/executive_smach' with type 'ros.ament_cmake' and name 'executive_smach'
[0.618s] Level 1:colcon.colcon_core.package_identification:_identify(executive_smach/smach) by extensions ['ignore', 'ignore_ament_install']
[0.618s] Level 1:colcon.colcon_core.package_identification:_identify(executive_smach/smach) by extension 'ignore'
[0.618s] Level 1:colcon.colcon_core.package_identification:_identify(executive_smach/smach) by extension 'ignore_ament_install'
[0.618s] Level 1:colcon.colcon_core.package_identification:_identify(executive_smach/smach) by extensions ['colcon_pkg']
[0.618s] Level 1:colcon.colcon_core.package_identification:_identify(executive_smach/smach) by extension 'colcon_pkg'
[0.618s] Level 1:colcon.colcon_core.package_identification:_identify(executive_smach/smach) by extensions ['colcon_meta']
[0.618s] Level 1:colcon.colcon_core.package_identification:_identify(executive_smach/smach) by extension 'colcon_meta'
[0.618s] Level 1:colcon.colcon_core.package_identification:_identify(executive_smach/smach) by extensions ['ros']
[0.618s] Level 1:colcon.colcon_core.package_identification:_identify(executive_smach/smach) by extension 'ros'
[0.619s] DEBUG:colcon.colcon_core.package_identification:Package 'executive_smach/smach' with type 'ros.ament_python' and name 'smach'
[0.619s] Level 1:colcon.colcon_core.package_identification:_identify(executive_smach/smach_msgs) by extensions ['ignore', 'ignore_ament_install']
[0.619s] Level 1:colcon.colcon_core.package_identification:_identify(executive_smach/smach_msgs) by extension 'ignore'
[0.619s] Level 1:colcon.colcon_core.package_identification:_identify(executive_smach/smach_msgs) by extension 'ignore_ament_install'
[0.619s] Level 1:colcon.colcon_core.package_identification:_identify(executive_smach/smach_msgs) by extensions ['colcon_pkg']
[0.619s] Level 1:colcon.colcon_core.package_identification:_identify(executive_smach/smach_msgs) by extension 'colcon_pkg'
[0.619s] Level 1:colcon.colcon_core.package_identification:_identify(executive_smach/smach_msgs) by extensions ['colcon_meta']
[0.619s] Level 1:colcon.colcon_core.package_identification:_identify(executive_smach/smach_msgs) by extension 'colcon_meta'
[0.620s] Level 1:colcon.colcon_core.package_identification:_identify(executive_smach/smach_msgs) by extensions ['ros']
[0.620s] Level 1:colcon.colcon_core.package_identification:_identify(executive_smach/smach_msgs) by extension 'ros'
[0.620s] DEBUG:colcon.colcon_core.package_identification:Package 'executive_smach/smach_msgs' with type 'ros.ament_cmake' and name 'smach_msgs'
[0.623s] Level 1:colcon.colcon_core.package_identification:_identify(executive_smach/smach_ros) by extensions ['ignore', 'ignore_ament_install']
[0.623s] Level 1:colcon.colcon_core.package_identification:_identify(executive_smach/smach_ros) by extension 'ignore'
[0.623s] Level 1:colcon.colcon_core.package_identification:_identify(executive_smach/smach_ros) by extension 'ignore_ament_install'
[0.623s] Level 1:colcon.colcon_core.package_identification:_identify(executive_smach/smach_ros) by extensions ['colcon_pkg']
[0.623s] Level 1:colcon.colcon_core.package_identification:_identify(executive_smach/smach_ros) by extension 'colcon_pkg'
[0.623s] Level 1:colcon.colcon_core.package_identification:_identify(executive_smach/smach_ros) by extensions ['colcon_meta']
[0.623s] Level 1:colcon.colcon_core.package_identification:_identify(executive_smach/smach_ros) by extension 'colcon_meta'
[0.623s] Level 1:colcon.colcon_core.package_identification:_identify(executive_smach/smach_ros) by extensions ['ros']
[0.623s] Level 1:colcon.colcon_core.package_identification:_identify(executive_smach/smach_ros) by extension 'ros'
[0.632s] DEBUG:colcon.colcon_core.package_identification:Package 'executive_smach/smach_ros' with type 'ros.ament_python' and name 'smach_ros'
[0.635s] Level 1:colcon.colcon_core.package_identification:_identify(install) by extensions ['ignore', 'ignore_ament_install']
[0.635s] Level 1:colcon.colcon_core.package_identification:_identify(install) by extension 'ignore'
[0.635s] Level 1:colcon.colcon_core.package_identification:_identify(install) ignored
[0.636s] Level 1:colcon.colcon_core.package_identification:_identify(log) by extensions ['ignore', 'ignore_ament_install']
[0.636s] Level 1:colcon.colcon_core.package_identification:_identify(log) by extension 'ignore'
[0.636s] Level 1:colcon.colcon_core.package_identification:_identify(log) ignored
[0.636s] Level 1:colcon.colcon_core.package_identification:_identify(src) by extensions ['ignore', 'ignore_ament_install']
[0.636s] Level 1:colcon.colcon_core.package_identification:_identify(src) by extension 'ignore'
[0.636s] Level 1:colcon.colcon_core.package_identification:_identify(src) by extension 'ignore_ament_install'
[0.636s] Level 1:colcon.colcon_core.package_identification:_identify(src) by extensions ['colcon_pkg']
[0.636s] Level 1:colcon.colcon_core.package_identification:_identify(src) by extension 'colcon_pkg'
[0.636s] Level 1:colcon.colcon_core.package_identification:_identify(src) by extensions ['colcon_meta']
[0.636s] Level 1:colcon.colcon_core.package_identification:_identify(src) by extension 'colcon_meta'
[0.636s] Level 1:colcon.colcon_core.package_identification:_identify(src) by extensions ['ros']
[0.636s] Level 1:colcon.colcon_core.package_identification:_identify(src) by extension 'ros'
[0.636s] Level 1:colcon.colcon_core.package_identification:_identify(src) by extensions ['cmake', 'python']
[0.636s] Level 1:colcon.colcon_core.package_identification:_identify(src) by extension 'cmake'
[0.636s] Level 1:colcon.colcon_core.package_identification:_identify(src) by extension 'python'
[0.636s] Level 1:colcon.colcon_core.package_identification:_identify(src) by extensions ['python_setup_py']
[0.636s] Level 1:colcon.colcon_core.package_identification:_identify(src) by extension 'python_setup_py'
[0.636s] Level 1:colcon.colcon_core.package_identification:_identify(src/build) by extensions ['ignore', 'ignore_ament_install']
[0.636s] Level 1:colcon.colcon_core.package_identification:_identify(src/build) by extension 'ignore'
[0.636s] Level 1:colcon.colcon_core.package_identification:_identify(src/build) ignored
[0.636s] Level 1:colcon.colcon_core.package_identification:_identify(src/install) by extensions ['ignore', 'ignore_ament_install']
[0.636s] Level 1:colcon.colcon_core.package_identification:_identify(src/install) by extension 'ignore'
[0.636s] Level 1:colcon.colcon_core.package_identification:_identify(src/install) ignored
[0.636s] Level 1:colcon.colcon_core.package_identification:_identify(src/log) by extensions ['ignore', 'ignore_ament_install']
[0.636s] Level 1:colcon.colcon_core.package_identification:_identify(src/log) by extension 'ignore'
[0.636s] Level 1:colcon.colcon_core.package_identification:_identify(src/log) ignored
[0.636s] Level 1:colcon.colcon_core.package_identification:_identify(src/mj_bridge) by extensions ['ignore', 'ignore_ament_install']
[0.636s] Level 1:colcon.colcon_core.package_identification:_identify(src/mj_bridge) by extension 'ignore'
[0.636s] Level 1:colcon.colcon_core.package_identification:_identify(src/mj_bridge) by extension 'ignore_ament_install'
[0.636s] Level 1:colcon.colcon_core.package_identification:_identify(src/mj_bridge) by extensions ['colcon_pkg']
[0.636s] Level 1:colcon.colcon_core.package_identification:_identify(src/mj_bridge) by extension 'colcon_pkg'
[0.636s] Level 1:colcon.colcon_core.package_identification:_identify(src/mj_bridge) by extensions ['colcon_meta']
[0.636s] Level 1:colcon.colcon_core.package_identification:_identify(src/mj_bridge) by extension 'colcon_meta'
[0.636s] Level 1:colcon.colcon_core.package_identification:_identify(src/mj_bridge) by extensions ['ros']
[0.636s] Level 1:colcon.colcon_core.package_identification:_identify(src/mj_bridge) by extension 'ros'
[0.640s] DEBUG:colcon.colcon_core.package_identification:Package 'src/mj_bridge' with type 'ros.ament_python' and name 'mj_bridge'
[0.640s] Level 1:colcon.colcon_core.package_identification:_identify(src/panda_pick) by extensions ['ignore', 'ignore_ament_install']
[0.640s] Level 1:colcon.colcon_core.package_identification:_identify(src/panda_pick) by extension 'ignore'
[0.640s] Level 1:colcon.colcon_core.package_identification:_identify(src/panda_pick) by extension 'ignore_ament_install'
[0.640s] Level 1:colcon.colcon_core.package_identification:_identify(src/panda_pick) by extensions ['colcon_pkg']
[0.640s] Level 1:colcon.colcon_core.package_identification:_identify(src/panda_pick) by extension 'colcon_pkg'
[0.640s] Level 1:colcon.colcon_core.package_identification:_identify(src/panda_pick) by extensions ['colcon_meta']
[0.640s] Level 1:colcon.colcon_core.package_identification:_identify(src/panda_pick) by extension 'colcon_meta'
[0.640s] Level 1:colcon.colcon_core.package_identification:_identify(src/panda_pick) by extensions ['ros']
[0.640s] Level 1:colcon.colcon_core.package_identification:_identify(src/panda_pick) by extension 'ros'
[0.640s] DEBUG:colcon.colcon_core.package_identification:Package 'src/panda_pick' with type 'ros.ament_cmake' and name 'panda_pick'
[0.640s] Level 1:colcon.colcon_core.package_identification:_identify(src/smach_demo) by extensions ['ignore', 'ignore_ament_install']
[0.640s] Level 1:colcon.colcon_core.package_identification:_identify(src/smach_demo) by extension 'ignore'
[0.640s] Level 1:colcon.colcon_core.package_identification:_identify(src/smach_demo) by extension 'ignore_ament_install'
[0.640s] Level 1:colcon.colcon_core.package_identification:_identify(src/smach_demo) by extensions ['colcon_pkg']
[0.640s] Level 1:colcon.colcon_core.package_identification:_identify(src/smach_demo) by extension 'colcon_pkg'
[0.640s] Level 1:colcon.colcon_core.package_identification:_identify(src/smach_demo) by extensions ['colcon_meta']
[0.640s] Level 1:colcon.colcon_core.package_identification:_identify(src/smach_demo) by extension 'colcon_meta'
[0.640s] Level 1:colcon.colcon_core.package_identification:_identify(src/smach_demo) by extensions ['ros']
[0.640s] Level 1:colcon.colcon_core.package_identification:_identify(src/smach_demo) by extension 'ros'
[0.641s] DEBUG:colcon.colcon_core.package_identification:Package 'src/smach_demo' with type 'ros.ament_python' and name 'smach_demo'
[0.641s] Level 1:colcon.colcon_core.package_discovery:discover_packages(recursive) using defaults
[0.641s] Level 1:colcon.colcon_core.package_discovery:discover_packages(ignore) discover
[0.641s] Level 1:colcon.colcon_core.package_discovery:discover_packages(ignore) using defaults
[0.641s] Level 1:colcon.colcon_core.package_discovery:discover_packages(path) discover
[0.641s] Level 1:colcon.colcon_core.package_discovery:discover_packages(path) using defaults
[0.737s] Level 1:colcon.colcon_core.package_discovery:discover_packages(prefix_path) check parameters
[0.737s] Level 1:colcon.colcon_core.package_discovery:discover_packages(prefix_path) discover
[0.741s] DEBUG:colcon.colcon_installed_package_information.package_discovery:Found 6 installed packages in /home/aaa/robot/ros2_ws/install
[0.741s] DEBUG:colcon.colcon_installed_package_information.package_discovery:Found 2 installed packages in /home/aaa/robot/ros2_ws/src/install
[0.742s] DEBUG:colcon.colcon_installed_package_information.package_discovery:Found 363 installed packages in /opt/ros/humble
[0.743s] Level 1:colcon.colcon_core.package_discovery:discover_packages(prefix_path) using defaults
[0.841s] Level 5:colcon.colcon_core.verb:set package 'mj_bridge' build argument 'cmake_args' from command line to 'None'
[0.841s] Level 5:colcon.colcon_core.verb:set package 'mj_bridge' build argument 'cmake_target' from command line to 'None'
[0.841s] Level 5:colcon.colcon_core.verb:set package 'mj_bridge' build argument 'cmake_target_skip_unavailable' from command line to 'False'
[0.841s] Level 5:colcon.colcon_core.verb:set package 'mj_bridge' build argument 'cmake_clean_cache' from command line to 'False'
[0.841s] Level 5:colcon.colcon_core.verb:set package 'mj_bridge' build argument 'cmake_clean_first' from command line to 'False'
[0.841s] Level 5:colcon.colcon_core.verb:set package 'mj_bridge' build argument 'cmake_force_configure' from command line to 'False'
[0.841s] Level 5:colcon.colcon_core.verb:set package 'mj_bridge' build argument 'ament_cmake_args' from command line to 'None'
[0.841s] Level 5:colcon.colcon_core.verb:set package 'mj_bridge' build argument 'catkin_cmake_args' from command line to 'None'
[0.841s] Level 5:colcon.colcon_core.verb:set package 'mj_bridge' build argument 'catkin_skip_building_tests' from command line to 'False'
[0.841s] DEBUG:colcon.colcon_core.verb:Building package 'mj_bridge' with the following arguments: {'ament_cmake_args': None, 'build_base': '/home/aaa/robot/ros2_ws/build/mj_bridge', 'catkin_cmake_args': None, 'catkin_skip_building_tests': False, 'cmake_args': None, 'cmake_clean_cache': False, 'cmake_clean_first': False, 'cmake_force_configure': False, 'cmake_target': None, 'cmake_target_skip_unavailable': False, 'install_base': '/home/aaa/robot/ros2_ws/install/mj_bridge', 'merge_install': False, 'path': '/home/aaa/robot/ros2_ws/src/mj_bridge', 'symlink_install': True, 'test_result_base': None}
[0.841s] Level 5:colcon.colcon_core.verb:set package 'panda_pick' build argument 'cmake_args' from command line to 'None'
[0.841s] Level 5:colcon.colcon_core.verb:set package 'panda_pick' build argument 'cmake_target' from command line to 'None'
[0.841s] Level 5:colcon.colcon_core.verb:set package 'panda_pick' build argument 'cmake_target_skip_unavailable' from command line to 'False'
[0.841s] Level 5:colcon.colcon_core.verb:set package 'panda_pick' build argument 'cmake_clean_cache' from command line to 'False'
[0.841s] Level 5:colcon.colcon_core.verb:set package 'panda_pick' build argument 'cmake_clean_first' from command line to 'False'
[0.841s] Level 5:colcon.colcon_core.verb:set package 'panda_pick' build argument 'cmake_force_configure' from command line to 'False'
[0.841s] Level 5:colcon.colcon_core.verb:set package 'panda_pick' build argument 'ament_cmake_args' from command line to 'None'
[0.841s] Level 5:colcon.colcon_core.verb:set package 'panda_pick' build argument 'catkin_cmake_args' from command line to 'None'
[0.841s] Level 5:colcon.colcon_core.verb:set package 'panda_pick' build argument 'catkin_skip_building_tests' from command line to 'False'
[0.841s] DEBUG:colcon.colcon_core.verb:Building package 'panda_pick' with the following arguments: {'ament_cmake_args': None, 'build_base': '/home/aaa/robot/ros2_ws/build/panda_pick', 'catkin_cmake_args': None, 'catkin_skip_building_tests': False, 'cmake_args': None, 'cmake_clean_cache': False, 'cmake_clean_first': False, 'cmake_force_configure': False, 'cmake_target': None, 'cmake_target_skip_unavailable': False, 'install_base': '/home/aaa/robot/ros2_ws/install/panda_pick', 'merge_install': False, 'path': '/home/aaa/robot/ros2_ws/src/panda_pick', 'symlink_install': True, 'test_result_base': None}
[0.841s] Level 5:colcon.colcon_core.verb:set package 'smach' build argument 'cmake_args' from command line to 'None'
[0.841s] Level 5:colcon.colcon_core.verb:set package 'smach' build argument 'cmake_target' from command line to 'None'
[0.841s] Level 5:colcon.colcon_core.verb:set package 'smach' build argument 'cmake_target_skip_unavailable' from command line to 'False'
[0.841s] Level 5:colcon.colcon_core.verb:set package 'smach' build argument 'cmake_clean_cache' from command line to 'False'
[0.841s] Level 5:colcon.colcon_core.verb:set package 'smach' build argument 'cmake_clean_first' from command line to 'False'
[0.841s] Level 5:colcon.colcon_core.verb:set package 'smach' build argument 'cmake_force_configure' from command line to 'False'
[0.841s] Level 5:colcon.colcon_core.verb:set package 'smach' build argument 'ament_cmake_args' from command line to 'None'
[0.841s] Level 5:colcon.colcon_core.verb:set package 'smach' build argument 'catkin_cmake_args' from command line to 'None'
[0.841s] Level 5:colcon.colcon_core.verb:set package 'smach' build argument 'catkin_skip_building_tests' from command line to 'False'
[0.841s] DEBUG:colcon.colcon_core.verb:Building package 'smach' with the following arguments: {'ament_cmake_args': None, 'build_base': '/home/aaa/robot/ros2_ws/build/smach', 'catkin_cmake_args': None, 'catkin_skip_building_tests': False, 'cmake_args': None, 'cmake_clean_cache': False, 'cmake_clean_first': False, 'cmake_force_configure': False, 'cmake_target': None, 'cmake_target_skip_unavailable': False, 'install_base': '/home/aaa/robot/ros2_ws/install/smach', 'merge_install': False, 'path': '/home/aaa/robot/ros2_ws/executive_smach/smach', 'symlink_install': True, 'test_result_base': None}
[0.841s] Level 5:colcon.colcon_core.verb:set package 'smach_demo' build argument 'cmake_args' from command line to 'None'
[0.841s] Level 5:colcon.colcon_core.verb:set package 'smach_demo' build argument 'cmake_target' from command line to 'None'
[0.841s] Level 5:colcon.colcon_core.verb:set package 'smach_demo' build argument 'cmake_target_skip_unavailable' from command line to 'False'
[0.841s] Level 5:colcon.colcon_core.verb:set package 'smach_demo' build argument 'cmake_clean_cache' from command line to 'False'
[0.841s] Level 5:colcon.colcon_core.verb:set package 'smach_demo' build argument 'cmake_clean_first' from command line to 'False'
[0.842s] Level 5:colcon.colcon_core.verb:set package 'smach_demo' build argument 'cmake_force_configure' from command line to 'False'
[0.842s] Level 5:colcon.colcon_core.verb:set package 'smach_demo' build argument 'ament_cmake_args' from command line to 'None'
[0.842s] Level 5:colcon.colcon_core.verb:set package 'smach_demo' build argument 'catkin_cmake_args' from command line to 'None'
[0.842s] Level 5:colcon.colcon_core.verb:set package 'smach_demo' build argument 'catkin_skip_building_tests' from command line to 'False'
[0.842s] DEBUG:colcon.colcon_core.verb:Building package 'smach_demo' with the following arguments: {'ament_cmake_args': None, 'build_base': '/home/aaa/robot/ros2_ws/build/smach_demo', 'catkin_cmake_args': None, 'catkin_skip_building_tests': False, 'cmake_args': None, 'cmake_clean_cache': False, 'cmake_clean_first': False, 'cmake_force_configure': False, 'cmake_target': None, 'cmake_target_skip_unavailable': False, 'install_base': '/home/aaa/robot/ros2_ws/install/smach_demo', 'merge_install': False, 'path': '/home/aaa/robot/ros2_ws/src/smach_demo', 'symlink_install': True, 'test_result_base': None}
[0.842s] Level 5:colcon.colcon_core.verb:set package 'smach_msgs' build argument 'cmake_args' from command line to 'None'
[0.842s] Level 5:colcon.colcon_core.verb:set package 'smach_msgs' build argument 'cmake_target' from command line to 'None'
[0.842s] Level 5:colcon.colcon_core.verb:set package 'smach_msgs' build argument 'cmake_target_skip_unavailable' from command line to 'False'
[0.842s] Level 5:colcon.colcon_core.verb:set package 'smach_msgs' build argument 'cmake_clean_cache' from command line to 'False'
[0.842s] Level 5:colcon.colcon_core.verb:set package 'smach_msgs' build argument 'cmake_clean_first' from command line to 'False'
[0.842s] Level 5:colcon.colcon_core.verb:set package 'smach_msgs' build argument 'cmake_force_configure' from command line to 'False'
[0.842s] Level 5:colcon.colcon_core.verb:set package 'smach_msgs' build argument 'ament_cmake_args' from command line to 'None'
[0.842s] Level 5:colcon.colcon_core.verb:set package 'smach_msgs' build argument 'catkin_cmake_args' from command line to 'None'
[0.842s] Level 5:colcon.colcon_core.verb:set package 'smach_msgs' build argument 'catkin_skip_building_tests' from command line to 'False'
[0.842s] DEBUG:colcon.colcon_core.verb:Building package 'smach_msgs' with the following arguments: {'ament_cmake_args': None, 'build_base': '/home/aaa/robot/ros2_ws/build/smach_msgs', 'catkin_cmake_args': None, 'catkin_skip_building_tests': False, 'cmake_args': None, 'cmake_clean_cache': False, 'cmake_clean_first': False, 'cmake_force_configure': False, 'cmake_target': None, 'cmake_target_skip_unavailable': False, 'install_base': '/home/aaa/robot/ros2_ws/install/smach_msgs', 'merge_install': False, 'path': '/home/aaa/robot/ros2_ws/executive_smach/smach_msgs', 'symlink_install': True, 'test_result_base': None}
[0.842s] Level 5:colcon.colcon_core.verb:set package 'smach_ros' build argument 'cmake_args' from command line to 'None'
[0.842s] Level 5:colcon.colcon_core.verb:set package 'smach_ros' build argument 'cmake_target' from command line to 'None'
[0.842s] Level 5:colcon.colcon_core.verb:set package 'smach_ros' build argument 'cmake_target_skip_unavailable' from command line to 'False'
[0.842s] Level 5:colcon.colcon_core.verb:set package 'smach_ros' build argument 'cmake_clean_cache' from command line to 'False'
[0.842s] Level 5:colcon.colcon_core.verb:set package 'smach_ros' build argument 'cmake_clean_first' from command line to 'False'
[0.842s] Level 5:colcon.colcon_core.verb:set package 'smach_ros' build argument 'cmake_force_configure' from command line to 'False'
[0.842s] Level 5:colcon.colcon_core.verb:set package 'smach_ros' build argument 'ament_cmake_args' from command line to 'None'
[0.842s] Level 5:colcon.colcon_core.verb:set package 'smach_ros' build argument 'catkin_cmake_args' from command line to 'None'
[0.842s] Level 5:colcon.colcon_core.verb:set package 'smach_ros' build argument 'catkin_skip_building_tests' from command line to 'False'
[0.842s] DEBUG:colcon.colcon_core.verb:Building package 'smach_ros' with the following arguments: {'ament_cmake_args': None, 'build_base': '/home/aaa/robot/ros2_ws/build/smach_ros', 'catkin_cmake_args': None, 'catkin_skip_building_tests': False, 'cmake_args': None, 'cmake_clean_cache': False, 'cmake_clean_first': False, 'cmake_force_configure': False, 'cmake_target': None, 'cmake_target_skip_unavailable': False, 'install_base': '/home/aaa/robot/ros2_ws/install/smach_ros', 'merge_install': False, 'path': '/home/aaa/robot/ros2_ws/executive_smach/smach_ros', 'symlink_install': True, 'test_result_base': None}
[0.842s] Level 5:colcon.colcon_core.verb:set package 'executive_smach' build argument 'cmake_args' from command line to 'None'
[0.842s] Level 5:colcon.colcon_core.verb:set package 'executive_smach' build argument 'cmake_target' from command line to 'None'
[0.842s] Level 5:colcon.colcon_core.verb:set package 'executive_smach' build argument 'cmake_target_skip_unavailable' from command line to 'False'
[0.842s] Level 5:colcon.colcon_core.verb:set package 'executive_smach' build argument 'cmake_clean_cache' from command line to 'False'
[0.842s] Level 5:colcon.colcon_core.verb:set package 'executive_smach' build argument 'cmake_clean_first' from command line to 'False'
[0.842s] Level 5:colcon.colcon_core.verb:set package 'executive_smach' build argument 'cmake_force_configure' from command line to 'False'
[0.842s] Level 5:colcon.colcon_core.verb:set package 'executive_smach' build argument 'ament_cmake_args' from command line to 'None'
[0.842s] Level 5:colcon.colcon_core.verb:set package 'executive_smach' build argument 'catkin_cmake_args' from command line to 'None'
[0.842s] Level 5:colcon.colcon_core.verb:set package 'executive_smach' build argument 'catkin_skip_building_tests' from command line to 'False'
[0.842s] DEBUG:colcon.colcon_core.verb:Building package 'executive_smach' with the following arguments: {'ament_cmake_args': None, 'build_base': '/home/aaa/robot/ros2_ws/build/executive_smach', 'catkin_cmake_args': None, 'catkin_skip_building_tests': False, 'cmake_args': None, 'cmake_clean_cache': False, 'cmake_clean_first': False, 'cmake_force_configure': False, 'cmake_target': None, 'cmake_target_skip_unavailable': False, 'install_base': '/home/aaa/robot/ros2_ws/install/executive_smach', 'merge_install': False, 'path': '/home/aaa/robot/ros2_ws/executive_smach/executive_smach', 'symlink_install': True, 'test_result_base': None}
[0.842s] INFO:colcon.colcon_core.executor:Executing jobs using 'parallel' executor
[0.843s] DEBUG:colcon.colcon_parallel_executor.executor.parallel:run_until_complete
[0.843s] INFO:colcon.colcon_ros.task.ament_python.build:Building ROS package in '/home/aaa/robot/ros2_ws/executive_smach/smach' with build type 'ament_python'
[0.843s] Level 1:colcon.colcon_core.shell:create_environment_hook('smach', 'ament_prefix_path')
[0.852s] INFO:colcon.colcon_core.plugin_system:Skipping extension 'colcon_core.shell.bat': Not used on non-Windows systems
[0.852s] INFO:colcon.colcon_core.shell:Creating environment hook '/home/aaa/robot/ros2_ws/install/smach/share/smach/hook/ament_prefix_path.ps1'
[0.852s] INFO:colcon.colcon_core.shell:Creating environment descriptor '/home/aaa/robot/ros2_ws/install/smach/share/smach/hook/ament_prefix_path.dsv'
[0.854s] INFO:colcon.colcon_core.shell:Creating environment hook '/home/aaa/robot/ros2_ws/install/smach/share/smach/hook/ament_prefix_path.sh'
[0.855s] INFO:colcon.colcon_core.shell:Skip shell extension 'powershell' for command environment: Not usable outside of PowerShell
[0.855s] DEBUG:colcon.colcon_core.shell:Skip shell extension 'dsv' for command environment
[0.896s] INFO:colcon.colcon_ros.task.ament_cmake.build:Building ROS package in '/home/aaa/robot/ros2_ws/executive_smach/smach_msgs' with build type 'ament_cmake'
[0.896s] INFO:colcon.colcon_cmake.task.cmake.build:Building CMake package in '/home/aaa/robot/ros2_ws/executive_smach/smach_msgs'
[0.896s] INFO:colcon.colcon_core.shell:Skip shell extension 'powershell' for command environment: Not usable outside of PowerShell
[0.896s] DEBUG:colcon.colcon_core.shell:Skip shell extension 'dsv' for command environment
[1.460s] INFO:colcon.colcon_core.task.python.build:Building Python package in '/home/aaa/robot/ros2_ws/executive_smach/smach'
[1.460s] INFO:colcon.colcon_core.shell:Skip shell extension 'powershell' for command environment: Not usable outside of PowerShell
[1.460s] DEBUG:colcon.colcon_core.shell:Skip shell extension 'dsv' for command environment
[1.479s] DEBUG:colcon.colcon_core.event_handler.log_command:Invoking command in '/home/aaa/robot/ros2_ws/build/smach_msgs': CMAKE_PREFIX_PATH=${CMAKE_PREFIX_PATH}:/home/aaa/robot/ros2_ws/install/smach_ros:/home/aaa/robot/ros2_ws/install/smach_demo:/home/aaa/robot/ros2_ws/install/smach:/home/aaa/robot/ros2_ws/install/mj_bridge:/home/aaa/robot/ros2_ws/src/install/smach_demo:/home/aaa/robot/ros2_ws/src/install/mj_bridge:/opt/ros/humble PS1=(mj) \[\e]0;\u@\h: \w\a\]${debian_chroot:+($debian_chroot)}\[\033[01;32m\]\u@\h\[\033[00m\]:\[\033[01;34m\]\w\[\033[00m\]\$ VIRTUAL_ENV_PROMPT=(mj) /usr/bin/cmake --build /home/aaa/robot/ros2_ws/build/smach_msgs -- -j2 -l2
[2.420s] DEBUG:colcon.colcon_core.event_handler.log_command:Invoking command in '/home/aaa/robot/ros2_ws/build/smach': PS1=(mj) \[\e]0;\u@\h: \w\a\]${debian_chroot:+($debian_chroot)}\[\033[01;32m\]\u@\h\[\033[00m\]:\[\033[01;34m\]\w\[\033[00m\]\$ PYTHONPATH=/home/aaa/robot/ros2_ws/build/smach/prefix_override:/usr/lib/python3/dist-packages/colcon_core/task/python/colcon_distutils_commands:/home/aaa/robot/ros2_ws/install/smach/lib/python3.10/site-packages:${PYTHONPATH} VIRTUAL_ENV_PROMPT=(mj) /usr/bin/python3 -W ignore:setup.py install is deprecated -W ignore:easy_install command is deprecated setup.py develop --editable --build-directory /home/aaa/robot/ros2_ws/build/smach/build --no-deps symlink_data
[3.457s] Level 1:colcon.colcon_core.shell:create_environment_hook('smach', 'pythonpath_develop')
[3.457s] INFO:colcon.colcon_core.shell:Creating environment hook '/home/aaa/robot/ros2_ws/build/smach/share/smach/hook/pythonpath_develop.ps1'
[3.458s] DEBUG:colcon.colcon_core.event_handler.log_command:Invoked command in '/home/aaa/robot/ros2_ws/build/smach' returned '0': PS1=(mj) \[\e]0;\u@\h: \w\a\]${debian_chroot:+($debian_chroot)}\[\033[01;32m\]\u@\h\[\033[00m\]:\[\033[01;34m\]\w\[\033[00m\]\$ PYTHONPATH=/home/aaa/robot/ros2_ws/build/smach/prefix_override:/usr/lib/python3/dist-packages/colcon_core/task/python/colcon_distutils_commands:/home/aaa/robot/ros2_ws/install/smach/lib/python3.10/site-packages:${PYTHONPATH} VIRTUAL_ENV_PROMPT=(mj) /usr/bin/python3 -W ignore:setup.py install is deprecated -W ignore:easy_install command is deprecated setup.py develop --editable --build-directory /home/aaa/robot/ros2_ws/build/smach/build --no-deps symlink_data
[3.459s] INFO:colcon.colcon_core.shell:Creating environment descriptor '/home/aaa/robot/ros2_ws/build/smach/share/smach/hook/pythonpath_develop.dsv'
[3.459s] INFO:colcon.colcon_core.shell:Creating environment hook '/home/aaa/robot/ros2_ws/build/smach/share/smach/hook/pythonpath_develop.sh'
[3.462s] Level 1:colcon.colcon_core.environment:checking '/home/aaa/robot/ros2_ws/install/smach' for CMake module files
[3.463s] Level 1:colcon.colcon_core.environment:checking '/home/aaa/robot/ros2_ws/install/smach' for CMake config files
[3.464s] Level 1:colcon.colcon_core.environment:checking '/home/aaa/robot/ros2_ws/install/smach/lib'
[3.464s] Level 1:colcon.colcon_core.environment:checking '/home/aaa/robot/ros2_ws/install/smach/bin'
[3.464s] Level 1:colcon.colcon_core.environment:checking '/home/aaa/robot/ros2_ws/install/smach/lib/pkgconfig/smach.pc'
[3.464s] Level 1:colcon.colcon_core.environment:checking '/home/aaa/robot/ros2_ws/install/smach/lib/python3.10/site-packages'
[3.464s] Level 1:colcon.colcon_core.shell:create_environment_hook('smach', 'pythonpath')
[3.464s] INFO:colcon.colcon_core.shell:Creating environment hook '/home/aaa/robot/ros2_ws/install/smach/share/smach/hook/pythonpath.ps1'
[3.464s] INFO:colcon.colcon_core.shell:Creating environment descriptor '/home/aaa/robot/ros2_ws/install/smach/share/smach/hook/pythonpath.dsv'
[3.464s] INFO:colcon.colcon_core.shell:Creating environment hook '/home/aaa/robot/ros2_ws/install/smach/share/smach/hook/pythonpath.sh'
[3.464s] Level 1:colcon.colcon_core.environment:checking '/home/aaa/robot/ros2_ws/install/smach/bin'
[3.464s] Level 1:colcon.colcon_core.environment:create_environment_scripts_only(smach)
[3.465s] INFO:colcon.colcon_core.shell:Creating package script '/home/aaa/robot/ros2_ws/install/smach/share/smach/package.ps1'
[3.465s] INFO:colcon.colcon_core.shell:Creating package descriptor '/home/aaa/robot/ros2_ws/install/smach/share/smach/package.dsv'
[3.465s] INFO:colcon.colcon_core.shell:Creating package script '/home/aaa/robot/ros2_ws/install/smach/share/smach/package.sh'
[3.466s] INFO:colcon.colcon_core.shell:Creating package script '/home/aaa/robot/ros2_ws/install/smach/share/smach/package.bash'
[3.468s] INFO:colcon.colcon_core.shell:Creating package script '/home/aaa/robot/ros2_ws/install/smach/share/smach/package.zsh'
[3.469s] Level 1:colcon.colcon_core.environment:create_file_with_runtime_dependencies(/home/aaa/robot/ros2_ws/install/smach/share/colcon-core/packages/smach)
[3.470s] INFO:colcon.colcon_ros.task.ament_python.build:Building ROS package in '/home/aaa/robot/ros2_ws/src/mj_bridge' with build type 'ament_python'
[3.470s] Level 1:colcon.colcon_core.shell:create_environment_hook('mj_bridge', 'ament_prefix_path')
[3.470s] INFO:colcon.colcon_core.shell:Creating environment hook '/home/aaa/robot/ros2_ws/install/mj_bridge/share/mj_bridge/hook/ament_prefix_path.ps1'
[3.470s] INFO:colcon.colcon_core.shell:Creating environment descriptor '/home/aaa/robot/ros2_ws/install/mj_bridge/share/mj_bridge/hook/ament_prefix_path.dsv'
[3.470s] INFO:colcon.colcon_core.shell:Creating environment hook '/home/aaa/robot/ros2_ws/install/mj_bridge/share/mj_bridge/hook/ament_prefix_path.sh'
[3.470s] INFO:colcon.colcon_core.shell:Skip shell extension 'powershell' for command environment: Not usable outside of PowerShell
[3.470s] DEBUG:colcon.colcon_core.shell:Skip shell extension 'dsv' for command environment
[4.074s] INFO:colcon.colcon_core.task.python.build:Building Python package in '/home/aaa/robot/ros2_ws/src/mj_bridge'
[4.075s] INFO:colcon.colcon_core.shell:Skip shell extension 'powershell' for command environment: Not usable outside of PowerShell
[4.075s] DEBUG:colcon.colcon_core.shell:Skip shell extension 'dsv' for command environment
[4.169s] DEBUG:colcon.colcon_core.event_handler.log_command:Invoked command in '/home/aaa/robot/ros2_ws/build/smach_msgs' returned '0': CMAKE_PREFIX_PATH=${CMAKE_PREFIX_PATH}:/home/aaa/robot/ros2_ws/install/smach_ros:/home/aaa/robot/ros2_ws/install/smach_demo:/home/aaa/robot/ros2_ws/install/smach:/home/aaa/robot/ros2_ws/install/mj_bridge:/home/aaa/robot/ros2_ws/src/install/smach_demo:/home/aaa/robot/ros2_ws/src/install/mj_bridge:/opt/ros/humble PS1=(mj) \[\e]0;\u@\h: \w\a\]${debian_chroot:+($debian_chroot)}\[\033[01;32m\]\u@\h\[\033[00m\]:\[\033[01;34m\]\w\[\033[00m\]\$ VIRTUAL_ENV_PROMPT=(mj) /usr/bin/cmake --build /home/aaa/robot/ros2_ws/build/smach_msgs -- -j2 -l2
[4.210s] DEBUG:colcon.colcon_core.event_handler.log_command:Invoking command in '/home/aaa/robot/ros2_ws/build/smach_msgs': CMAKE_PREFIX_PATH=${CMAKE_PREFIX_PATH}:/home/aaa/robot/ros2_ws/install/smach_ros:/home/aaa/robot/ros2_ws/install/smach_demo:/home/aaa/robot/ros2_ws/install/smach:/home/aaa/robot/ros2_ws/install/mj_bridge:/home/aaa/robot/ros2_ws/src/install/smach_demo:/home/aaa/robot/ros2_ws/src/install/mj_bridge:/opt/ros/humble PS1=(mj) \[\e]0;\u@\h: \w\a\]${debian_chroot:+($debian_chroot)}\[\033[01;32m\]\u@\h\[\033[00m\]:\[\033[01;34m\]\w\[\033[00m\]\$ VIRTUAL_ENV_PROMPT=(mj) /usr/bin/cmake --install /home/aaa/robot/ros2_ws/build/smach_msgs
[4.319s] Level 1:colcon.colcon_core.environment:create_environment_scripts_only(smach_msgs)
[4.319s] Level 1:colcon.colcon_core.environment:checking '/home/aaa/robot/ros2_ws/install/smach_msgs' for CMake module files
[4.320s] DEBUG:colcon.colcon_core.event_handler.log_command:Invoked command in '/home/aaa/robot/ros2_ws/build/smach_msgs' returned '0': CMAKE_PREFIX_PATH=${CMAKE_PREFIX_PATH}:/home/aaa/robot/ros2_ws/install/smach_ros:/home/aaa/robot/ros2_ws/install/smach_demo:/home/aaa/robot/ros2_ws/install/smach:/home/aaa/robot/ros2_ws/install/mj_bridge:/home/aaa/robot/ros2_ws/src/install/smach_demo:/home/aaa/robot/ros2_ws/src/install/mj_bridge:/opt/ros/humble PS1=(mj) \[\e]0;\u@\h: \w\a\]${debian_chroot:+($debian_chroot)}\[\033[01;32m\]\u@\h\[\033[00m\]:\[\033[01;34m\]\w\[\033[00m\]\$ VIRTUAL_ENV_PROMPT=(mj) /usr/bin/cmake --install /home/aaa/robot/ros2_ws/build/smach_msgs
[4.320s] Level 1:colcon.colcon_core.environment:checking '/home/aaa/robot/ros2_ws/install/smach_msgs' for CMake config files
[4.321s] Level 1:colcon.colcon_core.shell:create_environment_hook('smach_msgs', 'cmake_prefix_path')
[4.321s] INFO:colcon.colcon_core.shell:Creating environment hook '/home/aaa/robot/ros2_ws/install/smach_msgs/share/smach_msgs/hook/cmake_prefix_path.ps1'
[4.321s] INFO:colcon.colcon_core.shell:Creating environment descriptor '/home/aaa/robot/ros2_ws/install/smach_msgs/share/smach_msgs/hook/cmake_prefix_path.dsv'
[4.322s] INFO:colcon.colcon_core.shell:Creating environment hook '/home/aaa/robot/ros2_ws/install/smach_msgs/share/smach_msgs/hook/cmake_prefix_path.sh'
[4.322s] Level 1:colcon.colcon_core.environment:checking '/home/aaa/robot/ros2_ws/install/smach_msgs/lib'
[4.322s] Level 1:colcon.colcon_core.shell:create_environment_hook('smach_msgs', 'ld_library_path_lib')
[4.322s] INFO:colcon.colcon_core.shell:Creating environment hook '/home/aaa/robot/ros2_ws/install/smach_msgs/share/smach_msgs/hook/ld_library_path_lib.ps1'
[4.322s] INFO:colcon.colcon_core.shell:Creating environment descriptor '/home/aaa/robot/ros2_ws/install/smach_msgs/share/smach_msgs/hook/ld_library_path_lib.dsv'
[4.322s] INFO:colcon.colcon_core.shell:Creating environment hook '/home/aaa/robot/ros2_ws/install/smach_msgs/share/smach_msgs/hook/ld_library_path_lib.sh'
[4.322s] Level 1:colcon.colcon_core.environment:checking '/home/aaa/robot/ros2_ws/install/smach_msgs/bin'
[4.322s] Level 1:colcon.colcon_core.environment:checking '/home/aaa/robot/ros2_ws/install/smach_msgs/lib/pkgconfig/smach_msgs.pc'
[4.322s] Level 1:colcon.colcon_core.environment:checking '/home/aaa/robot/ros2_ws/install/smach_msgs/lib/python3.10/site-packages'
[4.322s] Level 1:colcon.colcon_core.environment:checking '/home/aaa/robot/ros2_ws/install/smach_msgs/bin'
[4.323s] INFO:colcon.colcon_core.shell:Creating package script '/home/aaa/robot/ros2_ws/install/smach_msgs/share/smach_msgs/package.ps1'
[4.323s] INFO:colcon.colcon_core.shell:Creating package descriptor '/home/aaa/robot/ros2_ws/install/smach_msgs/share/smach_msgs/package.dsv'
[4.323s] INFO:colcon.colcon_core.shell:Creating package script '/home/aaa/robot/ros2_ws/install/smach_msgs/share/smach_msgs/package.sh'
[4.323s] INFO:colcon.colcon_core.shell:Creating package script '/home/aaa/robot/ros2_ws/install/smach_msgs/share/smach_msgs/package.bash'
[4.323s] INFO:colcon.colcon_core.shell:Creating package script '/home/aaa/robot/ros2_ws/install/smach_msgs/share/smach_msgs/package.zsh'
[4.323s] Level 1:colcon.colcon_core.environment:create_file_with_runtime_dependencies(/home/aaa/robot/ros2_ws/install/smach_msgs/share/colcon-core/packages/smach_msgs)
[4.324s] Level 1:colcon.colcon_core.environment:create_environment_scripts_only(smach_msgs)
[4.324s] Level 1:colcon.colcon_core.environment:checking '/home/aaa/robot/ros2_ws/install/smach_msgs' for CMake module files
[4.324s] Level 1:colcon.colcon_core.environment:checking '/home/aaa/robot/ros2_ws/install/smach_msgs' for CMake config files
[4.324s] Level 1:colcon.colcon_core.shell:create_environment_hook('smach_msgs', 'cmake_prefix_path')
[4.324s] INFO:colcon.colcon_core.shell:Creating environment hook '/home/aaa/robot/ros2_ws/install/smach_msgs/share/smach_msgs/hook/cmake_prefix_path.ps1'
[4.324s] INFO:colcon.colcon_core.shell:Creating environment descriptor '/home/aaa/robot/ros2_ws/install/smach_msgs/share/smach_msgs/hook/cmake_prefix_path.dsv'
[4.325s] INFO:colcon.colcon_core.shell:Creating environment hook '/home/aaa/robot/ros2_ws/install/smach_msgs/share/smach_msgs/hook/cmake_prefix_path.sh'
[4.325s] Level 1:colcon.colcon_core.environment:checking '/home/aaa/robot/ros2_ws/install/smach_msgs/lib'
[4.325s] Level 1:colcon.colcon_core.shell:create_environment_hook('smach_msgs', 'ld_library_path_lib')
[4.325s] INFO:colcon.colcon_core.shell:Creating environment hook '/home/aaa/robot/ros2_ws/install/smach_msgs/share/smach_msgs/hook/ld_library_path_lib.ps1'
[4.325s] INFO:colcon.colcon_core.shell:Creating environment descriptor '/home/aaa/robot/ros2_ws/install/smach_msgs/share/smach_msgs/hook/ld_library_path_lib.dsv'
[4.325s] INFO:colcon.colcon_core.shell:Creating environment hook '/home/aaa/robot/ros2_ws/install/smach_msgs/share/smach_msgs/hook/ld_library_path_lib.sh'
[4.326s] Level 1:colcon.colcon_core.environment:checking '/home/aaa/robot/ros2_ws/install/smach_msgs/bin'
[4.329s] Level 1:colcon.colcon_core.environment:checking '/home/aaa/robot/ros2_ws/install/smach_msgs/lib/pkgconfig/smach_msgs.pc'
[4.329s] Level 1:colcon.colcon_core.environment:checking '/home/aaa/robot/ros2_ws/install/smach_msgs/lib/python3.10/site-packages'
[4.329s] Level 1:colcon.colcon_core.environment:checking '/home/aaa/robot/ros2_ws/install/smach_msgs/bin'
[4.330s] INFO:colcon.colcon_core.shell:Creating package script '/home/aaa/robot/ros2_ws/install/smach_msgs/share/smach_msgs/package.ps1'
[4.330s] INFO:colcon.colcon_core.shell:Creating package descriptor '/home/aaa/robot/ros2_ws/install/smach_msgs/share/smach_msgs/package.dsv'
[4.333s] INFO:colcon.colcon_core.shell:Creating package script '/home/aaa/robot/ros2_ws/install/smach_msgs/share/smach_msgs/package.sh'
[4.333s] INFO:colcon.colcon_core.shell:Creating package script '/home/aaa/robot/ros2_ws/install/smach_msgs/share/smach_msgs/package.bash'
[4.333s] INFO:colcon.colcon_core.shell:Creating package script '/home/aaa/robot/ros2_ws/install/smach_msgs/share/smach_msgs/package.zsh'
[4.333s] Level 1:colcon.colcon_core.environment:create_file_with_runtime_dependencies(/home/aaa/robot/ros2_ws/install/smach_msgs/share/colcon-core/packages/smach_msgs)
[4.333s] INFO:colcon.colcon_ros.task.ament_python.build:Building ROS package in '/home/aaa/robot/ros2_ws/executive_smach/smach_ros' with build type 'ament_python'
[4.333s] Level 1:colcon.colcon_core.shell:create_environment_hook('smach_ros', 'ament_prefix_path')
[4.333s] INFO:colcon.colcon_core.shell:Creating environment hook '/home/aaa/robot/ros2_ws/install/smach_ros/share/smach_ros/hook/ament_prefix_path.ps1'
[4.334s] INFO:colcon.colcon_core.shell:Creating environment descriptor '/home/aaa/robot/ros2_ws/install/smach_ros/share/smach_ros/hook/ament_prefix_path.dsv'
[4.334s] INFO:colcon.colcon_core.shell:Creating environment hook '/home/aaa/robot/ros2_ws/install/smach_ros/share/smach_ros/hook/ament_prefix_path.sh'
[4.334s] INFO:colcon.colcon_core.shell:Skip shell extension 'powershell' for command environment: Not usable outside of PowerShell
[4.334s] DEBUG:colcon.colcon_core.shell:Skip shell extension 'dsv' for command environment
[4.881s] INFO:colcon.colcon_core.task.python.build:Building Python package in '/home/aaa/robot/ros2_ws/executive_smach/smach_ros'
[4.882s] INFO:colcon.colcon_core.shell:Skip shell extension 'powershell' for command environment: Not usable outside of PowerShell
[4.882s] DEBUG:colcon.colcon_core.shell:Skip shell extension 'dsv' for command environment
[4.944s] DEBUG:colcon.colcon_core.event_handler.log_command:Invoking command in '/home/aaa/robot/ros2_ws/build/mj_bridge': PS1=(mj) \[\e]0;\u@\h: \w\a\]${debian_chroot:+($debian_chroot)}\[\033[01;32m\]\u@\h\[\033[00m\]:\[\033[01;34m\]\w\[\033[00m\]\$ PYTHONPATH=/home/aaa/robot/ros2_ws/build/mj_bridge/prefix_override:/usr/lib/python3/dist-packages/colcon_core/task/python/colcon_distutils_commands:/home/aaa/robot/ros2_ws/install/mj_bridge/lib/python3.10/site-packages:${PYTHONPATH} VIRTUAL_ENV_PROMPT=(mj) /usr/bin/python3 -W ignore:setup.py install is deprecated -W ignore:easy_install command is deprecated setup.py develop --editable --build-directory /home/aaa/robot/ros2_ws/build/mj_bridge/build --no-deps symlink_data
[5.803s] DEBUG:colcon.colcon_core.event_handler.log_command:Invoking command in '/home/aaa/robot/ros2_ws/build/smach_ros': AMENT_PREFIX_PATH=/home/aaa/robot/ros2_ws/install/smach:/home/aaa/robot/ros2_ws/install/executive_smach:/home/aaa/robot/ros2_ws/install/smach_ros:/home/aaa/robot/ros2_ws/install/smach_msgs:/home/aaa/robot/ros2_ws/install/smach_demo:/home/aaa/robot/ros2_ws/install/mj_bridge:/home/aaa/robot/ros2_ws/src/install/smach_demo:/home/aaa/robot/ros2_ws/src/install/mj_bridge:/opt/ros/humble CMAKE_PREFIX_PATH=/home/aaa/robot/ros2_ws/install/smach_msgs:/home/aaa/robot/ros2_ws/install/executive_smach PS1=(mj) \[\e]0;\u@\h: \w\a\]${debian_chroot:+($debian_chroot)}\[\033[01;32m\]\u@\h\[\033[00m\]:\[\033[01;34m\]\w\[\033[00m\]\$ PYTHONPATH=/home/aaa/robot/ros2_ws/build/smach_ros/prefix_override:/usr/lib/python3/dist-packages/colcon_core/task/python/colcon_distutils_commands:/home/aaa/robot/ros2_ws/install/smach_ros/lib/python3.10/site-packages:/home/aaa/robot/ros2_ws/build/smach:/home/aaa/robot/ros2_ws/install/smach/lib/python3.10/site-packages:/home/aaa/robot/ros2_ws/build/smach_ros:/home/aaa/robot/ros2_ws/build/smach_demo:/home/aaa/robot/ros2_ws/build/mj_bridge:/home/aaa/robot/ros2_ws/install/smach_ros/lib/python3.10/site-packages:/home/aaa/robot/ros2_ws/install/smach_msgs/local/lib/python3.10/dist-packages:/home/aaa/robot/ros2_ws/install/smach_demo/lib/python3.10/site-packages:/home/aaa/robot/ros2_ws/install/mj_bridge/lib/python3.10/site-packages:/home/aaa/robot/ros2_ws/src/install/smach_demo/lib/python3.10/site-packages:/home/aaa/robot/ros2_ws/src/install/mj_bridge/lib/python3.10/site-packages:/opt/ros/humble/lib/python3.10/site-packages:/opt/ros/humble/local/lib/python3.10/dist-packages VIRTUAL_ENV_PROMPT=(mj) /usr/bin/python3 -W ignore:setup.py install is deprecated -W ignore:easy_install command is deprecated setup.py develop --editable --build-directory /home/aaa/robot/ros2_ws/build/smach_ros/build --no-deps symlink_data
[5.838s] Level 1:colcon.colcon_core.shell:create_environment_hook('mj_bridge', 'pythonpath_develop')
[5.839s] INFO:colcon.colcon_core.shell:Creating environment hook '/home/aaa/robot/ros2_ws/build/mj_bridge/share/mj_bridge/hook/pythonpath_develop.ps1'
[5.839s] DEBUG:colcon.colcon_core.event_handler.log_command:Invoked command in '/home/aaa/robot/ros2_ws/build/mj_bridge' returned '0': PS1=(mj) \[\e]0;\u@\h: \w\a\]${debian_chroot:+($debian_chroot)}\[\033[01;32m\]\u@\h\[\033[00m\]:\[\033[01;34m\]\w\[\033[00m\]\$ PYTHONPATH=/home/aaa/robot/ros2_ws/build/mj_bridge/prefix_override:/usr/lib/python3/dist-packages/colcon_core/task/python/colcon_distutils_commands:/home/aaa/robot/ros2_ws/install/mj_bridge/lib/python3.10/site-packages:${PYTHONPATH} VIRTUAL_ENV_PROMPT=(mj) /usr/bin/python3 -W ignore:setup.py install is deprecated -W ignore:easy_install command is deprecated setup.py develop --editable --build-directory /home/aaa/robot/ros2_ws/build/mj_bridge/build --no-deps symlink_data
[5.839s] INFO:colcon.colcon_core.shell:Creating environment descriptor '/home/aaa/robot/ros2_ws/build/mj_bridge/share/mj_bridge/hook/pythonpath_develop.dsv'
[5.839s] INFO:colcon.colcon_core.shell:Creating environment hook '/home/aaa/robot/ros2_ws/build/mj_bridge/share/mj_bridge/hook/pythonpath_develop.sh'
[5.839s] Level 1:colcon.colcon_core.environment:checking '/home/aaa/robot/ros2_ws/install/mj_bridge' for CMake module files
[5.840s] Level 1:colcon.colcon_core.environment:checking '/home/aaa/robot/ros2_ws/install/mj_bridge' for CMake config files
[5.841s] Level 1:colcon.colcon_core.environment:checking '/home/aaa/robot/ros2_ws/install/mj_bridge/lib'
[5.841s] Level 1:colcon.colcon_core.environment:checking '/home/aaa/robot/ros2_ws/install/mj_bridge/bin'
[5.841s] Level 1:colcon.colcon_core.environment:checking '/home/aaa/robot/ros2_ws/install/mj_bridge/lib/pkgconfig/mj_bridge.pc'
[5.841s] Level 1:colcon.colcon_core.environment:checking '/home/aaa/robot/ros2_ws/install/mj_bridge/lib/python3.10/site-packages'
[5.841s] Level 1:colcon.colcon_core.shell:create_environment_hook('mj_bridge', 'pythonpath')
[5.841s] INFO:colcon.colcon_core.shell:Creating environment hook '/home/aaa/robot/ros2_ws/install/mj_bridge/share/mj_bridge/hook/pythonpath.ps1'
[5.842s] INFO:colcon.colcon_core.shell:Creating environment descriptor '/home/aaa/robot/ros2_ws/install/mj_bridge/share/mj_bridge/hook/pythonpath.dsv'
[5.842s] INFO:colcon.colcon_core.shell:Creating environment hook '/home/aaa/robot/ros2_ws/install/mj_bridge/share/mj_bridge/hook/pythonpath.sh'
[5.842s] Level 1:colcon.colcon_core.environment:checking '/home/aaa/robot/ros2_ws/install/mj_bridge/bin'
[5.842s] Level 1:colcon.colcon_core.environment:create_environment_scripts_only(mj_bridge)
[5.842s] INFO:colcon.colcon_core.shell:Creating package script '/home/aaa/robot/ros2_ws/install/mj_bridge/share/mj_bridge/package.ps1'
[5.842s] INFO:colcon.colcon_core.shell:Creating package descriptor '/home/aaa/robot/ros2_ws/install/mj_bridge/share/mj_bridge/package.dsv'
[5.842s] INFO:colcon.colcon_core.shell:Creating package script '/home/aaa/robot/ros2_ws/install/mj_bridge/share/mj_bridge/package.sh'
[5.843s] INFO:colcon.colcon_core.shell:Creating package script '/home/aaa/robot/ros2_ws/install/mj_bridge/share/mj_bridge/package.bash'
[5.843s] INFO:colcon.colcon_core.shell:Creating package script '/home/aaa/robot/ros2_ws/install/mj_bridge/share/mj_bridge/package.zsh'
[5.843s] Level 1:colcon.colcon_core.environment:create_file_with_runtime_dependencies(/home/aaa/robot/ros2_ws/install/mj_bridge/share/colcon-core/packages/mj_bridge)
[5.843s] INFO:colcon.colcon_ros.task.ament_cmake.build:Building ROS package in '/home/aaa/robot/ros2_ws/src/panda_pick' with build type 'ament_cmake'
[5.843s] INFO:colcon.colcon_cmake.task.cmake.build:Building CMake package in '/home/aaa/robot/ros2_ws/src/panda_pick'
[5.843s] INFO:colcon.colcon_core.shell:Skip shell extension 'powershell' for command environment: Not usable outside of PowerShell
[5.843s] DEBUG:colcon.colcon_core.shell:Skip shell extension 'dsv' for command environment
[5.883s] DEBUG:colcon.colcon_core.event_handler.log_command:Invoking command in '/home/aaa/robot/ros2_ws/build/panda_pick': CMAKE_PREFIX_PATH=${CMAKE_PREFIX_PATH}:/home/aaa/robot/ros2_ws/install/smach_ros:/home/aaa/robot/ros2_ws/install/smach_demo:/home/aaa/robot/ros2_ws/install/smach:/home/aaa/robot/ros2_ws/install/mj_bridge:/home/aaa/robot/ros2_ws/src/install/smach_demo:/home/aaa/robot/ros2_ws/src/install/mj_bridge:/opt/ros/humble PS1=(mj) \[\e]0;\u@\h: \w\a\]${debian_chroot:+($debian_chroot)}\[\033[01;32m\]\u@\h\[\033[00m\]:\[\033[01;34m\]\w\[\033[00m\]\$ VIRTUAL_ENV_PROMPT=(mj) /usr/bin/cmake /home/aaa/robot/ros2_ws/src/panda_pick -DAMENT_CMAKE_SYMLINK_INSTALL=1 -DCMAKE_INSTALL_PREFIX=/home/aaa/robot/ros2_ws/install/panda_pick
[6.737s] Level 1:colcon.colcon_core.shell:create_environment_hook('smach_ros', 'pythonpath_develop')
[6.737s] INFO:colcon.colcon_core.shell:Creating environment hook '/home/aaa/robot/ros2_ws/build/smach_ros/share/smach_ros/hook/pythonpath_develop.ps1'
[6.737s] DEBUG:colcon.colcon_core.event_handler.log_command:Invoked command in '/home/aaa/robot/ros2_ws/build/smach_ros' returned '0': AMENT_PREFIX_PATH=/home/aaa/robot/ros2_ws/install/smach:/home/aaa/robot/ros2_ws/install/executive_smach:/home/aaa/robot/ros2_ws/install/smach_ros:/home/aaa/robot/ros2_ws/install/smach_msgs:/home/aaa/robot/ros2_ws/install/smach_demo:/home/aaa/robot/ros2_ws/install/mj_bridge:/home/aaa/robot/ros2_ws/src/install/smach_demo:/home/aaa/robot/ros2_ws/src/install/mj_bridge:/opt/ros/humble CMAKE_PREFIX_PATH=/home/aaa/robot/ros2_ws/install/smach_msgs:/home/aaa/robot/ros2_ws/install/executive_smach PS1=(mj) \[\e]0;\u@\h: \w\a\]${debian_chroot:+($debian_chroot)}\[\033[01;32m\]\u@\h\[\033[00m\]:\[\033[01;34m\]\w\[\033[00m\]\$ PYTHONPATH=/home/aaa/robot/ros2_ws/build/smach_ros/prefix_override:/usr/lib/python3/dist-packages/colcon_core/task/python/colcon_distutils_commands:/home/aaa/robot/ros2_ws/install/smach_ros/lib/python3.10/site-packages:/home/aaa/robot/ros2_ws/build/smach:/home/aaa/robot/ros2_ws/install/smach/lib/python3.10/site-packages:/home/aaa/robot/ros2_ws/build/smach_ros:/home/aaa/robot/ros2_ws/build/smach_demo:/home/aaa/robot/ros2_ws/build/mj_bridge:/home/aaa/robot/ros2_ws/install/smach_ros/lib/python3.10/site-packages:/home/aaa/robot/ros2_ws/install/smach_msgs/local/lib/python3.10/dist-packages:/home/aaa/robot/ros2_ws/install/smach_demo/lib/python3.10/site-packages:/home/aaa/robot/ros2_ws/install/mj_bridge/lib/python3.10/site-packages:/home/aaa/robot/ros2_ws/src/install/smach_demo/lib/python3.10/site-packages:/home/aaa/robot/ros2_ws/src/install/mj_bridge/lib/python3.10/site-packages:/opt/ros/humble/lib/python3.10/site-packages:/opt/ros/humble/local/lib/python3.10/dist-packages VIRTUAL_ENV_PROMPT=(mj) /usr/bin/python3 -W ignore:setup.py install is deprecated -W ignore:easy_install command is deprecated setup.py develop --editable --build-directory /home/aaa/robot/ros2_ws/build/smach_ros/build --no-deps symlink_data
[6.737s] INFO:colcon.colcon_core.shell:Creating environment descriptor '/home/aaa/robot/ros2_ws/build/smach_ros/share/smach_ros/hook/pythonpath_develop.dsv'
[6.737s] INFO:colcon.colcon_core.shell:Creating environment hook '/home/aaa/robot/ros2_ws/build/smach_ros/share/smach_ros/hook/pythonpath_develop.sh'
[6.738s] Level 1:colcon.colcon_core.environment:checking '/home/aaa/robot/ros2_ws/install/smach_ros' for CMake module files
[6.738s] Level 1:colcon.colcon_core.environment:checking '/home/aaa/robot/ros2_ws/install/smach_ros' for CMake config files
[6.739s] Level 1:colcon.colcon_core.environment:checking '/home/aaa/robot/ros2_ws/install/smach_ros/lib'
[6.739s] Level 1:colcon.colcon_core.environment:checking '/home/aaa/robot/ros2_ws/install/smach_ros/bin'
[6.739s] Level 1:colcon.colcon_core.environment:checking '/home/aaa/robot/ros2_ws/install/smach_ros/lib/pkgconfig/smach_ros.pc'
[6.739s] Level 1:colcon.colcon_core.environment:checking '/home/aaa/robot/ros2_ws/install/smach_ros/lib/python3.10/site-packages'
[6.739s] Level 1:colcon.colcon_core.shell:create_environment_hook('smach_ros', 'pythonpath')
[6.739s] INFO:colcon.colcon_core.shell:Creating environment hook '/home/aaa/robot/ros2_ws/install/smach_ros/share/smach_ros/hook/pythonpath.ps1'
[6.739s] INFO:colcon.colcon_core.shell:Creating environment descriptor '/home/aaa/robot/ros2_ws/install/smach_ros/share/smach_ros/hook/pythonpath.dsv'
[6.740s] INFO:colcon.colcon_core.shell:Creating environment hook '/home/aaa/robot/ros2_ws/install/smach_ros/share/smach_ros/hook/pythonpath.sh'
[6.740s] Level 1:colcon.colcon_core.environment:checking '/home/aaa/robot/ros2_ws/install/smach_ros/bin'
[6.740s] Level 1:colcon.colcon_core.environment:create_environment_scripts_only(smach_ros)
[6.740s] INFO:colcon.colcon_core.shell:Creating package script '/home/aaa/robot/ros2_ws/install/smach_ros/share/smach_ros/package.ps1'
[6.740s] INFO:colcon.colcon_core.shell:Creating package descriptor '/home/aaa/robot/ros2_ws/install/smach_ros/share/smach_ros/package.dsv'
[6.740s] INFO:colcon.colcon_core.shell:Creating package script '/home/aaa/robot/ros2_ws/install/smach_ros/share/smach_ros/package.sh'
[6.740s] INFO:colcon.colcon_core.shell:Creating package script '/home/aaa/robot/ros2_ws/install/smach_ros/share/smach_ros/package.bash'
[6.741s] INFO:colcon.colcon_core.shell:Creating package script '/home/aaa/robot/ros2_ws/install/smach_ros/share/smach_ros/package.zsh'
[6.741s] Level 1:colcon.colcon_core.environment:create_file_with_runtime_dependencies(/home/aaa/robot/ros2_ws/install/smach_ros/share/colcon-core/packages/smach_ros)
[6.741s] INFO:colcon.colcon_ros.task.ament_python.build:Building ROS package in '/home/aaa/robot/ros2_ws/src/smach_demo' with build type 'ament_python'
[6.741s] Level 1:colcon.colcon_core.shell:create_environment_hook('smach_demo', 'ament_prefix_path')
[6.741s] INFO:colcon.colcon_core.shell:Creating environment hook '/home/aaa/robot/ros2_ws/install/smach_demo/share/smach_demo/hook/ament_prefix_path.ps1'
[6.741s] INFO:colcon.colcon_core.shell:Creating environment descriptor '/home/aaa/robot/ros2_ws/install/smach_demo/share/smach_demo/hook/ament_prefix_path.dsv'
[6.741s] INFO:colcon.colcon_core.shell:Creating environment hook '/home/aaa/robot/ros2_ws/install/smach_demo/share/smach_demo/hook/ament_prefix_path.sh'
[6.742s] INFO:colcon.colcon_core.shell:Skip shell extension 'powershell' for command environment: Not usable outside of PowerShell
[6.742s] DEBUG:colcon.colcon_core.shell:Skip shell extension 'dsv' for command environment
[7.288s] INFO:colcon.colcon_core.task.python.build:Building Python package in '/home/aaa/robot/ros2_ws/src/smach_demo'
[7.288s] INFO:colcon.colcon_core.shell:Skip shell extension 'powershell' for command environment: Not usable outside of PowerShell
[7.288s] DEBUG:colcon.colcon_core.shell:Skip shell extension 'dsv' for command environment
[8.108s] DEBUG:colcon.colcon_core.event_handler.log_command:Invoking command in '/home/aaa/robot/ros2_ws/build/smach_demo': PS1=(mj) \[\e]0;\u@\h: \w\a\]${debian_chroot:+($debian_chroot)}\[\033[01;32m\]\u@\h\[\033[00m\]:\[\033[01;34m\]\w\[\033[00m\]\$ PYTHONPATH=/home/aaa/robot/ros2_ws/build/smach_demo/prefix_override:/usr/lib/python3/dist-packages/colcon_core/task/python/colcon_distutils_commands:/home/aaa/robot/ros2_ws/install/smach_demo/lib/python3.10/site-packages:${PYTHONPATH} VIRTUAL_ENV_PROMPT=(mj) /usr/bin/python3 -W ignore:setup.py install is deprecated -W ignore:easy_install command is deprecated setup.py develop --editable --build-directory /home/aaa/robot/ros2_ws/build/smach_demo/build --no-deps symlink_data
[9.034s] Level 1:colcon.colcon_core.shell:create_environment_hook('smach_demo', 'pythonpath_develop')
[9.034s] INFO:colcon.colcon_core.shell:Creating environment hook '/home/aaa/robot/ros2_ws/build/smach_demo/share/smach_demo/hook/pythonpath_develop.ps1'
[9.034s] DEBUG:colcon.colcon_core.event_handler.log_command:Invoked command in '/home/aaa/robot/ros2_ws/build/smach_demo' returned '0': PS1=(mj) \[\e]0;\u@\h: \w\a\]${debian_chroot:+($debian_chroot)}\[\033[01;32m\]\u@\h\[\033[00m\]:\[\033[01;34m\]\w\[\033[00m\]\$ PYTHONPATH=/home/aaa/robot/ros2_ws/build/smach_demo/prefix_override:/usr/lib/python3/dist-packages/colcon_core/task/python/colcon_distutils_commands:/home/aaa/robot/ros2_ws/install/smach_demo/lib/python3.10/site-packages:${PYTHONPATH} VIRTUAL_ENV_PROMPT=(mj) /usr/bin/python3 -W ignore:setup.py install is deprecated -W ignore:easy_install command is deprecated setup.py develop --editable --build-directory /home/aaa/robot/ros2_ws/build/smach_demo/build --no-deps symlink_data
[9.034s] INFO:colcon.colcon_core.shell:Creating environment descriptor '/home/aaa/robot/ros2_ws/build/smach_demo/share/smach_demo/hook/pythonpath_develop.dsv'
[9.034s] INFO:colcon.colcon_core.shell:Creating environment hook '/home/aaa/robot/ros2_ws/build/smach_demo/share/smach_demo/hook/pythonpath_develop.sh'
[9.035s] Level 1:colcon.colcon_core.environment:checking '/home/aaa/robot/ros2_ws/install/smach_demo' for CMake module files
[9.035s] Level 1:colcon.colcon_core.environment:checking '/home/aaa/robot/ros2_ws/install/smach_demo' for CMake config files
[9.037s] Level 1:colcon.colcon_core.environment:checking '/home/aaa/robot/ros2_ws/install/smach_demo/lib'
[9.037s] Level 1:colcon.colcon_core.environment:checking '/home/aaa/robot/ros2_ws/install/smach_demo/bin'
[9.037s] Level 1:colcon.colcon_core.environment:checking '/home/aaa/robot/ros2_ws/install/smach_demo/lib/pkgconfig/smach_demo.pc'
[9.037s] Level 1:colcon.colcon_core.environment:checking '/home/aaa/robot/ros2_ws/install/smach_demo/lib/python3.10/site-packages'
[9.038s] Level 1:colcon.colcon_core.shell:create_environment_hook('smach_demo', 'pythonpath')
[9.038s] INFO:colcon.colcon_core.shell:Creating environment hook '/home/aaa/robot/ros2_ws/install/smach_demo/share/smach_demo/hook/pythonpath.ps1'
[9.038s] INFO:colcon.colcon_core.shell:Creating environment descriptor '/home/aaa/robot/ros2_ws/install/smach_demo/share/smach_demo/hook/pythonpath.dsv'
[9.038s] INFO:colcon.colcon_core.shell:Creating environment hook '/home/aaa/robot/ros2_ws/install/smach_demo/share/smach_demo/hook/pythonpath.sh'
[9.038s] Level 1:colcon.colcon_core.environment:checking '/home/aaa/robot/ros2_ws/install/smach_demo/bin'
[9.038s] Level 1:colcon.colcon_core.environment:create_environment_scripts_only(smach_demo)
[9.038s] INFO:colcon.colcon_core.shell:Creating package script '/home/aaa/robot/ros2_ws/install/smach_demo/share/smach_demo/package.ps1'
[9.038s] INFO:colcon.colcon_core.shell:Creating package descriptor '/home/aaa/robot/ros2_ws/install/smach_demo/share/smach_demo/package.dsv'
[9.043s] INFO:colcon.colcon_core.shell:Creating package script '/home/aaa/robot/ros2_ws/install/smach_demo/share/smach_demo/package.sh'
[9.044s] INFO:colcon.colcon_core.shell:Creating package script '/home/aaa/robot/ros2_ws/install/smach_demo/share/smach_demo/package.bash'
[9.044s] INFO:colcon.colcon_core.shell:Creating package script '/home/aaa/robot/ros2_ws/install/smach_demo/share/smach_demo/package.zsh'
[9.044s] Level 1:colcon.colcon_core.environment:create_file_with_runtime_dependencies(/home/aaa/robot/ros2_ws/install/smach_demo/share/colcon-core/packages/smach_demo)
[9.044s] INFO:colcon.colcon_ros.task.ament_cmake.build:Building ROS package in '/home/aaa/robot/ros2_ws/executive_smach/executive_smach' with build type 'ament_cmake'
[9.044s] INFO:colcon.colcon_cmake.task.cmake.build:Building CMake package in '/home/aaa/robot/ros2_ws/executive_smach/executive_smach'
[9.044s] INFO:colcon.colcon_core.shell:Skip shell extension 'powershell' for command environment: Not usable outside of PowerShell
[9.044s] DEBUG:colcon.colcon_core.shell:Skip shell extension 'dsv' for command environment
[9.145s] DEBUG:colcon.colcon_core.event_handler.log_command:Invoking command in '/home/aaa/robot/ros2_ws/build/executive_smach': AMENT_PREFIX_PATH=/home/aaa/robot/ros2_ws/install/smach_ros:/home/aaa/robot/ros2_ws/install/smach:/home/aaa/robot/ros2_ws/install/executive_smach:/home/aaa/robot/ros2_ws/install/smach_msgs:/home/aaa/robot/ros2_ws/install/smach_demo:/home/aaa/robot/ros2_ws/install/mj_bridge:/home/aaa/robot/ros2_ws/src/install/smach_demo:/home/aaa/robot/ros2_ws/src/install/mj_bridge:/opt/ros/humble CMAKE_PREFIX_PATH=/home/aaa/robot/ros2_ws/install/smach_msgs:/home/aaa/robot/ros2_ws/install/executive_smach:/home/aaa/robot/ros2_ws/install/smach_ros:/home/aaa/robot/ros2_ws/install/smach_demo:/home/aaa/robot/ros2_ws/install/smach:/home/aaa/robot/ros2_ws/install/mj_bridge:/home/aaa/robot/ros2_ws/src/install/smach_demo:/home/aaa/robot/ros2_ws/src/install/mj_bridge:/opt/ros/humble PS1=(mj) \[\e]0;\u@\h: \w\a\]${debian_chroot:+($debian_chroot)}\[\033[01;32m\]\u@\h\[\033[00m\]:\[\033[01;34m\]\w\[\033[00m\]\$ PYTHONPATH=/home/aaa/robot/ros2_ws/build/smach_ros:/home/aaa/robot/ros2_ws/install/smach_ros/lib/python3.10/site-packages:/home/aaa/robot/ros2_ws/build/smach:/home/aaa/robot/ros2_ws/install/smach/lib/python3.10/site-packages:/home/aaa/robot/ros2_ws/build/smach_demo:/home/aaa/robot/ros2_ws/build/mj_bridge:/home/aaa/robot/ros2_ws/install/smach_msgs/local/lib/python3.10/dist-packages:/home/aaa/robot/ros2_ws/install/smach_demo/lib/python3.10/site-packages:/home/aaa/robot/ros2_ws/install/mj_bridge/lib/python3.10/site-packages:/home/aaa/robot/ros2_ws/src/install/smach_demo/lib/python3.10/site-packages:/home/aaa/robot/ros2_ws/src/install/mj_bridge/lib/python3.10/site-packages:/opt/ros/humble/lib/python3.10/site-packages:/opt/ros/humble/local/lib/python3.10/dist-packages VIRTUAL_ENV_PROMPT=(mj) /usr/bin/cmake --build /home/aaa/robot/ros2_ws/build/executive_smach -- -j2 -l2
[9.215s] DEBUG:colcon.colcon_core.event_handler.log_command:Invoked command in '/home/aaa/robot/ros2_ws/build/executive_smach' returned '0': AMENT_PREFIX_PATH=/home/aaa/robot/ros2_ws/install/smach_ros:/home/aaa/robot/ros2_ws/install/smach:/home/aaa/robot/ros2_ws/install/executive_smach:/home/aaa/robot/ros2_ws/install/smach_msgs:/home/aaa/robot/ros2_ws/install/smach_demo:/home/aaa/robot/ros2_ws/install/mj_bridge:/home/aaa/robot/ros2_ws/src/install/smach_demo:/home/aaa/robot/ros2_ws/src/install/mj_bridge:/opt/ros/humble CMAKE_PREFIX_PATH=/home/aaa/robot/ros2_ws/install/smach_msgs:/home/aaa/robot/ros2_ws/install/executive_smach:/home/aaa/robot/ros2_ws/install/smach_ros:/home/aaa/robot/ros2_ws/install/smach_demo:/home/aaa/robot/ros2_ws/install/smach:/home/aaa/robot/ros2_ws/install/mj_bridge:/home/aaa/robot/ros2_ws/src/install/smach_demo:/home/aaa/robot/ros2_ws/src/install/mj_bridge:/opt/ros/humble PS1=(mj) \[\e]0;\u@\h: \w\a\]${debian_chroot:+($debian_chroot)}\[\033[01;32m\]\u@\h\[\033[00m\]:\[\033[01;34m\]\w\[\033[00m\]\$ PYTHONPATH=/home/aaa/robot/ros2_ws/build/smach_ros:/home/aaa/robot/ros2_ws/install/smach_ros/lib/python3.10/site-packages:/home/aaa/robot/ros2_ws/build/smach:/home/aaa/robot/ros2_ws/install/smach/lib/python3.10/site-packages:/home/aaa/robot/ros2_ws/build/smach_demo:/home/aaa/robot/ros2_ws/build/mj_bridge:/home/aaa/robot/ros2_ws/install/smach_msgs/local/lib/python3.10/dist-packages:/home/aaa/robot/ros2_ws/install/smach_demo/lib/python3.10/site-packages:/home/aaa/robot/ros2_ws/install/mj_bridge/lib/python3.10/site-packages:/home/aaa/robot/ros2_ws/src/install/smach_demo/lib/python3.10/site-packages:/home/aaa/robot/ros2_ws/src/install/mj_bridge/lib/python3.10/site-packages:/opt/ros/humble/lib/python3.10/site-packages:/opt/ros/humble/local/lib/python3.10/dist-packages VIRTUAL_ENV_PROMPT=(mj) /usr/bin/cmake --build /home/aaa/robot/ros2_ws/build/executive_smach -- -j2 -l2
[9.221s] DEBUG:colcon.colcon_core.event_handler.log_command:Invoking command in '/home/aaa/robot/ros2_ws/build/executive_smach': AMENT_PREFIX_PATH=/home/aaa/robot/ros2_ws/install/smach_ros:/home/aaa/robot/ros2_ws/install/smach:/home/aaa/robot/ros2_ws/install/executive_smach:/home/aaa/robot/ros2_ws/install/smach_msgs:/home/aaa/robot/ros2_ws/install/smach_demo:/home/aaa/robot/ros2_ws/install/mj_bridge:/home/aaa/robot/ros2_ws/src/install/smach_demo:/home/aaa/robot/ros2_ws/src/install/mj_bridge:/opt/ros/humble CMAKE_PREFIX_PATH=/home/aaa/robot/ros2_ws/install/smach_msgs:/home/aaa/robot/ros2_ws/install/executive_smach:/home/aaa/robot/ros2_ws/install/smach_ros:/home/aaa/robot/ros2_ws/install/smach_demo:/home/aaa/robot/ros2_ws/install/smach:/home/aaa/robot/ros2_ws/install/mj_bridge:/home/aaa/robot/ros2_ws/src/install/smach_demo:/home/aaa/robot/ros2_ws/src/install/mj_bridge:/opt/ros/humble PS1=(mj) \[\e]0;\u@\h: \w\a\]${debian_chroot:+($debian_chroot)}\[\033[01;32m\]\u@\h\[\033[00m\]:\[\033[01;34m\]\w\[\033[00m\]\$ PYTHONPATH=/home/aaa/robot/ros2_ws/build/smach_ros:/home/aaa/robot/ros2_ws/install/smach_ros/lib/python3.10/site-packages:/home/aaa/robot/ros2_ws/build/smach:/home/aaa/robot/ros2_ws/install/smach/lib/python3.10/site-packages:/home/aaa/robot/ros2_ws/build/smach_demo:/home/aaa/robot/ros2_ws/build/mj_bridge:/home/aaa/robot/ros2_ws/install/smach_msgs/local/lib/python3.10/dist-packages:/home/aaa/robot/ros2_ws/install/smach_demo/lib/python3.10/site-packages:/home/aaa/robot/ros2_ws/install/mj_bridge/lib/python3.10/site-packages:/home/aaa/robot/ros2_ws/src/install/smach_demo/lib/python3.10/site-packages:/home/aaa/robot/ros2_ws/src/install/mj_bridge/lib/python3.10/site-packages:/opt/ros/humble/lib/python3.10/site-packages:/opt/ros/humble/local/lib/python3.10/dist-packages VIRTUAL_ENV_PROMPT=(mj) /usr/bin/cmake --install /home/aaa/robot/ros2_ws/build/executive_smach
[9.257s] Level 1:colcon.colcon_core.environment:create_environment_scripts_only(executive_smach)
[9.257s] Level 1:colcon.colcon_core.environment:checking '/home/aaa/robot/ros2_ws/install/executive_smach' for CMake module files
[9.257s] DEBUG:colcon.colcon_core.event_handler.log_command:Invoked command in '/home/aaa/robot/ros2_ws/build/executive_smach' returned '0': AMENT_PREFIX_PATH=/home/aaa/robot/ros2_ws/install/smach_ros:/home/aaa/robot/ros2_ws/install/smach:/home/aaa/robot/ros2_ws/install/executive_smach:/home/aaa/robot/ros2_ws/install/smach_msgs:/home/aaa/robot/ros2_ws/install/smach_demo:/home/aaa/robot/ros2_ws/install/mj_bridge:/home/aaa/robot/ros2_ws/src/install/smach_demo:/home/aaa/robot/ros2_ws/src/install/mj_bridge:/opt/ros/humble CMAKE_PREFIX_PATH=/home/aaa/robot/ros2_ws/install/smach_msgs:/home/aaa/robot/ros2_ws/install/executive_smach:/home/aaa/robot/ros2_ws/install/smach_ros:/home/aaa/robot/ros2_ws/install/smach_demo:/home/aaa/robot/ros2_ws/install/smach:/home/aaa/robot/ros2_ws/install/mj_bridge:/home/aaa/robot/ros2_ws/src/install/smach_demo:/home/aaa/robot/ros2_ws/src/install/mj_bridge:/opt/ros/humble PS1=(mj) \[\e]0;\u@\h: \w\a\]${debian_chroot:+($debian_chroot)}\[\033[01;32m\]\u@\h\[\033[00m\]:\[\033[01;34m\]\w\[\033[00m\]\$ PYTHONPATH=/home/aaa/robot/ros2_ws/build/smach_ros:/home/aaa/robot/ros2_ws/install/smach_ros/lib/python3.10/site-packages:/home/aaa/robot/ros2_ws/build/smach:/home/aaa/robot/ros2_ws/install/smach/lib/python3.10/site-packages:/home/aaa/robot/ros2_ws/build/smach_demo:/home/aaa/robot/ros2_ws/build/mj_bridge:/home/aaa/robot/ros2_ws/install/smach_msgs/local/lib/python3.10/dist-packages:/home/aaa/robot/ros2_ws/install/smach_demo/lib/python3.10/site-packages:/home/aaa/robot/ros2_ws/install/mj_bridge/lib/python3.10/site-packages:/home/aaa/robot/ros2_ws/src/install/smach_demo/lib/python3.10/site-packages:/home/aaa/robot/ros2_ws/src/install/mj_bridge/lib/python3.10/site-packages:/opt/ros/humble/lib/python3.10/site-packages:/opt/ros/humble/local/lib/python3.10/dist-packages VIRTUAL_ENV_PROMPT=(mj) /usr/bin/cmake --install /home/aaa/robot/ros2_ws/build/executive_smach
[9.258s] Level 1:colcon.colcon_core.environment:checking '/home/aaa/robot/ros2_ws/install/executive_smach' for CMake config files
[9.258s] Level 1:colcon.colcon_core.shell:create_environment_hook('executive_smach', 'cmake_prefix_path')
[9.258s] INFO:colcon.colcon_core.shell:Creating environment hook '/home/aaa/robot/ros2_ws/install/executive_smach/share/executive_smach/hook/cmake_prefix_path.ps1'
[9.258s] INFO:colcon.colcon_core.shell:Creating environment descriptor '/home/aaa/robot/ros2_ws/install/executive_smach/share/executive_smach/hook/cmake_prefix_path.dsv'
[9.258s] INFO:colcon.colcon_core.shell:Creating environment hook '/home/aaa/robot/ros2_ws/install/executive_smach/share/executive_smach/hook/cmake_prefix_path.sh'
[9.259s] Level 1:colcon.colcon_core.environment:checking '/home/aaa/robot/ros2_ws/install/executive_smach/bin'
[9.259s] Level 1:colcon.colcon_core.environment:checking '/home/aaa/robot/ros2_ws/install/executive_smach/lib/pkgconfig/executive_smach.pc'
[9.259s] Level 1:colcon.colcon_core.environment:checking '/home/aaa/robot/ros2_ws/install/executive_smach/lib/python3.10/site-packages'
[9.259s] Level 1:colcon.colcon_core.environment:checking '/home/aaa/robot/ros2_ws/install/executive_smach/bin'
[9.259s] INFO:colcon.colcon_core.shell:Creating package script '/home/aaa/robot/ros2_ws/install/executive_smach/share/executive_smach/package.ps1'
[9.259s] INFO:colcon.colcon_core.shell:Creating package descriptor '/home/aaa/robot/ros2_ws/install/executive_smach/share/executive_smach/package.dsv'
[9.259s] INFO:colcon.colcon_core.shell:Creating package script '/home/aaa/robot/ros2_ws/install/executive_smach/share/executive_smach/package.sh'
[9.259s] INFO:colcon.colcon_core.shell:Creating package script '/home/aaa/robot/ros2_ws/install/executive_smach/share/executive_smach/package.bash'
[9.259s] INFO:colcon.colcon_core.shell:Creating package script '/home/aaa/robot/ros2_ws/install/executive_smach/share/executive_smach/package.zsh'
[9.260s] Level 1:colcon.colcon_core.environment:create_file_with_runtime_dependencies(/home/aaa/robot/ros2_ws/install/executive_smach/share/colcon-core/packages/executive_smach)
[9.260s] Level 1:colcon.colcon_core.environment:create_environment_scripts_only(executive_smach)
[9.260s] Level 1:colcon.colcon_core.environment:checking '/home/aaa/robot/ros2_ws/install/executive_smach' for CMake module files
[9.260s] Level 1:colcon.colcon_core.environment:checking '/home/aaa/robot/ros2_ws/install/executive_smach' for CMake config files
[9.260s] Level 1:colcon.colcon_core.shell:create_environment_hook('executive_smach', 'cmake_prefix_path')
[9.260s] INFO:colcon.colcon_core.shell:Creating environment hook '/home/aaa/robot/ros2_ws/install/executive_smach/share/executive_smach/hook/cmake_prefix_path.ps1'
[9.260s] INFO:colcon.colcon_core.shell:Creating environment descriptor '/home/aaa/robot/ros2_ws/install/executive_smach/share/executive_smach/hook/cmake_prefix_path.dsv'
[9.260s] INFO:colcon.colcon_core.shell:Creating environment hook '/home/aaa/robot/ros2_ws/install/executive_smach/share/executive_smach/hook/cmake_prefix_path.sh'
[9.261s] Level 1:colcon.colcon_core.environment:checking '/home/aaa/robot/ros2_ws/install/executive_smach/bin'
[9.261s] Level 1:colcon.colcon_core.environment:checking '/home/aaa/robot/ros2_ws/install/executive_smach/lib/pkgconfig/executive_smach.pc'
[9.261s] Level 1:colcon.colcon_core.environment:checking '/home/aaa/robot/ros2_ws/install/executive_smach/lib/python3.10/site-packages'
[9.261s] Level 1:colcon.colcon_core.environment:checking '/home/aaa/robot/ros2_ws/install/executive_smach/bin'
[9.261s] INFO:colcon.colcon_core.shell:Creating package script '/home/aaa/robot/ros2_ws/install/executive_smach/share/executive_smach/package.ps1'
[9.261s] INFO:colcon.colcon_core.shell:Creating package descriptor '/home/aaa/robot/ros2_ws/install/executive_smach/share/executive_smach/package.dsv'
[9.261s] INFO:colcon.colcon_core.shell:Creating package script '/home/aaa/robot/ros2_ws/install/executive_smach/share/executive_smach/package.sh'
[9.261s] INFO:colcon.colcon_core.shell:Creating package script '/home/aaa/robot/ros2_ws/install/executive_smach/share/executive_smach/package.bash'
[9.261s] INFO:colcon.colcon_core.shell:Creating package script '/home/aaa/robot/ros2_ws/install/executive_smach/share/executive_smach/package.zsh'
[9.262s] Level 1:colcon.colcon_core.environment:create_file_with_runtime_dependencies(/home/aaa/robot/ros2_ws/install/executive_smach/share/colcon-core/packages/executive_smach)
[10.721s] DEBUG:colcon.colcon_core.event_handler.log_command:Invoked command in '/home/aaa/robot/ros2_ws/build/panda_pick' returned '1': CMAKE_PREFIX_PATH=${CMAKE_PREFIX_PATH}:/home/aaa/robot/ros2_ws/install/smach_ros:/home/aaa/robot/ros2_ws/install/smach_demo:/home/aaa/robot/ros2_ws/install/smach:/home/aaa/robot/ros2_ws/install/mj_bridge:/home/aaa/robot/ros2_ws/src/install/smach_demo:/home/aaa/robot/ros2_ws/src/install/mj_bridge:/opt/ros/humble PS1=(mj) \[\e]0;\u@\h: \w\a\]${debian_chroot:+($debian_chroot)}\[\033[01;32m\]\u@\h\[\033[00m\]:\[\033[01;34m\]\w\[\033[00m\]\$ VIRTUAL_ENV_PROMPT=(mj) /usr/bin/cmake /home/aaa/robot/ros2_ws/src/panda_pick -DAMENT_CMAKE_SYMLINK_INSTALL=1 -DCMAKE_INSTALL_PREFIX=/home/aaa/robot/ros2_ws/install/panda_pick
[10.769s] Level 1:colcon.colcon_core.environment:create_environment_scripts_only(panda_pick)
[10.769s] Level 1:colcon.colcon_core.environment:checking '/home/aaa/robot/ros2_ws/install/panda_pick' for CMake module files
[10.769s] Level 1:colcon.colcon_core.environment:checking '/home/aaa/robot/ros2_ws/install/panda_pick' for CMake config files
[10.769s] Level 1:colcon.colcon_core.environment:checking '/home/aaa/robot/ros2_ws/install/panda_pick/bin'
[10.769s] Level 1:colcon.colcon_core.environment:checking '/home/aaa/robot/ros2_ws/install/panda_pick/lib/pkgconfig/panda_pick.pc'
[10.769s] Level 1:colcon.colcon_core.environment:checking '/home/aaa/robot/ros2_ws/install/panda_pick/lib/python3.10/site-packages'
[10.770s] Level 1:colcon.colcon_core.environment:checking '/home/aaa/robot/ros2_ws/install/panda_pick/bin'
[10.770s] INFO:colcon.colcon_core.shell:Creating package script '/home/aaa/robot/ros2_ws/install/panda_pick/share/panda_pick/package.ps1'
[10.770s] INFO:colcon.colcon_core.shell:Creating package descriptor '/home/aaa/robot/ros2_ws/install/panda_pick/share/panda_pick/package.dsv'
[10.770s] INFO:colcon.colcon_core.shell:Creating package script '/home/aaa/robot/ros2_ws/install/panda_pick/share/panda_pick/package.sh'
[10.770s] INFO:colcon.colcon_core.shell:Creating package script '/home/aaa/robot/ros2_ws/install/panda_pick/share/panda_pick/package.bash'
[10.770s] INFO:colcon.colcon_core.shell:Creating package script '/home/aaa/robot/ros2_ws/install/panda_pick/share/panda_pick/package.zsh'
[10.770s] Level 1:colcon.colcon_core.environment:create_file_with_runtime_dependencies(/home/aaa/robot/ros2_ws/install/panda_pick/share/colcon-core/packages/panda_pick)
[10.783s] DEBUG:colcon.colcon_parallel_executor.executor.parallel:closing loop
[10.784s] DEBUG:colcon.colcon_parallel_executor.executor.parallel:loop closed
[10.784s] DEBUG:colcon.colcon_parallel_executor.executor.parallel:run_until_complete finished with '1'
[10.784s] DEBUG:colcon.colcon_core.event_reactor:joining thread
[10.791s] INFO:colcon.colcon_core.plugin_system:Skipping extension 'colcon_notification.desktop_notification.terminal_notifier': Not used on non-Darwin systems
[10.791s] INFO:colcon.colcon_core.plugin_system:Skipping extension 'colcon_notification.desktop_notification.win32': Not used on non-Windows systems
[10.791s] INFO:colcon.colcon_notification.desktop_notification:Sending desktop notification using 'notify2'
[10.835s] DEBUG:colcon.colcon_core.event_reactor:joined thread
[10.835s] INFO:colcon.colcon_core.shell:Creating prefix script '/home/aaa/robot/ros2_ws/install/local_setup.ps1'
[10.836s] INFO:colcon.colcon_core.shell:Creating prefix util module '/home/aaa/robot/ros2_ws/install/_local_setup_util_ps1.py'
[10.837s] INFO:colcon.colcon_core.shell:Creating prefix chain script '/home/aaa/robot/ros2_ws/install/setup.ps1'
[10.837s] INFO:colcon.colcon_core.shell:Creating prefix script '/home/aaa/robot/ros2_ws/install/local_setup.sh'
[10.838s] INFO:colcon.colcon_core.shell:Creating prefix util module '/home/aaa/robot/ros2_ws/install/_local_setup_util_sh.py'
[10.838s] INFO:colcon.colcon_core.shell:Creating prefix chain script '/home/aaa/robot/ros2_ws/install/setup.sh'
[10.840s] INFO:colcon.colcon_core.shell:Creating prefix script '/home/aaa/robot/ros2_ws/install/local_setup.bash'
[10.840s] INFO:colcon.colcon_core.shell:Creating prefix chain script '/home/aaa/robot/ros2_ws/install/setup.bash'
[10.841s] INFO:colcon.colcon_core.shell:Creating prefix script '/home/aaa/robot/ros2_ws/install/local_setup.zsh'
[10.841s] INFO:colcon.colcon_core.shell:Creating prefix chain script '/home/aaa/robot/ros2_ws/install/setup.zsh'
