[0.182s] Invoking command in '/home/aaa/robot/ros2_ws/build/smach_msgs': CMAKE_PREFIX_PATH=${CMAKE_PREFIX_PATH}:/home/aaa/robot/ros2_ws/install/smach_ros:/home/aaa/robot/ros2_ws/install/smach_demo:/home/aaa/robot/ros2_ws/install/smach:/home/aaa/robot/ros2_ws/install/mj_bridge:/home/aaa/robot/ros2_ws/src/install/smach_demo:/home/aaa/robot/ros2_ws/src/install/mj_bridge:/opt/ros/humble PS1=(mj) \[\e]0;\u@\h: \w\a\]${debian_chroot:+($debian_chroot)}\[\033[01;32m\]\u@\h\[\033[00m\]:\[\033[01;34m\]\w\[\033[00m\]\$ VIRTUAL_ENV_PROMPT=(mj) /usr/bin/cmake /home/aaa/robot/ros2_ws/executive_smach/smach_msgs -DAMENT_CMAKE_SYMLINK_INSTALL=1 -DCMAKE_INSTALL_PREFIX=/home/aaa/robot/ros2_ws/install/smach_msgs
[0.240s] -- Found ament_cmake: 1.3.12 (/opt/ros/humble/share/ament_cmake/cmake)
[0.529s] -- Override CMake install command with custom implementation using symlinks instead of copying resources
[0.544s] -- Found builtin_interfaces: 1.2.2 (/opt/ros/humble/share/builtin_interfaces/cmake)
[0.567s] -- Found rosidl_generator_c: 3.1.7 (/opt/ros/humble/share/rosidl_generator_c/cmake)
[0.570s] -- Found rosidl_adapter: 3.1.7 (/opt/ros/humble/share/rosidl_adapter/cmake)
[0.579s] -- Found rosidl_generator_cpp: 3.1.7 (/opt/ros/humble/share/rosidl_generator_cpp/cmake)
[0.587s] -- Using all available rosidl_typesupport_c: rosidl_typesupport_fastrtps_c;rosidl_typesupport_introspection_c
[0.600s] -- Using all available rosidl_typesupport_cpp: rosidl_typesupport_fastrtps_cpp;rosidl_typesupport_introspection_cpp
[0.619s] -- Found rosidl_default_generators: 1.2.0 (/opt/ros/humble/share/rosidl_default_generators/cmake)
[0.629s] -- Found std_msgs: 4.9.0 (/opt/ros/humble/share/std_msgs/cmake)
[1.078s] -- Found ament_cmake_cppcheck: 0.12.14 (/opt/ros/humble/share/ament_cmake_cppcheck/cmake)
[1.079s] -- Found ament_cmake_cpplint: 0.12.14 (/opt/ros/humble/share/ament_cmake_cpplint/cmake)
[1.079s] -- Found ament_cmake_uncrustify: 0.12.14 (/opt/ros/humble/share/ament_cmake_uncrustify/cmake)
[1.080s] -- Found ament_cmake_ros: 0.10.0 (/opt/ros/humble/share/ament_cmake_ros/cmake)
[1.677s] -- Using all available rosidl_typesupport_c: rosidl_typesupport_fastrtps_c;rosidl_typesupport_introspection_c
[1.981s] -- Using all available rosidl_typesupport_cpp: rosidl_typesupport_fastrtps_cpp;rosidl_typesupport_introspection_cpp
[2.050s] -- Found python_cmake_module: 0.10.0 (/opt/ros/humble/share/python_cmake_module/cmake)
[2.080s] -- Using PYTHON_EXECUTABLE: /usr/bin/python3
[2.081s] -- Using PYTHON_INCLUDE_DIRS: /usr/include/python3.10
[2.081s] -- Using PYTHON_LIBRARIES: /usr/lib/aarch64-linux-gnu/libpython3.10.so
[2.118s] -- Found ament_cmake_flake8: 0.12.14 (/opt/ros/humble/share/ament_cmake_flake8/cmake)
[2.120s] -- Found ament_cmake_pep257: 0.12.14 (/opt/ros/humble/share/ament_cmake_pep257/cmake)
[2.149s] -- Configuring done
[2.244s] -- Generating done
[2.268s] -- Build files have been written to: /home/aaa/robot/ros2_ws/build/smach_msgs
[2.274s] Invoked command in '/home/aaa/robot/ros2_ws/build/smach_msgs' returned '0': CMAKE_PREFIX_PATH=${CMAKE_PREFIX_PATH}:/home/aaa/robot/ros2_ws/install/smach_ros:/home/aaa/robot/ros2_ws/install/smach_demo:/home/aaa/robot/ros2_ws/install/smach:/home/aaa/robot/ros2_ws/install/mj_bridge:/home/aaa/robot/ros2_ws/src/install/smach_demo:/home/aaa/robot/ros2_ws/src/install/mj_bridge:/opt/ros/humble PS1=(mj) \[\e]0;\u@\h: \w\a\]${debian_chroot:+($debian_chroot)}\[\033[01;32m\]\u@\h\[\033[00m\]:\[\033[01;34m\]\w\[\033[00m\]\$ VIRTUAL_ENV_PROMPT=(mj) /usr/bin/cmake /home/aaa/robot/ros2_ws/executive_smach/smach_msgs -DAMENT_CMAKE_SYMLINK_INSTALL=1 -DCMAKE_INSTALL_PREFIX=/home/aaa/robot/ros2_ws/install/smach_msgs
[2.274s] Invoking command in '/home/aaa/robot/ros2_ws/build/smach_msgs': CMAKE_PREFIX_PATH=${CMAKE_PREFIX_PATH}:/home/aaa/robot/ros2_ws/install/smach_ros:/home/aaa/robot/ros2_ws/install/smach_demo:/home/aaa/robot/ros2_ws/install/smach:/home/aaa/robot/ros2_ws/install/mj_bridge:/home/aaa/robot/ros2_ws/src/install/smach_demo:/home/aaa/robot/ros2_ws/src/install/mj_bridge:/opt/ros/humble PS1=(mj) \[\e]0;\u@\h: \w\a\]${debian_chroot:+($debian_chroot)}\[\033[01;32m\]\u@\h\[\033[00m\]:\[\033[01;34m\]\w\[\033[00m\]\$ VIRTUAL_ENV_PROMPT=(mj) /usr/bin/cmake --build /home/aaa/robot/ros2_ws/build/smach_msgs -- -j2 -l2
[2.524s] [  2%] Built target smach_msgs__cpp
[2.640s] [35m[1mConsolidate compiler generated dependencies of target smach_msgs__rosidl_generator_c[0m
[2.728s] [ 12%] Built target smach_msgs__rosidl_generator_c
[2.930s] [ 12%] Built target ament_cmake_python_symlink_smach_msgs
[2.981s] [35m[1mConsolidate compiler generated dependencies of target smach_msgs__rosidl_typesupport_cpp[0m
[3.041s] [ 23%] Built target smach_msgs__rosidl_typesupport_cpp
[3.073s] [35m[1mConsolidate compiler generated dependencies of target smach_msgs__rosidl_typesupport_fastrtps_c[0m
[3.120s] [ 34%] Built target smach_msgs__rosidl_typesupport_fastrtps_c
[3.139s] [35m[1mConsolidate compiler generated dependencies of target smach_msgs__rosidl_typesupport_fastrtps_cpp[0m
[3.173s] [ 44%] Built target smach_msgs__rosidl_typesupport_fastrtps_cpp
[3.178s] [35m[1mConsolidate compiler generated dependencies of target smach_msgs__rosidl_typesupport_introspection_c[0m
[3.199s] [ 55%] Built target smach_msgs__rosidl_typesupport_introspection_c
[3.203s] [35m[1mConsolidate compiler generated dependencies of target smach_msgs__rosidl_typesupport_c[0m
[3.286s] [ 65%] Built target smach_msgs__rosidl_typesupport_c
[3.314s] [35m[1mConsolidate compiler generated dependencies of target smach_msgs__rosidl_typesupport_introspection_cpp[0m
[3.379s] [ 76%] Built target smach_msgs__rosidl_typesupport_introspection_cpp
[3.865s] running egg_info
[3.866s] writing smach_msgs.egg-info/PKG-INFO
[3.866s] writing dependency_links to smach_msgs.egg-info/dependency_links.txt
[3.867s] writing top-level names to smach_msgs.egg-info/top_level.txt
[3.869s] reading manifest file 'smach_msgs.egg-info/SOURCES.txt'
[3.870s] writing manifest file 'smach_msgs.egg-info/SOURCES.txt'
[3.961s] [ 76%] Built target ament_cmake_python_build_smach_msgs_egg
[4.081s] [ 76%] Built target smach_msgs
[4.140s] [ 78%] Built target smach_msgs__py
[4.196s] [35m[1mConsolidate compiler generated dependencies of target smach_msgs__rosidl_generator_py[0m
[4.250s] [ 87%] Built target smach_msgs__rosidl_generator_py
[4.309s] [35m[1mConsolidate compiler generated dependencies of target smach_msgs__rosidl_typesupport_fastrtps_c__pyext[0m
[4.364s] [ 91%] Built target smach_msgs__rosidl_typesupport_fastrtps_c__pyext
[4.389s] [35m[1mConsolidate compiler generated dependencies of target smach_msgs__rosidl_typesupport_introspection_c__pyext[0m
[4.420s] [ 95%] Built target smach_msgs__rosidl_typesupport_introspection_c__pyext
[4.468s] [35m[1mConsolidate compiler generated dependencies of target smach_msgs__rosidl_typesupport_c__pyext[0m
[4.493s] [100%] Built target smach_msgs__rosidl_typesupport_c__pyext
[4.530s] Invoked command in '/home/aaa/robot/ros2_ws/build/smach_msgs' returned '0': CMAKE_PREFIX_PATH=${CMAKE_PREFIX_PATH}:/home/aaa/robot/ros2_ws/install/smach_ros:/home/aaa/robot/ros2_ws/install/smach_demo:/home/aaa/robot/ros2_ws/install/smach:/home/aaa/robot/ros2_ws/install/mj_bridge:/home/aaa/robot/ros2_ws/src/install/smach_demo:/home/aaa/robot/ros2_ws/src/install/mj_bridge:/opt/ros/humble PS1=(mj) \[\e]0;\u@\h: \w\a\]${debian_chroot:+($debian_chroot)}\[\033[01;32m\]\u@\h\[\033[00m\]:\[\033[01;34m\]\w\[\033[00m\]\$ VIRTUAL_ENV_PROMPT=(mj) /usr/bin/cmake --build /home/aaa/robot/ros2_ws/build/smach_msgs -- -j2 -l2
[4.542s] Invoking command in '/home/aaa/robot/ros2_ws/build/smach_msgs': CMAKE_PREFIX_PATH=${CMAKE_PREFIX_PATH}:/home/aaa/robot/ros2_ws/install/smach_ros:/home/aaa/robot/ros2_ws/install/smach_demo:/home/aaa/robot/ros2_ws/install/smach:/home/aaa/robot/ros2_ws/install/mj_bridge:/home/aaa/robot/ros2_ws/src/install/smach_demo:/home/aaa/robot/ros2_ws/src/install/mj_bridge:/opt/ros/humble PS1=(mj) \[\e]0;\u@\h: \w\a\]${debian_chroot:+($debian_chroot)}\[\033[01;32m\]\u@\h\[\033[00m\]:\[\033[01;34m\]\w\[\033[00m\]\$ VIRTUAL_ENV_PROMPT=(mj) /usr/bin/cmake --install /home/aaa/robot/ros2_ws/build/smach_msgs
[4.545s] -- Install configuration: ""
[4.545s] -- Execute custom install script
[4.546s] -- Up-to-date symlink: /home/aaa/robot/ros2_ws/install/smach_msgs/share/ament_index/resource_index/rosidl_interfaces/smach_msgs
[4.546s] -- Up-to-date symlink: /home/aaa/robot/ros2_ws/install/smach_msgs/include/smach_msgs/smach_msgs/msg/detail/smach_container_initial_status_cmd__functions.h
[4.546s] -- Up-to-date symlink: /home/aaa/robot/ros2_ws/install/smach_msgs/include/smach_msgs/smach_msgs/msg/detail/smach_container_initial_status_cmd__struct.h
[4.546s] -- Up-to-date symlink: /home/aaa/robot/ros2_ws/install/smach_msgs/include/smach_msgs/smach_msgs/msg/detail/smach_container_initial_status_cmd__type_support.h
[4.546s] -- Up-to-date symlink: /home/aaa/robot/ros2_ws/install/smach_msgs/include/smach_msgs/smach_msgs/msg/detail/smach_container_status__functions.h
[4.546s] -- Up-to-date symlink: /home/aaa/robot/ros2_ws/install/smach_msgs/include/smach_msgs/smach_msgs/msg/detail/smach_container_status__struct.h
[4.546s] -- Up-to-date symlink: /home/aaa/robot/ros2_ws/install/smach_msgs/include/smach_msgs/smach_msgs/msg/detail/smach_container_status__type_support.h
[4.546s] -- Up-to-date symlink: /home/aaa/robot/ros2_ws/install/smach_msgs/include/smach_msgs/smach_msgs/msg/detail/smach_container_structure__functions.h
[4.546s] -- Up-to-date symlink: /home/aaa/robot/ros2_ws/install/smach_msgs/include/smach_msgs/smach_msgs/msg/detail/smach_container_structure__struct.h
[4.547s] -- Up-to-date symlink: /home/aaa/robot/ros2_ws/install/smach_msgs/include/smach_msgs/smach_msgs/msg/detail/smach_container_structure__type_support.h
[4.547s] -- Up-to-date symlink: /home/aaa/robot/ros2_ws/install/smach_msgs/include/smach_msgs/smach_msgs/msg/rosidl_generator_c__visibility_control.h
[4.547s] -- Up-to-date symlink: /home/aaa/robot/ros2_ws/install/smach_msgs/include/smach_msgs/smach_msgs/msg/smach_container_initial_status_cmd.h
[4.547s] -- Up-to-date symlink: /home/aaa/robot/ros2_ws/install/smach_msgs/include/smach_msgs/smach_msgs/msg/smach_container_status.h
[4.547s] -- Up-to-date symlink: /home/aaa/robot/ros2_ws/install/smach_msgs/include/smach_msgs/smach_msgs/msg/smach_container_structure.h
[4.547s] -- Up-to-date symlink: /home/aaa/robot/ros2_ws/install/smach_msgs/share/smach_msgs/environment/library_path.sh
[4.547s] -- Up-to-date symlink: /home/aaa/robot/ros2_ws/install/smach_msgs/share/smach_msgs/environment/library_path.dsv
[4.548s] -- Up-to-date symlink: /home/aaa/robot/ros2_ws/install/smach_msgs/include/smach_msgs/smach_msgs/msg/detail/smach_container_initial_status_cmd__rosidl_typesupport_fastrtps_c.h
[4.548s] -- Up-to-date symlink: /home/aaa/robot/ros2_ws/install/smach_msgs/include/smach_msgs/smach_msgs/msg/detail/smach_container_status__rosidl_typesupport_fastrtps_c.h
[4.548s] -- Up-to-date symlink: /home/aaa/robot/ros2_ws/install/smach_msgs/include/smach_msgs/smach_msgs/msg/detail/smach_container_structure__rosidl_typesupport_fastrtps_c.h
[4.548s] -- Up-to-date symlink: /home/aaa/robot/ros2_ws/install/smach_msgs/include/smach_msgs/smach_msgs/msg/rosidl_typesupport_fastrtps_c__visibility_control.h
[4.548s] -- Up-to-date symlink: /home/aaa/robot/ros2_ws/install/smach_msgs/include/smach_msgs/smach_msgs/msg/detail/smach_container_initial_status_cmd__builder.hpp
[4.548s] -- Up-to-date symlink: /home/aaa/robot/ros2_ws/install/smach_msgs/include/smach_msgs/smach_msgs/msg/detail/smach_container_initial_status_cmd__struct.hpp
[4.548s] -- Up-to-date symlink: /home/aaa/robot/ros2_ws/install/smach_msgs/include/smach_msgs/smach_msgs/msg/detail/smach_container_initial_status_cmd__traits.hpp
[4.548s] -- Up-to-date symlink: /home/aaa/robot/ros2_ws/install/smach_msgs/include/smach_msgs/smach_msgs/msg/detail/smach_container_initial_status_cmd__type_support.hpp
[4.548s] -- Up-to-date symlink: /home/aaa/robot/ros2_ws/install/smach_msgs/include/smach_msgs/smach_msgs/msg/detail/smach_container_status__builder.hpp
[4.548s] -- Up-to-date symlink: /home/aaa/robot/ros2_ws/install/smach_msgs/include/smach_msgs/smach_msgs/msg/detail/smach_container_status__struct.hpp
[4.548s] -- Up-to-date symlink: /home/aaa/robot/ros2_ws/install/smach_msgs/include/smach_msgs/smach_msgs/msg/detail/smach_container_status__traits.hpp
[4.548s] -- Up-to-date symlink: /home/aaa/robot/ros2_ws/install/smach_msgs/include/smach_msgs/smach_msgs/msg/detail/smach_container_status__type_support.hpp
[4.548s] -- Up-to-date symlink: /home/aaa/robot/ros2_ws/install/smach_msgs/include/smach_msgs/smach_msgs/msg/detail/smach_container_structure__builder.hpp
[4.548s] -- Up-to-date symlink: /home/aaa/robot/ros2_ws/install/smach_msgs/include/smach_msgs/smach_msgs/msg/detail/smach_container_structure__struct.hpp
[4.548s] -- Up-to-date symlink: /home/aaa/robot/ros2_ws/install/smach_msgs/include/smach_msgs/smach_msgs/msg/detail/smach_container_structure__traits.hpp
[4.548s] -- Up-to-date symlink: /home/aaa/robot/ros2_ws/install/smach_msgs/include/smach_msgs/smach_msgs/msg/detail/smach_container_structure__type_support.hpp
[4.548s] -- Up-to-date symlink: /home/aaa/robot/ros2_ws/install/smach_msgs/include/smach_msgs/smach_msgs/msg/rosidl_generator_cpp__visibility_control.hpp
[4.548s] -- Up-to-date symlink: /home/aaa/robot/ros2_ws/install/smach_msgs/include/smach_msgs/smach_msgs/msg/smach_container_initial_status_cmd.hpp
[4.548s] -- Up-to-date symlink: /home/aaa/robot/ros2_ws/install/smach_msgs/include/smach_msgs/smach_msgs/msg/smach_container_status.hpp
[4.548s] -- Up-to-date symlink: /home/aaa/robot/ros2_ws/install/smach_msgs/include/smach_msgs/smach_msgs/msg/smach_container_structure.hpp
[4.549s] -- Up-to-date symlink: /home/aaa/robot/ros2_ws/install/smach_msgs/include/smach_msgs/smach_msgs/msg/detail/smach_container_initial_status_cmd__rosidl_typesupport_fastrtps_cpp.hpp
[4.549s] -- Up-to-date symlink: /home/aaa/robot/ros2_ws/install/smach_msgs/include/smach_msgs/smach_msgs/msg/detail/smach_container_status__rosidl_typesupport_fastrtps_cpp.hpp
[4.549s] -- Up-to-date symlink: /home/aaa/robot/ros2_ws/install/smach_msgs/include/smach_msgs/smach_msgs/msg/detail/smach_container_structure__rosidl_typesupport_fastrtps_cpp.hpp
[4.549s] -- Up-to-date symlink: /home/aaa/robot/ros2_ws/install/smach_msgs/include/smach_msgs/smach_msgs/msg/rosidl_typesupport_fastrtps_cpp__visibility_control.h
[4.549s] -- Up-to-date symlink: /home/aaa/robot/ros2_ws/install/smach_msgs/include/smach_msgs/smach_msgs/msg/detail/smach_container_initial_status_cmd__rosidl_typesupport_introspection_c.h
[4.550s] -- Up-to-date symlink: /home/aaa/robot/ros2_ws/install/smach_msgs/include/smach_msgs/smach_msgs/msg/detail/smach_container_status__rosidl_typesupport_introspection_c.h
[4.550s] -- Up-to-date symlink: /home/aaa/robot/ros2_ws/install/smach_msgs/include/smach_msgs/smach_msgs/msg/detail/smach_container_structure__rosidl_typesupport_introspection_c.h
[4.552s] -- Up-to-date symlink: /home/aaa/robot/ros2_ws/install/smach_msgs/include/smach_msgs/smach_msgs/msg/rosidl_typesupport_introspection_c__visibility_control.h
[4.552s] -- Up-to-date symlink: /home/aaa/robot/ros2_ws/install/smach_msgs/include/smach_msgs/smach_msgs/msg/detail/smach_container_initial_status_cmd__rosidl_typesupport_introspection_cpp.hpp
[4.552s] -- Up-to-date symlink: /home/aaa/robot/ros2_ws/install/smach_msgs/include/smach_msgs/smach_msgs/msg/detail/smach_container_status__rosidl_typesupport_introspection_cpp.hpp
[4.552s] -- Up-to-date symlink: /home/aaa/robot/ros2_ws/install/smach_msgs/include/smach_msgs/smach_msgs/msg/detail/smach_container_structure__rosidl_typesupport_introspection_cpp.hpp
[4.552s] -- Up-to-date symlink: /home/aaa/robot/ros2_ws/install/smach_msgs/share/smach_msgs/environment/pythonpath.sh
[4.552s] -- Up-to-date symlink: /home/aaa/robot/ros2_ws/install/smach_msgs/share/smach_msgs/environment/pythonpath.dsv
[4.552s] -- Up-to-date symlink: /home/aaa/robot/ros2_ws/install/smach_msgs/local/lib/python3.10/dist-packages/smach_msgs-3.0.3-py3.10.egg-info/PKG-INFO
[4.553s] -- Up-to-date symlink: /home/aaa/robot/ros2_ws/install/smach_msgs/local/lib/python3.10/dist-packages/smach_msgs-3.0.3-py3.10.egg-info/SOURCES.txt
[4.553s] -- Up-to-date symlink: /home/aaa/robot/ros2_ws/install/smach_msgs/local/lib/python3.10/dist-packages/smach_msgs-3.0.3-py3.10.egg-info/dependency_links.txt
[4.553s] -- Up-to-date symlink: /home/aaa/robot/ros2_ws/install/smach_msgs/local/lib/python3.10/dist-packages/smach_msgs-3.0.3-py3.10.egg-info/top_level.txt
[4.553s] -- Up-to-date symlink: /home/aaa/robot/ros2_ws/install/smach_msgs/local/lib/python3.10/dist-packages/smach_msgs/__init__.py
[4.553s] -- Up-to-date symlink: /home/aaa/robot/ros2_ws/install/smach_msgs/local/lib/python3.10/dist-packages/smach_msgs/_smach_msgs_s.ep.rosidl_typesupport_c.c
[4.553s] -- Up-to-date symlink: /home/aaa/robot/ros2_ws/install/smach_msgs/local/lib/python3.10/dist-packages/smach_msgs/_smach_msgs_s.ep.rosidl_typesupport_fastrtps_c.c
[4.553s] -- Up-to-date symlink: /home/aaa/robot/ros2_ws/install/smach_msgs/local/lib/python3.10/dist-packages/smach_msgs/_smach_msgs_s.ep.rosidl_typesupport_introspection_c.c
[4.553s] -- Up-to-date symlink: /home/aaa/robot/ros2_ws/install/smach_msgs/local/lib/python3.10/dist-packages/smach_msgs/libsmach_msgs__rosidl_generator_py.so
[4.553s] -- Up-to-date symlink: /home/aaa/robot/ros2_ws/install/smach_msgs/local/lib/python3.10/dist-packages/smach_msgs/msg/__init__.py
[4.553s] -- Up-to-date symlink: /home/aaa/robot/ros2_ws/install/smach_msgs/local/lib/python3.10/dist-packages/smach_msgs/msg/_smach_container_initial_status_cmd.py
[4.554s] -- Up-to-date symlink: /home/aaa/robot/ros2_ws/install/smach_msgs/local/lib/python3.10/dist-packages/smach_msgs/msg/_smach_container_initial_status_cmd_s.c
[4.554s] -- Up-to-date symlink: /home/aaa/robot/ros2_ws/install/smach_msgs/local/lib/python3.10/dist-packages/smach_msgs/msg/_smach_container_status.py
[4.554s] -- Up-to-date symlink: /home/aaa/robot/ros2_ws/install/smach_msgs/local/lib/python3.10/dist-packages/smach_msgs/msg/_smach_container_status_s.c
[4.554s] -- Up-to-date symlink: /home/aaa/robot/ros2_ws/install/smach_msgs/local/lib/python3.10/dist-packages/smach_msgs/msg/_smach_container_structure.py
[4.554s] -- Up-to-date symlink: /home/aaa/robot/ros2_ws/install/smach_msgs/local/lib/python3.10/dist-packages/smach_msgs/msg/_smach_container_structure_s.c
[4.554s] -- Up-to-date symlink: /home/aaa/robot/ros2_ws/install/smach_msgs/local/lib/python3.10/dist-packages/smach_msgs/smach_msgs_s__rosidl_typesupport_c.cpython-310-aarch64-linux-gnu.so
[4.554s] -- Up-to-date symlink: /home/aaa/robot/ros2_ws/install/smach_msgs/local/lib/python3.10/dist-packages/smach_msgs/smach_msgs_s__rosidl_typesupport_fastrtps_c.cpython-310-aarch64-linux-gnu.so
[4.554s] -- Up-to-date symlink: /home/aaa/robot/ros2_ws/install/smach_msgs/local/lib/python3.10/dist-packages/smach_msgs/smach_msgs_s__rosidl_typesupport_introspection_c.cpython-310-aarch64-linux-gnu.so
[4.554s] -- Up-to-date symlink: /home/aaa/robot/ros2_ws/install/smach_msgs/local/lib/python3.10/dist-packages/smach_msgs/smach_msgs_s__rosidl_typesupport_fastrtps_c.cpython-310-aarch64-linux-gnu.so
[4.554s] -- Up-to-date symlink: /home/aaa/robot/ros2_ws/install/smach_msgs/local/lib/python3.10/dist-packages/smach_msgs/smach_msgs_s__rosidl_typesupport_introspection_c.cpython-310-aarch64-linux-gnu.so
[4.558s] -- Up-to-date symlink: /home/aaa/robot/ros2_ws/install/smach_msgs/local/lib/python3.10/dist-packages/smach_msgs/smach_msgs_s__rosidl_typesupport_c.cpython-310-aarch64-linux-gnu.so
[4.558s] -- Up-to-date symlink: /home/aaa/robot/ros2_ws/install/smach_msgs/share/smach_msgs/msg/SmachContainerInitialStatusCmd.idl
[4.561s] -- Up-to-date symlink: /home/aaa/robot/ros2_ws/install/smach_msgs/share/smach_msgs/msg/SmachContainerStructure.idl
[4.561s] -- Up-to-date symlink: /home/aaa/robot/ros2_ws/install/smach_msgs/share/smach_msgs/msg/SmachContainerStatus.idl
[4.561s] -- Up-to-date symlink: /home/aaa/robot/ros2_ws/install/smach_msgs/share/smach_msgs/msg/SmachContainerInitialStatusCmd.msg
[4.561s] -- Up-to-date symlink: /home/aaa/robot/ros2_ws/install/smach_msgs/share/smach_msgs/msg/SmachContainerStructure.msg
[4.561s] -- Up-to-date symlink: /home/aaa/robot/ros2_ws/install/smach_msgs/share/smach_msgs/msg/SmachContainerStatus.msg
[4.561s] -- Up-to-date symlink: /home/aaa/robot/ros2_ws/install/smach_msgs/share/ament_index/resource_index/package_run_dependencies/smach_msgs
[4.561s] -- Up-to-date symlink: /home/aaa/robot/ros2_ws/install/smach_msgs/share/ament_index/resource_index/parent_prefix_path/smach_msgs
[4.561s] -- Up-to-date symlink: /home/aaa/robot/ros2_ws/install/smach_msgs/share/smach_msgs/environment/ament_prefix_path.sh
[4.561s] -- Up-to-date symlink: /home/aaa/robot/ros2_ws/install/smach_msgs/share/smach_msgs/environment/ament_prefix_path.dsv
[4.561s] -- Up-to-date symlink: /home/aaa/robot/ros2_ws/install/smach_msgs/share/smach_msgs/environment/path.sh
[4.561s] -- Up-to-date symlink: /home/aaa/robot/ros2_ws/install/smach_msgs/share/smach_msgs/environment/path.dsv
[4.561s] -- Up-to-date symlink: /home/aaa/robot/ros2_ws/install/smach_msgs/share/smach_msgs/local_setup.bash
[4.561s] -- Up-to-date symlink: /home/aaa/robot/ros2_ws/install/smach_msgs/share/smach_msgs/local_setup.sh
[4.561s] -- Up-to-date symlink: /home/aaa/robot/ros2_ws/install/smach_msgs/share/smach_msgs/local_setup.zsh
[4.561s] -- Up-to-date symlink: /home/aaa/robot/ros2_ws/install/smach_msgs/share/smach_msgs/local_setup.dsv
[4.561s] -- Symlinking: /home/aaa/robot/ros2_ws/install/smach_msgs/share/smach_msgs/package.dsv
[4.567s] -- Up-to-date symlink: /home/aaa/robot/ros2_ws/install/smach_msgs/share/ament_index/resource_index/packages/smach_msgs
[4.567s] -- Up-to-date symlink: /home/aaa/robot/ros2_ws/install/smach_msgs/share/smach_msgs/cmake/rosidl_cmake-extras.cmake
[4.567s] -- Up-to-date symlink: /home/aaa/robot/ros2_ws/install/smach_msgs/share/smach_msgs/cmake/ament_cmake_export_dependencies-extras.cmake
[4.567s] -- Up-to-date symlink: /home/aaa/robot/ros2_ws/install/smach_msgs/share/smach_msgs/cmake/ament_cmake_export_include_directories-extras.cmake
[4.567s] -- Up-to-date symlink: /home/aaa/robot/ros2_ws/install/smach_msgs/share/smach_msgs/cmake/ament_cmake_export_libraries-extras.cmake
[4.567s] -- Up-to-date symlink: /home/aaa/robot/ros2_ws/install/smach_msgs/share/smach_msgs/cmake/ament_cmake_export_targets-extras.cmake
[4.567s] -- Up-to-date symlink: /home/aaa/robot/ros2_ws/install/smach_msgs/share/smach_msgs/cmake/rosidl_cmake_export_typesupport_targets-extras.cmake
[4.567s] -- Up-to-date symlink: /home/aaa/robot/ros2_ws/install/smach_msgs/share/smach_msgs/cmake/rosidl_cmake_export_typesupport_libraries-extras.cmake
[4.567s] -- Up-to-date symlink: /home/aaa/robot/ros2_ws/install/smach_msgs/share/smach_msgs/cmake/smach_msgsConfig.cmake
[4.567s] -- Up-to-date symlink: /home/aaa/robot/ros2_ws/install/smach_msgs/share/smach_msgs/cmake/smach_msgsConfig-version.cmake
[4.568s] -- Up-to-date symlink: /home/aaa/robot/ros2_ws/install/smach_msgs/share/smach_msgs/package.xml
[4.568s] -- Up-to-date: /home/aaa/robot/ros2_ws/install/smach_msgs/lib/libsmach_msgs__rosidl_generator_c.so
[4.568s] -- Up-to-date: /home/aaa/robot/ros2_ws/install/smach_msgs/lib/libsmach_msgs__rosidl_typesupport_fastrtps_c.so
[4.568s] -- Up-to-date: /home/aaa/robot/ros2_ws/install/smach_msgs/lib/libsmach_msgs__rosidl_typesupport_fastrtps_cpp.so
[4.568s] -- Up-to-date: /home/aaa/robot/ros2_ws/install/smach_msgs/lib/libsmach_msgs__rosidl_typesupport_introspection_c.so
[4.569s] -- Up-to-date: /home/aaa/robot/ros2_ws/install/smach_msgs/lib/libsmach_msgs__rosidl_typesupport_c.so
[4.569s] -- Up-to-date: /home/aaa/robot/ros2_ws/install/smach_msgs/lib/libsmach_msgs__rosidl_typesupport_introspection_cpp.so
[4.569s] -- Up-to-date: /home/aaa/robot/ros2_ws/install/smach_msgs/lib/libsmach_msgs__rosidl_typesupport_cpp.so
[4.586s] Listing '/home/aaa/robot/ros2_ws/install/smach_msgs/local/lib/python3.10/dist-packages/smach_msgs'...
[4.586s] Compiling '/home/aaa/robot/ros2_ws/install/smach_msgs/local/lib/python3.10/dist-packages/smach_msgs/__init__.py'...
[4.586s] Listing '/home/aaa/robot/ros2_ws/install/smach_msgs/local/lib/python3.10/dist-packages/smach_msgs/msg'...
[4.589s] -- Up-to-date: /home/aaa/robot/ros2_ws/install/smach_msgs/lib/libsmach_msgs__rosidl_generator_py.so
[4.589s] -- Up-to-date: /home/aaa/robot/ros2_ws/install/smach_msgs/share/smach_msgs/cmake/export_smach_msgs__rosidl_generator_cExport.cmake
[4.589s] -- Up-to-date: /home/aaa/robot/ros2_ws/install/smach_msgs/share/smach_msgs/cmake/export_smach_msgs__rosidl_generator_cExport-noconfig.cmake
[4.589s] -- Up-to-date: /home/aaa/robot/ros2_ws/install/smach_msgs/share/smach_msgs/cmake/export_smach_msgs__rosidl_typesupport_fastrtps_cExport.cmake
[4.589s] -- Up-to-date: /home/aaa/robot/ros2_ws/install/smach_msgs/share/smach_msgs/cmake/export_smach_msgs__rosidl_typesupport_fastrtps_cExport-noconfig.cmake
[4.589s] -- Up-to-date: /home/aaa/robot/ros2_ws/install/smach_msgs/share/smach_msgs/cmake/export_smach_msgs__rosidl_generator_cppExport.cmake
[4.589s] -- Up-to-date: /home/aaa/robot/ros2_ws/install/smach_msgs/share/smach_msgs/cmake/export_smach_msgs__rosidl_typesupport_fastrtps_cppExport.cmake
[4.589s] -- Up-to-date: /home/aaa/robot/ros2_ws/install/smach_msgs/share/smach_msgs/cmake/export_smach_msgs__rosidl_typesupport_fastrtps_cppExport-noconfig.cmake
[4.589s] -- Up-to-date: /home/aaa/robot/ros2_ws/install/smach_msgs/share/smach_msgs/cmake/smach_msgs__rosidl_typesupport_introspection_cExport.cmake
[4.589s] -- Up-to-date: /home/aaa/robot/ros2_ws/install/smach_msgs/share/smach_msgs/cmake/smach_msgs__rosidl_typesupport_introspection_cExport-noconfig.cmake
[4.590s] -- Up-to-date: /home/aaa/robot/ros2_ws/install/smach_msgs/share/smach_msgs/cmake/smach_msgs__rosidl_typesupport_cExport.cmake
[4.590s] -- Up-to-date: /home/aaa/robot/ros2_ws/install/smach_msgs/share/smach_msgs/cmake/smach_msgs__rosidl_typesupport_cExport-noconfig.cmake
[4.590s] -- Up-to-date: /home/aaa/robot/ros2_ws/install/smach_msgs/share/smach_msgs/cmake/smach_msgs__rosidl_typesupport_introspection_cppExport.cmake
[4.590s] -- Up-to-date: /home/aaa/robot/ros2_ws/install/smach_msgs/share/smach_msgs/cmake/smach_msgs__rosidl_typesupport_introspection_cppExport-noconfig.cmake
[4.590s] -- Up-to-date: /home/aaa/robot/ros2_ws/install/smach_msgs/share/smach_msgs/cmake/smach_msgs__rosidl_typesupport_cppExport.cmake
[4.590s] -- Up-to-date: /home/aaa/robot/ros2_ws/install/smach_msgs/share/smach_msgs/cmake/smach_msgs__rosidl_typesupport_cppExport-noconfig.cmake
[4.590s] -- Up-to-date: /home/aaa/robot/ros2_ws/install/smach_msgs/share/smach_msgs/cmake/export_smach_msgs__rosidl_generator_pyExport.cmake
[4.590s] -- Up-to-date: /home/aaa/robot/ros2_ws/install/smach_msgs/share/smach_msgs/cmake/export_smach_msgs__rosidl_generator_pyExport-noconfig.cmake
[4.591s] Invoked command in '/home/aaa/robot/ros2_ws/build/smach_msgs' returned '0': CMAKE_PREFIX_PATH=${CMAKE_PREFIX_PATH}:/home/aaa/robot/ros2_ws/install/smach_ros:/home/aaa/robot/ros2_ws/install/smach_demo:/home/aaa/robot/ros2_ws/install/smach:/home/aaa/robot/ros2_ws/install/mj_bridge:/home/aaa/robot/ros2_ws/src/install/smach_demo:/home/aaa/robot/ros2_ws/src/install/mj_bridge:/opt/ros/humble PS1=(mj) \[\e]0;\u@\h: \w\a\]${debian_chroot:+($debian_chroot)}\[\033[01;32m\]\u@\h\[\033[00m\]:\[\033[01;34m\]\w\[\033[00m\]\$ VIRTUAL_ENV_PROMPT=(mj) /usr/bin/cmake --install /home/aaa/robot/ros2_ws/build/smach_msgs
