[0.005s] Invoking command in '/home/aaa/robot/ros2_ws/build/panda_pick': CMAKE_PREFIX_PATH=${CMAKE_PREFIX_PATH}:/home/aaa/robot/ros2_ws/install/smach_ros:/home/aaa/robot/ros2_ws/install/smach_demo:/home/aaa/robot/ros2_ws/install/smach:/home/aaa/robot/ros2_ws/install/mj_bridge:/opt/ros/humble /usr/bin/cmake --build /home/aaa/robot/ros2_ws/build/panda_pick -- -j2 -l2
[0.278s] [35m[1mConsolidate compiler generated dependencies of target cpp_pick_node[0m
[0.381s] [ 50%] [32mBuilding CXX object CMakeFiles/cpp_pick_node.dir/src/cpp_pick_node.cpp.o[0m
[9.418s] [100%] [32m[1mLinking CXX executable cpp_pick_node[0m
[9.817s] [100%] Built target cpp_pick_node
[9.835s] Invoked command in '/home/aaa/robot/ros2_ws/build/panda_pick' returned '0': CMAKE_PREFIX_PATH=${CMAKE_PREFIX_PATH}:/home/aaa/robot/ros2_ws/install/smach_ros:/home/aaa/robot/ros2_ws/install/smach_demo:/home/aaa/robot/ros2_ws/install/smach:/home/aaa/robot/ros2_ws/install/mj_bridge:/opt/ros/humble /usr/bin/cmake --build /home/aaa/robot/ros2_ws/build/panda_pick -- -j2 -l2
[9.853s] Invoking command in '/home/aaa/robot/ros2_ws/build/panda_pick': CMAKE_PREFIX_PATH=${CMAKE_PREFIX_PATH}:/home/aaa/robot/ros2_ws/install/smach_ros:/home/aaa/robot/ros2_ws/install/smach_demo:/home/aaa/robot/ros2_ws/install/smach:/home/aaa/robot/ros2_ws/install/mj_bridge:/opt/ros/humble /usr/bin/cmake --install /home/aaa/robot/ros2_ws/build/panda_pick
[9.870s] -- Install configuration: ""
[9.872s] -- Installing: /home/aaa/robot/ros2_ws/install/panda_pick/lib/panda_pick/cpp_pick_node
[9.874s] -- Set runtime path of "/home/aaa/robot/ros2_ws/install/panda_pick/lib/panda_pick/cpp_pick_node" to ""
[9.874s] -- Up-to-date: /home/aaa/robot/ros2_ws/install/panda_pick/share/panda_pick/launch
[9.875s] -- Up-to-date: /home/aaa/robot/ros2_ws/install/panda_pick/share/panda_pick/launch/demo.launch1.py
[9.875s] -- Up-to-date: /home/aaa/robot/ros2_ws/install/panda_pick/share/panda_pick/launch/cpp_node.launch.py
[9.875s] -- Up-to-date: /home/aaa/robot/ros2_ws/install/panda_pick/share/panda_pick/launch/__pycache__
[9.876s] -- Installing: /home/aaa/robot/ros2_ws/install/panda_pick/share/panda_pick/launch/__pycache__/demo.launch1.cpython-310.pyc
[9.876s] -- Up-to-date: /home/aaa/robot/ros2_ws/install/panda_pick/share/panda_pick/config
[9.878s] -- Up-to-date: /home/aaa/robot/ros2_ws/install/panda_pick/share/panda_pick/config/ros2_controllers.yaml
[9.878s] -- Up-to-date: /home/aaa/robot/ros2_ws/install/panda_pick/share/panda_pick/config/moveit_controllers.yaml
[9.879s] -- Up-to-date: /home/aaa/robot/ros2_ws/install/panda_pick/share/ament_index/resource_index/package_run_dependencies/panda_pick
[9.879s] -- Up-to-date: /home/aaa/robot/ros2_ws/install/panda_pick/share/ament_index/resource_index/parent_prefix_path/panda_pick
[9.879s] -- Up-to-date: /home/aaa/robot/ros2_ws/install/panda_pick/share/panda_pick/environment/ament_prefix_path.sh
[9.879s] -- Up-to-date: /home/aaa/robot/ros2_ws/install/panda_pick/share/panda_pick/environment/ament_prefix_path.dsv
[9.879s] -- Up-to-date: /home/aaa/robot/ros2_ws/install/panda_pick/share/panda_pick/environment/path.sh
[9.879s] -- Up-to-date: /home/aaa/robot/ros2_ws/install/panda_pick/share/panda_pick/environment/path.dsv
[9.879s] -- Up-to-date: /home/aaa/robot/ros2_ws/install/panda_pick/share/panda_pick/local_setup.bash
[9.879s] -- Up-to-date: /home/aaa/robot/ros2_ws/install/panda_pick/share/panda_pick/local_setup.sh
[9.879s] -- Up-to-date: /home/aaa/robot/ros2_ws/install/panda_pick/share/panda_pick/local_setup.zsh
[9.879s] -- Up-to-date: /home/aaa/robot/ros2_ws/install/panda_pick/share/panda_pick/local_setup.dsv
[9.879s] -- Installing: /home/aaa/robot/ros2_ws/install/panda_pick/share/panda_pick/package.dsv
[9.880s] -- Up-to-date: /home/aaa/robot/ros2_ws/install/panda_pick/share/ament_index/resource_index/packages/panda_pick
[9.880s] -- Up-to-date: /home/aaa/robot/ros2_ws/install/panda_pick/share/panda_pick/cmake/panda_pickConfig.cmake
[9.880s] -- Up-to-date: /home/aaa/robot/ros2_ws/install/panda_pick/share/panda_pick/cmake/panda_pickConfig-version.cmake
[9.880s] -- Up-to-date: /home/aaa/robot/ros2_ws/install/panda_pick/share/panda_pick/package.xml
[9.883s] Invoked command in '/home/aaa/robot/ros2_ws/build/panda_pick' returned '0': CMAKE_PREFIX_PATH=${CMAKE_PREFIX_PATH}:/home/aaa/robot/ros2_ws/install/smach_ros:/home/aaa/robot/ros2_ws/install/smach_demo:/home/aaa/robot/ros2_ws/install/smach:/home/aaa/robot/ros2_ws/install/mj_bridge:/opt/ros/humble /usr/bin/cmake --install /home/aaa/robot/ros2_ws/build/panda_pick
