[1.993s] Invoking command in '/home/aaa/robot/ros2_ws/src/mj_bridge': PYTHONPATH=/home/aaa/robot/ros2_ws/build/mj_bridge/prefix_override:/usr/lib/python3/dist-packages/colcon_core/task/python/colcon_distutils_commands:/home/aaa/robot/ros2_ws/install/mj_bridge/lib/python3.10/site-packages:${PYTHONPATH} /usr/bin/python3 -W ignore:setup.py install is deprecated -W ignore:easy_install command is deprecated setup.py egg_info --egg-base ../../build/mj_bridge build --build-base /home/aaa/robot/ros2_ws/build/mj_bridge/build install --record /home/aaa/robot/ros2_ws/build/mj_bridge/install.log --single-version-externally-managed install_data
[2.268s] running egg_info
[2.274s] writing ../../build/mj_bridge/mj_bridge.egg-info/PKG-INFO
[2.274s] writing dependency_links to ../../build/mj_bridge/mj_bridge.egg-info/dependency_links.txt
[2.274s] writing entry points to ../../build/mj_bridge/mj_bridge.egg-info/entry_points.txt
[2.275s] writing requirements to ../../build/mj_bridge/mj_bridge.egg-info/requires.txt
[2.275s] writing top-level names to ../../build/mj_bridge/mj_bridge.egg-info/top_level.txt
[2.282s] reading manifest file '../../build/mj_bridge/mj_bridge.egg-info/SOURCES.txt'
[2.285s] writing manifest file '../../build/mj_bridge/mj_bridge.egg-info/SOURCES.txt'
[2.286s] running build
[2.286s] running build_py
[2.288s] running install
[2.288s] running install_lib
[2.292s] running install_data
[2.292s] running install_egg_info
[2.296s] removing '/home/aaa/robot/ros2_ws/install/mj_bridge/lib/python3.10/site-packages/mj_bridge-0.0.0-py3.10.egg-info' (and everything under it)
[2.298s] Copying ../../build/mj_bridge/mj_bridge.egg-info to /home/aaa/robot/ros2_ws/install/mj_bridge/lib/python3.10/site-packages/mj_bridge-0.0.0-py3.10.egg-info
[2.300s] running install_scripts
[2.360s] Installing mj_bridge script to /home/aaa/robot/ros2_ws/install/mj_bridge/lib/mj_bridge
[2.361s] Installing pick_and_place script to /home/aaa/robot/ros2_ws/install/mj_bridge/lib/mj_bridge
[2.367s] writing list of installed files to '/home/aaa/robot/ros2_ws/build/mj_bridge/install.log'
[2.428s] Invoked command in '/home/aaa/robot/ros2_ws/src/mj_bridge' returned '0': PYTHONPATH=/home/aaa/robot/ros2_ws/build/mj_bridge/prefix_override:/usr/lib/python3/dist-packages/colcon_core/task/python/colcon_distutils_commands:/home/aaa/robot/ros2_ws/install/mj_bridge/lib/python3.10/site-packages:${PYTHONPATH} /usr/bin/python3 -W ignore:setup.py install is deprecated -W ignore:easy_install command is deprecated setup.py egg_info --egg-base ../../build/mj_bridge build --build-base /home/aaa/robot/ros2_ws/build/mj_bridge/build install --record /home/aaa/robot/ros2_ws/build/mj_bridge/install.log --single-version-externally-managed install_data
