[1.167s] Invoking command in '/home/aaa/robot/ros2_ws/build/mj_bridge': PYTHONPATH=/home/aaa/robot/ros2_ws/build/mj_bridge/prefix_override:/usr/lib/python3/dist-packages/colcon_core/task/python/colcon_distutils_commands:/home/aaa/robot/ros2_ws/install/mj_bridge/lib/python3.10/site-packages:${PYTHONPATH} /usr/bin/python3 -W ignore:setup.py install is deprecated -W ignore:easy_install command is deprecated setup.py develop --uninstall --editable --build-directory /home/aaa/robot/ros2_ws/build/mj_bridge/build
[1.493s] running develop
[1.780s] Removing /home/aaa/robot/ros2_ws/install/mj_bridge/lib/python3.10/site-packages/mj-bridge.egg-link (link to .)
[1.849s] Invoked command in '/home/aaa/robot/ros2_ws/build/mj_bridge' returned '0': PYTHONPATH=/home/aaa/robot/ros2_ws/build/mj_bridge/prefix_override:/usr/lib/python3/dist-packages/colcon_core/task/python/colcon_distutils_commands:/home/aaa/robot/ros2_ws/install/mj_bridge/lib/python3.10/site-packages:${PYTHONPATH} /usr/bin/python3 -W ignore:setup.py install is deprecated -W ignore:easy_install command is deprecated setup.py develop --uninstall --editable --build-directory /home/aaa/robot/ros2_ws/build/mj_bridge/build
[1.849s] Invoking command in '/home/aaa/robot/ros2_ws/src/mj_bridge': PYTHONPATH=/home/aaa/robot/ros2_ws/build/mj_bridge/prefix_override:/usr/lib/python3/dist-packages/colcon_core/task/python/colcon_distutils_commands:/home/aaa/robot/ros2_ws/install/mj_bridge/lib/python3.10/site-packages:${PYTHONPATH} /usr/bin/python3 -W ignore:setup.py install is deprecated -W ignore:easy_install command is deprecated setup.py egg_info --egg-base ../../build/mj_bridge build --build-base /home/aaa/robot/ros2_ws/build/mj_bridge/build install --record /home/aaa/robot/ros2_ws/build/mj_bridge/install.log --single-version-externally-managed install_data --force
[2.136s] running egg_info
[2.139s] writing ../../build/mj_bridge/mj_bridge.egg-info/PKG-INFO
[2.140s] writing dependency_links to ../../build/mj_bridge/mj_bridge.egg-info/dependency_links.txt
[2.140s] writing entry points to ../../build/mj_bridge/mj_bridge.egg-info/entry_points.txt
[2.140s] writing requirements to ../../build/mj_bridge/mj_bridge.egg-info/requires.txt
[2.141s] writing top-level names to ../../build/mj_bridge/mj_bridge.egg-info/top_level.txt
[2.144s] reading manifest file '../../build/mj_bridge/mj_bridge.egg-info/SOURCES.txt'
[2.145s] writing manifest file '../../build/mj_bridge/mj_bridge.egg-info/SOURCES.txt'
[2.147s] running build
[2.147s] running build_py
[2.148s] running install
[2.148s] running install_lib
[2.149s] copying /home/aaa/robot/ros2_ws/build/mj_bridge/build/lib/mj_bridge/pick1.py -> /home/aaa/robot/ros2_ws/install/mj_bridge/lib/python3.10/site-packages/mj_bridge
[2.149s] copying /home/aaa/robot/ros2_ws/build/mj_bridge/build/lib/mj_bridge/vlm_node2.py -> /home/aaa/robot/ros2_ws/install/mj_bridge/lib/python3.10/site-packages/mj_bridge
[2.149s] copying /home/aaa/robot/ros2_ws/build/mj_bridge/build/lib/mj_bridge/virtual_camera.py -> /home/aaa/robot/ros2_ws/install/mj_bridge/lib/python3.10/site-packages/mj_bridge
[2.150s] copying /home/aaa/robot/ros2_ws/build/mj_bridge/build/lib/mj_bridge/vlm_node.py -> /home/aaa/robot/ros2_ws/install/mj_bridge/lib/python3.10/site-packages/mj_bridge
[2.150s] copying /home/aaa/robot/ros2_ws/build/mj_bridge/build/lib/mj_bridge/__init__.py -> /home/aaa/robot/ros2_ws/install/mj_bridge/lib/python3.10/site-packages/mj_bridge
[2.150s] copying /home/aaa/robot/ros2_ws/build/mj_bridge/build/lib/mj_bridge/yolo_sam.py -> /home/aaa/robot/ros2_ws/install/mj_bridge/lib/python3.10/site-packages/mj_bridge
[2.151s] copying /home/aaa/robot/ros2_ws/build/mj_bridge/build/lib/mj_bridge/mj_bridge2.py -> /home/aaa/robot/ros2_ws/install/mj_bridge/lib/python3.10/site-packages/mj_bridge
[2.151s] copying /home/aaa/robot/ros2_ws/build/mj_bridge/build/lib/mj_bridge/mj_bridge3.py -> /home/aaa/robot/ros2_ws/install/mj_bridge/lib/python3.10/site-packages/mj_bridge
[2.151s] copying /home/aaa/robot/ros2_ws/build/mj_bridge/build/lib/mj_bridge/mj_bridge.py -> /home/aaa/robot/ros2_ws/install/mj_bridge/lib/python3.10/site-packages/mj_bridge
[2.152s] copying /home/aaa/robot/ros2_ws/build/mj_bridge/build/lib/mj_bridge/test_panda.py -> /home/aaa/robot/ros2_ws/install/mj_bridge/lib/python3.10/site-packages/mj_bridge
[2.152s] byte-compiling /home/aaa/robot/ros2_ws/install/mj_bridge/lib/python3.10/site-packages/mj_bridge/pick1.py to pick1.cpython-310.pyc
[2.153s] byte-compiling /home/aaa/robot/ros2_ws/install/mj_bridge/lib/python3.10/site-packages/mj_bridge/vlm_node2.py to vlm_node2.cpython-310.pyc
[2.154s] byte-compiling /home/aaa/robot/ros2_ws/install/mj_bridge/lib/python3.10/site-packages/mj_bridge/virtual_camera.py to virtual_camera.cpython-310.pyc
[2.155s] byte-compiling /home/aaa/robot/ros2_ws/install/mj_bridge/lib/python3.10/site-packages/mj_bridge/vlm_node.py to vlm_node.cpython-310.pyc
[2.156s] byte-compiling /home/aaa/robot/ros2_ws/install/mj_bridge/lib/python3.10/site-packages/mj_bridge/__init__.py to __init__.cpython-310.pyc
[2.156s] byte-compiling /home/aaa/robot/ros2_ws/install/mj_bridge/lib/python3.10/site-packages/mj_bridge/yolo_sam.py to yolo_sam.cpython-310.pyc
[2.159s] byte-compiling /home/aaa/robot/ros2_ws/install/mj_bridge/lib/python3.10/site-packages/mj_bridge/mj_bridge2.py to mj_bridge2.cpython-310.pyc
[2.160s] byte-compiling /home/aaa/robot/ros2_ws/install/mj_bridge/lib/python3.10/site-packages/mj_bridge/mj_bridge3.py to mj_bridge3.cpython-310.pyc
[2.173s] byte-compiling /home/aaa/robot/ros2_ws/install/mj_bridge/lib/python3.10/site-packages/mj_bridge/mj_bridge.py to mj_bridge.cpython-310.pyc
[2.175s] byte-compiling /home/aaa/robot/ros2_ws/install/mj_bridge/lib/python3.10/site-packages/mj_bridge/test_panda.py to test_panda.cpython-310.pyc
[2.175s] running install_data
[2.184s] copying resource/mj_bridge -> /home/aaa/robot/ros2_ws/install/mj_bridge/share/ament_index/resource_index/packages
[2.184s] copying package.xml -> /home/aaa/robot/ros2_ws/install/mj_bridge/share/mj_bridge
[2.184s] running install_egg_info
[2.190s] Copying ../../build/mj_bridge/mj_bridge.egg-info to /home/aaa/robot/ros2_ws/install/mj_bridge/lib/python3.10/site-packages/mj_bridge-0.0.0-py3.10.egg-info
[2.193s] running install_scripts
[2.208s] Installing mj_bridge script to /home/aaa/robot/ros2_ws/install/mj_bridge/lib/mj_bridge
[2.208s] Installing pick_and_place script to /home/aaa/robot/ros2_ws/install/mj_bridge/lib/mj_bridge
[2.209s] writing list of installed files to '/home/aaa/robot/ros2_ws/build/mj_bridge/install.log'
[2.266s] Invoked command in '/home/aaa/robot/ros2_ws/src/mj_bridge' returned '0': PYTHONPATH=/home/aaa/robot/ros2_ws/build/mj_bridge/prefix_override:/usr/lib/python3/dist-packages/colcon_core/task/python/colcon_distutils_commands:/home/aaa/robot/ros2_ws/install/mj_bridge/lib/python3.10/site-packages:${PYTHONPATH} /usr/bin/python3 -W ignore:setup.py install is deprecated -W ignore:easy_install command is deprecated setup.py egg_info --egg-base ../../build/mj_bridge build --build-base /home/aaa/robot/ros2_ws/build/mj_bridge/build install --record /home/aaa/robot/ros2_ws/build/mj_bridge/install.log --single-version-externally-managed install_data --force
