running egg_info
writing ../build/smach_demo/smach_demo.egg-info/PKG-INFO
writing dependency_links to ../build/smach_demo/smach_demo.egg-info/dependency_links.txt
writing entry points to ../build/smach_demo/smach_demo.egg-info/entry_points.txt
writing requirements to ../build/smach_demo/smach_demo.egg-info/requires.txt
writing top-level names to ../build/smach_demo/smach_demo.egg-info/top_level.txt
reading manifest file '../build/smach_demo/smach_demo.egg-info/SOURCES.txt'
writing manifest file '../build/smach_demo/smach_demo.egg-info/SOURCES.txt'
running build
running build_py
running install
running install_lib
byte-compiling /home/aaa/robot/ros2_ws/src/install/smach_demo/lib/python3.10/site-packages/smach_demo/demo.py to demo.cpython-310.pyc
running install_data
running install_egg_info
removing '/home/aaa/robot/ros2_ws/src/install/smach_demo/lib/python3.10/site-packages/smach_demo-0.0.0-py3.10.egg-info' (and everything under it)
Copying ../build/smach_demo/smach_demo.egg-info to /home/aaa/robot/ros2_ws/src/install/smach_demo/lib/python3.10/site-packages/smach_demo-0.0.0-py3.10.egg-info
running install_scripts
Installing demo script to /home/aaa/robot/ros2_ws/src/install/smach_demo/lib/smach_demo
writing list of installed files to '/home/aaa/robot/ros2_ws/src/build/smach_demo/install.log'
