[1.789s] Invoking command in '/home/aaa/robot/ros2_ws/src/smach_demo': PYTHONPATH=/home/aaa/robot/ros2_ws/src/build/smach_demo/prefix_override:/usr/lib/python3/dist-packages/colcon_core/task/python/colcon_distutils_commands:/home/aaa/robot/ros2_ws/src/install/smach_demo/lib/python3.10/site-packages:${PYTHONPATH} /usr/bin/python3 -W ignore:setup.py install is deprecated -W ignore:easy_install command is deprecated setup.py egg_info --egg-base ../build/smach_demo build --build-base /home/aaa/robot/ros2_ws/src/build/smach_demo/build install --record /home/aaa/robot/ros2_ws/src/build/smach_demo/install.log --single-version-externally-managed install_data
[2.268s] running egg_info
[2.273s] writing ../build/smach_demo/smach_demo.egg-info/PKG-INFO
[2.279s] writing dependency_links to ../build/smach_demo/smach_demo.egg-info/dependency_links.txt
[2.280s] writing entry points to ../build/smach_demo/smach_demo.egg-info/entry_points.txt
[2.280s] writing requirements to ../build/smach_demo/smach_demo.egg-info/requires.txt
[2.280s] writing top-level names to ../build/smach_demo/smach_demo.egg-info/top_level.txt
[2.281s] reading manifest file '../build/smach_demo/smach_demo.egg-info/SOURCES.txt'
[2.283s] writing manifest file '../build/smach_demo/smach_demo.egg-info/SOURCES.txt'
[2.283s] running build
[2.283s] running build_py
[2.283s] running install
[2.284s] running install_lib
[2.289s] byte-compiling /home/aaa/robot/ros2_ws/src/install/smach_demo/lib/python3.10/site-packages/smach_demo/demo.py to demo.cpython-310.pyc
[2.289s] Sorry: IndentationError: expected an indented block after function definition on line 6 (demo.py, line 8)
[2.290s] running install_data
[2.291s] running install_egg_info
[2.291s] removing '/home/aaa/robot/ros2_ws/src/install/smach_demo/lib/python3.10/site-packages/smach_demo-0.0.0-py3.10.egg-info' (and everything under it)
[2.291s] Copying ../build/smach_demo/smach_demo.egg-info to /home/aaa/robot/ros2_ws/src/install/smach_demo/lib/python3.10/site-packages/smach_demo-0.0.0-py3.10.egg-info
[2.292s] running install_scripts
[2.330s] Installing demo script to /home/aaa/robot/ros2_ws/src/install/smach_demo/lib/smach_demo
[2.330s] writing list of installed files to '/home/aaa/robot/ros2_ws/src/build/smach_demo/install.log'
[2.371s] Invoked command in '/home/aaa/robot/ros2_ws/src/smach_demo' returned '0': PYTHONPATH=/home/aaa/robot/ros2_ws/src/build/smach_demo/prefix_override:/usr/lib/python3/dist-packages/colcon_core/task/python/colcon_distutils_commands:/home/aaa/robot/ros2_ws/src/install/smach_demo/lib/python3.10/site-packages:${PYTHONPATH} /usr/bin/python3 -W ignore:setup.py install is deprecated -W ignore:easy_install command is deprecated setup.py egg_info --egg-base ../build/smach_demo build --build-base /home/aaa/robot/ros2_ws/src/build/smach_demo/build install --record /home/aaa/robot/ros2_ws/src/build/smach_demo/install.log --single-version-externally-managed install_data
