[0.591s] Invoking command in '/home/aaa/robot/ros2_ws/src/smach_demo': PYTHONPATH=/home/aaa/robot/ros2_ws/build/smach_demo/prefix_override:/usr/lib/python3/dist-packages/colcon_core/task/python/colcon_distutils_commands:/home/aaa/robot/ros2_ws/install/smach_demo/lib/python3.10/site-packages:${PYTHONPATH} /usr/bin/python3 -W ignore:setup.py install is deprecated -W ignore:easy_install command is deprecated setup.py egg_info --egg-base ../../build/smach_demo build --build-base /home/aaa/robot/ros2_ws/build/smach_demo/build install --record /home/aaa/robot/ros2_ws/build/smach_demo/install.log --single-version-externally-managed install_data
[0.819s] running egg_info
[0.819s] writing ../../build/smach_demo/smach_demo.egg-info/PKG-INFO
[0.819s] writing dependency_links to ../../build/smach_demo/smach_demo.egg-info/dependency_links.txt
[0.820s] writing entry points to ../../build/smach_demo/smach_demo.egg-info/entry_points.txt
[0.820s] writing requirements to ../../build/smach_demo/smach_demo.egg-info/requires.txt
[0.820s] writing top-level names to ../../build/smach_demo/smach_demo.egg-info/top_level.txt
[0.822s] reading manifest file '../../build/smach_demo/smach_demo.egg-info/SOURCES.txt'
[0.823s] writing manifest file '../../build/smach_demo/smach_demo.egg-info/SOURCES.txt'
[0.823s] running build
[0.823s] running build_py
[0.823s] running install
[0.823s] running install_lib
[0.825s] running install_data
[0.825s] running install_egg_info
[0.826s] removing '/home/aaa/robot/ros2_ws/install/smach_demo/lib/python3.10/site-packages/smach_demo-0.0.0-py3.10.egg-info' (and everything under it)
[0.826s] Copying ../../build/smach_demo/smach_demo.egg-info to /home/aaa/robot/ros2_ws/install/smach_demo/lib/python3.10/site-packages/smach_demo-0.0.0-py3.10.egg-info
[0.827s] running install_scripts
[0.845s] Installing demo script to /home/aaa/robot/ros2_ws/install/smach_demo/lib/smach_demo
[0.845s] writing list of installed files to '/home/aaa/robot/ros2_ws/build/smach_demo/install.log'
[0.870s] Invoked command in '/home/aaa/robot/ros2_ws/src/smach_demo' returned '0': PYTHONPATH=/home/aaa/robot/ros2_ws/build/smach_demo/prefix_override:/usr/lib/python3/dist-packages/colcon_core/task/python/colcon_distutils_commands:/home/aaa/robot/ros2_ws/install/smach_demo/lib/python3.10/site-packages:${PYTHONPATH} /usr/bin/python3 -W ignore:setup.py install is deprecated -W ignore:easy_install command is deprecated setup.py egg_info --egg-base ../../build/smach_demo build --build-base /home/aaa/robot/ros2_ws/build/smach_demo/build install --record /home/aaa/robot/ros2_ws/build/smach_demo/install.log --single-version-externally-managed install_data
