/home/aaa/robot/ros2_ws/install/smach/lib/python3.10/site-packages/smach/user_data.py
/home/aaa/robot/ros2_ws/install/smach/lib/python3.10/site-packages/smach/log.py
/home/aaa/robot/ros2_ws/install/smach/lib/python3.10/site-packages/smach/state.py
/home/aaa/robot/ros2_ws/install/smach/lib/python3.10/site-packages/smach/concurrence.py
/home/aaa/robot/ros2_ws/install/smach/lib/python3.10/site-packages/smach/container.py
/home/aaa/robot/ros2_ws/install/smach/lib/python3.10/site-packages/smach/__init__.py
/home/aaa/robot/ros2_ws/install/smach/lib/python3.10/site-packages/smach/exceptions.py
/home/aaa/robot/ros2_ws/install/smach/lib/python3.10/site-packages/smach/sequence.py
/home/aaa/robot/ros2_ws/install/smach/lib/python3.10/site-packages/smach/util.py
/home/aaa/robot/ros2_ws/install/smach/lib/python3.10/site-packages/smach/iterator.py
/home/aaa/robot/ros2_ws/install/smach/lib/python3.10/site-packages/smach/state_machine.py
/home/aaa/robot/ros2_ws/install/smach/lib/python3.10/site-packages/smach/__pycache__/user_data.cpython-310.pyc
/home/aaa/robot/ros2_ws/install/smach/lib/python3.10/site-packages/smach/__pycache__/log.cpython-310.pyc
/home/aaa/robot/ros2_ws/install/smach/lib/python3.10/site-packages/smach/__pycache__/state.cpython-310.pyc
/home/aaa/robot/ros2_ws/install/smach/lib/python3.10/site-packages/smach/__pycache__/concurrence.cpython-310.pyc
/home/aaa/robot/ros2_ws/install/smach/lib/python3.10/site-packages/smach/__pycache__/container.cpython-310.pyc
/home/aaa/robot/ros2_ws/install/smach/lib/python3.10/site-packages/smach/__pycache__/__init__.cpython-310.pyc
/home/aaa/robot/ros2_ws/install/smach/lib/python3.10/site-packages/smach/__pycache__/exceptions.cpython-310.pyc
/home/aaa/robot/ros2_ws/install/smach/lib/python3.10/site-packages/smach/__pycache__/sequence.cpython-310.pyc
/home/aaa/robot/ros2_ws/install/smach/lib/python3.10/site-packages/smach/__pycache__/util.cpython-310.pyc
/home/aaa/robot/ros2_ws/install/smach/lib/python3.10/site-packages/smach/__pycache__/iterator.cpython-310.pyc
/home/aaa/robot/ros2_ws/install/smach/lib/python3.10/site-packages/smach/__pycache__/state_machine.cpython-310.pyc
/home/aaa/robot/ros2_ws/install/smach/share/ament_index/resource_index/packages/smach
/home/aaa/robot/ros2_ws/install/smach/share/smach/package.xml
/home/aaa/robot/ros2_ws/install/smach/lib/python3.10/site-packages/smach-3.0.3-py3.10.egg-info/requires.txt
/home/aaa/robot/ros2_ws/install/smach/lib/python3.10/site-packages/smach-3.0.3-py3.10.egg-info/zip-safe
/home/aaa/robot/ros2_ws/install/smach/lib/python3.10/site-packages/smach-3.0.3-py3.10.egg-info/top_level.txt
/home/aaa/robot/ros2_ws/install/smach/lib/python3.10/site-packages/smach-3.0.3-py3.10.egg-info/PKG-INFO
/home/aaa/robot/ros2_ws/install/smach/lib/python3.10/site-packages/smach-3.0.3-py3.10.egg-info/dependency_links.txt
/home/aaa/robot/ros2_ws/install/smach/lib/python3.10/site-packages/smach-3.0.3-py3.10.egg-info/SOURCES.txt
