[0.081s] Invoking command in '/home/aaa/robot/ros2_ws/build/executive_smach': AMENT_PREFIX_PATH=/home/aaa/robot/ros2_ws/install/smach_ros:/home/aaa/robot/ros2_ws/install/smach_msgs:/home/aaa/robot/ros2_ws/install/smach:${AMENT_PREFIX_PATH} CMAKE_PREFIX_PATH=/home/aaa/robot/ros2_ws/install/smach_msgs:/home/aaa/robot/ros2_ws/src/install/smach_demo:/home/aaa/robot/ros2_ws/src/install/mj_bridge:/opt/ros/humble LD_LIBRARY_PATH=/home/aaa/robot/ros2_ws/install/smach_msgs/lib:${LD_LIBRARY_PATH} PS1=(mj) \[\e]0;\u@\h: \w\a\]${debian_chroot:+($debian_chroot)}\[\033[01;32m\]\u@\h\[\033[00m\]:\[\033[01;34m\]\w\[\033[00m\]\$ PYTHONPATH=/home/aaa/robot/ros2_ws/install/smach_ros/lib/python3.10/site-packages:/home/aaa/robot/ros2_ws/install/smach_msgs/local/lib/python3.10/dist-packages:/home/aaa/robot/ros2_ws/install/smach/lib/python3.10/site-packages:${PYTHONPATH} VIRTUAL_ENV_PROMPT=(mj) /usr/bin/cmake /home/aaa/robot/ros2_ws/executive_smach/executive_smach -DCMAKE_INSTALL_PREFIX=/home/aaa/robot/ros2_ws/install/executive_smach
[0.090s] -- Found ament_cmake: 1.3.12 (/opt/ros/humble/share/ament_cmake/cmake)
[0.404s] -- Override CMake install command with custom implementation using symlinks instead of copying resources
[0.567s] -- Configuring done
[0.576s] -- Generating done
[0.577s] -- Build files have been written to: /home/aaa/robot/ros2_ws/build/executive_smach
[0.579s] Invoked command in '/home/aaa/robot/ros2_ws/build/executive_smach' returned '0': AMENT_PREFIX_PATH=/home/aaa/robot/ros2_ws/install/smach_ros:/home/aaa/robot/ros2_ws/install/smach_msgs:/home/aaa/robot/ros2_ws/install/smach:${AMENT_PREFIX_PATH} CMAKE_PREFIX_PATH=/home/aaa/robot/ros2_ws/install/smach_msgs:/home/aaa/robot/ros2_ws/src/install/smach_demo:/home/aaa/robot/ros2_ws/src/install/mj_bridge:/opt/ros/humble LD_LIBRARY_PATH=/home/aaa/robot/ros2_ws/install/smach_msgs/lib:${LD_LIBRARY_PATH} PS1=(mj) \[\e]0;\u@\h: \w\a\]${debian_chroot:+($debian_chroot)}\[\033[01;32m\]\u@\h\[\033[00m\]:\[\033[01;34m\]\w\[\033[00m\]\$ PYTHONPATH=/home/aaa/robot/ros2_ws/install/smach_ros/lib/python3.10/site-packages:/home/aaa/robot/ros2_ws/install/smach_msgs/local/lib/python3.10/dist-packages:/home/aaa/robot/ros2_ws/install/smach/lib/python3.10/site-packages:${PYTHONPATH} VIRTUAL_ENV_PROMPT=(mj) /usr/bin/cmake /home/aaa/robot/ros2_ws/executive_smach/executive_smach -DCMAKE_INSTALL_PREFIX=/home/aaa/robot/ros2_ws/install/executive_smach
[0.579s] Invoking command in '/home/aaa/robot/ros2_ws/build/executive_smach': AMENT_PREFIX_PATH=/home/aaa/robot/ros2_ws/install/smach_ros:/home/aaa/robot/ros2_ws/install/smach_msgs:/home/aaa/robot/ros2_ws/install/smach:${AMENT_PREFIX_PATH} CMAKE_PREFIX_PATH=/home/aaa/robot/ros2_ws/install/smach_msgs:/home/aaa/robot/ros2_ws/src/install/smach_demo:/home/aaa/robot/ros2_ws/src/install/mj_bridge:/opt/ros/humble LD_LIBRARY_PATH=/home/aaa/robot/ros2_ws/install/smach_msgs/lib:${LD_LIBRARY_PATH} PS1=(mj) \[\e]0;\u@\h: \w\a\]${debian_chroot:+($debian_chroot)}\[\033[01;32m\]\u@\h\[\033[00m\]:\[\033[01;34m\]\w\[\033[00m\]\$ PYTHONPATH=/home/aaa/robot/ros2_ws/install/smach_ros/lib/python3.10/site-packages:/home/aaa/robot/ros2_ws/install/smach_msgs/local/lib/python3.10/dist-packages:/home/aaa/robot/ros2_ws/install/smach/lib/python3.10/site-packages:${PYTHONPATH} VIRTUAL_ENV_PROMPT=(mj) /usr/bin/cmake --build /home/aaa/robot/ros2_ws/build/executive_smach -- -j2 -l2
[0.719s] Invoked command in '/home/aaa/robot/ros2_ws/build/executive_smach' returned '0': AMENT_PREFIX_PATH=/home/aaa/robot/ros2_ws/install/smach_ros:/home/aaa/robot/ros2_ws/install/smach_msgs:/home/aaa/robot/ros2_ws/install/smach:${AMENT_PREFIX_PATH} CMAKE_PREFIX_PATH=/home/aaa/robot/ros2_ws/install/smach_msgs:/home/aaa/robot/ros2_ws/src/install/smach_demo:/home/aaa/robot/ros2_ws/src/install/mj_bridge:/opt/ros/humble LD_LIBRARY_PATH=/home/aaa/robot/ros2_ws/install/smach_msgs/lib:${LD_LIBRARY_PATH} PS1=(mj) \[\e]0;\u@\h: \w\a\]${debian_chroot:+($debian_chroot)}\[\033[01;32m\]\u@\h\[\033[00m\]:\[\033[01;34m\]\w\[\033[00m\]\$ PYTHONPATH=/home/aaa/robot/ros2_ws/install/smach_ros/lib/python3.10/site-packages:/home/aaa/robot/ros2_ws/install/smach_msgs/local/lib/python3.10/dist-packages:/home/aaa/robot/ros2_ws/install/smach/lib/python3.10/site-packages:${PYTHONPATH} VIRTUAL_ENV_PROMPT=(mj) /usr/bin/cmake --build /home/aaa/robot/ros2_ws/build/executive_smach -- -j2 -l2
[0.752s] Invoking command in '/home/aaa/robot/ros2_ws/build/executive_smach': AMENT_PREFIX_PATH=/home/aaa/robot/ros2_ws/install/smach_ros:/home/aaa/robot/ros2_ws/install/smach_msgs:/home/aaa/robot/ros2_ws/install/smach:${AMENT_PREFIX_PATH} CMAKE_PREFIX_PATH=/home/aaa/robot/ros2_ws/install/smach_msgs:/home/aaa/robot/ros2_ws/src/install/smach_demo:/home/aaa/robot/ros2_ws/src/install/mj_bridge:/opt/ros/humble LD_LIBRARY_PATH=/home/aaa/robot/ros2_ws/install/smach_msgs/lib:${LD_LIBRARY_PATH} PS1=(mj) \[\e]0;\u@\h: \w\a\]${debian_chroot:+($debian_chroot)}\[\033[01;32m\]\u@\h\[\033[00m\]:\[\033[01;34m\]\w\[\033[00m\]\$ PYTHONPATH=/home/aaa/robot/ros2_ws/install/smach_ros/lib/python3.10/site-packages:/home/aaa/robot/ros2_ws/install/smach_msgs/local/lib/python3.10/dist-packages:/home/aaa/robot/ros2_ws/install/smach/lib/python3.10/site-packages:${PYTHONPATH} VIRTUAL_ENV_PROMPT=(mj) /usr/bin/cmake --install /home/aaa/robot/ros2_ws/build/executive_smach
[0.768s] -- Install configuration: ""
[0.776s] -- Execute custom install script
[0.779s] -- Up-to-date symlink: /home/aaa/robot/ros2_ws/install/executive_smach/share/ament_index/resource_index/package_run_dependencies/executive_smach
[0.781s] -- Up-to-date symlink: /home/aaa/robot/ros2_ws/install/executive_smach/share/ament_index/resource_index/parent_prefix_path/executive_smach
[0.781s] -- Up-to-date symlink: /home/aaa/robot/ros2_ws/install/executive_smach/share/executive_smach/environment/ament_prefix_path.sh
[0.782s] -- Up-to-date symlink: /home/aaa/robot/ros2_ws/install/executive_smach/share/executive_smach/environment/ament_prefix_path.dsv
[0.782s] -- Up-to-date symlink: /home/aaa/robot/ros2_ws/install/executive_smach/share/executive_smach/environment/path.sh
[0.782s] -- Up-to-date symlink: /home/aaa/robot/ros2_ws/install/executive_smach/share/executive_smach/environment/path.dsv
[0.782s] -- Up-to-date symlink: /home/aaa/robot/ros2_ws/install/executive_smach/share/executive_smach/local_setup.bash
[0.782s] -- Up-to-date symlink: /home/aaa/robot/ros2_ws/install/executive_smach/share/executive_smach/local_setup.sh
[0.782s] -- Up-to-date symlink: /home/aaa/robot/ros2_ws/install/executive_smach/share/executive_smach/local_setup.zsh
[0.782s] -- Up-to-date symlink: /home/aaa/robot/ros2_ws/install/executive_smach/share/executive_smach/local_setup.dsv
[0.784s] -- Symlinking: /home/aaa/robot/ros2_ws/install/executive_smach/share/executive_smach/package.dsv
[0.808s] -- Up-to-date symlink: /home/aaa/robot/ros2_ws/install/executive_smach/share/ament_index/resource_index/packages/executive_smach
[0.811s] -- Up-to-date symlink: /home/aaa/robot/ros2_ws/install/executive_smach/share/executive_smach/cmake/executive_smachConfig.cmake
[0.811s] -- Up-to-date symlink: /home/aaa/robot/ros2_ws/install/executive_smach/share/executive_smach/cmake/executive_smachConfig-version.cmake
[0.812s] -- Up-to-date symlink: /home/aaa/robot/ros2_ws/install/executive_smach/share/executive_smach/package.xml
[0.813s] Invoked command in '/home/aaa/robot/ros2_ws/build/executive_smach' returned '0': AMENT_PREFIX_PATH=/home/aaa/robot/ros2_ws/install/smach_ros:/home/aaa/robot/ros2_ws/install/smach_msgs:/home/aaa/robot/ros2_ws/install/smach:${AMENT_PREFIX_PATH} CMAKE_PREFIX_PATH=/home/aaa/robot/ros2_ws/install/smach_msgs:/home/aaa/robot/ros2_ws/src/install/smach_demo:/home/aaa/robot/ros2_ws/src/install/mj_bridge:/opt/ros/humble LD_LIBRARY_PATH=/home/aaa/robot/ros2_ws/install/smach_msgs/lib:${LD_LIBRARY_PATH} PS1=(mj) \[\e]0;\u@\h: \w\a\]${debian_chroot:+($debian_chroot)}\[\033[01;32m\]\u@\h\[\033[00m\]:\[\033[01;34m\]\w\[\033[00m\]\$ PYTHONPATH=/home/aaa/robot/ros2_ws/install/smach_ros/lib/python3.10/site-packages:/home/aaa/robot/ros2_ws/install/smach_msgs/local/lib/python3.10/dist-packages:/home/aaa/robot/ros2_ws/install/smach/lib/python3.10/site-packages:${PYTHONPATH} VIRTUAL_ENV_PROMPT=(mj) /usr/bin/cmake --install /home/aaa/robot/ros2_ws/build/executive_smach
