[0.148s] Invoking command in '/home/aaa/robot/ros2_ws/build/panda_pick': CMAKE_PREFIX_PATH=${CMAKE_PREFIX_PATH}:/home/aaa/robot/ros2_ws/install/smach_ros:/home/aaa/robot/ros2_ws/install/smach_demo:/home/aaa/robot/ros2_ws/install/smach:/home/aaa/robot/ros2_ws/install/mj_bridge:/opt/ros/humble /usr/bin/cmake --build /home/aaa/robot/ros2_ws/build/panda_pick -- -j2 -l2
[0.238s] -- Found ament_cmake: 1.3.12 (/opt/ros/humble/share/ament_cmake/cmake)
[0.314s] -- Found rclcpp: 16.0.15 (/opt/ros/humble/share/rclcpp/cmake)
[0.359s] -- Found rosidl_generator_c: 3.1.7 (/opt/ros/humble/share/rosidl_generator_c/cmake)
[0.361s] -- Found rosidl_adapter: 3.1.7 (/opt/ros/humble/share/rosidl_adapter/cmake)
[0.367s] -- Found rosidl_generator_cpp: 3.1.7 (/opt/ros/humble/share/rosidl_generator_cpp/cmake)
[0.378s] -- Using all available rosidl_typesupport_c: rosidl_typesupport_fastrtps_c;rosidl_typesupport_introspection_c
[0.386s] -- Using all available rosidl_typesupport_cpp: rosidl_typesupport_fastrtps_cpp;rosidl_typesupport_introspection_cpp
[0.415s] -- Found rmw_implementation_cmake: 6.1.2 (/opt/ros/humble/share/rmw_implementation_cmake/cmake)
[0.417s] -- Found rmw_fastrtps_cpp: 6.2.9 (/opt/ros/humble/share/rmw_fastrtps_cpp/cmake)
[0.490s] -- Using RMW implementation 'rmw_fastrtps_cpp' as default
[0.528s] -- Found moveit_ros_planning_interface: 2.5.9 (/opt/ros/humble/share/moveit_ros_planning_interface/cmake)
[0.543s] -- Found Boost: /usr/lib/aarch64-linux-gnu/cmake/Boost-1.74.0/BoostConfig.cmake (found version "1.74.0") found components: date_time filesystem program_options system thread 
[0.651s] -- Found Boost: /usr/lib/aarch64-linux-gnu/cmake/Boost-1.74.0/BoostConfig.cmake (found version "1.74.0") found components: chrono date_time filesystem iostreams program_options regex serialization system thread 
[0.666s] -- Found parameter_traits: 0.5.0 (/opt/ros/humble/share/parameter_traits/cmake)
[0.670s] -- Found rclcpp_lifecycle: 16.0.15 (/opt/ros/humble/share/rclcpp_lifecycle/cmake)
[0.687s] -- Found Boost: /usr/lib/aarch64-linux-gnu/cmake/Boost-1.74.0/BoostConfig.cmake (found version "1.74.0") found components: filesystem 
[0.710s] -- library: /usr/lib/aarch64-linux-gnu/libcurl.so
[0.733s] -- Ensuring Eigen3 include directory is part of orocos-kdl CMake target
[0.797s] -- Found Boost: /usr/lib/aarch64-linux-gnu/cmake/Boost-1.74.0/BoostConfig.cmake (found version "1.74.0") found components: system filesystem date_time program_options thread chrono 
[0.812s] -- Found Boost: /usr/lib/aarch64-linux-gnu/cmake/Boost-1.74.0/BoostConfig.cmake (found version "1.74.0") found components: thread system filesystem regex date_time program_options 
[0.823s] -- Found Boost: /usr/lib/aarch64-linux-gnu/cmake/Boost-1.74.0/BoostConfig.cmake (found version "1.74.0") found components: system filesystem date_time program_options thread 
[0.893s] -- Configuring done
[0.913s] -- Generating done
[0.918s] -- Build files have been written to: /home/aaa/robot/ros2_ws/build/panda_pick
[0.935s] [35m[1mConsolidate compiler generated dependencies of target cpp_pick_node[0m
[0.955s] [ 50%] [32m[1mLinking CXX executable cpp_pick_node[0m
[1.167s] [100%] Built target cpp_pick_node
[1.172s] Invoked command in '/home/aaa/robot/ros2_ws/build/panda_pick' returned '0': CMAKE_PREFIX_PATH=${CMAKE_PREFIX_PATH}:/home/aaa/robot/ros2_ws/install/smach_ros:/home/aaa/robot/ros2_ws/install/smach_demo:/home/aaa/robot/ros2_ws/install/smach:/home/aaa/robot/ros2_ws/install/mj_bridge:/opt/ros/humble /usr/bin/cmake --build /home/aaa/robot/ros2_ws/build/panda_pick -- -j2 -l2
[1.177s] Invoking command in '/home/aaa/robot/ros2_ws/build/panda_pick': CMAKE_PREFIX_PATH=${CMAKE_PREFIX_PATH}:/home/aaa/robot/ros2_ws/install/smach_ros:/home/aaa/robot/ros2_ws/install/smach_demo:/home/aaa/robot/ros2_ws/install/smach:/home/aaa/robot/ros2_ws/install/mj_bridge:/opt/ros/humble /usr/bin/cmake --install /home/aaa/robot/ros2_ws/build/panda_pick
[1.180s] -- Install configuration: ""
[1.181s] -- Installing: /home/aaa/robot/ros2_ws/install/panda_pick/lib/panda_pick/cpp_pick_node
[1.182s] -- Set runtime path of "/home/aaa/robot/ros2_ws/install/panda_pick/lib/panda_pick/cpp_pick_node" to ""
[1.182s] -- Up-to-date: /home/aaa/robot/ros2_ws/install/panda_pick/share/panda_pick/launch
[1.182s] -- Up-to-date: /home/aaa/robot/ros2_ws/install/panda_pick/share/panda_pick/launch/demo.launch1.py
[1.182s] -- Up-to-date: /home/aaa/robot/ros2_ws/install/panda_pick/share/panda_pick/launch/cpp_node.launch.py
[1.182s] -- Up-to-date: /home/aaa/robot/ros2_ws/install/panda_pick/share/panda_pick/launch/__pycache__
[1.183s] -- Installing: /home/aaa/robot/ros2_ws/install/panda_pick/share/panda_pick/launch/__pycache__/demo.launch1.cpython-310.pyc
[1.183s] -- Up-to-date: /home/aaa/robot/ros2_ws/install/panda_pick/share/panda_pick/config
[1.184s] -- Up-to-date: /home/aaa/robot/ros2_ws/install/panda_pick/share/panda_pick/config/ros2_controllers.yaml
[1.184s] -- Up-to-date: /home/aaa/robot/ros2_ws/install/panda_pick/share/panda_pick/config/moveit_controllers.yaml
[1.184s] -- Installing: /home/aaa/robot/ros2_ws/install/panda_pick/share/ament_index/resource_index/package_run_dependencies/panda_pick
[1.184s] -- Up-to-date: /home/aaa/robot/ros2_ws/install/panda_pick/share/ament_index/resource_index/parent_prefix_path/panda_pick
[1.184s] -- Up-to-date: /home/aaa/robot/ros2_ws/install/panda_pick/share/panda_pick/environment/ament_prefix_path.sh
[1.185s] -- Installing: /home/aaa/robot/ros2_ws/install/panda_pick/share/panda_pick/environment/ament_prefix_path.dsv
[1.185s] -- Up-to-date: /home/aaa/robot/ros2_ws/install/panda_pick/share/panda_pick/environment/path.sh
[1.185s] -- Installing: /home/aaa/robot/ros2_ws/install/panda_pick/share/panda_pick/environment/path.dsv
[1.185s] -- Up-to-date: /home/aaa/robot/ros2_ws/install/panda_pick/share/panda_pick/local_setup.bash
[1.185s] -- Up-to-date: /home/aaa/robot/ros2_ws/install/panda_pick/share/panda_pick/local_setup.sh
[1.185s] -- Up-to-date: /home/aaa/robot/ros2_ws/install/panda_pick/share/panda_pick/local_setup.zsh
[1.185s] -- Installing: /home/aaa/robot/ros2_ws/install/panda_pick/share/panda_pick/local_setup.dsv
[1.185s] -- Installing: /home/aaa/robot/ros2_ws/install/panda_pick/share/panda_pick/package.dsv
[1.185s] -- Up-to-date: /home/aaa/robot/ros2_ws/install/panda_pick/share/ament_index/resource_index/packages/panda_pick
[1.185s] -- Up-to-date: /home/aaa/robot/ros2_ws/install/panda_pick/share/panda_pick/cmake/panda_pickConfig.cmake
[1.185s] -- Up-to-date: /home/aaa/robot/ros2_ws/install/panda_pick/share/panda_pick/cmake/panda_pickConfig-version.cmake
[1.185s] -- Installing: /home/aaa/robot/ros2_ws/install/panda_pick/share/panda_pick/package.xml
[1.187s] Invoked command in '/home/aaa/robot/ros2_ws/build/panda_pick' returned '0': CMAKE_PREFIX_PATH=${CMAKE_PREFIX_PATH}:/home/aaa/robot/ros2_ws/install/smach_ros:/home/aaa/robot/ros2_ws/install/smach_demo:/home/aaa/robot/ros2_ws/install/smach:/home/aaa/robot/ros2_ws/install/mj_bridge:/opt/ros/humble /usr/bin/cmake --install /home/aaa/robot/ros2_ws/build/panda_pick
