[0.018s] Invoking command in '/home/aaa/robot/ros2_ws/build/smach_msgs': CMAKE_PREFIX_PATH=${CMAKE_PREFIX_PATH}:/home/aaa/robot/ros2_ws/install/smach_ros:/home/aaa/robot/ros2_ws/install/smach_demo:/home/aaa/robot/ros2_ws/install/smach:/home/aaa/robot/ros2_ws/install/mj_bridge:/opt/ros/humble PS1=\[\e]0;\u@\h: \w\a\]${debian_chroot:+($debian_chroot)}\[\033[01;32m\]\u@\h\[\033[00m\]:\[\033[01;34m\]\w\[\033[00m\]\$ /usr/bin/cmake --build /home/aaa/robot/ros2_ws/build/smach_msgs -- -j2 -l2
[0.264s] [  2%] Built target smach_msgs__cpp
[0.314s] [35m[1mConsolidate compiler generated dependencies of target smach_msgs__rosidl_generator_c[0m
[0.354s] [ 12%] Built target smach_msgs__rosidl_generator_c
[0.554s] [ 12%] Built target ament_cmake_python_symlink_smach_msgs
[0.611s] [35m[1mConsolidate compiler generated dependencies of target smach_msgs__rosidl_typesupport_cpp[0m
[0.648s] [ 23%] Built target smach_msgs__rosidl_typesupport_cpp
[0.716s] [35m[1mConsolidate compiler generated dependencies of target smach_msgs__rosidl_typesupport_fastrtps_c[0m
[0.780s] [ 34%] Built target smach_msgs__rosidl_typesupport_fastrtps_c
[0.815s] [35m[1mConsolidate compiler generated dependencies of target smach_msgs__rosidl_typesupport_fastrtps_cpp[0m
[0.865s] [ 44%] Built target smach_msgs__rosidl_typesupport_fastrtps_cpp
[0.919s] [35m[1mConsolidate compiler generated dependencies of target smach_msgs__rosidl_typesupport_introspection_c[0m
[0.976s] [ 55%] Built target smach_msgs__rosidl_typesupport_introspection_c
[1.066s] [35m[1mConsolidate compiler generated dependencies of target smach_msgs__rosidl_typesupport_c[0m
[1.113s] [ 65%] Built target smach_msgs__rosidl_typesupport_c
[1.123s] [35m[1mConsolidate compiler generated dependencies of target smach_msgs__rosidl_typesupport_introspection_cpp[0m
[1.180s] [ 76%] Built target smach_msgs__rosidl_typesupport_introspection_cpp
[1.660s] running egg_info
[1.661s] writing smach_msgs.egg-info/PKG-INFO
[1.661s] writing dependency_links to smach_msgs.egg-info/dependency_links.txt
[1.661s] writing top-level names to smach_msgs.egg-info/top_level.txt
[1.664s] reading manifest file 'smach_msgs.egg-info/SOURCES.txt'
[1.666s] writing manifest file 'smach_msgs.egg-info/SOURCES.txt'
[1.751s] [ 76%] Built target ament_cmake_python_build_smach_msgs_egg
[1.850s] [ 76%] Built target smach_msgs
[1.942s] [ 78%] Built target smach_msgs__py
[2.014s] [35m[1mConsolidate compiler generated dependencies of target smach_msgs__rosidl_generator_py[0m
[2.073s] [ 87%] Built target smach_msgs__rosidl_generator_py
[2.083s] [35m[1mConsolidate compiler generated dependencies of target smach_msgs__rosidl_typesupport_fastrtps_c__pyext[0m
[2.092s] [ 91%] Built target smach_msgs__rosidl_typesupport_fastrtps_c__pyext
[2.126s] [35m[1mConsolidate compiler generated dependencies of target smach_msgs__rosidl_typesupport_introspection_c__pyext[0m
[2.142s] [ 95%] Built target smach_msgs__rosidl_typesupport_introspection_c__pyext
[2.160s] [35m[1mConsolidate compiler generated dependencies of target smach_msgs__rosidl_typesupport_c__pyext[0m
[2.177s] [100%] Built target smach_msgs__rosidl_typesupport_c__pyext
[2.343s] Invoked command in '/home/aaa/robot/ros2_ws/build/smach_msgs' returned '0': CMAKE_PREFIX_PATH=${CMAKE_PREFIX_PATH}:/home/aaa/robot/ros2_ws/install/smach_ros:/home/aaa/robot/ros2_ws/install/smach_demo:/home/aaa/robot/ros2_ws/install/smach:/home/aaa/robot/ros2_ws/install/mj_bridge:/opt/ros/humble PS1=\[\e]0;\u@\h: \w\a\]${debian_chroot:+($debian_chroot)}\[\033[01;32m\]\u@\h\[\033[00m\]:\[\033[01;34m\]\w\[\033[00m\]\$ /usr/bin/cmake --build /home/aaa/robot/ros2_ws/build/smach_msgs -- -j2 -l2
[2.351s] Invoking command in '/home/aaa/robot/ros2_ws/build/smach_msgs': CMAKE_PREFIX_PATH=${CMAKE_PREFIX_PATH}:/home/aaa/robot/ros2_ws/install/smach_ros:/home/aaa/robot/ros2_ws/install/smach_demo:/home/aaa/robot/ros2_ws/install/smach:/home/aaa/robot/ros2_ws/install/mj_bridge:/opt/ros/humble PS1=\[\e]0;\u@\h: \w\a\]${debian_chroot:+($debian_chroot)}\[\033[01;32m\]\u@\h\[\033[00m\]:\[\033[01;34m\]\w\[\033[00m\]\$ /usr/bin/cmake --install /home/aaa/robot/ros2_ws/build/smach_msgs
[2.361s] -- Install configuration: ""
[2.366s] -- Execute custom install script
[2.366s] -- Up-to-date symlink: /home/aaa/robot/ros2_ws/install/smach_msgs/share/ament_index/resource_index/rosidl_interfaces/smach_msgs
[2.367s] -- Up-to-date symlink: /home/aaa/robot/ros2_ws/install/smach_msgs/include/smach_msgs/smach_msgs/msg/detail/smach_container_initial_status_cmd__functions.h
[2.367s] -- Up-to-date symlink: /home/aaa/robot/ros2_ws/install/smach_msgs/include/smach_msgs/smach_msgs/msg/detail/smach_container_initial_status_cmd__struct.h
[2.367s] -- Up-to-date symlink: /home/aaa/robot/ros2_ws/install/smach_msgs/include/smach_msgs/smach_msgs/msg/detail/smach_container_initial_status_cmd__type_support.h
[2.367s] -- Up-to-date symlink: /home/aaa/robot/ros2_ws/install/smach_msgs/include/smach_msgs/smach_msgs/msg/detail/smach_container_status__functions.h
[2.368s] -- Up-to-date symlink: /home/aaa/robot/ros2_ws/install/smach_msgs/include/smach_msgs/smach_msgs/msg/detail/smach_container_status__struct.h
[2.368s] -- Up-to-date symlink: /home/aaa/robot/ros2_ws/install/smach_msgs/include/smach_msgs/smach_msgs/msg/detail/smach_container_status__type_support.h
[2.368s] -- Up-to-date symlink: /home/aaa/robot/ros2_ws/install/smach_msgs/include/smach_msgs/smach_msgs/msg/detail/smach_container_structure__functions.h
[2.368s] -- Up-to-date symlink: /home/aaa/robot/ros2_ws/install/smach_msgs/include/smach_msgs/smach_msgs/msg/detail/smach_container_structure__struct.h
[2.369s] -- Up-to-date symlink: /home/aaa/robot/ros2_ws/install/smach_msgs/include/smach_msgs/smach_msgs/msg/detail/smach_container_structure__type_support.h
[2.369s] -- Up-to-date symlink: /home/aaa/robot/ros2_ws/install/smach_msgs/include/smach_msgs/smach_msgs/msg/rosidl_generator_c__visibility_control.h
[2.369s] -- Up-to-date symlink: /home/aaa/robot/ros2_ws/install/smach_msgs/include/smach_msgs/smach_msgs/msg/smach_container_initial_status_cmd.h
[2.369s] -- Up-to-date symlink: /home/aaa/robot/ros2_ws/install/smach_msgs/include/smach_msgs/smach_msgs/msg/smach_container_status.h
[2.369s] -- Up-to-date symlink: /home/aaa/robot/ros2_ws/install/smach_msgs/include/smach_msgs/smach_msgs/msg/smach_container_structure.h
[2.370s] -- Up-to-date symlink: /home/aaa/robot/ros2_ws/install/smach_msgs/share/smach_msgs/environment/library_path.sh
[2.370s] -- Up-to-date symlink: /home/aaa/robot/ros2_ws/install/smach_msgs/share/smach_msgs/environment/library_path.dsv
[2.370s] -- Up-to-date symlink: /home/aaa/robot/ros2_ws/install/smach_msgs/include/smach_msgs/smach_msgs/msg/detail/smach_container_initial_status_cmd__rosidl_typesupport_fastrtps_c.h
[2.370s] -- Up-to-date symlink: /home/aaa/robot/ros2_ws/install/smach_msgs/include/smach_msgs/smach_msgs/msg/detail/smach_container_status__rosidl_typesupport_fastrtps_c.h
[2.370s] -- Up-to-date symlink: /home/aaa/robot/ros2_ws/install/smach_msgs/include/smach_msgs/smach_msgs/msg/detail/smach_container_structure__rosidl_typesupport_fastrtps_c.h
[2.371s] -- Up-to-date symlink: /home/aaa/robot/ros2_ws/install/smach_msgs/include/smach_msgs/smach_msgs/msg/rosidl_typesupport_fastrtps_c__visibility_control.h
[2.371s] -- Up-to-date symlink: /home/aaa/robot/ros2_ws/install/smach_msgs/include/smach_msgs/smach_msgs/msg/detail/smach_container_initial_status_cmd__builder.hpp
[2.371s] -- Up-to-date symlink: /home/aaa/robot/ros2_ws/install/smach_msgs/include/smach_msgs/smach_msgs/msg/detail/smach_container_initial_status_cmd__struct.hpp
[2.371s] -- Up-to-date symlink: /home/aaa/robot/ros2_ws/install/smach_msgs/include/smach_msgs/smach_msgs/msg/detail/smach_container_initial_status_cmd__traits.hpp
[2.371s] -- Up-to-date symlink: /home/aaa/robot/ros2_ws/install/smach_msgs/include/smach_msgs/smach_msgs/msg/detail/smach_container_initial_status_cmd__type_support.hpp
[2.371s] -- Up-to-date symlink: /home/aaa/robot/ros2_ws/install/smach_msgs/include/smach_msgs/smach_msgs/msg/detail/smach_container_status__builder.hpp
[2.372s] -- Up-to-date symlink: /home/aaa/robot/ros2_ws/install/smach_msgs/include/smach_msgs/smach_msgs/msg/detail/smach_container_status__struct.hpp
[2.372s] -- Up-to-date symlink: /home/aaa/robot/ros2_ws/install/smach_msgs/include/smach_msgs/smach_msgs/msg/detail/smach_container_status__traits.hpp
[2.372s] -- Up-to-date symlink: /home/aaa/robot/ros2_ws/install/smach_msgs/include/smach_msgs/smach_msgs/msg/detail/smach_container_status__type_support.hpp
[2.372s] -- Up-to-date symlink: /home/aaa/robot/ros2_ws/install/smach_msgs/include/smach_msgs/smach_msgs/msg/detail/smach_container_structure__builder.hpp
[2.372s] -- Up-to-date symlink: /home/aaa/robot/ros2_ws/install/smach_msgs/include/smach_msgs/smach_msgs/msg/detail/smach_container_structure__struct.hpp
[2.372s] -- Up-to-date symlink: /home/aaa/robot/ros2_ws/install/smach_msgs/include/smach_msgs/smach_msgs/msg/detail/smach_container_structure__traits.hpp
[2.373s] -- Up-to-date symlink: /home/aaa/robot/ros2_ws/install/smach_msgs/include/smach_msgs/smach_msgs/msg/detail/smach_container_structure__type_support.hpp
[2.373s] -- Up-to-date symlink: /home/aaa/robot/ros2_ws/install/smach_msgs/include/smach_msgs/smach_msgs/msg/rosidl_generator_cpp__visibility_control.hpp
[2.373s] -- Up-to-date symlink: /home/aaa/robot/ros2_ws/install/smach_msgs/include/smach_msgs/smach_msgs/msg/smach_container_initial_status_cmd.hpp
[2.373s] -- Up-to-date symlink: /home/aaa/robot/ros2_ws/install/smach_msgs/include/smach_msgs/smach_msgs/msg/smach_container_status.hpp
[2.373s] -- Up-to-date symlink: /home/aaa/robot/ros2_ws/install/smach_msgs/include/smach_msgs/smach_msgs/msg/smach_container_structure.hpp
[2.375s] -- Up-to-date symlink: /home/aaa/robot/ros2_ws/install/smach_msgs/include/smach_msgs/smach_msgs/msg/detail/smach_container_initial_status_cmd__rosidl_typesupport_fastrtps_cpp.hpp
[2.375s] -- Up-to-date symlink: /home/aaa/robot/ros2_ws/install/smach_msgs/include/smach_msgs/smach_msgs/msg/detail/smach_container_status__rosidl_typesupport_fastrtps_cpp.hpp
[2.375s] -- Up-to-date symlink: /home/aaa/robot/ros2_ws/install/smach_msgs/include/smach_msgs/smach_msgs/msg/detail/smach_container_structure__rosidl_typesupport_fastrtps_cpp.hpp
[2.375s] -- Up-to-date symlink: /home/aaa/robot/ros2_ws/install/smach_msgs/include/smach_msgs/smach_msgs/msg/rosidl_typesupport_fastrtps_cpp__visibility_control.h
[2.376s] -- Up-to-date symlink: /home/aaa/robot/ros2_ws/install/smach_msgs/include/smach_msgs/smach_msgs/msg/detail/smach_container_initial_status_cmd__rosidl_typesupport_introspection_c.h
[2.376s] -- Up-to-date symlink: /home/aaa/robot/ros2_ws/install/smach_msgs/include/smach_msgs/smach_msgs/msg/detail/smach_container_status__rosidl_typesupport_introspection_c.h
[2.376s] -- Up-to-date symlink: /home/aaa/robot/ros2_ws/install/smach_msgs/include/smach_msgs/smach_msgs/msg/detail/smach_container_structure__rosidl_typesupport_introspection_c.h
[2.376s] -- Up-to-date symlink: /home/aaa/robot/ros2_ws/install/smach_msgs/include/smach_msgs/smach_msgs/msg/rosidl_typesupport_introspection_c__visibility_control.h
[2.381s] -- Up-to-date symlink: /home/aaa/robot/ros2_ws/install/smach_msgs/include/smach_msgs/smach_msgs/msg/detail/smach_container_initial_status_cmd__rosidl_typesupport_introspection_cpp.hpp
[2.381s] -- Up-to-date symlink: /home/aaa/robot/ros2_ws/install/smach_msgs/include/smach_msgs/smach_msgs/msg/detail/smach_container_status__rosidl_typesupport_introspection_cpp.hpp
[2.381s] -- Up-to-date symlink: /home/aaa/robot/ros2_ws/install/smach_msgs/include/smach_msgs/smach_msgs/msg/detail/smach_container_structure__rosidl_typesupport_introspection_cpp.hpp
[2.382s] -- Up-to-date symlink: /home/aaa/robot/ros2_ws/install/smach_msgs/share/smach_msgs/environment/pythonpath.sh
[2.382s] -- Up-to-date symlink: /home/aaa/robot/ros2_ws/install/smach_msgs/share/smach_msgs/environment/pythonpath.dsv
[2.382s] -- Up-to-date symlink: /home/aaa/robot/ros2_ws/install/smach_msgs/local/lib/python3.10/dist-packages/smach_msgs-3.0.3-py3.10.egg-info/PKG-INFO
[2.383s] -- Up-to-date symlink: /home/aaa/robot/ros2_ws/install/smach_msgs/local/lib/python3.10/dist-packages/smach_msgs-3.0.3-py3.10.egg-info/SOURCES.txt
[2.383s] -- Up-to-date symlink: /home/aaa/robot/ros2_ws/install/smach_msgs/local/lib/python3.10/dist-packages/smach_msgs-3.0.3-py3.10.egg-info/dependency_links.txt
[2.383s] -- Up-to-date symlink: /home/aaa/robot/ros2_ws/install/smach_msgs/local/lib/python3.10/dist-packages/smach_msgs-3.0.3-py3.10.egg-info/top_level.txt
[2.384s] -- Up-to-date symlink: /home/aaa/robot/ros2_ws/install/smach_msgs/local/lib/python3.10/dist-packages/smach_msgs/__init__.py
[2.384s] -- Up-to-date symlink: /home/aaa/robot/ros2_ws/install/smach_msgs/local/lib/python3.10/dist-packages/smach_msgs/_smach_msgs_s.ep.rosidl_typesupport_c.c
[2.384s] -- Up-to-date symlink: /home/aaa/robot/ros2_ws/install/smach_msgs/local/lib/python3.10/dist-packages/smach_msgs/_smach_msgs_s.ep.rosidl_typesupport_fastrtps_c.c
[2.384s] -- Up-to-date symlink: /home/aaa/robot/ros2_ws/install/smach_msgs/local/lib/python3.10/dist-packages/smach_msgs/_smach_msgs_s.ep.rosidl_typesupport_introspection_c.c
[2.385s] -- Up-to-date symlink: /home/aaa/robot/ros2_ws/install/smach_msgs/local/lib/python3.10/dist-packages/smach_msgs/libsmach_msgs__rosidl_generator_py.so
[2.385s] -- Up-to-date symlink: /home/aaa/robot/ros2_ws/install/smach_msgs/local/lib/python3.10/dist-packages/smach_msgs/msg/__init__.py
[2.385s] -- Up-to-date symlink: /home/aaa/robot/ros2_ws/install/smach_msgs/local/lib/python3.10/dist-packages/smach_msgs/msg/_smach_container_initial_status_cmd.py
[2.385s] -- Up-to-date symlink: /home/aaa/robot/ros2_ws/install/smach_msgs/local/lib/python3.10/dist-packages/smach_msgs/msg/_smach_container_initial_status_cmd_s.c
[2.385s] -- Up-to-date symlink: /home/aaa/robot/ros2_ws/install/smach_msgs/local/lib/python3.10/dist-packages/smach_msgs/msg/_smach_container_status.py
[2.386s] -- Up-to-date symlink: /home/aaa/robot/ros2_ws/install/smach_msgs/local/lib/python3.10/dist-packages/smach_msgs/msg/_smach_container_status_s.c
[2.386s] -- Up-to-date symlink: /home/aaa/robot/ros2_ws/install/smach_msgs/local/lib/python3.10/dist-packages/smach_msgs/msg/_smach_container_structure.py
[2.386s] -- Up-to-date symlink: /home/aaa/robot/ros2_ws/install/smach_msgs/local/lib/python3.10/dist-packages/smach_msgs/msg/_smach_container_structure_s.c
[2.386s] -- Up-to-date symlink: /home/aaa/robot/ros2_ws/install/smach_msgs/local/lib/python3.10/dist-packages/smach_msgs/smach_msgs_s__rosidl_typesupport_c.cpython-310-aarch64-linux-gnu.so
[2.386s] -- Up-to-date symlink: /home/aaa/robot/ros2_ws/install/smach_msgs/local/lib/python3.10/dist-packages/smach_msgs/smach_msgs_s__rosidl_typesupport_fastrtps_c.cpython-310-aarch64-linux-gnu.so
[2.386s] -- Up-to-date symlink: /home/aaa/robot/ros2_ws/install/smach_msgs/local/lib/python3.10/dist-packages/smach_msgs/smach_msgs_s__rosidl_typesupport_introspection_c.cpython-310-aarch64-linux-gnu.so
[2.387s] -- Up-to-date symlink: /home/aaa/robot/ros2_ws/install/smach_msgs/local/lib/python3.10/dist-packages/smach_msgs/smach_msgs_s__rosidl_typesupport_fastrtps_c.cpython-310-aarch64-linux-gnu.so
[2.387s] -- Up-to-date symlink: /home/aaa/robot/ros2_ws/install/smach_msgs/local/lib/python3.10/dist-packages/smach_msgs/smach_msgs_s__rosidl_typesupport_introspection_c.cpython-310-aarch64-linux-gnu.so
[2.387s] -- Up-to-date symlink: /home/aaa/robot/ros2_ws/install/smach_msgs/local/lib/python3.10/dist-packages/smach_msgs/smach_msgs_s__rosidl_typesupport_c.cpython-310-aarch64-linux-gnu.so
[2.387s] -- Up-to-date symlink: /home/aaa/robot/ros2_ws/install/smach_msgs/share/smach_msgs/msg/SmachContainerInitialStatusCmd.idl
[2.388s] -- Up-to-date symlink: /home/aaa/robot/ros2_ws/install/smach_msgs/share/smach_msgs/msg/SmachContainerStructure.idl
[2.388s] -- Up-to-date symlink: /home/aaa/robot/ros2_ws/install/smach_msgs/share/smach_msgs/msg/SmachContainerStatus.idl
[2.388s] -- Up-to-date symlink: /home/aaa/robot/ros2_ws/install/smach_msgs/share/smach_msgs/msg/SmachContainerInitialStatusCmd.msg
[2.388s] -- Up-to-date symlink: /home/aaa/robot/ros2_ws/install/smach_msgs/share/smach_msgs/msg/SmachContainerStructure.msg
[2.388s] -- Up-to-date symlink: /home/aaa/robot/ros2_ws/install/smach_msgs/share/smach_msgs/msg/SmachContainerStatus.msg
[2.388s] -- Up-to-date symlink: /home/aaa/robot/ros2_ws/install/smach_msgs/share/ament_index/resource_index/package_run_dependencies/smach_msgs
[2.389s] -- Up-to-date symlink: /home/aaa/robot/ros2_ws/install/smach_msgs/share/ament_index/resource_index/parent_prefix_path/smach_msgs
[2.389s] -- Up-to-date symlink: /home/aaa/robot/ros2_ws/install/smach_msgs/share/smach_msgs/environment/ament_prefix_path.sh
[2.389s] -- Up-to-date symlink: /home/aaa/robot/ros2_ws/install/smach_msgs/share/smach_msgs/environment/ament_prefix_path.dsv
[2.389s] -- Up-to-date symlink: /home/aaa/robot/ros2_ws/install/smach_msgs/share/smach_msgs/environment/path.sh
[2.389s] -- Up-to-date symlink: /home/aaa/robot/ros2_ws/install/smach_msgs/share/smach_msgs/environment/path.dsv
[2.390s] -- Up-to-date symlink: /home/aaa/robot/ros2_ws/install/smach_msgs/share/smach_msgs/local_setup.bash
[2.390s] -- Up-to-date symlink: /home/aaa/robot/ros2_ws/install/smach_msgs/share/smach_msgs/local_setup.sh
[2.390s] -- Up-to-date symlink: /home/aaa/robot/ros2_ws/install/smach_msgs/share/smach_msgs/local_setup.zsh
[2.390s] -- Up-to-date symlink: /home/aaa/robot/ros2_ws/install/smach_msgs/share/smach_msgs/local_setup.dsv
[2.390s] -- Symlinking: /home/aaa/robot/ros2_ws/install/smach_msgs/share/smach_msgs/package.dsv
[2.405s] -- Up-to-date symlink: /home/aaa/robot/ros2_ws/install/smach_msgs/share/ament_index/resource_index/packages/smach_msgs
[2.405s] -- Up-to-date symlink: /home/aaa/robot/ros2_ws/install/smach_msgs/share/smach_msgs/cmake/rosidl_cmake-extras.cmake
[2.406s] -- Up-to-date symlink: /home/aaa/robot/ros2_ws/install/smach_msgs/share/smach_msgs/cmake/ament_cmake_export_dependencies-extras.cmake
[2.406s] -- Up-to-date symlink: /home/aaa/robot/ros2_ws/install/smach_msgs/share/smach_msgs/cmake/ament_cmake_export_include_directories-extras.cmake
[2.406s] -- Up-to-date symlink: /home/aaa/robot/ros2_ws/install/smach_msgs/share/smach_msgs/cmake/ament_cmake_export_libraries-extras.cmake
[2.406s] -- Up-to-date symlink: /home/aaa/robot/ros2_ws/install/smach_msgs/share/smach_msgs/cmake/ament_cmake_export_targets-extras.cmake
[2.406s] -- Up-to-date symlink: /home/aaa/robot/ros2_ws/install/smach_msgs/share/smach_msgs/cmake/rosidl_cmake_export_typesupport_targets-extras.cmake
[2.406s] -- Up-to-date symlink: /home/aaa/robot/ros2_ws/install/smach_msgs/share/smach_msgs/cmake/rosidl_cmake_export_typesupport_libraries-extras.cmake
[2.406s] -- Up-to-date symlink: /home/aaa/robot/ros2_ws/install/smach_msgs/share/smach_msgs/cmake/smach_msgsConfig.cmake
[2.407s] -- Up-to-date symlink: /home/aaa/robot/ros2_ws/install/smach_msgs/share/smach_msgs/cmake/smach_msgsConfig-version.cmake
[2.407s] -- Up-to-date symlink: /home/aaa/robot/ros2_ws/install/smach_msgs/share/smach_msgs/package.xml
[2.407s] -- Up-to-date: /home/aaa/robot/ros2_ws/install/smach_msgs/lib/libsmach_msgs__rosidl_generator_c.so
[2.407s] -- Up-to-date: /home/aaa/robot/ros2_ws/install/smach_msgs/lib/libsmach_msgs__rosidl_typesupport_fastrtps_c.so
[2.408s] -- Up-to-date: /home/aaa/robot/ros2_ws/install/smach_msgs/lib/libsmach_msgs__rosidl_typesupport_fastrtps_cpp.so
[2.408s] -- Up-to-date: /home/aaa/robot/ros2_ws/install/smach_msgs/lib/libsmach_msgs__rosidl_typesupport_introspection_c.so
[2.408s] -- Up-to-date: /home/aaa/robot/ros2_ws/install/smach_msgs/lib/libsmach_msgs__rosidl_typesupport_c.so
[2.408s] -- Up-to-date: /home/aaa/robot/ros2_ws/install/smach_msgs/lib/libsmach_msgs__rosidl_typesupport_introspection_cpp.so
[2.408s] -- Up-to-date: /home/aaa/robot/ros2_ws/install/smach_msgs/lib/libsmach_msgs__rosidl_typesupport_cpp.so
[2.510s] Listing '/home/aaa/robot/ros2_ws/install/smach_msgs/local/lib/python3.10/dist-packages/smach_msgs'...
[2.510s] Listing '/home/aaa/robot/ros2_ws/install/smach_msgs/local/lib/python3.10/dist-packages/smach_msgs/msg'...
[2.512s] -- Up-to-date: /home/aaa/robot/ros2_ws/install/smach_msgs/lib/libsmach_msgs__rosidl_generator_py.so
[2.512s] -- Up-to-date: /home/aaa/robot/ros2_ws/install/smach_msgs/share/smach_msgs/cmake/export_smach_msgs__rosidl_generator_cExport.cmake
[2.512s] -- Up-to-date: /home/aaa/robot/ros2_ws/install/smach_msgs/share/smach_msgs/cmake/export_smach_msgs__rosidl_generator_cExport-noconfig.cmake
[2.512s] -- Up-to-date: /home/aaa/robot/ros2_ws/install/smach_msgs/share/smach_msgs/cmake/export_smach_msgs__rosidl_typesupport_fastrtps_cExport.cmake
[2.512s] -- Up-to-date: /home/aaa/robot/ros2_ws/install/smach_msgs/share/smach_msgs/cmake/export_smach_msgs__rosidl_typesupport_fastrtps_cExport-noconfig.cmake
[2.513s] -- Up-to-date: /home/aaa/robot/ros2_ws/install/smach_msgs/share/smach_msgs/cmake/export_smach_msgs__rosidl_generator_cppExport.cmake
[2.513s] -- Up-to-date: /home/aaa/robot/ros2_ws/install/smach_msgs/share/smach_msgs/cmake/export_smach_msgs__rosidl_typesupport_fastrtps_cppExport.cmake
[2.513s] -- Up-to-date: /home/aaa/robot/ros2_ws/install/smach_msgs/share/smach_msgs/cmake/export_smach_msgs__rosidl_typesupport_fastrtps_cppExport-noconfig.cmake
[2.513s] -- Up-to-date: /home/aaa/robot/ros2_ws/install/smach_msgs/share/smach_msgs/cmake/smach_msgs__rosidl_typesupport_introspection_cExport.cmake
[2.513s] -- Up-to-date: /home/aaa/robot/ros2_ws/install/smach_msgs/share/smach_msgs/cmake/smach_msgs__rosidl_typesupport_introspection_cExport-noconfig.cmake
[2.514s] -- Up-to-date: /home/aaa/robot/ros2_ws/install/smach_msgs/share/smach_msgs/cmake/smach_msgs__rosidl_typesupport_cExport.cmake
[2.514s] -- Up-to-date: /home/aaa/robot/ros2_ws/install/smach_msgs/share/smach_msgs/cmake/smach_msgs__rosidl_typesupport_cExport-noconfig.cmake
[2.514s] -- Up-to-date: /home/aaa/robot/ros2_ws/install/smach_msgs/share/smach_msgs/cmake/smach_msgs__rosidl_typesupport_introspection_cppExport.cmake
[2.514s] -- Up-to-date: /home/aaa/robot/ros2_ws/install/smach_msgs/share/smach_msgs/cmake/smach_msgs__rosidl_typesupport_introspection_cppExport-noconfig.cmake
[2.514s] -- Up-to-date: /home/aaa/robot/ros2_ws/install/smach_msgs/share/smach_msgs/cmake/smach_msgs__rosidl_typesupport_cppExport.cmake
[2.514s] -- Up-to-date: /home/aaa/robot/ros2_ws/install/smach_msgs/share/smach_msgs/cmake/smach_msgs__rosidl_typesupport_cppExport-noconfig.cmake
[2.514s] -- Up-to-date: /home/aaa/robot/ros2_ws/install/smach_msgs/share/smach_msgs/cmake/export_smach_msgs__rosidl_generator_pyExport.cmake
[2.515s] -- Up-to-date: /home/aaa/robot/ros2_ws/install/smach_msgs/share/smach_msgs/cmake/export_smach_msgs__rosidl_generator_pyExport-noconfig.cmake
[2.517s] Invoked command in '/home/aaa/robot/ros2_ws/build/smach_msgs' returned '0': CMAKE_PREFIX_PATH=${CMAKE_PREFIX_PATH}:/home/aaa/robot/ros2_ws/install/smach_ros:/home/aaa/robot/ros2_ws/install/smach_demo:/home/aaa/robot/ros2_ws/install/smach:/home/aaa/robot/ros2_ws/install/mj_bridge:/opt/ros/humble PS1=\[\e]0;\u@\h: \w\a\]${debian_chroot:+($debian_chroot)}\[\033[01;32m\]\u@\h\[\033[00m\]:\[\033[01;34m\]\w\[\033[00m\]\$ /usr/bin/cmake --install /home/aaa/robot/ros2_ws/build/smach_msgs
