[0.852s] Invoking command in '/home/aaa/robot/ros2_ws/src/mj_bridge': PS1=\[\e]0;\u@\h: \w\a\]${debian_chroot:+($debian_chroot)}\[\033[01;32m\]\u@\h\[\033[00m\]:\[\033[01;34m\]\w\[\033[00m\]\$ PYTHONPATH=/home/aaa/robot/ros2_ws/build/mj_bridge/prefix_override:/usr/lib/python3/dist-packages/colcon_core/task/python/colcon_distutils_commands:/home/aaa/robot/ros2_ws/install/mj_bridge/lib/python3.10/site-packages:${PYTHONPATH} /usr/bin/python3 -W ignore:setup.py install is deprecated -W ignore:easy_install command is deprecated setup.py egg_info --egg-base ../../build/mj_bridge build --build-base /home/aaa/robot/ros2_ws/build/mj_bridge/build install --record /home/aaa/robot/ros2_ws/build/mj_bridge/install.log --single-version-externally-managed install_data
[1.037s] running egg_info
[1.037s] writing ../../build/mj_bridge/mj_bridge.egg-info/PKG-INFO
[1.038s] writing dependency_links to ../../build/mj_bridge/mj_bridge.egg-info/dependency_links.txt
[1.039s] writing entry points to ../../build/mj_bridge/mj_bridge.egg-info/entry_points.txt
[1.039s] writing requirements to ../../build/mj_bridge/mj_bridge.egg-info/requires.txt
[1.040s] writing top-level names to ../../build/mj_bridge/mj_bridge.egg-info/top_level.txt
[1.042s] reading manifest file '../../build/mj_bridge/mj_bridge.egg-info/SOURCES.txt'
[1.042s] writing manifest file '../../build/mj_bridge/mj_bridge.egg-info/SOURCES.txt'
[1.043s] running build
[1.043s] running build_py
[1.044s] copying mj_bridge/mj_bridge.py -> /home/aaa/robot/ros2_ws/build/mj_bridge/build/lib/mj_bridge
[1.044s] running install
[1.045s] running install_lib
[1.046s] copying /home/aaa/robot/ros2_ws/build/mj_bridge/build/lib/mj_bridge/mj_bridge.py -> /home/aaa/robot/ros2_ws/install/mj_bridge/lib/python3.10/site-packages/mj_bridge
[1.047s] byte-compiling /home/aaa/robot/ros2_ws/install/mj_bridge/lib/python3.10/site-packages/mj_bridge/mj_bridge.py to mj_bridge.cpython-310.pyc
[1.048s] running install_data
[1.048s] running install_egg_info
[1.053s] removing '/home/aaa/robot/ros2_ws/install/mj_bridge/lib/python3.10/site-packages/mj_bridge-0.0.0-py3.10.egg-info' (and everything under it)
[1.053s] Copying ../../build/mj_bridge/mj_bridge.egg-info to /home/aaa/robot/ros2_ws/install/mj_bridge/lib/python3.10/site-packages/mj_bridge-0.0.0-py3.10.egg-info
[1.054s] running install_scripts
[1.076s] Installing mj_bridge script to /home/aaa/robot/ros2_ws/install/mj_bridge/lib/mj_bridge
[1.077s] writing list of installed files to '/home/aaa/robot/ros2_ws/build/mj_bridge/install.log'
[1.098s] Invoked command in '/home/aaa/robot/ros2_ws/src/mj_bridge' returned '0': PS1=\[\e]0;\u@\h: \w\a\]${debian_chroot:+($debian_chroot)}\[\033[01;32m\]\u@\h\[\033[00m\]:\[\033[01;34m\]\w\[\033[00m\]\$ PYTHONPATH=/home/aaa/robot/ros2_ws/build/mj_bridge/prefix_override:/usr/lib/python3/dist-packages/colcon_core/task/python/colcon_distutils_commands:/home/aaa/robot/ros2_ws/install/mj_bridge/lib/python3.10/site-packages:${PYTHONPATH} /usr/bin/python3 -W ignore:setup.py install is deprecated -W ignore:easy_install command is deprecated setup.py egg_info --egg-base ../../build/mj_bridge build --build-base /home/aaa/robot/ros2_ws/build/mj_bridge/build install --record /home/aaa/robot/ros2_ws/build/mj_bridge/install.log --single-version-externally-managed install_data
