[0.160s] Invoking command in '/home/aaa/robot/ros2_ws/build/smach_msgs': CMAKE_PREFIX_PATH=${CMAKE_PREFIX_PATH}:/home/aaa/robot/ros2_ws/install/smach_ros:/home/aaa/robot/ros2_ws/install/smach_demo:/home/aaa/robot/ros2_ws/install/smach:/home/aaa/robot/ros2_ws/install/mj_bridge:/home/aaa/robot/ros2_ws/src/install/smach_demo:/home/aaa/robot/ros2_ws/src/install/mj_bridge:/opt/ros/humble PS1=(mj) \[\e]0;\u@\h: \w\a\]${debian_chroot:+($debian_chroot)}\[\033[01;32m\]\u@\h\[\033[00m\]:\[\033[01;34m\]\w\[\033[00m\]\$ VIRTUAL_ENV_PROMPT=(mj) /usr/bin/cmake --build /home/aaa/robot/ros2_ws/build/smach_msgs -- -j2 -l2
[0.201s] [  2%] Built target smach_msgs__cpp
[0.208s] [ 12%] Built target smach_msgs__rosidl_generator_c
[0.218s] [ 12%] Built target ament_cmake_python_symlink_smach_msgs
[0.227s] [ 23%] Built target smach_msgs__rosidl_typesupport_cpp
[0.242s] [ 34%] Built target smach_msgs__rosidl_typesupport_fastrtps_c
[0.253s] [ 44%] Built target smach_msgs__rosidl_typesupport_fastrtps_cpp
[0.277s] [ 55%] Built target smach_msgs__rosidl_typesupport_introspection_c
[0.286s] [ 65%] Built target smach_msgs__rosidl_typesupport_c
[0.296s] [ 76%] Built target smach_msgs__rosidl_typesupport_introspection_cpp
[0.429s] running egg_info
[0.430s] writing smach_msgs.egg-info/PKG-INFO
[0.430s] writing dependency_links to smach_msgs.egg-info/dependency_links.txt
[0.430s] writing top-level names to smach_msgs.egg-info/top_level.txt
[0.431s] reading manifest file 'smach_msgs.egg-info/SOURCES.txt'
[0.431s] writing manifest file 'smach_msgs.egg-info/SOURCES.txt'
[0.451s] [ 76%] Built target ament_cmake_python_build_smach_msgs_egg
[0.458s] [ 76%] Built target smach_msgs
[0.467s] [ 78%] Built target smach_msgs__py
[0.477s] [ 87%] Built target smach_msgs__rosidl_generator_py
[0.513s] [ 91%] Built target smach_msgs__rosidl_typesupport_fastrtps_c__pyext
[0.569s] [ 95%] Built target smach_msgs__rosidl_typesupport_introspection_c__pyext
[0.577s] [100%] Built target smach_msgs__rosidl_typesupport_c__pyext
[0.595s] Invoked command in '/home/aaa/robot/ros2_ws/build/smach_msgs' returned '0': CMAKE_PREFIX_PATH=${CMAKE_PREFIX_PATH}:/home/aaa/robot/ros2_ws/install/smach_ros:/home/aaa/robot/ros2_ws/install/smach_demo:/home/aaa/robot/ros2_ws/install/smach:/home/aaa/robot/ros2_ws/install/mj_bridge:/home/aaa/robot/ros2_ws/src/install/smach_demo:/home/aaa/robot/ros2_ws/src/install/mj_bridge:/opt/ros/humble PS1=(mj) \[\e]0;\u@\h: \w\a\]${debian_chroot:+($debian_chroot)}\[\033[01;32m\]\u@\h\[\033[00m\]:\[\033[01;34m\]\w\[\033[00m\]\$ VIRTUAL_ENV_PROMPT=(mj) /usr/bin/cmake --build /home/aaa/robot/ros2_ws/build/smach_msgs -- -j2 -l2
[0.603s] Invoking command in '/home/aaa/robot/ros2_ws/build/smach_msgs': CMAKE_PREFIX_PATH=${CMAKE_PREFIX_PATH}:/home/aaa/robot/ros2_ws/install/smach_ros:/home/aaa/robot/ros2_ws/install/smach_demo:/home/aaa/robot/ros2_ws/install/smach:/home/aaa/robot/ros2_ws/install/mj_bridge:/home/aaa/robot/ros2_ws/src/install/smach_demo:/home/aaa/robot/ros2_ws/src/install/mj_bridge:/opt/ros/humble PS1=(mj) \[\e]0;\u@\h: \w\a\]${debian_chroot:+($debian_chroot)}\[\033[01;32m\]\u@\h\[\033[00m\]:\[\033[01;34m\]\w\[\033[00m\]\$ VIRTUAL_ENV_PROMPT=(mj) /usr/bin/cmake --install /home/aaa/robot/ros2_ws/build/smach_msgs
[0.612s] -- Install configuration: ""
[0.615s] -- Execute custom install script
[0.616s] -- Up-to-date symlink: /home/aaa/robot/ros2_ws/install/smach_msgs/share/ament_index/resource_index/rosidl_interfaces/smach_msgs
[0.616s] -- Up-to-date symlink: /home/aaa/robot/ros2_ws/install/smach_msgs/include/smach_msgs/smach_msgs/msg/detail/smach_container_initial_status_cmd__functions.h
[0.616s] -- Up-to-date symlink: /home/aaa/robot/ros2_ws/install/smach_msgs/include/smach_msgs/smach_msgs/msg/detail/smach_container_initial_status_cmd__struct.h
[0.617s] -- Up-to-date symlink: /home/aaa/robot/ros2_ws/install/smach_msgs/include/smach_msgs/smach_msgs/msg/detail/smach_container_initial_status_cmd__type_support.h
[0.617s] -- Up-to-date symlink: /home/aaa/robot/ros2_ws/install/smach_msgs/include/smach_msgs/smach_msgs/msg/detail/smach_container_status__functions.h
[0.617s] -- Up-to-date symlink: /home/aaa/robot/ros2_ws/install/smach_msgs/include/smach_msgs/smach_msgs/msg/detail/smach_container_status__struct.h
[0.617s] -- Up-to-date symlink: /home/aaa/robot/ros2_ws/install/smach_msgs/include/smach_msgs/smach_msgs/msg/detail/smach_container_status__type_support.h
[0.617s] -- Up-to-date symlink: /home/aaa/robot/ros2_ws/install/smach_msgs/include/smach_msgs/smach_msgs/msg/detail/smach_container_structure__functions.h
[0.617s] -- Up-to-date symlink: /home/aaa/robot/ros2_ws/install/smach_msgs/include/smach_msgs/smach_msgs/msg/detail/smach_container_structure__struct.h
[0.617s] -- Up-to-date symlink: /home/aaa/robot/ros2_ws/install/smach_msgs/include/smach_msgs/smach_msgs/msg/detail/smach_container_structure__type_support.h
[0.617s] -- Up-to-date symlink: /home/aaa/robot/ros2_ws/install/smach_msgs/include/smach_msgs/smach_msgs/msg/rosidl_generator_c__visibility_control.h
[0.617s] -- Up-to-date symlink: /home/aaa/robot/ros2_ws/install/smach_msgs/include/smach_msgs/smach_msgs/msg/smach_container_initial_status_cmd.h
[0.617s] -- Up-to-date symlink: /home/aaa/robot/ros2_ws/install/smach_msgs/include/smach_msgs/smach_msgs/msg/smach_container_status.h
[0.617s] -- Up-to-date symlink: /home/aaa/robot/ros2_ws/install/smach_msgs/include/smach_msgs/smach_msgs/msg/smach_container_structure.h
[0.618s] -- Up-to-date symlink: /home/aaa/robot/ros2_ws/install/smach_msgs/share/smach_msgs/environment/library_path.sh
[0.619s] -- Up-to-date symlink: /home/aaa/robot/ros2_ws/install/smach_msgs/share/smach_msgs/environment/library_path.dsv
[0.619s] -- Up-to-date symlink: /home/aaa/robot/ros2_ws/install/smach_msgs/include/smach_msgs/smach_msgs/msg/detail/smach_container_initial_status_cmd__rosidl_typesupport_fastrtps_c.h
[0.619s] -- Up-to-date symlink: /home/aaa/robot/ros2_ws/install/smach_msgs/include/smach_msgs/smach_msgs/msg/detail/smach_container_status__rosidl_typesupport_fastrtps_c.h
[0.619s] -- Up-to-date symlink: /home/aaa/robot/ros2_ws/install/smach_msgs/include/smach_msgs/smach_msgs/msg/detail/smach_container_structure__rosidl_typesupport_fastrtps_c.h
[0.619s] -- Up-to-date symlink: /home/aaa/robot/ros2_ws/install/smach_msgs/include/smach_msgs/smach_msgs/msg/rosidl_typesupport_fastrtps_c__visibility_control.h
[0.620s] -- Up-to-date symlink: /home/aaa/robot/ros2_ws/install/smach_msgs/include/smach_msgs/smach_msgs/msg/detail/smach_container_initial_status_cmd__builder.hpp
[0.620s] -- Up-to-date symlink: /home/aaa/robot/ros2_ws/install/smach_msgs/include/smach_msgs/smach_msgs/msg/detail/smach_container_initial_status_cmd__struct.hpp
[0.620s] -- Up-to-date symlink: /home/aaa/robot/ros2_ws/install/smach_msgs/include/smach_msgs/smach_msgs/msg/detail/smach_container_initial_status_cmd__traits.hpp
[0.620s] -- Up-to-date symlink: /home/aaa/robot/ros2_ws/install/smach_msgs/include/smach_msgs/smach_msgs/msg/detail/smach_container_initial_status_cmd__type_support.hpp
[0.620s] -- Up-to-date symlink: /home/aaa/robot/ros2_ws/install/smach_msgs/include/smach_msgs/smach_msgs/msg/detail/smach_container_status__builder.hpp
[0.620s] -- Up-to-date symlink: /home/aaa/robot/ros2_ws/install/smach_msgs/include/smach_msgs/smach_msgs/msg/detail/smach_container_status__struct.hpp
[0.620s] -- Up-to-date symlink: /home/aaa/robot/ros2_ws/install/smach_msgs/include/smach_msgs/smach_msgs/msg/detail/smach_container_status__traits.hpp
[0.620s] -- Up-to-date symlink: /home/aaa/robot/ros2_ws/install/smach_msgs/include/smach_msgs/smach_msgs/msg/detail/smach_container_status__type_support.hpp
[0.620s] -- Up-to-date symlink: /home/aaa/robot/ros2_ws/install/smach_msgs/include/smach_msgs/smach_msgs/msg/detail/smach_container_structure__builder.hpp
[0.620s] -- Up-to-date symlink: /home/aaa/robot/ros2_ws/install/smach_msgs/include/smach_msgs/smach_msgs/msg/detail/smach_container_structure__struct.hpp
[0.620s] -- Up-to-date symlink: /home/aaa/robot/ros2_ws/install/smach_msgs/include/smach_msgs/smach_msgs/msg/detail/smach_container_structure__traits.hpp
[0.621s] -- Up-to-date symlink: /home/aaa/robot/ros2_ws/install/smach_msgs/include/smach_msgs/smach_msgs/msg/detail/smach_container_structure__type_support.hpp
[0.621s] -- Up-to-date symlink: /home/aaa/robot/ros2_ws/install/smach_msgs/include/smach_msgs/smach_msgs/msg/rosidl_generator_cpp__visibility_control.hpp
[0.621s] -- Up-to-date symlink: /home/aaa/robot/ros2_ws/install/smach_msgs/include/smach_msgs/smach_msgs/msg/smach_container_initial_status_cmd.hpp
[0.628s] -- Up-to-date symlink: /home/aaa/robot/ros2_ws/install/smach_msgs/include/smach_msgs/smach_msgs/msg/smach_container_status.hpp
[0.628s] -- Up-to-date symlink: /home/aaa/robot/ros2_ws/install/smach_msgs/include/smach_msgs/smach_msgs/msg/smach_container_structure.hpp
[0.628s] -- Up-to-date symlink: /home/aaa/robot/ros2_ws/install/smach_msgs/include/smach_msgs/smach_msgs/msg/detail/smach_container_initial_status_cmd__rosidl_typesupport_fastrtps_cpp.hpp
[0.629s] -- Up-to-date symlink: /home/aaa/robot/ros2_ws/install/smach_msgs/include/smach_msgs/smach_msgs/msg/detail/smach_container_status__rosidl_typesupport_fastrtps_cpp.hpp
[0.629s] -- Up-to-date symlink: /home/aaa/robot/ros2_ws/install/smach_msgs/include/smach_msgs/smach_msgs/msg/detail/smach_container_structure__rosidl_typesupport_fastrtps_cpp.hpp
[0.629s] -- Up-to-date symlink: /home/aaa/robot/ros2_ws/install/smach_msgs/include/smach_msgs/smach_msgs/msg/rosidl_typesupport_fastrtps_cpp__visibility_control.h
[0.629s] -- Up-to-date symlink: /home/aaa/robot/ros2_ws/install/smach_msgs/include/smach_msgs/smach_msgs/msg/detail/smach_container_initial_status_cmd__rosidl_typesupport_introspection_c.h
[0.629s] -- Up-to-date symlink: /home/aaa/robot/ros2_ws/install/smach_msgs/include/smach_msgs/smach_msgs/msg/detail/smach_container_status__rosidl_typesupport_introspection_c.h
[0.631s] -- Up-to-date symlink: /home/aaa/robot/ros2_ws/install/smach_msgs/include/smach_msgs/smach_msgs/msg/detail/smach_container_structure__rosidl_typesupport_introspection_c.h
[0.631s] -- Up-to-date symlink: /home/aaa/robot/ros2_ws/install/smach_msgs/include/smach_msgs/smach_msgs/msg/rosidl_typesupport_introspection_c__visibility_control.h
[0.631s] -- Up-to-date symlink: /home/aaa/robot/ros2_ws/install/smach_msgs/include/smach_msgs/smach_msgs/msg/detail/smach_container_initial_status_cmd__rosidl_typesupport_introspection_cpp.hpp
[0.631s] -- Up-to-date symlink: /home/aaa/robot/ros2_ws/install/smach_msgs/include/smach_msgs/smach_msgs/msg/detail/smach_container_status__rosidl_typesupport_introspection_cpp.hpp
[0.631s] -- Up-to-date symlink: /home/aaa/robot/ros2_ws/install/smach_msgs/include/smach_msgs/smach_msgs/msg/detail/smach_container_structure__rosidl_typesupport_introspection_cpp.hpp
[0.631s] -- Up-to-date symlink: /home/aaa/robot/ros2_ws/install/smach_msgs/share/smach_msgs/environment/pythonpath.sh
[0.631s] -- Up-to-date symlink: /home/aaa/robot/ros2_ws/install/smach_msgs/share/smach_msgs/environment/pythonpath.dsv
[0.631s] -- Up-to-date symlink: /home/aaa/robot/ros2_ws/install/smach_msgs/local/lib/python3.10/dist-packages/smach_msgs-3.0.3-py3.10.egg-info/PKG-INFO
[0.631s] -- Up-to-date symlink: /home/aaa/robot/ros2_ws/install/smach_msgs/local/lib/python3.10/dist-packages/smach_msgs-3.0.3-py3.10.egg-info/SOURCES.txt
[0.631s] -- Up-to-date symlink: /home/aaa/robot/ros2_ws/install/smach_msgs/local/lib/python3.10/dist-packages/smach_msgs-3.0.3-py3.10.egg-info/dependency_links.txt
[0.631s] -- Up-to-date symlink: /home/aaa/robot/ros2_ws/install/smach_msgs/local/lib/python3.10/dist-packages/smach_msgs-3.0.3-py3.10.egg-info/top_level.txt
[0.631s] -- Up-to-date symlink: /home/aaa/robot/ros2_ws/install/smach_msgs/local/lib/python3.10/dist-packages/smach_msgs/__init__.py
[0.631s] -- Up-to-date symlink: /home/aaa/robot/ros2_ws/install/smach_msgs/local/lib/python3.10/dist-packages/smach_msgs/_smach_msgs_s.ep.rosidl_typesupport_c.c
[0.631s] -- Up-to-date symlink: /home/aaa/robot/ros2_ws/install/smach_msgs/local/lib/python3.10/dist-packages/smach_msgs/_smach_msgs_s.ep.rosidl_typesupport_fastrtps_c.c
[0.631s] -- Up-to-date symlink: /home/aaa/robot/ros2_ws/install/smach_msgs/local/lib/python3.10/dist-packages/smach_msgs/_smach_msgs_s.ep.rosidl_typesupport_introspection_c.c
[0.631s] -- Up-to-date symlink: /home/aaa/robot/ros2_ws/install/smach_msgs/local/lib/python3.10/dist-packages/smach_msgs/libsmach_msgs__rosidl_generator_py.so
[0.631s] -- Up-to-date symlink: /home/aaa/robot/ros2_ws/install/smach_msgs/local/lib/python3.10/dist-packages/smach_msgs/msg/__init__.py
[0.631s] -- Up-to-date symlink: /home/aaa/robot/ros2_ws/install/smach_msgs/local/lib/python3.10/dist-packages/smach_msgs/msg/_smach_container_initial_status_cmd.py
[0.631s] -- Up-to-date symlink: /home/aaa/robot/ros2_ws/install/smach_msgs/local/lib/python3.10/dist-packages/smach_msgs/msg/_smach_container_initial_status_cmd_s.c
[0.631s] -- Up-to-date symlink: /home/aaa/robot/ros2_ws/install/smach_msgs/local/lib/python3.10/dist-packages/smach_msgs/msg/_smach_container_status.py
[0.631s] -- Up-to-date symlink: /home/aaa/robot/ros2_ws/install/smach_msgs/local/lib/python3.10/dist-packages/smach_msgs/msg/_smach_container_status_s.c
[0.631s] -- Up-to-date symlink: /home/aaa/robot/ros2_ws/install/smach_msgs/local/lib/python3.10/dist-packages/smach_msgs/msg/_smach_container_structure.py
[0.631s] -- Up-to-date symlink: /home/aaa/robot/ros2_ws/install/smach_msgs/local/lib/python3.10/dist-packages/smach_msgs/msg/_smach_container_structure_s.c
[0.631s] -- Up-to-date symlink: /home/aaa/robot/ros2_ws/install/smach_msgs/local/lib/python3.10/dist-packages/smach_msgs/smach_msgs_s__rosidl_typesupport_c.cpython-310-aarch64-linux-gnu.so
[0.631s] -- Up-to-date symlink: /home/aaa/robot/ros2_ws/install/smach_msgs/local/lib/python3.10/dist-packages/smach_msgs/smach_msgs_s__rosidl_typesupport_fastrtps_c.cpython-310-aarch64-linux-gnu.so
[0.631s] -- Up-to-date symlink: /home/aaa/robot/ros2_ws/install/smach_msgs/local/lib/python3.10/dist-packages/smach_msgs/smach_msgs_s__rosidl_typesupport_introspection_c.cpython-310-aarch64-linux-gnu.so
[0.632s] -- Up-to-date symlink: /home/aaa/robot/ros2_ws/install/smach_msgs/local/lib/python3.10/dist-packages/smach_msgs/smach_msgs_s__rosidl_typesupport_fastrtps_c.cpython-310-aarch64-linux-gnu.so
[0.632s] -- Up-to-date symlink: /home/aaa/robot/ros2_ws/install/smach_msgs/local/lib/python3.10/dist-packages/smach_msgs/smach_msgs_s__rosidl_typesupport_introspection_c.cpython-310-aarch64-linux-gnu.so
[0.632s] -- Up-to-date symlink: /home/aaa/robot/ros2_ws/install/smach_msgs/local/lib/python3.10/dist-packages/smach_msgs/smach_msgs_s__rosidl_typesupport_c.cpython-310-aarch64-linux-gnu.so
[0.632s] -- Up-to-date symlink: /home/aaa/robot/ros2_ws/install/smach_msgs/share/smach_msgs/msg/SmachContainerInitialStatusCmd.idl
[0.632s] -- Up-to-date symlink: /home/aaa/robot/ros2_ws/install/smach_msgs/share/smach_msgs/msg/SmachContainerStructure.idl
[0.635s] -- Up-to-date symlink: /home/aaa/robot/ros2_ws/install/smach_msgs/share/smach_msgs/msg/SmachContainerStatus.idl
[0.635s] -- Up-to-date symlink: /home/aaa/robot/ros2_ws/install/smach_msgs/share/smach_msgs/msg/SmachContainerInitialStatusCmd.msg
[0.635s] -- Up-to-date symlink: /home/aaa/robot/ros2_ws/install/smach_msgs/share/smach_msgs/msg/SmachContainerStructure.msg
[0.635s] -- Up-to-date symlink: /home/aaa/robot/ros2_ws/install/smach_msgs/share/smach_msgs/msg/SmachContainerStatus.msg
[0.635s] -- Up-to-date symlink: /home/aaa/robot/ros2_ws/install/smach_msgs/share/ament_index/resource_index/package_run_dependencies/smach_msgs
[0.635s] -- Up-to-date symlink: /home/aaa/robot/ros2_ws/install/smach_msgs/share/ament_index/resource_index/parent_prefix_path/smach_msgs
[0.635s] -- Up-to-date symlink: /home/aaa/robot/ros2_ws/install/smach_msgs/share/smach_msgs/environment/ament_prefix_path.sh
[0.635s] -- Up-to-date symlink: /home/aaa/robot/ros2_ws/install/smach_msgs/share/smach_msgs/environment/ament_prefix_path.dsv
[0.635s] -- Up-to-date symlink: /home/aaa/robot/ros2_ws/install/smach_msgs/share/smach_msgs/environment/path.sh
[0.635s] -- Up-to-date symlink: /home/aaa/robot/ros2_ws/install/smach_msgs/share/smach_msgs/environment/path.dsv
[0.636s] -- Up-to-date symlink: /home/aaa/robot/ros2_ws/install/smach_msgs/share/smach_msgs/local_setup.bash
[0.636s] -- Up-to-date symlink: /home/aaa/robot/ros2_ws/install/smach_msgs/share/smach_msgs/local_setup.sh
[0.636s] -- Up-to-date symlink: /home/aaa/robot/ros2_ws/install/smach_msgs/share/smach_msgs/local_setup.zsh
[0.636s] -- Up-to-date symlink: /home/aaa/robot/ros2_ws/install/smach_msgs/share/smach_msgs/local_setup.dsv
[0.636s] -- Symlinking: /home/aaa/robot/ros2_ws/install/smach_msgs/share/smach_msgs/package.dsv
[0.651s] -- Up-to-date symlink: /home/aaa/robot/ros2_ws/install/smach_msgs/share/ament_index/resource_index/packages/smach_msgs
[0.651s] -- Up-to-date symlink: /home/aaa/robot/ros2_ws/install/smach_msgs/share/smach_msgs/cmake/rosidl_cmake-extras.cmake
[0.651s] -- Up-to-date symlink: /home/aaa/robot/ros2_ws/install/smach_msgs/share/smach_msgs/cmake/ament_cmake_export_dependencies-extras.cmake
[0.651s] -- Up-to-date symlink: /home/aaa/robot/ros2_ws/install/smach_msgs/share/smach_msgs/cmake/ament_cmake_export_include_directories-extras.cmake
[0.652s] -- Up-to-date symlink: /home/aaa/robot/ros2_ws/install/smach_msgs/share/smach_msgs/cmake/ament_cmake_export_libraries-extras.cmake
[0.652s] -- Up-to-date symlink: /home/aaa/robot/ros2_ws/install/smach_msgs/share/smach_msgs/cmake/ament_cmake_export_targets-extras.cmake
[0.652s] -- Up-to-date symlink: /home/aaa/robot/ros2_ws/install/smach_msgs/share/smach_msgs/cmake/rosidl_cmake_export_typesupport_targets-extras.cmake
[0.652s] -- Up-to-date symlink: /home/aaa/robot/ros2_ws/install/smach_msgs/share/smach_msgs/cmake/rosidl_cmake_export_typesupport_libraries-extras.cmake
[0.652s] -- Up-to-date symlink: /home/aaa/robot/ros2_ws/install/smach_msgs/share/smach_msgs/cmake/smach_msgsConfig.cmake
[0.652s] -- Up-to-date symlink: /home/aaa/robot/ros2_ws/install/smach_msgs/share/smach_msgs/cmake/smach_msgsConfig-version.cmake
[0.652s] -- Up-to-date symlink: /home/aaa/robot/ros2_ws/install/smach_msgs/share/smach_msgs/package.xml
[0.653s] -- Up-to-date: /home/aaa/robot/ros2_ws/install/smach_msgs/lib/libsmach_msgs__rosidl_generator_c.so
[0.653s] -- Up-to-date: /home/aaa/robot/ros2_ws/install/smach_msgs/lib/libsmach_msgs__rosidl_typesupport_fastrtps_c.so
[0.653s] -- Up-to-date: /home/aaa/robot/ros2_ws/install/smach_msgs/lib/libsmach_msgs__rosidl_typesupport_fastrtps_cpp.so
[0.653s] -- Up-to-date: /home/aaa/robot/ros2_ws/install/smach_msgs/lib/libsmach_msgs__rosidl_typesupport_introspection_c.so
[0.653s] -- Up-to-date: /home/aaa/robot/ros2_ws/install/smach_msgs/lib/libsmach_msgs__rosidl_typesupport_c.so
[0.653s] -- Up-to-date: /home/aaa/robot/ros2_ws/install/smach_msgs/lib/libsmach_msgs__rosidl_typesupport_introspection_cpp.so
[0.653s] -- Up-to-date: /home/aaa/robot/ros2_ws/install/smach_msgs/lib/libsmach_msgs__rosidl_typesupport_cpp.so
[0.670s] Listing '/home/aaa/robot/ros2_ws/install/smach_msgs/local/lib/python3.10/dist-packages/smach_msgs'...
[0.670s] Listing '/home/aaa/robot/ros2_ws/install/smach_msgs/local/lib/python3.10/dist-packages/smach_msgs/msg'...
[0.673s] -- Up-to-date: /home/aaa/robot/ros2_ws/install/smach_msgs/lib/libsmach_msgs__rosidl_generator_py.so
[0.676s] -- Up-to-date: /home/aaa/robot/ros2_ws/install/smach_msgs/share/smach_msgs/cmake/export_smach_msgs__rosidl_generator_cExport.cmake
[0.676s] -- Up-to-date: /home/aaa/robot/ros2_ws/install/smach_msgs/share/smach_msgs/cmake/export_smach_msgs__rosidl_generator_cExport-noconfig.cmake
[0.676s] -- Up-to-date: /home/aaa/robot/ros2_ws/install/smach_msgs/share/smach_msgs/cmake/export_smach_msgs__rosidl_typesupport_fastrtps_cExport.cmake
[0.676s] -- Up-to-date: /home/aaa/robot/ros2_ws/install/smach_msgs/share/smach_msgs/cmake/export_smach_msgs__rosidl_typesupport_fastrtps_cExport-noconfig.cmake
[0.677s] -- Up-to-date: /home/aaa/robot/ros2_ws/install/smach_msgs/share/smach_msgs/cmake/export_smach_msgs__rosidl_generator_cppExport.cmake
[0.677s] -- Up-to-date: /home/aaa/robot/ros2_ws/install/smach_msgs/share/smach_msgs/cmake/export_smach_msgs__rosidl_typesupport_fastrtps_cppExport.cmake
[0.677s] -- Up-to-date: /home/aaa/robot/ros2_ws/install/smach_msgs/share/smach_msgs/cmake/export_smach_msgs__rosidl_typesupport_fastrtps_cppExport-noconfig.cmake
[0.677s] -- Up-to-date: /home/aaa/robot/ros2_ws/install/smach_msgs/share/smach_msgs/cmake/smach_msgs__rosidl_typesupport_introspection_cExport.cmake
[0.677s] -- Up-to-date: /home/aaa/robot/ros2_ws/install/smach_msgs/share/smach_msgs/cmake/smach_msgs__rosidl_typesupport_introspection_cExport-noconfig.cmake
[0.677s] -- Up-to-date: /home/aaa/robot/ros2_ws/install/smach_msgs/share/smach_msgs/cmake/smach_msgs__rosidl_typesupport_cExport.cmake
[0.677s] -- Up-to-date: /home/aaa/robot/ros2_ws/install/smach_msgs/share/smach_msgs/cmake/smach_msgs__rosidl_typesupport_cExport-noconfig.cmake
[0.677s] -- Up-to-date: /home/aaa/robot/ros2_ws/install/smach_msgs/share/smach_msgs/cmake/smach_msgs__rosidl_typesupport_introspection_cppExport.cmake
[0.677s] -- Up-to-date: /home/aaa/robot/ros2_ws/install/smach_msgs/share/smach_msgs/cmake/smach_msgs__rosidl_typesupport_introspection_cppExport-noconfig.cmake
[0.677s] -- Up-to-date: /home/aaa/robot/ros2_ws/install/smach_msgs/share/smach_msgs/cmake/smach_msgs__rosidl_typesupport_cppExport.cmake
[0.677s] -- Up-to-date: /home/aaa/robot/ros2_ws/install/smach_msgs/share/smach_msgs/cmake/smach_msgs__rosidl_typesupport_cppExport-noconfig.cmake
[0.677s] -- Up-to-date: /home/aaa/robot/ros2_ws/install/smach_msgs/share/smach_msgs/cmake/export_smach_msgs__rosidl_generator_pyExport.cmake
[0.678s] -- Up-to-date: /home/aaa/robot/ros2_ws/install/smach_msgs/share/smach_msgs/cmake/export_smach_msgs__rosidl_generator_pyExport-noconfig.cmake
[0.681s] Invoked command in '/home/aaa/robot/ros2_ws/build/smach_msgs' returned '0': CMAKE_PREFIX_PATH=${CMAKE_PREFIX_PATH}:/home/aaa/robot/ros2_ws/install/smach_ros:/home/aaa/robot/ros2_ws/install/smach_demo:/home/aaa/robot/ros2_ws/install/smach:/home/aaa/robot/ros2_ws/install/mj_bridge:/home/aaa/robot/ros2_ws/src/install/smach_demo:/home/aaa/robot/ros2_ws/src/install/mj_bridge:/opt/ros/humble PS1=(mj) \[\e]0;\u@\h: \w\a\]${debian_chroot:+($debian_chroot)}\[\033[01;32m\]\u@\h\[\033[00m\]:\[\033[01;34m\]\w\[\033[00m\]\$ VIRTUAL_ENV_PROMPT=(mj) /usr/bin/cmake --install /home/aaa/robot/ros2_ws/build/smach_msgs
