[0.154s] Invoking command in '/home/aaa/robot/ros2_ws/build/panda_pick': CMAKE_PREFIX_PATH=${CMAKE_PREFIX_PATH}:/home/aaa/robot/ros2_ws/install/smach_ros:/home/aaa/robot/ros2_ws/install/smach_demo:/home/aaa/robot/ros2_ws/install/smach:/home/aaa/robot/ros2_ws/install/mj_bridge:/opt/ros/humble /usr/bin/cmake --build /home/aaa/robot/ros2_ws/build/panda_pick -- -j2 -l2
[0.441s] [ 50%] [32mBuilding CXX object CMakeFiles/cpp_pick_node.dir/src/cpp_pick_node.cpp.o[0m
[7.467s] [100%] [32m[1mLinking CXX executable cpp_pick_node[0m
[7.853s] [100%] Built target cpp_pick_node
[7.882s] Invoked command in '/home/aaa/robot/ros2_ws/build/panda_pick' returned '0': CMAKE_PREFIX_PATH=${CMAKE_PREFIX_PATH}:/home/aaa/robot/ros2_ws/install/smach_ros:/home/aaa/robot/ros2_ws/install/smach_demo:/home/aaa/robot/ros2_ws/install/smach:/home/aaa/robot/ros2_ws/install/mj_bridge:/opt/ros/humble /usr/bin/cmake --build /home/aaa/robot/ros2_ws/build/panda_pick -- -j2 -l2
[7.891s] Invoking command in '/home/aaa/robot/ros2_ws/build/panda_pick': CMAKE_PREFIX_PATH=${CMAKE_PREFIX_PATH}:/home/aaa/robot/ros2_ws/install/smach_ros:/home/aaa/robot/ros2_ws/install/smach_demo:/home/aaa/robot/ros2_ws/install/smach:/home/aaa/robot/ros2_ws/install/mj_bridge:/opt/ros/humble /usr/bin/cmake --install /home/aaa/robot/ros2_ws/build/panda_pick
[7.897s] -- Install configuration: ""
[7.898s] -- Installing: /home/aaa/robot/ros2_ws/install/panda_pick/lib/panda_pick/cpp_pick_node
[7.899s] -- Set runtime path of "/home/aaa/robot/ros2_ws/install/panda_pick/lib/panda_pick/cpp_pick_node" to ""
[7.899s] -- Up-to-date: /home/aaa/robot/ros2_ws/install/panda_pick/share/panda_pick/launch
[7.900s] -- Up-to-date: /home/aaa/robot/ros2_ws/install/panda_pick/share/panda_pick/launch/demo.launch1.py
[7.900s] -- Up-to-date: /home/aaa/robot/ros2_ws/install/panda_pick/share/panda_pick/launch/cpp_node.launch.py
[7.900s] -- Up-to-date: /home/aaa/robot/ros2_ws/install/panda_pick/share/panda_pick/launch/__pycache__
[7.900s] -- Installing: /home/aaa/robot/ros2_ws/install/panda_pick/share/panda_pick/launch/__pycache__/demo.launch1.cpython-310.pyc
[7.900s] -- Up-to-date: /home/aaa/robot/ros2_ws/install/panda_pick/share/panda_pick/config
[7.901s] -- Up-to-date: /home/aaa/robot/ros2_ws/install/panda_pick/share/panda_pick/config/ros2_controllers.yaml
[7.901s] -- Up-to-date: /home/aaa/robot/ros2_ws/install/panda_pick/share/panda_pick/config/moveit_controllers.yaml
[7.902s] -- Up-to-date: /home/aaa/robot/ros2_ws/install/panda_pick/share/ament_index/resource_index/package_run_dependencies/panda_pick
[7.902s] -- Up-to-date: /home/aaa/robot/ros2_ws/install/panda_pick/share/ament_index/resource_index/parent_prefix_path/panda_pick
[7.902s] -- Up-to-date: /home/aaa/robot/ros2_ws/install/panda_pick/share/panda_pick/environment/ament_prefix_path.sh
[7.902s] -- Up-to-date: /home/aaa/robot/ros2_ws/install/panda_pick/share/panda_pick/environment/ament_prefix_path.dsv
[7.902s] -- Up-to-date: /home/aaa/robot/ros2_ws/install/panda_pick/share/panda_pick/environment/path.sh
[7.902s] -- Up-to-date: /home/aaa/robot/ros2_ws/install/panda_pick/share/panda_pick/environment/path.dsv
[7.902s] -- Up-to-date: /home/aaa/robot/ros2_ws/install/panda_pick/share/panda_pick/local_setup.bash
[7.902s] -- Up-to-date: /home/aaa/robot/ros2_ws/install/panda_pick/share/panda_pick/local_setup.sh
[7.902s] -- Up-to-date: /home/aaa/robot/ros2_ws/install/panda_pick/share/panda_pick/local_setup.zsh
[7.902s] -- Up-to-date: /home/aaa/robot/ros2_ws/install/panda_pick/share/panda_pick/local_setup.dsv
[7.902s] -- Installing: /home/aaa/robot/ros2_ws/install/panda_pick/share/panda_pick/package.dsv
[7.902s] -- Up-to-date: /home/aaa/robot/ros2_ws/install/panda_pick/share/ament_index/resource_index/packages/panda_pick
[7.902s] -- Up-to-date: /home/aaa/robot/ros2_ws/install/panda_pick/share/panda_pick/cmake/panda_pickConfig.cmake
[7.902s] -- Up-to-date: /home/aaa/robot/ros2_ws/install/panda_pick/share/panda_pick/cmake/panda_pickConfig-version.cmake
[7.902s] -- Up-to-date: /home/aaa/robot/ros2_ws/install/panda_pick/share/panda_pick/package.xml
[7.906s] Invoked command in '/home/aaa/robot/ros2_ws/build/panda_pick' returned '0': CMAKE_PREFIX_PATH=${CMAKE_PREFIX_PATH}:/home/aaa/robot/ros2_ws/install/smach_ros:/home/aaa/robot/ros2_ws/install/smach_demo:/home/aaa/robot/ros2_ws/install/smach:/home/aaa/robot/ros2_ws/install/mj_bridge:/opt/ros/humble /usr/bin/cmake --install /home/aaa/robot/ros2_ws/build/panda_pick
