/home/aaa/robot/ros2_ws/src/install/mj_bridge/lib/python3.10/site-packages/mj_bridge/pick1.py
/home/aaa/robot/ros2_ws/src/install/mj_bridge/lib/python3.10/site-packages/mj_bridge/vlm_node2.py
/home/aaa/robot/ros2_ws/src/install/mj_bridge/lib/python3.10/site-packages/mj_bridge/virtual_camera.py
/home/aaa/robot/ros2_ws/src/install/mj_bridge/lib/python3.10/site-packages/mj_bridge/vlm_node.py
/home/aaa/robot/ros2_ws/src/install/mj_bridge/lib/python3.10/site-packages/mj_bridge/__init__.py
/home/aaa/robot/ros2_ws/src/install/mj_bridge/lib/python3.10/site-packages/mj_bridge/yolo_sam.py
/home/aaa/robot/ros2_ws/src/install/mj_bridge/lib/python3.10/site-packages/mj_bridge/mj_bridge2.py
/home/aaa/robot/ros2_ws/src/install/mj_bridge/lib/python3.10/site-packages/mj_bridge/mj_bridge3.py
/home/aaa/robot/ros2_ws/src/install/mj_bridge/lib/python3.10/site-packages/mj_bridge/mj_bridge.py
/home/aaa/robot/ros2_ws/src/install/mj_bridge/lib/python3.10/site-packages/mj_bridge/test_panda.py
/home/aaa/robot/ros2_ws/src/install/mj_bridge/lib/python3.10/site-packages/mj_bridge/__pycache__/pick1.cpython-310.pyc
/home/aaa/robot/ros2_ws/src/install/mj_bridge/lib/python3.10/site-packages/mj_bridge/__pycache__/vlm_node2.cpython-310.pyc
/home/aaa/robot/ros2_ws/src/install/mj_bridge/lib/python3.10/site-packages/mj_bridge/__pycache__/virtual_camera.cpython-310.pyc
/home/aaa/robot/ros2_ws/src/install/mj_bridge/lib/python3.10/site-packages/mj_bridge/__pycache__/vlm_node.cpython-310.pyc
/home/aaa/robot/ros2_ws/src/install/mj_bridge/lib/python3.10/site-packages/mj_bridge/__pycache__/__init__.cpython-310.pyc
/home/aaa/robot/ros2_ws/src/install/mj_bridge/lib/python3.10/site-packages/mj_bridge/__pycache__/yolo_sam.cpython-310.pyc
/home/aaa/robot/ros2_ws/src/install/mj_bridge/lib/python3.10/site-packages/mj_bridge/__pycache__/mj_bridge2.cpython-310.pyc
/home/aaa/robot/ros2_ws/src/install/mj_bridge/lib/python3.10/site-packages/mj_bridge/__pycache__/mj_bridge3.cpython-310.pyc
/home/aaa/robot/ros2_ws/src/install/mj_bridge/lib/python3.10/site-packages/mj_bridge/__pycache__/mj_bridge.cpython-310.pyc
/home/aaa/robot/ros2_ws/src/install/mj_bridge/lib/python3.10/site-packages/mj_bridge/__pycache__/test_panda.cpython-310.pyc
/home/aaa/robot/ros2_ws/src/install/mj_bridge/share/ament_index/resource_index/packages/mj_bridge
/home/aaa/robot/ros2_ws/src/install/mj_bridge/share/mj_bridge/package.xml
/home/aaa/robot/ros2_ws/src/install/mj_bridge/lib/python3.10/site-packages/mj_bridge-0.0.0-py3.10.egg-info/requires.txt
/home/aaa/robot/ros2_ws/src/install/mj_bridge/lib/python3.10/site-packages/mj_bridge-0.0.0-py3.10.egg-info/zip-safe
/home/aaa/robot/ros2_ws/src/install/mj_bridge/lib/python3.10/site-packages/mj_bridge-0.0.0-py3.10.egg-info/top_level.txt
/home/aaa/robot/ros2_ws/src/install/mj_bridge/lib/python3.10/site-packages/mj_bridge-0.0.0-py3.10.egg-info/PKG-INFO
/home/aaa/robot/ros2_ws/src/install/mj_bridge/lib/python3.10/site-packages/mj_bridge-0.0.0-py3.10.egg-info/dependency_links.txt
/home/aaa/robot/ros2_ws/src/install/mj_bridge/lib/python3.10/site-packages/mj_bridge-0.0.0-py3.10.egg-info/entry_points.txt
/home/aaa/robot/ros2_ws/src/install/mj_bridge/lib/python3.10/site-packages/mj_bridge-0.0.0-py3.10.egg-info/SOURCES.txt
/home/aaa/robot/ros2_ws/src/install/mj_bridge/lib/mj_bridge/mj_bridge
/home/aaa/robot/ros2_ws/src/install/mj_bridge/lib/mj_bridge/pick_and_place
