running egg_info
writing ../build/mj_bridge/mj_bridge.egg-info/PKG-INFO
writing dependency_links to ../build/mj_bridge/mj_bridge.egg-info/dependency_links.txt
writing entry points to ../build/mj_bridge/mj_bridge.egg-info/entry_points.txt
writing requirements to ../build/mj_bridge/mj_bridge.egg-info/requires.txt
writing top-level names to ../build/mj_bridge/mj_bridge.egg-info/top_level.txt
reading manifest file '../build/mj_bridge/mj_bridge.egg-info/SOURCES.txt'
writing manifest file '../build/mj_bridge/mj_bridge.egg-info/SOURCES.txt'
running build
running build_py
running install
running install_lib
running install_data
copying package.xml -> /home/aaa/robot/ros2_ws/src/install/mj_bridge/share/mj_bridge
running install_egg_info
removing '/home/aaa/robot/ros2_ws/src/install/mj_bridge/lib/python3.10/site-packages/mj_bridge-0.0.0-py3.10.egg-info' (and everything under it)
Copying ../build/mj_bridge/mj_bridge.egg-info to /home/aaa/robot/ros2_ws/src/install/mj_bridge/lib/python3.10/site-packages/mj_bridge-0.0.0-py3.10.egg-info
running install_scripts
Installing mj_bridge script to /home/aaa/robot/ros2_ws/src/install/mj_bridge/lib/mj_bridge
Installing pick_and_place script to /home/aaa/robot/ros2_ws/src/install/mj_bridge/lib/mj_bridge
writing list of installed files to '/home/aaa/robot/ros2_ws/src/build/mj_bridge/install.log'
