[1.957s] Invoking command in '/home/aaa/robot/ros2_ws/build/smach': PYTHONPATH=/home/aaa/robot/ros2_ws/build/smach/prefix_override:/usr/lib/python3/dist-packages/colcon_core/task/python/colcon_distutils_commands:/home/aaa/robot/ros2_ws/install/smach/lib/python3.10/site-packages:${PYTHONPATH} /usr/bin/python3 -W ignore:setup.py install is deprecated -W ignore:easy_install command is deprecated setup.py develop --uninstall --editable --build-directory /home/aaa/robot/ros2_ws/build/smach/build
[2.494s] /usr/lib/python3/dist-packages/setuptools/dist.py:723: UserWarning: Usage of dash-separated 'script-dir' will not be supported in future versions. Please use the underscore name 'script_dir' instead
[2.494s]   warnings.warn(
[2.509s] running develop
[2.869s] Removing /home/aaa/robot/ros2_ws/install/smach/lib/python3.10/site-packages/smach.egg-link (link to .)
[2.975s] Invoked command in '/home/aaa/robot/ros2_ws/build/smach' returned '0': PYTHONPATH=/home/aaa/robot/ros2_ws/build/smach/prefix_override:/usr/lib/python3/dist-packages/colcon_core/task/python/colcon_distutils_commands:/home/aaa/robot/ros2_ws/install/smach/lib/python3.10/site-packages:${PYTHONPATH} /usr/bin/python3 -W ignore:setup.py install is deprecated -W ignore:easy_install command is deprecated setup.py develop --uninstall --editable --build-directory /home/aaa/robot/ros2_ws/build/smach/build
[2.981s] Invoking command in '/home/aaa/robot/ros2_ws/executive_smach/smach': PYTHONPATH=/home/aaa/robot/ros2_ws/build/smach/prefix_override:/usr/lib/python3/dist-packages/colcon_core/task/python/colcon_distutils_commands:/home/aaa/robot/ros2_ws/install/smach/lib/python3.10/site-packages:${PYTHONPATH} /usr/bin/python3 -W ignore:setup.py install is deprecated -W ignore:easy_install command is deprecated setup.py egg_info --egg-base ../../build/smach build --build-base /home/aaa/robot/ros2_ws/build/smach/build install --record /home/aaa/robot/ros2_ws/build/smach/install.log --install-scripts $base/lib/smach --single-version-externally-managed install_data --force
[3.713s] /usr/lib/python3/dist-packages/setuptools/dist.py:723: UserWarning: Usage of dash-separated 'script-dir' will not be supported in future versions. Please use the underscore name 'script_dir' instead
[3.713s]   warnings.warn(
[3.730s] running egg_info
[3.731s] writing ../../build/smach/smach.egg-info/PKG-INFO
[3.733s] /usr/lib/python3/dist-packages/setuptools/dist.py:157: UserWarning: newlines not allowed and will break in the future
[3.733s]   warnings.warn("newlines not allowed and will break in the future")
[3.733s] writing dependency_links to ../../build/smach/smach.egg-info/dependency_links.txt
[3.734s] writing requirements to ../../build/smach/smach.egg-info/requires.txt
[3.734s] writing top-level names to ../../build/smach/smach.egg-info/top_level.txt
[3.742s] reading manifest file '../../build/smach/smach.egg-info/SOURCES.txt'
[3.744s] writing manifest file '../../build/smach/smach.egg-info/SOURCES.txt'
[3.744s] running build
[3.744s] running build_py
[3.745s] running install
[3.745s] running install_lib
[3.746s] creating /home/aaa/robot/ros2_ws/install/smach/lib/python3.10/site-packages/smach
[3.747s] copying /home/aaa/robot/ros2_ws/build/smach/build/lib/smach/user_data.py -> /home/aaa/robot/ros2_ws/install/smach/lib/python3.10/site-packages/smach
[3.748s] copying /home/aaa/robot/ros2_ws/build/smach/build/lib/smach/log.py -> /home/aaa/robot/ros2_ws/install/smach/lib/python3.10/site-packages/smach
[3.748s] copying /home/aaa/robot/ros2_ws/build/smach/build/lib/smach/state.py -> /home/aaa/robot/ros2_ws/install/smach/lib/python3.10/site-packages/smach
[3.748s] copying /home/aaa/robot/ros2_ws/build/smach/build/lib/smach/concurrence.py -> /home/aaa/robot/ros2_ws/install/smach/lib/python3.10/site-packages/smach
[3.749s] copying /home/aaa/robot/ros2_ws/build/smach/build/lib/smach/container.py -> /home/aaa/robot/ros2_ws/install/smach/lib/python3.10/site-packages/smach
[3.749s] copying /home/aaa/robot/ros2_ws/build/smach/build/lib/smach/__init__.py -> /home/aaa/robot/ros2_ws/install/smach/lib/python3.10/site-packages/smach
[3.750s] copying /home/aaa/robot/ros2_ws/build/smach/build/lib/smach/exceptions.py -> /home/aaa/robot/ros2_ws/install/smach/lib/python3.10/site-packages/smach
[3.750s] copying /home/aaa/robot/ros2_ws/build/smach/build/lib/smach/sequence.py -> /home/aaa/robot/ros2_ws/install/smach/lib/python3.10/site-packages/smach
[3.750s] copying /home/aaa/robot/ros2_ws/build/smach/build/lib/smach/util.py -> /home/aaa/robot/ros2_ws/install/smach/lib/python3.10/site-packages/smach
[3.751s] copying /home/aaa/robot/ros2_ws/build/smach/build/lib/smach/iterator.py -> /home/aaa/robot/ros2_ws/install/smach/lib/python3.10/site-packages/smach
[3.761s] copying /home/aaa/robot/ros2_ws/build/smach/build/lib/smach/state_machine.py -> /home/aaa/robot/ros2_ws/install/smach/lib/python3.10/site-packages/smach
[3.766s] byte-compiling /home/aaa/robot/ros2_ws/install/smach/lib/python3.10/site-packages/smach/user_data.py to user_data.cpython-310.pyc
[3.782s] byte-compiling /home/aaa/robot/ros2_ws/install/smach/lib/python3.10/site-packages/smach/log.py to log.cpython-310.pyc
[3.783s] byte-compiling /home/aaa/robot/ros2_ws/install/smach/lib/python3.10/site-packages/smach/state.py to state.cpython-310.pyc
[3.790s] byte-compiling /home/aaa/robot/ros2_ws/install/smach/lib/python3.10/site-packages/smach/concurrence.py to concurrence.cpython-310.pyc
[3.794s] byte-compiling /home/aaa/robot/ros2_ws/install/smach/lib/python3.10/site-packages/smach/container.py to container.cpython-310.pyc
[3.797s] byte-compiling /home/aaa/robot/ros2_ws/install/smach/lib/python3.10/site-packages/smach/__init__.py to __init__.cpython-310.pyc
[3.797s] byte-compiling /home/aaa/robot/ros2_ws/install/smach/lib/python3.10/site-packages/smach/exceptions.py to exceptions.cpython-310.pyc
[3.798s] byte-compiling /home/aaa/robot/ros2_ws/install/smach/lib/python3.10/site-packages/smach/sequence.py to sequence.cpython-310.pyc
[3.798s] byte-compiling /home/aaa/robot/ros2_ws/install/smach/lib/python3.10/site-packages/smach/util.py to util.cpython-310.pyc
[3.799s] byte-compiling /home/aaa/robot/ros2_ws/install/smach/lib/python3.10/site-packages/smach/iterator.py to iterator.cpython-310.pyc
[3.810s] byte-compiling /home/aaa/robot/ros2_ws/install/smach/lib/python3.10/site-packages/smach/state_machine.py to state_machine.cpython-310.pyc
[3.812s] /home/aaa/robot/ros2_ws/install/smach/lib/python3.10/site-packages/smach/state_machine.py:77: SyntaxWarning: "is not" with a literal. Did you mean "!="?
[3.812s]   return {k:v for (k, v) in self.__dict__.items() if k is not "_state_transitioning_lock"}
[3.813s] running install_data
[3.813s] copying resource/smach -> /home/aaa/robot/ros2_ws/install/smach/share/ament_index/resource_index/packages
[3.815s] copying package.xml -> /home/aaa/robot/ros2_ws/install/smach/share/smach
[3.816s] running install_egg_info
[3.817s] Copying ../../build/smach/smach.egg-info to /home/aaa/robot/ros2_ws/install/smach/lib/python3.10/site-packages/smach-3.0.3-py3.10.egg-info
[3.826s] running install_scripts
[3.882s] writing list of installed files to '/home/aaa/robot/ros2_ws/build/smach/install.log'
[4.013s] Invoked command in '/home/aaa/robot/ros2_ws/executive_smach/smach' returned '0': PYTHONPATH=/home/aaa/robot/ros2_ws/build/smach/prefix_override:/usr/lib/python3/dist-packages/colcon_core/task/python/colcon_distutils_commands:/home/aaa/robot/ros2_ws/install/smach/lib/python3.10/site-packages:${PYTHONPATH} /usr/bin/python3 -W ignore:setup.py install is deprecated -W ignore:easy_install command is deprecated setup.py egg_info --egg-base ../../build/smach build --build-base /home/aaa/robot/ros2_ws/build/smach/build install --record /home/aaa/robot/ros2_ws/build/smach/install.log --install-scripts $base/lib/smach --single-version-externally-managed install_data --force
