[1.101s] Invoking command in '/home/aaa/robot/ros2_ws/build/smach_demo': PYTHONPATH=/home/aaa/robot/ros2_ws/build/smach_demo/prefix_override:/usr/lib/python3/dist-packages/colcon_core/task/python/colcon_distutils_commands:/home/aaa/robot/ros2_ws/install/smach_demo/lib/python3.10/site-packages:${PYTHONPATH} /usr/bin/python3 -W ignore:setup.py install is deprecated -W ignore:easy_install command is deprecated setup.py develop --uninstall --editable --build-directory /home/aaa/robot/ros2_ws/build/smach_demo/build
[1.588s] running develop
[1.834s] Removing /home/aaa/robot/ros2_ws/install/smach_demo/lib/python3.10/site-packages/smach-demo.egg-link (link to .)
[1.929s] Invoked command in '/home/aaa/robot/ros2_ws/build/smach_demo' returned '0': PYTHONPATH=/home/aaa/robot/ros2_ws/build/smach_demo/prefix_override:/usr/lib/python3/dist-packages/colcon_core/task/python/colcon_distutils_commands:/home/aaa/robot/ros2_ws/install/smach_demo/lib/python3.10/site-packages:${PYTHONPATH} /usr/bin/python3 -W ignore:setup.py install is deprecated -W ignore:easy_install command is deprecated setup.py develop --uninstall --editable --build-directory /home/aaa/robot/ros2_ws/build/smach_demo/build
[1.929s] Invoking command in '/home/aaa/robot/ros2_ws/src/smach_demo': PYTHONPATH=/home/aaa/robot/ros2_ws/build/smach_demo/prefix_override:/usr/lib/python3/dist-packages/colcon_core/task/python/colcon_distutils_commands:/home/aaa/robot/ros2_ws/install/smach_demo/lib/python3.10/site-packages:${PYTHONPATH} /usr/bin/python3 -W ignore:setup.py install is deprecated -W ignore:easy_install command is deprecated setup.py egg_info --egg-base ../../build/smach_demo build --build-base /home/aaa/robot/ros2_ws/build/smach_demo/build install --record /home/aaa/robot/ros2_ws/build/smach_demo/install.log --single-version-externally-managed install_data --force
[2.392s] running egg_info
[2.393s] writing ../../build/smach_demo/smach_demo.egg-info/PKG-INFO
[2.393s] writing dependency_links to ../../build/smach_demo/smach_demo.egg-info/dependency_links.txt
[2.393s] writing entry points to ../../build/smach_demo/smach_demo.egg-info/entry_points.txt
[2.393s] writing requirements to ../../build/smach_demo/smach_demo.egg-info/requires.txt
[2.393s] writing top-level names to ../../build/smach_demo/smach_demo.egg-info/top_level.txt
[2.395s] reading manifest file '../../build/smach_demo/smach_demo.egg-info/SOURCES.txt'
[2.395s] writing manifest file '../../build/smach_demo/smach_demo.egg-info/SOURCES.txt'
[2.395s] running build
[2.395s] running build_py
[2.395s] running install
[2.397s] Sorry: IndentationError: expected an indented block after function definition on line 6 (demo.py, line 8)
[2.399s] running install_lib
[2.399s] creating /home/aaa/robot/ros2_ws/install/smach_demo/lib/python3.10/site-packages/smach_demo
[2.399s] copying /home/aaa/robot/ros2_ws/build/smach_demo/build/lib/smach_demo/__init__.py -> /home/aaa/robot/ros2_ws/install/smach_demo/lib/python3.10/site-packages/smach_demo
[2.399s] copying /home/aaa/robot/ros2_ws/build/smach_demo/build/lib/smach_demo/demo.py -> /home/aaa/robot/ros2_ws/install/smach_demo/lib/python3.10/site-packages/smach_demo
[2.399s] byte-compiling /home/aaa/robot/ros2_ws/install/smach_demo/lib/python3.10/site-packages/smach_demo/__init__.py to __init__.cpython-310.pyc
[2.399s] byte-compiling /home/aaa/robot/ros2_ws/install/smach_demo/lib/python3.10/site-packages/smach_demo/demo.py to demo.cpython-310.pyc
[2.399s] running install_data
[2.399s] copying resource/smach_demo -> /home/aaa/robot/ros2_ws/install/smach_demo/share/ament_index/resource_index/packages
[2.399s] copying package.xml -> /home/aaa/robot/ros2_ws/install/smach_demo/share/smach_demo
[2.399s] running install_egg_info
[2.408s] Copying ../../build/smach_demo/smach_demo.egg-info to /home/aaa/robot/ros2_ws/install/smach_demo/lib/python3.10/site-packages/smach_demo-0.0.0-py3.10.egg-info
[2.409s] running install_scripts
[2.429s] Installing demo script to /home/aaa/robot/ros2_ws/install/smach_demo/lib/smach_demo
[2.441s] writing list of installed files to '/home/aaa/robot/ros2_ws/build/smach_demo/install.log'
[2.471s] Invoked command in '/home/aaa/robot/ros2_ws/src/smach_demo' returned '0': PYTHONPATH=/home/aaa/robot/ros2_ws/build/smach_demo/prefix_override:/usr/lib/python3/dist-packages/colcon_core/task/python/colcon_distutils_commands:/home/aaa/robot/ros2_ws/install/smach_demo/lib/python3.10/site-packages:${PYTHONPATH} /usr/bin/python3 -W ignore:setup.py install is deprecated -W ignore:easy_install command is deprecated setup.py egg_info --egg-base ../../build/smach_demo build --build-base /home/aaa/robot/ros2_ws/build/smach_demo/build install --record /home/aaa/robot/ros2_ws/build/smach_demo/install.log --single-version-externally-managed install_data --force
