-- The C compiler identification is GNU 11.4.0
-- The CXX compiler identification is GNU 11.4.0
-- Detecting C compiler ABI info
-- Detecting C compiler ABI info - done
-- Check for working C compiler: /usr/bin/cc - skipped
-- Detecting C compile features
-- Detecting C compile features - done
-- Detecting CXX compiler ABI info
-- Detecting CXX compiler ABI info - done
-- Check for working CXX compiler: /usr/bin/c++ - skipped
-- Detecting CXX compile features
-- Detecting CXX compile features - done
-- Found ament_cmake: 1.3.12 (/opt/ros/humble/share/ament_cmake/cmake)
-- Found Python3: /usr/bin/python3 (found version "3.10.12") found components: Interpreter 
-- Found rclcpp: 16.0.15 (/opt/ros/humble/share/rclcpp/cmake)
-- Found rosidl_generator_c: 3.1.7 (/opt/ros/humble/share/rosidl_generator_c/cmake)
-- Found rosidl_adapter: 3.1.7 (/opt/ros/humble/share/rosidl_adapter/cmake)
-- Found rosidl_generator_cpp: 3.1.7 (/opt/ros/humble/share/rosidl_generator_cpp/cmake)
-- Using all available rosidl_typesupport_c: rosidl_typesupport_fastrtps_c;rosidl_typesupport_introspection_c
-- Using all available rosidl_typesupport_cpp: rosidl_typesupport_fastrtps_cpp;rosidl_typesupport_introspection_cpp
-- Found rmw_implementation_cmake: 6.1.2 (/opt/ros/humble/share/rmw_implementation_cmake/cmake)
-- Found rmw_fastrtps_cpp: 6.2.9 (/opt/ros/humble/share/rmw_fastrtps_cpp/cmake)
-- Found OpenSSL: /usr/lib/aarch64-linux-gnu/libcrypto.so (found version "3.0.2")  
-- Found FastRTPS: /opt/ros/humble/include  
-- Using RMW implementation 'rmw_fastrtps_cpp' as default
-- Looking for pthread.h
-- Looking for pthread.h - found
-- Performing Test CMAKE_HAVE_LIBC_PTHREAD
-- Performing Test CMAKE_HAVE_LIBC_PTHREAD - Success
-- Found Threads: TRUE  
-- Found geometry_msgs: 4.9.0 (/opt/ros/humble/share/geometry_msgs/cmake)
-- Found moveit_ros_planning_interface: 2.5.9 (/opt/ros/humble/share/moveit_ros_planning_interface/cmake)
-- Found Boost: /usr/lib/aarch64-linux-gnu/cmake/Boost-1.74.0/BoostConfig.cmake (found version "1.74.0") found components: date_time filesystem program_options system thread 
-- Found Boost: /usr/lib/aarch64-linux-gnu/cmake/Boost-1.74.0/BoostConfig.cmake (found version "1.74.0") found components: chrono date_time filesystem iostreams program_options regex serialization system thread 
-- Found parameter_traits: 0.5.0 (/opt/ros/humble/share/parameter_traits/cmake)
-- Found rclcpp_lifecycle: 16.0.15 (/opt/ros/humble/share/rclcpp_lifecycle/cmake)
-- Found Boost: /usr/lib/aarch64-linux-gnu/cmake/Boost-1.74.0/BoostConfig.cmake (found version "1.74.0") found components: filesystem 
-- library: /usr/lib/aarch64-linux-gnu/libcurl.so
-- Found Eigen3: TRUE (found version "3.4.0") 
-- Ensuring Eigen3 include directory is part of orocos-kdl CMake target
-- Found Boost: /usr/lib/aarch64-linux-gnu/cmake/Boost-1.74.0/BoostConfig.cmake (found version "1.74.0") found components: system filesystem date_time program_options thread chrono 
-- Found Boost: /usr/lib/aarch64-linux-gnu/cmake/Boost-1.74.0/BoostConfig.cmake (found version "1.74.0") found components: thread system filesystem regex date_time program_options 
-- Found Boost: /usr/lib/aarch64-linux-gnu/cmake/Boost-1.74.0/BoostConfig.cmake (found version "1.74.0") found components: system filesystem date_time program_options thread 
-- Configuring done
-- Generating done
-- Build files have been written to: /home/aaa/robot/ros2_ws/src/build/panda_pick
[ 50%] [32mBuilding CXX object CMakeFiles/pick_and_place_node.dir/src/pick_and_place.cpp.o[0m
[100%] [32m[1mLinking CXX executable pick_and_place_node[0m
[100%] Built target pick_and_place_node
-- Install configuration: ""
-- Installing: /home/aaa/robot/ros2_ws/src/install/panda_pick/lib/panda_pick/pick_and_place_node
-- Set runtime path of "/home/aaa/robot/ros2_ws/src/install/panda_pick/lib/panda_pick/pick_and_place_node" to ""
-- Installing: /home/aaa/robot/ros2_ws/src/install/panda_pick/share/ament_index/resource_index/package_run_dependencies/panda_pick
-- Installing: /home/aaa/robot/ros2_ws/src/install/panda_pick/share/ament_index/resource_index/parent_prefix_path/panda_pick
-- Installing: /home/aaa/robot/ros2_ws/src/install/panda_pick/share/panda_pick/environment/ament_prefix_path.sh
-- Installing: /home/aaa/robot/ros2_ws/src/install/panda_pick/share/panda_pick/environment/ament_prefix_path.dsv
-- Installing: /home/aaa/robot/ros2_ws/src/install/panda_pick/share/panda_pick/environment/path.sh
-- Installing: /home/aaa/robot/ros2_ws/src/install/panda_pick/share/panda_pick/environment/path.dsv
-- Installing: /home/aaa/robot/ros2_ws/src/install/panda_pick/share/panda_pick/local_setup.bash
-- Installing: /home/aaa/robot/ros2_ws/src/install/panda_pick/share/panda_pick/local_setup.sh
-- Installing: /home/aaa/robot/ros2_ws/src/install/panda_pick/share/panda_pick/local_setup.zsh
-- Installing: /home/aaa/robot/ros2_ws/src/install/panda_pick/share/panda_pick/local_setup.dsv
-- Installing: /home/aaa/robot/ros2_ws/src/install/panda_pick/share/panda_pick/package.dsv
-- Installing: /home/aaa/robot/ros2_ws/src/install/panda_pick/share/ament_index/resource_index/packages/panda_pick
-- Installing: /home/aaa/robot/ros2_ws/src/install/panda_pick/share/panda_pick/cmake/panda_pickConfig.cmake
-- Installing: /home/aaa/robot/ros2_ws/src/install/panda_pick/share/panda_pick/cmake/panda_pickConfig-version.cmake
-- Installing: /home/aaa/robot/ros2_ws/src/install/panda_pick/share/panda_pick/package.xml
