[0.772s] Invoking command in '/home/aaa/robot/ros2_ws/src/build/panda_pick': CMAKE_PREFIX_PATH=/home/aaa/robot/ros2_ws/src/install/smach_demo:/home/aaa/robot/ros2_ws/src/install/mj_bridge:/opt/ros/humble /usr/bin/cmake /home/aaa/robot/ros2_ws/src/panda_pick -DCMAKE_INSTALL_PREFIX=/home/aaa/robot/ros2_ws/src/install/panda_pick
[1.114s] -- The C compiler identification is GNU 11.4.0
[1.316s] -- The CXX compiler identification is GNU 11.4.0
[1.328s] -- Detecting C compiler ABI info
[1.588s] -- Detecting C compiler ABI info - done
[1.598s] -- Check for working C compiler: /usr/bin/cc - skipped
[1.599s] -- Detecting C compile features
[1.602s] -- Detecting C compile features - done
[1.604s] -- Detecting CXX compiler ABI info
[1.982s] -- Detecting CXX compiler ABI info - done
[1.987s] -- Check for working CXX compiler: /usr/bin/c++ - skipped
[1.988s] -- Detecting CXX compile features
[1.988s] -- Detecting CXX compile features - done
[1.995s] -- Found ament_cmake: 1.3.12 (/opt/ros/humble/share/ament_cmake/cmake)
[2.505s] -- Found Python3: /usr/bin/python3 (found version "3.10.12") found components: Interpreter 
[2.735s] -- Found rclcpp: 16.0.15 (/opt/ros/humble/share/rclcpp/cmake)
[2.837s] -- Found rosidl_generator_c: 3.1.7 (/opt/ros/humble/share/rosidl_generator_c/cmake)
[2.874s] -- Found rosidl_adapter: 3.1.7 (/opt/ros/humble/share/rosidl_adapter/cmake)
[2.889s] -- Found rosidl_generator_cpp: 3.1.7 (/opt/ros/humble/share/rosidl_generator_cpp/cmake)
[2.926s] -- Using all available rosidl_typesupport_c: rosidl_typesupport_fastrtps_c;rosidl_typesupport_introspection_c
[2.959s] -- Using all available rosidl_typesupport_cpp: rosidl_typesupport_fastrtps_cpp;rosidl_typesupport_introspection_cpp
[3.054s] -- Found rmw_implementation_cmake: 6.1.2 (/opt/ros/humble/share/rmw_implementation_cmake/cmake)
[3.058s] -- Found rmw_fastrtps_cpp: 6.2.9 (/opt/ros/humble/share/rmw_fastrtps_cpp/cmake)
[3.351s] -- Found OpenSSL: /usr/lib/aarch64-linux-gnu/libcrypto.so (found version "3.0.2")  
[3.418s] -- Found FastRTPS: /opt/ros/humble/include  
[3.476s] -- Using RMW implementation 'rmw_fastrtps_cpp' as default
[3.485s] -- Looking for pthread.h
[3.586s] -- Looking for pthread.h - found
[3.590s] -- Performing Test CMAKE_HAVE_LIBC_PTHREAD
[3.712s] -- Performing Test CMAKE_HAVE_LIBC_PTHREAD - Success
[3.712s] -- Found Threads: TRUE  
[3.776s] -- Found geometry_msgs: 4.9.0 (/opt/ros/humble/share/geometry_msgs/cmake)
[3.800s] -- Found moveit_ros_planning_interface: 2.5.9 (/opt/ros/humble/share/moveit_ros_planning_interface/cmake)
[3.870s] -- Found Boost: /usr/lib/aarch64-linux-gnu/cmake/Boost-1.74.0/BoostConfig.cmake (found version "1.74.0") found components: date_time filesystem program_options system thread 
[4.091s] -- Found Boost: /usr/lib/aarch64-linux-gnu/cmake/Boost-1.74.0/BoostConfig.cmake (found version "1.74.0") found components: chrono date_time filesystem iostreams program_options regex serialization system thread 
[4.183s] -- Found parameter_traits: 0.5.0 (/opt/ros/humble/share/parameter_traits/cmake)
[4.204s] -- Found rclcpp_lifecycle: 16.0.15 (/opt/ros/humble/share/rclcpp_lifecycle/cmake)
[4.250s] -- Found Boost: /usr/lib/aarch64-linux-gnu/cmake/Boost-1.74.0/BoostConfig.cmake (found version "1.74.0") found components: filesystem 
[4.377s] -- library: /usr/lib/aarch64-linux-gnu/libcurl.so
[4.411s] -- Found Eigen3: TRUE (found version "3.4.0") 
[4.411s] -- Ensuring Eigen3 include directory is part of orocos-kdl CMake target
[4.585s] -- Found Boost: /usr/lib/aarch64-linux-gnu/cmake/Boost-1.74.0/BoostConfig.cmake (found version "1.74.0") found components: system filesystem date_time program_options thread chrono 
[4.611s] -- Found Boost: /usr/lib/aarch64-linux-gnu/cmake/Boost-1.74.0/BoostConfig.cmake (found version "1.74.0") found components: thread system filesystem regex date_time program_options 
[4.661s] -- Found Boost: /usr/lib/aarch64-linux-gnu/cmake/Boost-1.74.0/BoostConfig.cmake (found version "1.74.0") found components: system filesystem date_time program_options thread 
[4.748s] -- Configuring done
[4.799s] -- Generating done
[4.816s] -- Build files have been written to: /home/aaa/robot/ros2_ws/src/build/panda_pick
[4.835s] Invoked command in '/home/aaa/robot/ros2_ws/src/build/panda_pick' returned '0': CMAKE_PREFIX_PATH=/home/aaa/robot/ros2_ws/src/install/smach_demo:/home/aaa/robot/ros2_ws/src/install/mj_bridge:/opt/ros/humble /usr/bin/cmake /home/aaa/robot/ros2_ws/src/panda_pick -DCMAKE_INSTALL_PREFIX=/home/aaa/robot/ros2_ws/src/install/panda_pick
[4.837s] Invoking command in '/home/aaa/robot/ros2_ws/src/build/panda_pick': CMAKE_PREFIX_PATH=/home/aaa/robot/ros2_ws/src/install/smach_demo:/home/aaa/robot/ros2_ws/src/install/mj_bridge:/opt/ros/humble /usr/bin/cmake --build /home/aaa/robot/ros2_ws/src/build/panda_pick -- -j2 -l2
[4.919s] [ 50%] [32mBuilding CXX object CMakeFiles/pick_and_place_node.dir/src/pick_and_place.cpp.o[0m
[9.252s] [100%] [32m[1mLinking CXX executable pick_and_place_node[0m
[9.479s] [100%] Built target pick_and_place_node
[9.490s] Invoked command in '/home/aaa/robot/ros2_ws/src/build/panda_pick' returned '0': CMAKE_PREFIX_PATH=/home/aaa/robot/ros2_ws/src/install/smach_demo:/home/aaa/robot/ros2_ws/src/install/mj_bridge:/opt/ros/humble /usr/bin/cmake --build /home/aaa/robot/ros2_ws/src/build/panda_pick -- -j2 -l2
[9.499s] Invoking command in '/home/aaa/robot/ros2_ws/src/build/panda_pick': CMAKE_PREFIX_PATH=/home/aaa/robot/ros2_ws/src/install/smach_demo:/home/aaa/robot/ros2_ws/src/install/mj_bridge:/opt/ros/humble /usr/bin/cmake --install /home/aaa/robot/ros2_ws/src/build/panda_pick
[9.503s] -- Install configuration: ""
[9.503s] -- Installing: /home/aaa/robot/ros2_ws/src/install/panda_pick/lib/panda_pick/pick_and_place_node
[9.504s] -- Set runtime path of "/home/aaa/robot/ros2_ws/src/install/panda_pick/lib/panda_pick/pick_and_place_node" to ""
[9.504s] -- Installing: /home/aaa/robot/ros2_ws/src/install/panda_pick/share/ament_index/resource_index/package_run_dependencies/panda_pick
[9.504s] -- Installing: /home/aaa/robot/ros2_ws/src/install/panda_pick/share/ament_index/resource_index/parent_prefix_path/panda_pick
[9.504s] -- Installing: /home/aaa/robot/ros2_ws/src/install/panda_pick/share/panda_pick/environment/ament_prefix_path.sh
[9.504s] -- Installing: /home/aaa/robot/ros2_ws/src/install/panda_pick/share/panda_pick/environment/ament_prefix_path.dsv
[9.504s] -- Installing: /home/aaa/robot/ros2_ws/src/install/panda_pick/share/panda_pick/environment/path.sh
[9.504s] -- Installing: /home/aaa/robot/ros2_ws/src/install/panda_pick/share/panda_pick/environment/path.dsv
[9.505s] -- Installing: /home/aaa/robot/ros2_ws/src/install/panda_pick/share/panda_pick/local_setup.bash
[9.505s] -- Installing: /home/aaa/robot/ros2_ws/src/install/panda_pick/share/panda_pick/local_setup.sh
[9.506s] -- Installing: /home/aaa/robot/ros2_ws/src/install/panda_pick/share/panda_pick/local_setup.zsh
[9.506s] -- Installing: /home/aaa/robot/ros2_ws/src/install/panda_pick/share/panda_pick/local_setup.dsv
[9.506s] -- Installing: /home/aaa/robot/ros2_ws/src/install/panda_pick/share/panda_pick/package.dsv
[9.506s] -- Installing: /home/aaa/robot/ros2_ws/src/install/panda_pick/share/ament_index/resource_index/packages/panda_pick
[9.506s] -- Installing: /home/aaa/robot/ros2_ws/src/install/panda_pick/share/panda_pick/cmake/panda_pickConfig.cmake
[9.506s] -- Installing: /home/aaa/robot/ros2_ws/src/install/panda_pick/share/panda_pick/cmake/panda_pickConfig-version.cmake
[9.507s] -- Installing: /home/aaa/robot/ros2_ws/src/install/panda_pick/share/panda_pick/package.xml
[9.516s] Invoked command in '/home/aaa/robot/ros2_ws/src/build/panda_pick' returned '0': CMAKE_PREFIX_PATH=/home/aaa/robot/ros2_ws/src/install/smach_demo:/home/aaa/robot/ros2_ws/src/install/mj_bridge:/opt/ros/humble /usr/bin/cmake --install /home/aaa/robot/ros2_ws/src/build/panda_pick
