running develop
Removing /home/aaa/robot/ros2_ws/install/smach_ros/lib/python3.10/site-packages/smach-ros.egg-link (link to .)
running egg_info
writing ../../build/smach_ros/smach_ros.egg-info/PKG-INFO
writing dependency_links to ../../build/smach_ros/smach_ros.egg-info/dependency_links.txt
writing requirements to ../../build/smach_ros/smach_ros.egg-info/requires.txt
writing top-level names to ../../build/smach_ros/smach_ros.egg-info/top_level.txt
reading manifest file '../../build/smach_ros/smach_ros.egg-info/SOURCES.txt'
writing manifest file '../../build/smach_ros/smach_ros.egg-info/SOURCES.txt'
running build
running build_py
running install
running install_lib
creating /home/aaa/robot/ros2_ws/install/smach_ros/lib/python3.10/site-packages/smach_ros
copying /home/aaa/robot/ros2_ws/build/smach_ros/build/lib/smach_ros/introspection.py -> /home/aaa/robot/ros2_ws/install/smach_ros/lib/python3.10/site-packages/smach_ros
copying /home/aaa/robot/ros2_ws/build/smach_ros/build/lib/smach_ros/monitor_state.py -> /home/aaa/robot/ros2_ws/install/smach_ros/lib/python3.10/site-packages/smach_ros
copying /home/aaa/robot/ros2_ws/build/smach_ros/build/lib/smach_ros/service_state.py -> /home/aaa/robot/ros2_ws/install/smach_ros/lib/python3.10/site-packages/smach_ros
copying /home/aaa/robot/ros2_ws/build/smach_ros/build/lib/smach_ros/simple_action_state.py -> /home/aaa/robot/ros2_ws/install/smach_ros/lib/python3.10/site-packages/smach_ros
copying /home/aaa/robot/ros2_ws/build/smach_ros/build/lib/smach_ros/__init__.py -> /home/aaa/robot/ros2_ws/install/smach_ros/lib/python3.10/site-packages/smach_ros
copying /home/aaa/robot/ros2_ws/build/smach_ros/build/lib/smach_ros/action_server_wrapper.py -> /home/aaa/robot/ros2_ws/install/smach_ros/lib/python3.10/site-packages/smach_ros
copying /home/aaa/robot/ros2_ws/build/smach_ros/build/lib/smach_ros/ros_state.py -> /home/aaa/robot/ros2_ws/install/smach_ros/lib/python3.10/site-packages/smach_ros
copying /home/aaa/robot/ros2_ws/build/smach_ros/build/lib/smach_ros/condition_state.py -> /home/aaa/robot/ros2_ws/install/smach_ros/lib/python3.10/site-packages/smach_ros
copying /home/aaa/robot/ros2_ws/build/smach_ros/build/lib/smach_ros/node.py -> /home/aaa/robot/ros2_ws/install/smach_ros/lib/python3.10/site-packages/smach_ros
copying /home/aaa/robot/ros2_ws/build/smach_ros/build/lib/smach_ros/util.py -> /home/aaa/robot/ros2_ws/install/smach_ros/lib/python3.10/site-packages/smach_ros
byte-compiling /home/aaa/robot/ros2_ws/install/smach_ros/lib/python3.10/site-packages/smach_ros/introspection.py to introspection.cpython-310.pyc
byte-compiling /home/aaa/robot/ros2_ws/install/smach_ros/lib/python3.10/site-packages/smach_ros/monitor_state.py to monitor_state.cpython-310.pyc
byte-compiling /home/aaa/robot/ros2_ws/install/smach_ros/lib/python3.10/site-packages/smach_ros/service_state.py to service_state.cpython-310.pyc
byte-compiling /home/aaa/robot/ros2_ws/install/smach_ros/lib/python3.10/site-packages/smach_ros/simple_action_state.py to simple_action_state.cpython-310.pyc
byte-compiling /home/aaa/robot/ros2_ws/install/smach_ros/lib/python3.10/site-packages/smach_ros/__init__.py to __init__.cpython-310.pyc
byte-compiling /home/aaa/robot/ros2_ws/install/smach_ros/lib/python3.10/site-packages/smach_ros/action_server_wrapper.py to action_server_wrapper.cpython-310.pyc
byte-compiling /home/aaa/robot/ros2_ws/install/smach_ros/lib/python3.10/site-packages/smach_ros/ros_state.py to ros_state.cpython-310.pyc
byte-compiling /home/aaa/robot/ros2_ws/install/smach_ros/lib/python3.10/site-packages/smach_ros/condition_state.py to condition_state.cpython-310.pyc
byte-compiling /home/aaa/robot/ros2_ws/install/smach_ros/lib/python3.10/site-packages/smach_ros/node.py to node.cpython-310.pyc
byte-compiling /home/aaa/robot/ros2_ws/install/smach_ros/lib/python3.10/site-packages/smach_ros/util.py to util.cpython-310.pyc
running install_data
copying resource/smach_ros -> /home/aaa/robot/ros2_ws/install/smach_ros/share/ament_index/resource_index/packages
copying package.xml -> /home/aaa/robot/ros2_ws/install/smach_ros/share/smach_ros
running install_egg_info
Copying ../../build/smach_ros/smach_ros.egg-info to /home/aaa/robot/ros2_ws/install/smach_ros/lib/python3.10/site-packages/smach_ros-3.0.3-py3.10.egg-info
running install_scripts
writing list of installed files to '/home/aaa/robot/ros2_ws/build/smach_ros/install.log'
