-- The C compiler identification is GNU 11.4.0
-- The CXX compiler identification is GNU 11.4.0
-- Detecting C compiler ABI info
-- Detecting C compiler ABI info - done
-- Check for working C compiler: /usr/bin/cc - skipped
-- Detecting C compile features
-- Detecting C compile features - done
-- Detecting CXX compiler ABI info
-- Detecting CXX compiler ABI info - done
-- Check for working CXX compiler: /usr/bin/c++ - skipped
-- Detecting CXX compile features
-- Detecting CXX compile features - done
-- Found ament_cmake: 1.3.12 (/opt/ros/humble/share/ament_cmake/cmake)
-- Found Python3: /usr/bin/python3 (found version "3.10.12") found components: Interpreter 
-- Override CMake install command with custom implementation using symlinks instead of copying resources
-- Configuring done
-- Generating done
-- Build files have been written to: /home/aaa/robot/ros2_ws/build/executive_smach
-- Install configuration: ""
-- Execute custom install script
-- Symlinking: /home/aaa/robot/ros2_ws/install/executive_smach/share/ament_index/resource_index/package_run_dependencies/executive_smach
-- Symlinking: /home/aaa/robot/ros2_ws/install/executive_smach/share/ament_index/resource_index/parent_prefix_path/executive_smach
-- Symlinking: /home/aaa/robot/ros2_ws/install/executive_smach/share/executive_smach/environment/ament_prefix_path.sh
-- Symlinking: /home/aaa/robot/ros2_ws/install/executive_smach/share/executive_smach/environment/ament_prefix_path.dsv
-- Symlinking: /home/aaa/robot/ros2_ws/install/executive_smach/share/executive_smach/environment/path.sh
-- Symlinking: /home/aaa/robot/ros2_ws/install/executive_smach/share/executive_smach/environment/path.dsv
-- Symlinking: /home/aaa/robot/ros2_ws/install/executive_smach/share/executive_smach/local_setup.bash
-- Symlinking: /home/aaa/robot/ros2_ws/install/executive_smach/share/executive_smach/local_setup.sh
-- Symlinking: /home/aaa/robot/ros2_ws/install/executive_smach/share/executive_smach/local_setup.zsh
-- Symlinking: /home/aaa/robot/ros2_ws/install/executive_smach/share/executive_smach/local_setup.dsv
-- Symlinking: /home/aaa/robot/ros2_ws/install/executive_smach/share/executive_smach/package.dsv
-- Symlinking: /home/aaa/robot/ros2_ws/install/executive_smach/share/ament_index/resource_index/packages/executive_smach
-- Symlinking: /home/aaa/robot/ros2_ws/install/executive_smach/share/executive_smach/cmake/executive_smachConfig.cmake
-- Symlinking: /home/aaa/robot/ros2_ws/install/executive_smach/share/executive_smach/cmake/executive_smachConfig-version.cmake
-- Symlinking: /home/aaa/robot/ros2_ws/install/executive_smach/share/executive_smach/package.xml
