[0.055s] Invoking command in '/home/aaa/robot/ros2_ws/build/executive_smach': AMENT_PREFIX_PATH=/home/aaa/robot/ros2_ws/install/smach_ros:/home/aaa/robot/ros2_ws/install/smach_msgs:/home/aaa/robot/ros2_ws/install/smach:${AMENT_PREFIX_PATH} CMAKE_PREFIX_PATH=/home/aaa/robot/ros2_ws/install/smach_msgs:/home/aaa/robot/ros2_ws/install/mj_bridge:/opt/ros/humble LD_LIBRARY_PATH=/home/aaa/robot/ros2_ws/install/smach_msgs/lib:${LD_LIBRARY_PATH} PS1=\[\e]0;\u@\h: \w\a\]${debian_chroot:+($debian_chroot)}\[\033[01;32m\]\u@\h\[\033[00m\]:\[\033[01;34m\]\w\[\033[00m\]\$ PYTHONPATH=/home/aaa/robot/ros2_ws/build/smach_ros:/home/aaa/robot/ros2_ws/install/smach_ros/lib/python3.10/site-packages:/home/aaa/robot/ros2_ws/install/smach_msgs/local/lib/python3.10/dist-packages:/home/aaa/robot/ros2_ws/build/smach:/home/aaa/robot/ros2_ws/install/smach/lib/python3.10/site-packages:${PYTHONPATH} /usr/bin/cmake /home/aaa/robot/ros2_ws/executive_smach/executive_smach -DAMENT_CMAKE_SYMLINK_INSTALL=1 -DCMAKE_INSTALL_PREFIX=/home/aaa/robot/ros2_ws/install/executive_smach
[0.155s] -- The C compiler identification is GNU 11.4.0
[0.222s] -- The CXX compiler identification is GNU 11.4.0
[0.228s] -- Detecting C compiler ABI info
[0.292s] -- Detecting C compiler ABI info - done
[0.298s] -- Check for working C compiler: /usr/bin/cc - skipped
[0.299s] -- Detecting C compile features
[0.299s] -- Detecting C compile features - done
[0.302s] -- Detecting CXX compiler ABI info
[0.384s] -- Detecting CXX compiler ABI info - done
[0.389s] -- Check for working CXX compiler: /usr/bin/c++ - skipped
[0.389s] -- Detecting CXX compile features
[0.390s] -- Detecting CXX compile features - done
[0.392s] -- Found ament_cmake: 1.3.12 (/opt/ros/humble/share/ament_cmake/cmake)
[0.549s] -- Found Python3: /usr/bin/python3 (found version "3.10.12") found components: Interpreter 
[0.624s] -- Override CMake install command with custom implementation using symlinks instead of copying resources
[0.764s] -- Configuring done
[0.768s] -- Generating done
[0.769s] -- Build files have been written to: /home/aaa/robot/ros2_ws/build/executive_smach
[0.779s] Invoked command in '/home/aaa/robot/ros2_ws/build/executive_smach' returned '0': AMENT_PREFIX_PATH=/home/aaa/robot/ros2_ws/install/smach_ros:/home/aaa/robot/ros2_ws/install/smach_msgs:/home/aaa/robot/ros2_ws/install/smach:${AMENT_PREFIX_PATH} CMAKE_PREFIX_PATH=/home/aaa/robot/ros2_ws/install/smach_msgs:/home/aaa/robot/ros2_ws/install/mj_bridge:/opt/ros/humble LD_LIBRARY_PATH=/home/aaa/robot/ros2_ws/install/smach_msgs/lib:${LD_LIBRARY_PATH} PS1=\[\e]0;\u@\h: \w\a\]${debian_chroot:+($debian_chroot)}\[\033[01;32m\]\u@\h\[\033[00m\]:\[\033[01;34m\]\w\[\033[00m\]\$ PYTHONPATH=/home/aaa/robot/ros2_ws/build/smach_ros:/home/aaa/robot/ros2_ws/install/smach_ros/lib/python3.10/site-packages:/home/aaa/robot/ros2_ws/install/smach_msgs/local/lib/python3.10/dist-packages:/home/aaa/robot/ros2_ws/build/smach:/home/aaa/robot/ros2_ws/install/smach/lib/python3.10/site-packages:${PYTHONPATH} /usr/bin/cmake /home/aaa/robot/ros2_ws/executive_smach/executive_smach -DAMENT_CMAKE_SYMLINK_INSTALL=1 -DCMAKE_INSTALL_PREFIX=/home/aaa/robot/ros2_ws/install/executive_smach
[0.779s] Invoking command in '/home/aaa/robot/ros2_ws/build/executive_smach': AMENT_PREFIX_PATH=/home/aaa/robot/ros2_ws/install/smach_ros:/home/aaa/robot/ros2_ws/install/smach_msgs:/home/aaa/robot/ros2_ws/install/smach:${AMENT_PREFIX_PATH} CMAKE_PREFIX_PATH=/home/aaa/robot/ros2_ws/install/smach_msgs:/home/aaa/robot/ros2_ws/install/mj_bridge:/opt/ros/humble LD_LIBRARY_PATH=/home/aaa/robot/ros2_ws/install/smach_msgs/lib:${LD_LIBRARY_PATH} PS1=\[\e]0;\u@\h: \w\a\]${debian_chroot:+($debian_chroot)}\[\033[01;32m\]\u@\h\[\033[00m\]:\[\033[01;34m\]\w\[\033[00m\]\$ PYTHONPATH=/home/aaa/robot/ros2_ws/build/smach_ros:/home/aaa/robot/ros2_ws/install/smach_ros/lib/python3.10/site-packages:/home/aaa/robot/ros2_ws/install/smach_msgs/local/lib/python3.10/dist-packages:/home/aaa/robot/ros2_ws/build/smach:/home/aaa/robot/ros2_ws/install/smach/lib/python3.10/site-packages:${PYTHONPATH} /usr/bin/cmake --build /home/aaa/robot/ros2_ws/build/executive_smach -- -j2 -l2
[0.816s] Invoked command in '/home/aaa/robot/ros2_ws/build/executive_smach' returned '0': AMENT_PREFIX_PATH=/home/aaa/robot/ros2_ws/install/smach_ros:/home/aaa/robot/ros2_ws/install/smach_msgs:/home/aaa/robot/ros2_ws/install/smach:${AMENT_PREFIX_PATH} CMAKE_PREFIX_PATH=/home/aaa/robot/ros2_ws/install/smach_msgs:/home/aaa/robot/ros2_ws/install/mj_bridge:/opt/ros/humble LD_LIBRARY_PATH=/home/aaa/robot/ros2_ws/install/smach_msgs/lib:${LD_LIBRARY_PATH} PS1=\[\e]0;\u@\h: \w\a\]${debian_chroot:+($debian_chroot)}\[\033[01;32m\]\u@\h\[\033[00m\]:\[\033[01;34m\]\w\[\033[00m\]\$ PYTHONPATH=/home/aaa/robot/ros2_ws/build/smach_ros:/home/aaa/robot/ros2_ws/install/smach_ros/lib/python3.10/site-packages:/home/aaa/robot/ros2_ws/install/smach_msgs/local/lib/python3.10/dist-packages:/home/aaa/robot/ros2_ws/build/smach:/home/aaa/robot/ros2_ws/install/smach/lib/python3.10/site-packages:${PYTHONPATH} /usr/bin/cmake --build /home/aaa/robot/ros2_ws/build/executive_smach -- -j2 -l2
[0.817s] Invoking command in '/home/aaa/robot/ros2_ws/build/executive_smach': AMENT_PREFIX_PATH=/home/aaa/robot/ros2_ws/install/smach_ros:/home/aaa/robot/ros2_ws/install/smach_msgs:/home/aaa/robot/ros2_ws/install/smach:${AMENT_PREFIX_PATH} CMAKE_PREFIX_PATH=/home/aaa/robot/ros2_ws/install/smach_msgs:/home/aaa/robot/ros2_ws/install/mj_bridge:/opt/ros/humble LD_LIBRARY_PATH=/home/aaa/robot/ros2_ws/install/smach_msgs/lib:${LD_LIBRARY_PATH} PS1=\[\e]0;\u@\h: \w\a\]${debian_chroot:+($debian_chroot)}\[\033[01;32m\]\u@\h\[\033[00m\]:\[\033[01;34m\]\w\[\033[00m\]\$ PYTHONPATH=/home/aaa/robot/ros2_ws/build/smach_ros:/home/aaa/robot/ros2_ws/install/smach_ros/lib/python3.10/site-packages:/home/aaa/robot/ros2_ws/install/smach_msgs/local/lib/python3.10/dist-packages:/home/aaa/robot/ros2_ws/build/smach:/home/aaa/robot/ros2_ws/install/smach/lib/python3.10/site-packages:${PYTHONPATH} /usr/bin/cmake --install /home/aaa/robot/ros2_ws/build/executive_smach
[0.823s] -- Install configuration: ""
[0.823s] -- Execute custom install script
[0.823s] -- Symlinking: /home/aaa/robot/ros2_ws/install/executive_smach/share/ament_index/resource_index/package_run_dependencies/executive_smach
[0.841s] -- Symlinking: /home/aaa/robot/ros2_ws/install/executive_smach/share/ament_index/resource_index/parent_prefix_path/executive_smach
[0.847s] -- Symlinking: /home/aaa/robot/ros2_ws/install/executive_smach/share/executive_smach/environment/ament_prefix_path.sh
[0.853s] -- Symlinking: /home/aaa/robot/ros2_ws/install/executive_smach/share/executive_smach/environment/ament_prefix_path.dsv
[0.858s] -- Symlinking: /home/aaa/robot/ros2_ws/install/executive_smach/share/executive_smach/environment/path.sh
[0.885s] -- Symlinking: /home/aaa/robot/ros2_ws/install/executive_smach/share/executive_smach/environment/path.dsv
[0.891s] -- Symlinking: /home/aaa/robot/ros2_ws/install/executive_smach/share/executive_smach/local_setup.bash
[0.905s] -- Symlinking: /home/aaa/robot/ros2_ws/install/executive_smach/share/executive_smach/local_setup.sh
[0.916s] -- Symlinking: /home/aaa/robot/ros2_ws/install/executive_smach/share/executive_smach/local_setup.zsh
[0.922s] -- Symlinking: /home/aaa/robot/ros2_ws/install/executive_smach/share/executive_smach/local_setup.dsv
[0.937s] -- Symlinking: /home/aaa/robot/ros2_ws/install/executive_smach/share/executive_smach/package.dsv
[0.944s] -- Symlinking: /home/aaa/robot/ros2_ws/install/executive_smach/share/ament_index/resource_index/packages/executive_smach
[0.951s] -- Symlinking: /home/aaa/robot/ros2_ws/install/executive_smach/share/executive_smach/cmake/executive_smachConfig.cmake
[0.977s] -- Symlinking: /home/aaa/robot/ros2_ws/install/executive_smach/share/executive_smach/cmake/executive_smachConfig-version.cmake
[0.985s] -- Symlinking: /home/aaa/robot/ros2_ws/install/executive_smach/share/executive_smach/package.xml
[0.996s] Invoked command in '/home/aaa/robot/ros2_ws/build/executive_smach' returned '0': AMENT_PREFIX_PATH=/home/aaa/robot/ros2_ws/install/smach_ros:/home/aaa/robot/ros2_ws/install/smach_msgs:/home/aaa/robot/ros2_ws/install/smach:${AMENT_PREFIX_PATH} CMAKE_PREFIX_PATH=/home/aaa/robot/ros2_ws/install/smach_msgs:/home/aaa/robot/ros2_ws/install/mj_bridge:/opt/ros/humble LD_LIBRARY_PATH=/home/aaa/robot/ros2_ws/install/smach_msgs/lib:${LD_LIBRARY_PATH} PS1=\[\e]0;\u@\h: \w\a\]${debian_chroot:+($debian_chroot)}\[\033[01;32m\]\u@\h\[\033[00m\]:\[\033[01;34m\]\w\[\033[00m\]\$ PYTHONPATH=/home/aaa/robot/ros2_ws/build/smach_ros:/home/aaa/robot/ros2_ws/install/smach_ros/lib/python3.10/site-packages:/home/aaa/robot/ros2_ws/install/smach_msgs/local/lib/python3.10/dist-packages:/home/aaa/robot/ros2_ws/build/smach:/home/aaa/robot/ros2_ws/install/smach/lib/python3.10/site-packages:${PYTHONPATH} /usr/bin/cmake --install /home/aaa/robot/ros2_ws/build/executive_smach
