[0.795s] Invoking command in '/home/aaa/robot/ros2_ws/src/mj_bridge': PYTHONPATH=/home/aaa/robot/ros2_ws/build/mj_bridge/prefix_override:/usr/lib/python3/dist-packages/colcon_core/task/python/colcon_distutils_commands:/home/aaa/robot/ros2_ws/install/mj_bridge/lib/python3.10/site-packages:${PYTHONPATH} /usr/bin/python3 -W ignore:setup.py install is deprecated -W ignore:easy_install command is deprecated setup.py egg_info --egg-base ../../build/mj_bridge build --build-base /home/aaa/robot/ros2_ws/build/mj_bridge/build install --record /home/aaa/robot/ros2_ws/build/mj_bridge/install.log --single-version-externally-managed install_data
[0.958s] running egg_info
[0.958s] creating ../../build/mj_bridge/mj_bridge.egg-info
[0.959s] writing ../../build/mj_bridge/mj_bridge.egg-info/PKG-INFO
[0.959s] writing dependency_links to ../../build/mj_bridge/mj_bridge.egg-info/dependency_links.txt
[0.959s] writing entry points to ../../build/mj_bridge/mj_bridge.egg-info/entry_points.txt
[0.959s] writing requirements to ../../build/mj_bridge/mj_bridge.egg-info/requires.txt
[0.959s] writing top-level names to ../../build/mj_bridge/mj_bridge.egg-info/top_level.txt
[0.959s] writing manifest file '../../build/mj_bridge/mj_bridge.egg-info/SOURCES.txt'
[0.961s] reading manifest file '../../build/mj_bridge/mj_bridge.egg-info/SOURCES.txt'
[0.961s] writing manifest file '../../build/mj_bridge/mj_bridge.egg-info/SOURCES.txt'
[0.961s] running build
[0.961s] running build_py
[0.961s] creating /home/aaa/robot/ros2_ws/build/mj_bridge/build
[0.961s] creating /home/aaa/robot/ros2_ws/build/mj_bridge/build/lib
[0.961s] creating /home/aaa/robot/ros2_ws/build/mj_bridge/build/lib/mj_bridge
[0.961s] copying mj_bridge/pick1.py -> /home/aaa/robot/ros2_ws/build/mj_bridge/build/lib/mj_bridge
[0.961s] copying mj_bridge/vlm_node2.py -> /home/aaa/robot/ros2_ws/build/mj_bridge/build/lib/mj_bridge
[0.962s] copying mj_bridge/virtual_camera.py -> /home/aaa/robot/ros2_ws/build/mj_bridge/build/lib/mj_bridge
[0.962s] copying mj_bridge/vlm_node.py -> /home/aaa/robot/ros2_ws/build/mj_bridge/build/lib/mj_bridge
[0.963s] copying mj_bridge/__init__.py -> /home/aaa/robot/ros2_ws/build/mj_bridge/build/lib/mj_bridge
[0.963s] copying mj_bridge/yolo_sam.py -> /home/aaa/robot/ros2_ws/build/mj_bridge/build/lib/mj_bridge
[0.963s] copying mj_bridge/mj_bridge2.py -> /home/aaa/robot/ros2_ws/build/mj_bridge/build/lib/mj_bridge
[0.964s] copying mj_bridge/mj_bridge3.py -> /home/aaa/robot/ros2_ws/build/mj_bridge/build/lib/mj_bridge
[0.964s] copying mj_bridge/mj_bridge.py -> /home/aaa/robot/ros2_ws/build/mj_bridge/build/lib/mj_bridge
[0.964s] copying mj_bridge/test_panda.py -> /home/aaa/robot/ros2_ws/build/mj_bridge/build/lib/mj_bridge
[0.964s] running install
[0.964s] running install_lib
[0.965s] creating /home/aaa/robot/ros2_ws/install/mj_bridge/lib/python3.10/site-packages/mj_bridge
[0.966s] copying /home/aaa/robot/ros2_ws/build/mj_bridge/build/lib/mj_bridge/pick1.py -> /home/aaa/robot/ros2_ws/install/mj_bridge/lib/python3.10/site-packages/mj_bridge
[0.966s] copying /home/aaa/robot/ros2_ws/build/mj_bridge/build/lib/mj_bridge/vlm_node2.py -> /home/aaa/robot/ros2_ws/install/mj_bridge/lib/python3.10/site-packages/mj_bridge
[0.966s] copying /home/aaa/robot/ros2_ws/build/mj_bridge/build/lib/mj_bridge/virtual_camera.py -> /home/aaa/robot/ros2_ws/install/mj_bridge/lib/python3.10/site-packages/mj_bridge
[0.966s] copying /home/aaa/robot/ros2_ws/build/mj_bridge/build/lib/mj_bridge/vlm_node.py -> /home/aaa/robot/ros2_ws/install/mj_bridge/lib/python3.10/site-packages/mj_bridge
[0.966s] copying /home/aaa/robot/ros2_ws/build/mj_bridge/build/lib/mj_bridge/__init__.py -> /home/aaa/robot/ros2_ws/install/mj_bridge/lib/python3.10/site-packages/mj_bridge
[0.966s] copying /home/aaa/robot/ros2_ws/build/mj_bridge/build/lib/mj_bridge/yolo_sam.py -> /home/aaa/robot/ros2_ws/install/mj_bridge/lib/python3.10/site-packages/mj_bridge
[0.966s] copying /home/aaa/robot/ros2_ws/build/mj_bridge/build/lib/mj_bridge/mj_bridge2.py -> /home/aaa/robot/ros2_ws/install/mj_bridge/lib/python3.10/site-packages/mj_bridge
[0.966s] copying /home/aaa/robot/ros2_ws/build/mj_bridge/build/lib/mj_bridge/mj_bridge3.py -> /home/aaa/robot/ros2_ws/install/mj_bridge/lib/python3.10/site-packages/mj_bridge
[0.967s] copying /home/aaa/robot/ros2_ws/build/mj_bridge/build/lib/mj_bridge/mj_bridge.py -> /home/aaa/robot/ros2_ws/install/mj_bridge/lib/python3.10/site-packages/mj_bridge
[0.967s] copying /home/aaa/robot/ros2_ws/build/mj_bridge/build/lib/mj_bridge/test_panda.py -> /home/aaa/robot/ros2_ws/install/mj_bridge/lib/python3.10/site-packages/mj_bridge
[0.967s] byte-compiling /home/aaa/robot/ros2_ws/install/mj_bridge/lib/python3.10/site-packages/mj_bridge/pick1.py to pick1.cpython-310.pyc
[0.967s] byte-compiling /home/aaa/robot/ros2_ws/install/mj_bridge/lib/python3.10/site-packages/mj_bridge/vlm_node2.py to vlm_node2.cpython-310.pyc
[0.967s] byte-compiling /home/aaa/robot/ros2_ws/install/mj_bridge/lib/python3.10/site-packages/mj_bridge/virtual_camera.py to virtual_camera.cpython-310.pyc
[0.968s] byte-compiling /home/aaa/robot/ros2_ws/install/mj_bridge/lib/python3.10/site-packages/mj_bridge/vlm_node.py to vlm_node.cpython-310.pyc
[0.968s] byte-compiling /home/aaa/robot/ros2_ws/install/mj_bridge/lib/python3.10/site-packages/mj_bridge/__init__.py to __init__.cpython-310.pyc
[0.968s] byte-compiling /home/aaa/robot/ros2_ws/install/mj_bridge/lib/python3.10/site-packages/mj_bridge/yolo_sam.py to yolo_sam.cpython-310.pyc
[0.970s] byte-compiling /home/aaa/robot/ros2_ws/install/mj_bridge/lib/python3.10/site-packages/mj_bridge/mj_bridge2.py to mj_bridge2.cpython-310.pyc
[0.970s] byte-compiling /home/aaa/robot/ros2_ws/install/mj_bridge/lib/python3.10/site-packages/mj_bridge/mj_bridge3.py to mj_bridge3.cpython-310.pyc
[0.971s] byte-compiling /home/aaa/robot/ros2_ws/install/mj_bridge/lib/python3.10/site-packages/mj_bridge/mj_bridge.py to mj_bridge.cpython-310.pyc
[0.971s] byte-compiling /home/aaa/robot/ros2_ws/install/mj_bridge/lib/python3.10/site-packages/mj_bridge/test_panda.py to test_panda.cpython-310.pyc
[0.971s] running install_data
[0.971s] creating /home/aaa/robot/ros2_ws/install/mj_bridge/share/ament_index
[0.971s] creating /home/aaa/robot/ros2_ws/install/mj_bridge/share/ament_index/resource_index
[0.971s] creating /home/aaa/robot/ros2_ws/install/mj_bridge/share/ament_index/resource_index/packages
[0.971s] copying resource/mj_bridge -> /home/aaa/robot/ros2_ws/install/mj_bridge/share/ament_index/resource_index/packages
[0.971s] copying package.xml -> /home/aaa/robot/ros2_ws/install/mj_bridge/share/mj_bridge
[0.972s] running install_egg_info
[0.972s] Copying ../../build/mj_bridge/mj_bridge.egg-info to /home/aaa/robot/ros2_ws/install/mj_bridge/lib/python3.10/site-packages/mj_bridge-0.0.0-py3.10.egg-info
[0.972s] running install_scripts
[0.981s] Installing mj_bridge script to /home/aaa/robot/ros2_ws/install/mj_bridge/lib/mj_bridge
[0.981s] Installing pick_and_place script to /home/aaa/robot/ros2_ws/install/mj_bridge/lib/mj_bridge
[0.981s] writing list of installed files to '/home/aaa/robot/ros2_ws/build/mj_bridge/install.log'
[0.996s] Invoked command in '/home/aaa/robot/ros2_ws/src/mj_bridge' returned '0': PYTHONPATH=/home/aaa/robot/ros2_ws/build/mj_bridge/prefix_override:/usr/lib/python3/dist-packages/colcon_core/task/python/colcon_distutils_commands:/home/aaa/robot/ros2_ws/install/mj_bridge/lib/python3.10/site-packages:${PYTHONPATH} /usr/bin/python3 -W ignore:setup.py install is deprecated -W ignore:easy_install command is deprecated setup.py egg_info --egg-base ../../build/mj_bridge build --build-base /home/aaa/robot/ros2_ws/build/mj_bridge/build install --record /home/aaa/robot/ros2_ws/build/mj_bridge/install.log --single-version-externally-managed install_data
