[0.237s] DEBUG:colcon:Command line arguments: ['/usr/bin/colcon', 'build', '--symlink-install']
[0.237s] DEBUG:colcon:Parsed command line arguments: Namespace(log_base=None, log_level=None, verb_name='build', build_base='build', install_base='install', merge_install=False, symlink_install=True, test_result_base=None, continue_on_error=False, executor='parallel', parallel_workers=2, event_handlers=None, ignore_user_meta=False, metas=['./colcon.meta'], base_paths=['.'], packages_ignore=None, packages_ignore_regex=None, paths=None, packages_up_to=None, packages_up_to_regex=None, packages_above=None, packages_above_and_dependencies=None, packages_above_depth=None, packages_select_by_dep=None, packages_skip_by_dep=None, packages_skip_up_to=None, packages_select_build_failed=False, packages_skip_build_finished=False, packages_select_test_failures=False, packages_skip_test_passed=False, packages_select=None, packages_skip=None, packages_select_regex=None, packages_skip_regex=None, packages_start=None, packages_end=None, allow_overriding=[], cmake_args=None, cmake_target=None, cmake_target_skip_unavailable=False, cmake_clean_cache=False, cmake_clean_first=False, cmake_force_configure=False, ament_cmake_args=None, catkin_cmake_args=None, catkin_skip_building_tests=False, verb_parser=<colcon_defaults.argument_parser.defaults.DefaultArgumentsDecorator object at 0xffffb5552470>, verb_extension=<colcon_core.verb.build.BuildVerb object at 0xffffb5551ed0>, main=<bound method BuildVerb.main of <colcon_core.verb.build.BuildVerb object at 0xffffb5551ed0>>)
[0.489s] Level 1:colcon.colcon_core.package_discovery:discover_packages(colcon_meta) check parameters
[0.489s] Level 1:colcon.colcon_core.package_discovery:discover_packages(recursive) check parameters
[0.489s] Level 1:colcon.colcon_core.package_discovery:discover_packages(ignore) check parameters
[0.489s] Level 1:colcon.colcon_core.package_discovery:discover_packages(path) check parameters
[0.489s] Level 1:colcon.colcon_core.package_discovery:discover_packages(colcon_meta) discover
[0.489s] Level 1:colcon.colcon_core.package_discovery:discover_packages(recursive) discover
[0.489s] INFO:colcon.colcon_core.package_discovery:Crawling recursively for packages in '/home/aaa/robot/ros2_ws'
[0.489s] Level 1:colcon.colcon_core.package_identification:_identify(.) by extensions ['ignore', 'ignore_ament_install']
[0.489s] Level 1:colcon.colcon_core.package_identification:_identify(.) by extension 'ignore'
[0.489s] Level 1:colcon.colcon_core.package_identification:_identify(.) by extension 'ignore_ament_install'
[0.489s] Level 1:colcon.colcon_core.package_identification:_identify(.) by extensions ['colcon_pkg']
[0.489s] Level 1:colcon.colcon_core.package_identification:_identify(.) by extension 'colcon_pkg'
[0.489s] Level 1:colcon.colcon_core.package_identification:_identify(.) by extensions ['colcon_meta']
[0.490s] Level 1:colcon.colcon_core.package_identification:_identify(.) by extension 'colcon_meta'
[0.490s] Level 1:colcon.colcon_core.package_identification:_identify(.) by extensions ['ros']
[0.490s] Level 1:colcon.colcon_core.package_identification:_identify(.) by extension 'ros'
[0.511s] Level 1:colcon.colcon_core.package_identification:_identify(.) by extensions ['cmake', 'python']
[0.511s] Level 1:colcon.colcon_core.package_identification:_identify(.) by extension 'cmake'
[0.511s] Level 1:colcon.colcon_core.package_identification:_identify(.) by extension 'python'
[0.511s] Level 1:colcon.colcon_core.package_identification:_identify(.) by extensions ['python_setup_py']
[0.511s] Level 1:colcon.colcon_core.package_identification:_identify(.) by extension 'python_setup_py'
[0.511s] Level 1:colcon.colcon_core.package_identification:_identify(build) by extensions ['ignore', 'ignore_ament_install']
[0.511s] Level 1:colcon.colcon_core.package_identification:_identify(build) by extension 'ignore'
[0.511s] Level 1:colcon.colcon_core.package_identification:_identify(build) ignored
[0.511s] Level 1:colcon.colcon_core.package_identification:_identify(executive_smach) by extensions ['ignore', 'ignore_ament_install']
[0.511s] Level 1:colcon.colcon_core.package_identification:_identify(executive_smach) by extension 'ignore'
[0.511s] Level 1:colcon.colcon_core.package_identification:_identify(executive_smach) by extension 'ignore_ament_install'
[0.511s] Level 1:colcon.colcon_core.package_identification:_identify(executive_smach) by extensions ['colcon_pkg']
[0.511s] Level 1:colcon.colcon_core.package_identification:_identify(executive_smach) by extension 'colcon_pkg'
[0.511s] Level 1:colcon.colcon_core.package_identification:_identify(executive_smach) by extensions ['colcon_meta']
[0.511s] Level 1:colcon.colcon_core.package_identification:_identify(executive_smach) by extension 'colcon_meta'
[0.511s] Level 1:colcon.colcon_core.package_identification:_identify(executive_smach) by extensions ['ros']
[0.511s] Level 1:colcon.colcon_core.package_identification:_identify(executive_smach) by extension 'ros'
[0.511s] Level 1:colcon.colcon_core.package_identification:_identify(executive_smach) by extensions ['cmake', 'python']
[0.511s] Level 1:colcon.colcon_core.package_identification:_identify(executive_smach) by extension 'cmake'
[0.512s] Level 1:colcon.colcon_core.package_identification:_identify(executive_smach) by extension 'python'
[0.512s] Level 1:colcon.colcon_core.package_identification:_identify(executive_smach) by extensions ['python_setup_py']
[0.512s] Level 1:colcon.colcon_core.package_identification:_identify(executive_smach) by extension 'python_setup_py'
[0.512s] Level 1:colcon.colcon_core.package_identification:_identify(executive_smach/executive_smach) by extensions ['ignore', 'ignore_ament_install']
[0.512s] Level 1:colcon.colcon_core.package_identification:_identify(executive_smach/executive_smach) by extension 'ignore'
[0.512s] Level 1:colcon.colcon_core.package_identification:_identify(executive_smach/executive_smach) by extension 'ignore_ament_install'
[0.512s] Level 1:colcon.colcon_core.package_identification:_identify(executive_smach/executive_smach) by extensions ['colcon_pkg']
[0.512s] Level 1:colcon.colcon_core.package_identification:_identify(executive_smach/executive_smach) by extension 'colcon_pkg'
[0.512s] Level 1:colcon.colcon_core.package_identification:_identify(executive_smach/executive_smach) by extensions ['colcon_meta']
[0.512s] Level 1:colcon.colcon_core.package_identification:_identify(executive_smach/executive_smach) by extension 'colcon_meta'
[0.512s] Level 1:colcon.colcon_core.package_identification:_identify(executive_smach/executive_smach) by extensions ['ros']
[0.512s] Level 1:colcon.colcon_core.package_identification:_identify(executive_smach/executive_smach) by extension 'ros'
[0.514s] DEBUG:colcon.colcon_core.package_identification:Package 'executive_smach/executive_smach' with type 'ros.ament_cmake' and name 'executive_smach'
[0.514s] Level 1:colcon.colcon_core.package_identification:_identify(executive_smach/smach) by extensions ['ignore', 'ignore_ament_install']
[0.514s] Level 1:colcon.colcon_core.package_identification:_identify(executive_smach/smach) by extension 'ignore'
[0.514s] Level 1:colcon.colcon_core.package_identification:_identify(executive_smach/smach) by extension 'ignore_ament_install'
[0.514s] Level 1:colcon.colcon_core.package_identification:_identify(executive_smach/smach) by extensions ['colcon_pkg']
[0.514s] Level 1:colcon.colcon_core.package_identification:_identify(executive_smach/smach) by extension 'colcon_pkg'
[0.514s] Level 1:colcon.colcon_core.package_identification:_identify(executive_smach/smach) by extensions ['colcon_meta']
[0.514s] Level 1:colcon.colcon_core.package_identification:_identify(executive_smach/smach) by extension 'colcon_meta'
[0.514s] Level 1:colcon.colcon_core.package_identification:_identify(executive_smach/smach) by extensions ['ros']
[0.514s] Level 1:colcon.colcon_core.package_identification:_identify(executive_smach/smach) by extension 'ros'
[0.515s] DEBUG:colcon.colcon_core.package_identification:Package 'executive_smach/smach' with type 'ros.ament_python' and name 'smach'
[0.515s] Level 1:colcon.colcon_core.package_identification:_identify(executive_smach/smach_msgs) by extensions ['ignore', 'ignore_ament_install']
[0.515s] Level 1:colcon.colcon_core.package_identification:_identify(executive_smach/smach_msgs) by extension 'ignore'
[0.515s] Level 1:colcon.colcon_core.package_identification:_identify(executive_smach/smach_msgs) by extension 'ignore_ament_install'
[0.515s] Level 1:colcon.colcon_core.package_identification:_identify(executive_smach/smach_msgs) by extensions ['colcon_pkg']
[0.515s] Level 1:colcon.colcon_core.package_identification:_identify(executive_smach/smach_msgs) by extension 'colcon_pkg'
[0.515s] Level 1:colcon.colcon_core.package_identification:_identify(executive_smach/smach_msgs) by extensions ['colcon_meta']
[0.515s] Level 1:colcon.colcon_core.package_identification:_identify(executive_smach/smach_msgs) by extension 'colcon_meta'
[0.516s] Level 1:colcon.colcon_core.package_identification:_identify(executive_smach/smach_msgs) by extensions ['ros']
[0.516s] Level 1:colcon.colcon_core.package_identification:_identify(executive_smach/smach_msgs) by extension 'ros'
[0.516s] DEBUG:colcon.colcon_core.package_identification:Package 'executive_smach/smach_msgs' with type 'ros.ament_cmake' and name 'smach_msgs'
[0.516s] Level 1:colcon.colcon_core.package_identification:_identify(executive_smach/smach_ros) by extensions ['ignore', 'ignore_ament_install']
[0.516s] Level 1:colcon.colcon_core.package_identification:_identify(executive_smach/smach_ros) by extension 'ignore'
[0.516s] Level 1:colcon.colcon_core.package_identification:_identify(executive_smach/smach_ros) by extension 'ignore_ament_install'
[0.516s] Level 1:colcon.colcon_core.package_identification:_identify(executive_smach/smach_ros) by extensions ['colcon_pkg']
[0.516s] Level 1:colcon.colcon_core.package_identification:_identify(executive_smach/smach_ros) by extension 'colcon_pkg'
[0.517s] Level 1:colcon.colcon_core.package_identification:_identify(executive_smach/smach_ros) by extensions ['colcon_meta']
[0.517s] Level 1:colcon.colcon_core.package_identification:_identify(executive_smach/smach_ros) by extension 'colcon_meta'
[0.517s] Level 1:colcon.colcon_core.package_identification:_identify(executive_smach/smach_ros) by extensions ['ros']
[0.517s] Level 1:colcon.colcon_core.package_identification:_identify(executive_smach/smach_ros) by extension 'ros'
[0.518s] DEBUG:colcon.colcon_core.package_identification:Package 'executive_smach/smach_ros' with type 'ros.ament_python' and name 'smach_ros'
[0.518s] Level 1:colcon.colcon_core.package_identification:_identify(install) by extensions ['ignore', 'ignore_ament_install']
[0.518s] Level 1:colcon.colcon_core.package_identification:_identify(install) by extension 'ignore'
[0.518s] Level 1:colcon.colcon_core.package_identification:_identify(install) ignored
[0.518s] Level 1:colcon.colcon_core.package_identification:_identify(log) by extensions ['ignore', 'ignore_ament_install']
[0.518s] Level 1:colcon.colcon_core.package_identification:_identify(log) by extension 'ignore'
[0.518s] Level 1:colcon.colcon_core.package_identification:_identify(log) ignored
[0.518s] Level 1:colcon.colcon_core.package_identification:_identify(src) by extensions ['ignore', 'ignore_ament_install']
[0.518s] Level 1:colcon.colcon_core.package_identification:_identify(src) by extension 'ignore'
[0.518s] Level 1:colcon.colcon_core.package_identification:_identify(src) by extension 'ignore_ament_install'
[0.518s] Level 1:colcon.colcon_core.package_identification:_identify(src) by extensions ['colcon_pkg']
[0.518s] Level 1:colcon.colcon_core.package_identification:_identify(src) by extension 'colcon_pkg'
[0.518s] Level 1:colcon.colcon_core.package_identification:_identify(src) by extensions ['colcon_meta']
[0.518s] Level 1:colcon.colcon_core.package_identification:_identify(src) by extension 'colcon_meta'
[0.518s] Level 1:colcon.colcon_core.package_identification:_identify(src) by extensions ['ros']
[0.518s] Level 1:colcon.colcon_core.package_identification:_identify(src) by extension 'ros'
[0.518s] Level 1:colcon.colcon_core.package_identification:_identify(src) by extensions ['cmake', 'python']
[0.518s] Level 1:colcon.colcon_core.package_identification:_identify(src) by extension 'cmake'
[0.518s] Level 1:colcon.colcon_core.package_identification:_identify(src) by extension 'python'
[0.519s] Level 1:colcon.colcon_core.package_identification:_identify(src) by extensions ['python_setup_py']
[0.519s] Level 1:colcon.colcon_core.package_identification:_identify(src) by extension 'python_setup_py'
[0.519s] Level 1:colcon.colcon_core.package_identification:_identify(src/mj_bridge) by extensions ['ignore', 'ignore_ament_install']
[0.519s] Level 1:colcon.colcon_core.package_identification:_identify(src/mj_bridge) by extension 'ignore'
[0.519s] Level 1:colcon.colcon_core.package_identification:_identify(src/mj_bridge) by extension 'ignore_ament_install'
[0.519s] Level 1:colcon.colcon_core.package_identification:_identify(src/mj_bridge) by extensions ['colcon_pkg']
[0.519s] Level 1:colcon.colcon_core.package_identification:_identify(src/mj_bridge) by extension 'colcon_pkg'
[0.519s] Level 1:colcon.colcon_core.package_identification:_identify(src/mj_bridge) by extensions ['colcon_meta']
[0.519s] Level 1:colcon.colcon_core.package_identification:_identify(src/mj_bridge) by extension 'colcon_meta'
[0.519s] Level 1:colcon.colcon_core.package_identification:_identify(src/mj_bridge) by extensions ['ros']
[0.519s] Level 1:colcon.colcon_core.package_identification:_identify(src/mj_bridge) by extension 'ros'
[0.519s] DEBUG:colcon.colcon_core.package_identification:Package 'src/mj_bridge' with type 'ros.ament_python' and name 'mj_bridge'
[0.519s] Level 1:colcon.colcon_core.package_identification:_identify(src/smach_demo) by extensions ['ignore', 'ignore_ament_install']
[0.519s] Level 1:colcon.colcon_core.package_identification:_identify(src/smach_demo) by extension 'ignore'
[0.519s] Level 1:colcon.colcon_core.package_identification:_identify(src/smach_demo) by extension 'ignore_ament_install'
[0.520s] Level 1:colcon.colcon_core.package_identification:_identify(src/smach_demo) by extensions ['colcon_pkg']
[0.520s] Level 1:colcon.colcon_core.package_identification:_identify(src/smach_demo) by extension 'colcon_pkg'
[0.520s] Level 1:colcon.colcon_core.package_identification:_identify(src/smach_demo) by extensions ['colcon_meta']
[0.520s] Level 1:colcon.colcon_core.package_identification:_identify(src/smach_demo) by extension 'colcon_meta'
[0.520s] Level 1:colcon.colcon_core.package_identification:_identify(src/smach_demo) by extensions ['ros']
[0.520s] Level 1:colcon.colcon_core.package_identification:_identify(src/smach_demo) by extension 'ros'
[0.520s] DEBUG:colcon.colcon_core.package_identification:Package 'src/smach_demo' with type 'ros.ament_python' and name 'smach_demo'
[0.520s] Level 1:colcon.colcon_core.package_discovery:discover_packages(recursive) using defaults
[0.521s] Level 1:colcon.colcon_core.package_discovery:discover_packages(ignore) discover
[0.521s] Level 1:colcon.colcon_core.package_discovery:discover_packages(ignore) using defaults
[0.521s] Level 1:colcon.colcon_core.package_discovery:discover_packages(path) discover
[0.521s] Level 1:colcon.colcon_core.package_discovery:discover_packages(path) using defaults
[0.574s] Level 1:colcon.colcon_core.package_discovery:discover_packages(prefix_path) check parameters
[0.574s] Level 1:colcon.colcon_core.package_discovery:discover_packages(prefix_path) discover
[0.577s] DEBUG:colcon.colcon_installed_package_information.package_discovery:Found 6 installed packages in /home/aaa/robot/ros2_ws/install
[0.578s] DEBUG:colcon.colcon_installed_package_information.package_discovery:Found 363 installed packages in /opt/ros/humble
[0.580s] Level 1:colcon.colcon_core.package_discovery:discover_packages(prefix_path) using defaults
[0.647s] Level 5:colcon.colcon_core.verb:set package 'mj_bridge' build argument 'cmake_args' from command line to 'None'
[0.647s] Level 5:colcon.colcon_core.verb:set package 'mj_bridge' build argument 'cmake_target' from command line to 'None'
[0.647s] Level 5:colcon.colcon_core.verb:set package 'mj_bridge' build argument 'cmake_target_skip_unavailable' from command line to 'False'
[0.647s] Level 5:colcon.colcon_core.verb:set package 'mj_bridge' build argument 'cmake_clean_cache' from command line to 'False'
[0.647s] Level 5:colcon.colcon_core.verb:set package 'mj_bridge' build argument 'cmake_clean_first' from command line to 'False'
[0.647s] Level 5:colcon.colcon_core.verb:set package 'mj_bridge' build argument 'cmake_force_configure' from command line to 'False'
[0.647s] Level 5:colcon.colcon_core.verb:set package 'mj_bridge' build argument 'ament_cmake_args' from command line to 'None'
[0.647s] Level 5:colcon.colcon_core.verb:set package 'mj_bridge' build argument 'catkin_cmake_args' from command line to 'None'
[0.647s] Level 5:colcon.colcon_core.verb:set package 'mj_bridge' build argument 'catkin_skip_building_tests' from command line to 'False'
[0.647s] DEBUG:colcon.colcon_core.verb:Building package 'mj_bridge' with the following arguments: {'ament_cmake_args': None, 'build_base': '/home/aaa/robot/ros2_ws/build/mj_bridge', 'catkin_cmake_args': None, 'catkin_skip_building_tests': False, 'cmake_args': None, 'cmake_clean_cache': False, 'cmake_clean_first': False, 'cmake_force_configure': False, 'cmake_target': None, 'cmake_target_skip_unavailable': False, 'install_base': '/home/aaa/robot/ros2_ws/install/mj_bridge', 'merge_install': False, 'path': '/home/aaa/robot/ros2_ws/src/mj_bridge', 'symlink_install': True, 'test_result_base': None}
[0.648s] Level 5:colcon.colcon_core.verb:set package 'smach' build argument 'cmake_args' from command line to 'None'
[0.648s] Level 5:colcon.colcon_core.verb:set package 'smach' build argument 'cmake_target' from command line to 'None'
[0.648s] Level 5:colcon.colcon_core.verb:set package 'smach' build argument 'cmake_target_skip_unavailable' from command line to 'False'
[0.648s] Level 5:colcon.colcon_core.verb:set package 'smach' build argument 'cmake_clean_cache' from command line to 'False'
[0.648s] Level 5:colcon.colcon_core.verb:set package 'smach' build argument 'cmake_clean_first' from command line to 'False'
[0.648s] Level 5:colcon.colcon_core.verb:set package 'smach' build argument 'cmake_force_configure' from command line to 'False'
[0.648s] Level 5:colcon.colcon_core.verb:set package 'smach' build argument 'ament_cmake_args' from command line to 'None'
[0.648s] Level 5:colcon.colcon_core.verb:set package 'smach' build argument 'catkin_cmake_args' from command line to 'None'
[0.648s] Level 5:colcon.colcon_core.verb:set package 'smach' build argument 'catkin_skip_building_tests' from command line to 'False'
[0.648s] DEBUG:colcon.colcon_core.verb:Building package 'smach' with the following arguments: {'ament_cmake_args': None, 'build_base': '/home/aaa/robot/ros2_ws/build/smach', 'catkin_cmake_args': None, 'catkin_skip_building_tests': False, 'cmake_args': None, 'cmake_clean_cache': False, 'cmake_clean_first': False, 'cmake_force_configure': False, 'cmake_target': None, 'cmake_target_skip_unavailable': False, 'install_base': '/home/aaa/robot/ros2_ws/install/smach', 'merge_install': False, 'path': '/home/aaa/robot/ros2_ws/executive_smach/smach', 'symlink_install': True, 'test_result_base': None}
[0.648s] Level 5:colcon.colcon_core.verb:set package 'smach_demo' build argument 'cmake_args' from command line to 'None'
[0.648s] Level 5:colcon.colcon_core.verb:set package 'smach_demo' build argument 'cmake_target' from command line to 'None'
[0.648s] Level 5:colcon.colcon_core.verb:set package 'smach_demo' build argument 'cmake_target_skip_unavailable' from command line to 'False'
[0.648s] Level 5:colcon.colcon_core.verb:set package 'smach_demo' build argument 'cmake_clean_cache' from command line to 'False'
[0.648s] Level 5:colcon.colcon_core.verb:set package 'smach_demo' build argument 'cmake_clean_first' from command line to 'False'
[0.648s] Level 5:colcon.colcon_core.verb:set package 'smach_demo' build argument 'cmake_force_configure' from command line to 'False'
[0.648s] Level 5:colcon.colcon_core.verb:set package 'smach_demo' build argument 'ament_cmake_args' from command line to 'None'
[0.648s] Level 5:colcon.colcon_core.verb:set package 'smach_demo' build argument 'catkin_cmake_args' from command line to 'None'
[0.648s] Level 5:colcon.colcon_core.verb:set package 'smach_demo' build argument 'catkin_skip_building_tests' from command line to 'False'
[0.648s] DEBUG:colcon.colcon_core.verb:Building package 'smach_demo' with the following arguments: {'ament_cmake_args': None, 'build_base': '/home/aaa/robot/ros2_ws/build/smach_demo', 'catkin_cmake_args': None, 'catkin_skip_building_tests': False, 'cmake_args': None, 'cmake_clean_cache': False, 'cmake_clean_first': False, 'cmake_force_configure': False, 'cmake_target': None, 'cmake_target_skip_unavailable': False, 'install_base': '/home/aaa/robot/ros2_ws/install/smach_demo', 'merge_install': False, 'path': '/home/aaa/robot/ros2_ws/src/smach_demo', 'symlink_install': True, 'test_result_base': None}
[0.649s] Level 5:colcon.colcon_core.verb:set package 'smach_msgs' build argument 'cmake_args' from command line to 'None'
[0.649s] Level 5:colcon.colcon_core.verb:set package 'smach_msgs' build argument 'cmake_target' from command line to 'None'
[0.649s] Level 5:colcon.colcon_core.verb:set package 'smach_msgs' build argument 'cmake_target_skip_unavailable' from command line to 'False'
[0.649s] Level 5:colcon.colcon_core.verb:set package 'smach_msgs' build argument 'cmake_clean_cache' from command line to 'False'
[0.649s] Level 5:colcon.colcon_core.verb:set package 'smach_msgs' build argument 'cmake_clean_first' from command line to 'False'
[0.649s] Level 5:colcon.colcon_core.verb:set package 'smach_msgs' build argument 'cmake_force_configure' from command line to 'False'
[0.649s] Level 5:colcon.colcon_core.verb:set package 'smach_msgs' build argument 'ament_cmake_args' from command line to 'None'
[0.649s] Level 5:colcon.colcon_core.verb:set package 'smach_msgs' build argument 'catkin_cmake_args' from command line to 'None'
[0.649s] Level 5:colcon.colcon_core.verb:set package 'smach_msgs' build argument 'catkin_skip_building_tests' from command line to 'False'
[0.649s] DEBUG:colcon.colcon_core.verb:Building package 'smach_msgs' with the following arguments: {'ament_cmake_args': None, 'build_base': '/home/aaa/robot/ros2_ws/build/smach_msgs', 'catkin_cmake_args': None, 'catkin_skip_building_tests': False, 'cmake_args': None, 'cmake_clean_cache': False, 'cmake_clean_first': False, 'cmake_force_configure': False, 'cmake_target': None, 'cmake_target_skip_unavailable': False, 'install_base': '/home/aaa/robot/ros2_ws/install/smach_msgs', 'merge_install': False, 'path': '/home/aaa/robot/ros2_ws/executive_smach/smach_msgs', 'symlink_install': True, 'test_result_base': None}
[0.649s] Level 5:colcon.colcon_core.verb:set package 'smach_ros' build argument 'cmake_args' from command line to 'None'
[0.649s] Level 5:colcon.colcon_core.verb:set package 'smach_ros' build argument 'cmake_target' from command line to 'None'
[0.649s] Level 5:colcon.colcon_core.verb:set package 'smach_ros' build argument 'cmake_target_skip_unavailable' from command line to 'False'
[0.649s] Level 5:colcon.colcon_core.verb:set package 'smach_ros' build argument 'cmake_clean_cache' from command line to 'False'
[0.649s] Level 5:colcon.colcon_core.verb:set package 'smach_ros' build argument 'cmake_clean_first' from command line to 'False'
[0.649s] Level 5:colcon.colcon_core.verb:set package 'smach_ros' build argument 'cmake_force_configure' from command line to 'False'
[0.649s] Level 5:colcon.colcon_core.verb:set package 'smach_ros' build argument 'ament_cmake_args' from command line to 'None'
[0.649s] Level 5:colcon.colcon_core.verb:set package 'smach_ros' build argument 'catkin_cmake_args' from command line to 'None'
[0.649s] Level 5:colcon.colcon_core.verb:set package 'smach_ros' build argument 'catkin_skip_building_tests' from command line to 'False'
[0.649s] DEBUG:colcon.colcon_core.verb:Building package 'smach_ros' with the following arguments: {'ament_cmake_args': None, 'build_base': '/home/aaa/robot/ros2_ws/build/smach_ros', 'catkin_cmake_args': None, 'catkin_skip_building_tests': False, 'cmake_args': None, 'cmake_clean_cache': False, 'cmake_clean_first': False, 'cmake_force_configure': False, 'cmake_target': None, 'cmake_target_skip_unavailable': False, 'install_base': '/home/aaa/robot/ros2_ws/install/smach_ros', 'merge_install': False, 'path': '/home/aaa/robot/ros2_ws/executive_smach/smach_ros', 'symlink_install': True, 'test_result_base': None}
[0.649s] Level 5:colcon.colcon_core.verb:set package 'executive_smach' build argument 'cmake_args' from command line to 'None'
[0.649s] Level 5:colcon.colcon_core.verb:set package 'executive_smach' build argument 'cmake_target' from command line to 'None'
[0.649s] Level 5:colcon.colcon_core.verb:set package 'executive_smach' build argument 'cmake_target_skip_unavailable' from command line to 'False'
[0.650s] Level 5:colcon.colcon_core.verb:set package 'executive_smach' build argument 'cmake_clean_cache' from command line to 'False'
[0.650s] Level 5:colcon.colcon_core.verb:set package 'executive_smach' build argument 'cmake_clean_first' from command line to 'False'
[0.650s] Level 5:colcon.colcon_core.verb:set package 'executive_smach' build argument 'cmake_force_configure' from command line to 'False'
[0.650s] Level 5:colcon.colcon_core.verb:set package 'executive_smach' build argument 'ament_cmake_args' from command line to 'None'
[0.650s] Level 5:colcon.colcon_core.verb:set package 'executive_smach' build argument 'catkin_cmake_args' from command line to 'None'
[0.650s] Level 5:colcon.colcon_core.verb:set package 'executive_smach' build argument 'catkin_skip_building_tests' from command line to 'False'
[0.650s] DEBUG:colcon.colcon_core.verb:Building package 'executive_smach' with the following arguments: {'ament_cmake_args': None, 'build_base': '/home/aaa/robot/ros2_ws/build/executive_smach', 'catkin_cmake_args': None, 'catkin_skip_building_tests': False, 'cmake_args': None, 'cmake_clean_cache': False, 'cmake_clean_first': False, 'cmake_force_configure': False, 'cmake_target': None, 'cmake_target_skip_unavailable': False, 'install_base': '/home/aaa/robot/ros2_ws/install/executive_smach', 'merge_install': False, 'path': '/home/aaa/robot/ros2_ws/executive_smach/executive_smach', 'symlink_install': True, 'test_result_base': None}
[0.650s] INFO:colcon.colcon_core.executor:Executing jobs using 'parallel' executor
[0.651s] DEBUG:colcon.colcon_parallel_executor.executor.parallel:run_until_complete
[0.651s] INFO:colcon.colcon_ros.task.ament_python.build:Building ROS package in '/home/aaa/robot/ros2_ws/executive_smach/smach' with build type 'ament_python'
[0.651s] Level 1:colcon.colcon_core.shell:create_environment_hook('smach', 'ament_prefix_path')
[0.654s] INFO:colcon.colcon_core.plugin_system:Skipping extension 'colcon_core.shell.bat': Not used on non-Windows systems
[0.654s] INFO:colcon.colcon_core.shell:Creating environment hook '/home/aaa/robot/ros2_ws/install/smach/share/smach/hook/ament_prefix_path.ps1'
[0.655s] INFO:colcon.colcon_core.shell:Creating environment descriptor '/home/aaa/robot/ros2_ws/install/smach/share/smach/hook/ament_prefix_path.dsv'
[0.655s] INFO:colcon.colcon_core.shell:Creating environment hook '/home/aaa/robot/ros2_ws/install/smach/share/smach/hook/ament_prefix_path.sh'
[0.655s] INFO:colcon.colcon_core.shell:Skip shell extension 'powershell' for command environment: Not usable outside of PowerShell
[0.655s] DEBUG:colcon.colcon_core.shell:Skip shell extension 'dsv' for command environment
[0.659s] INFO:colcon.colcon_ros.task.ament_cmake.build:Building ROS package in '/home/aaa/robot/ros2_ws/executive_smach/smach_msgs' with build type 'ament_cmake'
[0.659s] INFO:colcon.colcon_cmake.task.cmake.build:Building CMake package in '/home/aaa/robot/ros2_ws/executive_smach/smach_msgs'
[0.659s] INFO:colcon.colcon_core.shell:Skip shell extension 'powershell' for command environment: Not usable outside of PowerShell
[0.659s] DEBUG:colcon.colcon_core.shell:Skip shell extension 'dsv' for command environment
[0.680s] DEBUG:colcon.colcon_core.event_handler.log_command:Invoking command in '/home/aaa/robot/ros2_ws/build/smach_msgs': CMAKE_PREFIX_PATH=${CMAKE_PREFIX_PATH}:/home/aaa/robot/ros2_ws/install/smach_ros:/home/aaa/robot/ros2_ws/install/smach_demo:/home/aaa/robot/ros2_ws/install/smach:/home/aaa/robot/ros2_ws/install/mj_bridge:/opt/ros/humble PS1=\[\e]0;\u@\h: \w\a\]${debian_chroot:+($debian_chroot)}\[\033[01;32m\]\u@\h\[\033[00m\]:\[\033[01;34m\]\w\[\033[00m\]\$ /usr/bin/cmake --build /home/aaa/robot/ros2_ws/build/smach_msgs -- -j2 -l2
[1.174s] INFO:colcon.colcon_core.task.python.build:Building Python package in '/home/aaa/robot/ros2_ws/executive_smach/smach'
[1.175s] INFO:colcon.colcon_core.shell:Skip shell extension 'powershell' for command environment: Not usable outside of PowerShell
[1.175s] DEBUG:colcon.colcon_core.shell:Skip shell extension 'dsv' for command environment
[1.761s] DEBUG:colcon.colcon_core.event_handler.log_command:Invoking command in '/home/aaa/robot/ros2_ws/build/smach': PS1=\[\e]0;\u@\h: \w\a\]${debian_chroot:+($debian_chroot)}\[\033[01;32m\]\u@\h\[\033[00m\]:\[\033[01;34m\]\w\[\033[00m\]\$ PYTHONPATH=/home/aaa/robot/ros2_ws/build/smach/prefix_override:/usr/lib/python3/dist-packages/colcon_core/task/python/colcon_distutils_commands:/home/aaa/robot/ros2_ws/install/smach/lib/python3.10/site-packages:${PYTHONPATH} /usr/bin/python3 -W ignore:setup.py install is deprecated -W ignore:easy_install command is deprecated setup.py develop --editable --build-directory /home/aaa/robot/ros2_ws/build/smach/build --no-deps symlink_data
[2.555s] Level 1:colcon.colcon_core.shell:create_environment_hook('smach', 'pythonpath_develop')
[2.555s] INFO:colcon.colcon_core.shell:Creating environment hook '/home/aaa/robot/ros2_ws/build/smach/share/smach/hook/pythonpath_develop.ps1'
[2.556s] INFO:colcon.colcon_core.shell:Creating environment descriptor '/home/aaa/robot/ros2_ws/build/smach/share/smach/hook/pythonpath_develop.dsv'
[2.556s] INFO:colcon.colcon_core.shell:Creating environment hook '/home/aaa/robot/ros2_ws/build/smach/share/smach/hook/pythonpath_develop.sh'
[2.557s] DEBUG:colcon.colcon_core.event_handler.log_command:Invoked command in '/home/aaa/robot/ros2_ws/build/smach' returned '0': PS1=\[\e]0;\u@\h: \w\a\]${debian_chroot:+($debian_chroot)}\[\033[01;32m\]\u@\h\[\033[00m\]:\[\033[01;34m\]\w\[\033[00m\]\$ PYTHONPATH=/home/aaa/robot/ros2_ws/build/smach/prefix_override:/usr/lib/python3/dist-packages/colcon_core/task/python/colcon_distutils_commands:/home/aaa/robot/ros2_ws/install/smach/lib/python3.10/site-packages:${PYTHONPATH} /usr/bin/python3 -W ignore:setup.py install is deprecated -W ignore:easy_install command is deprecated setup.py develop --editable --build-directory /home/aaa/robot/ros2_ws/build/smach/build --no-deps symlink_data
[2.560s] Level 1:colcon.colcon_core.environment:checking '/home/aaa/robot/ros2_ws/install/smach' for CMake module files
[2.561s] Level 1:colcon.colcon_core.environment:checking '/home/aaa/robot/ros2_ws/install/smach' for CMake config files
[2.561s] Level 1:colcon.colcon_core.environment:checking '/home/aaa/robot/ros2_ws/install/smach/lib'
[2.561s] Level 1:colcon.colcon_core.environment:checking '/home/aaa/robot/ros2_ws/install/smach/bin'
[2.562s] Level 1:colcon.colcon_core.environment:checking '/home/aaa/robot/ros2_ws/install/smach/lib/pkgconfig/smach.pc'
[2.562s] Level 1:colcon.colcon_core.environment:checking '/home/aaa/robot/ros2_ws/install/smach/lib/python3.10/site-packages'
[2.562s] Level 1:colcon.colcon_core.shell:create_environment_hook('smach', 'pythonpath')
[2.562s] INFO:colcon.colcon_core.shell:Creating environment hook '/home/aaa/robot/ros2_ws/install/smach/share/smach/hook/pythonpath.ps1'
[2.562s] INFO:colcon.colcon_core.shell:Creating environment descriptor '/home/aaa/robot/ros2_ws/install/smach/share/smach/hook/pythonpath.dsv'
[2.563s] INFO:colcon.colcon_core.shell:Creating environment hook '/home/aaa/robot/ros2_ws/install/smach/share/smach/hook/pythonpath.sh'
[2.564s] Level 1:colcon.colcon_core.environment:checking '/home/aaa/robot/ros2_ws/install/smach/bin'
[2.564s] Level 1:colcon.colcon_core.environment:create_environment_scripts_only(smach)
[2.564s] INFO:colcon.colcon_core.shell:Creating package script '/home/aaa/robot/ros2_ws/install/smach/share/smach/package.ps1'
[2.565s] INFO:colcon.colcon_core.shell:Creating package descriptor '/home/aaa/robot/ros2_ws/install/smach/share/smach/package.dsv'
[2.565s] INFO:colcon.colcon_core.shell:Creating package script '/home/aaa/robot/ros2_ws/install/smach/share/smach/package.sh'
[2.566s] INFO:colcon.colcon_core.shell:Creating package script '/home/aaa/robot/ros2_ws/install/smach/share/smach/package.bash'
[2.566s] INFO:colcon.colcon_core.shell:Creating package script '/home/aaa/robot/ros2_ws/install/smach/share/smach/package.zsh'
[2.569s] Level 1:colcon.colcon_core.environment:create_file_with_runtime_dependencies(/home/aaa/robot/ros2_ws/install/smach/share/colcon-core/packages/smach)
[2.569s] INFO:colcon.colcon_ros.task.ament_python.build:Building ROS package in '/home/aaa/robot/ros2_ws/src/mj_bridge' with build type 'ament_python'
[2.570s] Level 1:colcon.colcon_core.shell:create_environment_hook('mj_bridge', 'ament_prefix_path')
[2.570s] INFO:colcon.colcon_core.shell:Creating environment hook '/home/aaa/robot/ros2_ws/install/mj_bridge/share/mj_bridge/hook/ament_prefix_path.ps1'
[2.570s] INFO:colcon.colcon_core.shell:Creating environment descriptor '/home/aaa/robot/ros2_ws/install/mj_bridge/share/mj_bridge/hook/ament_prefix_path.dsv'
[2.570s] INFO:colcon.colcon_core.shell:Creating environment hook '/home/aaa/robot/ros2_ws/install/mj_bridge/share/mj_bridge/hook/ament_prefix_path.sh'
[2.571s] INFO:colcon.colcon_core.shell:Skip shell extension 'powershell' for command environment: Not usable outside of PowerShell
[2.571s] DEBUG:colcon.colcon_core.shell:Skip shell extension 'dsv' for command environment
[2.989s] INFO:colcon.colcon_core.task.python.build:Building Python package in '/home/aaa/robot/ros2_ws/src/mj_bridge'
[2.989s] INFO:colcon.colcon_core.shell:Skip shell extension 'powershell' for command environment: Not usable outside of PowerShell
[2.989s] DEBUG:colcon.colcon_core.shell:Skip shell extension 'dsv' for command environment
[3.005s] DEBUG:colcon.colcon_core.event_handler.log_command:Invoked command in '/home/aaa/robot/ros2_ws/build/smach_msgs' returned '0': CMAKE_PREFIX_PATH=${CMAKE_PREFIX_PATH}:/home/aaa/robot/ros2_ws/install/smach_ros:/home/aaa/robot/ros2_ws/install/smach_demo:/home/aaa/robot/ros2_ws/install/smach:/home/aaa/robot/ros2_ws/install/mj_bridge:/opt/ros/humble PS1=\[\e]0;\u@\h: \w\a\]${debian_chroot:+($debian_chroot)}\[\033[01;32m\]\u@\h\[\033[00m\]:\[\033[01;34m\]\w\[\033[00m\]\$ /usr/bin/cmake --build /home/aaa/robot/ros2_ws/build/smach_msgs -- -j2 -l2
[3.014s] DEBUG:colcon.colcon_core.event_handler.log_command:Invoking command in '/home/aaa/robot/ros2_ws/build/smach_msgs': CMAKE_PREFIX_PATH=${CMAKE_PREFIX_PATH}:/home/aaa/robot/ros2_ws/install/smach_ros:/home/aaa/robot/ros2_ws/install/smach_demo:/home/aaa/robot/ros2_ws/install/smach:/home/aaa/robot/ros2_ws/install/mj_bridge:/opt/ros/humble PS1=\[\e]0;\u@\h: \w\a\]${debian_chroot:+($debian_chroot)}\[\033[01;32m\]\u@\h\[\033[00m\]:\[\033[01;34m\]\w\[\033[00m\]\$ /usr/bin/cmake --install /home/aaa/robot/ros2_ws/build/smach_msgs
[3.178s] Level 1:colcon.colcon_core.environment:create_environment_scripts_only(smach_msgs)
[3.179s] DEBUG:colcon.colcon_core.event_handler.log_command:Invoked command in '/home/aaa/robot/ros2_ws/build/smach_msgs' returned '0': CMAKE_PREFIX_PATH=${CMAKE_PREFIX_PATH}:/home/aaa/robot/ros2_ws/install/smach_ros:/home/aaa/robot/ros2_ws/install/smach_demo:/home/aaa/robot/ros2_ws/install/smach:/home/aaa/robot/ros2_ws/install/mj_bridge:/opt/ros/humble PS1=\[\e]0;\u@\h: \w\a\]${debian_chroot:+($debian_chroot)}\[\033[01;32m\]\u@\h\[\033[00m\]:\[\033[01;34m\]\w\[\033[00m\]\$ /usr/bin/cmake --install /home/aaa/robot/ros2_ws/build/smach_msgs
[3.179s] Level 1:colcon.colcon_core.environment:checking '/home/aaa/robot/ros2_ws/install/smach_msgs' for CMake module files
[3.180s] Level 1:colcon.colcon_core.environment:checking '/home/aaa/robot/ros2_ws/install/smach_msgs' for CMake config files
[3.181s] Level 1:colcon.colcon_core.shell:create_environment_hook('smach_msgs', 'cmake_prefix_path')
[3.181s] INFO:colcon.colcon_core.shell:Creating environment hook '/home/aaa/robot/ros2_ws/install/smach_msgs/share/smach_msgs/hook/cmake_prefix_path.ps1'
[3.181s] INFO:colcon.colcon_core.shell:Creating environment descriptor '/home/aaa/robot/ros2_ws/install/smach_msgs/share/smach_msgs/hook/cmake_prefix_path.dsv'
[3.182s] INFO:colcon.colcon_core.shell:Creating environment hook '/home/aaa/robot/ros2_ws/install/smach_msgs/share/smach_msgs/hook/cmake_prefix_path.sh'
[3.182s] Level 1:colcon.colcon_core.environment:checking '/home/aaa/robot/ros2_ws/install/smach_msgs/lib'
[3.182s] Level 1:colcon.colcon_core.shell:create_environment_hook('smach_msgs', 'ld_library_path_lib')
[3.182s] INFO:colcon.colcon_core.shell:Creating environment hook '/home/aaa/robot/ros2_ws/install/smach_msgs/share/smach_msgs/hook/ld_library_path_lib.ps1'
[3.183s] INFO:colcon.colcon_core.shell:Creating environment descriptor '/home/aaa/robot/ros2_ws/install/smach_msgs/share/smach_msgs/hook/ld_library_path_lib.dsv'
[3.183s] INFO:colcon.colcon_core.shell:Creating environment hook '/home/aaa/robot/ros2_ws/install/smach_msgs/share/smach_msgs/hook/ld_library_path_lib.sh'
[3.183s] Level 1:colcon.colcon_core.environment:checking '/home/aaa/robot/ros2_ws/install/smach_msgs/bin'
[3.183s] Level 1:colcon.colcon_core.environment:checking '/home/aaa/robot/ros2_ws/install/smach_msgs/lib/pkgconfig/smach_msgs.pc'
[3.183s] Level 1:colcon.colcon_core.environment:checking '/home/aaa/robot/ros2_ws/install/smach_msgs/lib/python3.10/site-packages'
[3.184s] Level 1:colcon.colcon_core.environment:checking '/home/aaa/robot/ros2_ws/install/smach_msgs/bin'
[3.184s] INFO:colcon.colcon_core.shell:Creating package script '/home/aaa/robot/ros2_ws/install/smach_msgs/share/smach_msgs/package.ps1'
[3.184s] INFO:colcon.colcon_core.shell:Creating package descriptor '/home/aaa/robot/ros2_ws/install/smach_msgs/share/smach_msgs/package.dsv'
[3.184s] INFO:colcon.colcon_core.shell:Creating package script '/home/aaa/robot/ros2_ws/install/smach_msgs/share/smach_msgs/package.sh'
[3.185s] INFO:colcon.colcon_core.shell:Creating package script '/home/aaa/robot/ros2_ws/install/smach_msgs/share/smach_msgs/package.bash'
[3.185s] INFO:colcon.colcon_core.shell:Creating package script '/home/aaa/robot/ros2_ws/install/smach_msgs/share/smach_msgs/package.zsh'
[3.185s] Level 1:colcon.colcon_core.environment:create_file_with_runtime_dependencies(/home/aaa/robot/ros2_ws/install/smach_msgs/share/colcon-core/packages/smach_msgs)
[3.186s] Level 1:colcon.colcon_core.environment:create_environment_scripts_only(smach_msgs)
[3.186s] Level 1:colcon.colcon_core.environment:checking '/home/aaa/robot/ros2_ws/install/smach_msgs' for CMake module files
[3.186s] Level 1:colcon.colcon_core.environment:checking '/home/aaa/robot/ros2_ws/install/smach_msgs' for CMake config files
[3.191s] Level 1:colcon.colcon_core.shell:create_environment_hook('smach_msgs', 'cmake_prefix_path')
[3.191s] INFO:colcon.colcon_core.shell:Creating environment hook '/home/aaa/robot/ros2_ws/install/smach_msgs/share/smach_msgs/hook/cmake_prefix_path.ps1'
[3.192s] INFO:colcon.colcon_core.shell:Creating environment descriptor '/home/aaa/robot/ros2_ws/install/smach_msgs/share/smach_msgs/hook/cmake_prefix_path.dsv'
[3.192s] INFO:colcon.colcon_core.shell:Creating environment hook '/home/aaa/robot/ros2_ws/install/smach_msgs/share/smach_msgs/hook/cmake_prefix_path.sh'
[3.192s] Level 1:colcon.colcon_core.environment:checking '/home/aaa/robot/ros2_ws/install/smach_msgs/lib'
[3.193s] Level 1:colcon.colcon_core.shell:create_environment_hook('smach_msgs', 'ld_library_path_lib')
[3.193s] INFO:colcon.colcon_core.shell:Creating environment hook '/home/aaa/robot/ros2_ws/install/smach_msgs/share/smach_msgs/hook/ld_library_path_lib.ps1'
[3.193s] INFO:colcon.colcon_core.shell:Creating environment descriptor '/home/aaa/robot/ros2_ws/install/smach_msgs/share/smach_msgs/hook/ld_library_path_lib.dsv'
[3.193s] INFO:colcon.colcon_core.shell:Creating environment hook '/home/aaa/robot/ros2_ws/install/smach_msgs/share/smach_msgs/hook/ld_library_path_lib.sh'
[3.193s] Level 1:colcon.colcon_core.environment:checking '/home/aaa/robot/ros2_ws/install/smach_msgs/bin'
[3.193s] Level 1:colcon.colcon_core.environment:checking '/home/aaa/robot/ros2_ws/install/smach_msgs/lib/pkgconfig/smach_msgs.pc'
[3.193s] Level 1:colcon.colcon_core.environment:checking '/home/aaa/robot/ros2_ws/install/smach_msgs/lib/python3.10/site-packages'
[3.194s] Level 1:colcon.colcon_core.environment:checking '/home/aaa/robot/ros2_ws/install/smach_msgs/bin'
[3.194s] INFO:colcon.colcon_core.shell:Creating package script '/home/aaa/robot/ros2_ws/install/smach_msgs/share/smach_msgs/package.ps1'
[3.194s] INFO:colcon.colcon_core.shell:Creating package descriptor '/home/aaa/robot/ros2_ws/install/smach_msgs/share/smach_msgs/package.dsv'
[3.204s] INFO:colcon.colcon_core.shell:Creating package script '/home/aaa/robot/ros2_ws/install/smach_msgs/share/smach_msgs/package.sh'
[3.205s] INFO:colcon.colcon_core.shell:Creating package script '/home/aaa/robot/ros2_ws/install/smach_msgs/share/smach_msgs/package.bash'
[3.206s] INFO:colcon.colcon_core.shell:Creating package script '/home/aaa/robot/ros2_ws/install/smach_msgs/share/smach_msgs/package.zsh'
[3.206s] Level 1:colcon.colcon_core.environment:create_file_with_runtime_dependencies(/home/aaa/robot/ros2_ws/install/smach_msgs/share/colcon-core/packages/smach_msgs)
[3.212s] INFO:colcon.colcon_ros.task.ament_python.build:Building ROS package in '/home/aaa/robot/ros2_ws/executive_smach/smach_ros' with build type 'ament_python'
[3.213s] Level 1:colcon.colcon_core.shell:create_environment_hook('smach_ros', 'ament_prefix_path')
[3.213s] INFO:colcon.colcon_core.shell:Creating environment hook '/home/aaa/robot/ros2_ws/install/smach_ros/share/smach_ros/hook/ament_prefix_path.ps1'
[3.213s] INFO:colcon.colcon_core.shell:Creating environment descriptor '/home/aaa/robot/ros2_ws/install/smach_ros/share/smach_ros/hook/ament_prefix_path.dsv'
[3.213s] INFO:colcon.colcon_core.shell:Creating environment hook '/home/aaa/robot/ros2_ws/install/smach_ros/share/smach_ros/hook/ament_prefix_path.sh'
[3.214s] INFO:colcon.colcon_core.shell:Skip shell extension 'powershell' for command environment: Not usable outside of PowerShell
[3.214s] DEBUG:colcon.colcon_core.shell:Skip shell extension 'dsv' for command environment
[3.779s] INFO:colcon.colcon_core.task.python.build:Building Python package in '/home/aaa/robot/ros2_ws/executive_smach/smach_ros'
[3.779s] INFO:colcon.colcon_core.shell:Skip shell extension 'powershell' for command environment: Not usable outside of PowerShell
[3.779s] DEBUG:colcon.colcon_core.shell:Skip shell extension 'dsv' for command environment
[3.785s] DEBUG:colcon.colcon_core.event_handler.log_command:Invoking command in '/home/aaa/robot/ros2_ws/build/mj_bridge': PS1=\[\e]0;\u@\h: \w\a\]${debian_chroot:+($debian_chroot)}\[\033[01;32m\]\u@\h\[\033[00m\]:\[\033[01;34m\]\w\[\033[00m\]\$ PYTHONPATH=/home/aaa/robot/ros2_ws/build/mj_bridge/prefix_override:/usr/lib/python3/dist-packages/colcon_core/task/python/colcon_distutils_commands:/home/aaa/robot/ros2_ws/install/mj_bridge/lib/python3.10/site-packages:${PYTHONPATH} /usr/bin/python3 -W ignore:setup.py install is deprecated -W ignore:easy_install command is deprecated setup.py develop --editable --build-directory /home/aaa/robot/ros2_ws/build/mj_bridge/build --no-deps symlink_data
[4.608s] DEBUG:colcon.colcon_core.event_handler.log_command:Invoking command in '/home/aaa/robot/ros2_ws/build/smach_ros': AMENT_PREFIX_PATH=/home/aaa/robot/ros2_ws/install/smach:/home/aaa/robot/ros2_ws/install/executive_smach:/home/aaa/robot/ros2_ws/install/smach_ros:/home/aaa/robot/ros2_ws/install/smach_msgs:/home/aaa/robot/ros2_ws/install/smach_demo:/home/aaa/robot/ros2_ws/install/mj_bridge:/opt/ros/humble CMAKE_PREFIX_PATH=/home/aaa/robot/ros2_ws/install/smach_msgs:/home/aaa/robot/ros2_ws/install/executive_smach PS1=\[\e]0;\u@\h: \w\a\]${debian_chroot:+($debian_chroot)}\[\033[01;32m\]\u@\h\[\033[00m\]:\[\033[01;34m\]\w\[\033[00m\]\$ PYTHONPATH=/home/aaa/robot/ros2_ws/build/smach_ros/prefix_override:/usr/lib/python3/dist-packages/colcon_core/task/python/colcon_distutils_commands:/home/aaa/robot/ros2_ws/install/smach_ros/lib/python3.10/site-packages:/home/aaa/robot/ros2_ws/build/smach:/home/aaa/robot/ros2_ws/install/smach/lib/python3.10/site-packages:/home/aaa/robot/ros2_ws/build/smach_ros:/home/aaa/robot/ros2_ws/install/smach_ros/lib/python3.10/site-packages:/home/aaa/robot/ros2_ws/install/smach_msgs/local/lib/python3.10/dist-packages:/home/aaa/robot/ros2_ws/build/smach_demo:/home/aaa/robot/ros2_ws/install/smach_demo/lib/python3.10/site-packages:/home/aaa/robot/ros2_ws/build/mj_bridge:/home/aaa/robot/ros2_ws/install/mj_bridge/lib/python3.10/site-packages:/opt/ros/humble/lib/python3.10/site-packages:/opt/ros/humble/local/lib/python3.10/dist-packages /usr/bin/python3 -W ignore:setup.py install is deprecated -W ignore:easy_install command is deprecated setup.py develop --editable --build-directory /home/aaa/robot/ros2_ws/build/smach_ros/build --no-deps symlink_data
[4.727s] Level 1:colcon.colcon_core.shell:create_environment_hook('mj_bridge', 'pythonpath_develop')
[4.728s] INFO:colcon.colcon_core.shell:Creating environment hook '/home/aaa/robot/ros2_ws/build/mj_bridge/share/mj_bridge/hook/pythonpath_develop.ps1'
[4.728s] DEBUG:colcon.colcon_core.event_handler.log_command:Invoked command in '/home/aaa/robot/ros2_ws/build/mj_bridge' returned '0': PS1=\[\e]0;\u@\h: \w\a\]${debian_chroot:+($debian_chroot)}\[\033[01;32m\]\u@\h\[\033[00m\]:\[\033[01;34m\]\w\[\033[00m\]\$ PYTHONPATH=/home/aaa/robot/ros2_ws/build/mj_bridge/prefix_override:/usr/lib/python3/dist-packages/colcon_core/task/python/colcon_distutils_commands:/home/aaa/robot/ros2_ws/install/mj_bridge/lib/python3.10/site-packages:${PYTHONPATH} /usr/bin/python3 -W ignore:setup.py install is deprecated -W ignore:easy_install command is deprecated setup.py develop --editable --build-directory /home/aaa/robot/ros2_ws/build/mj_bridge/build --no-deps symlink_data
[4.729s] INFO:colcon.colcon_core.shell:Creating environment descriptor '/home/aaa/robot/ros2_ws/build/mj_bridge/share/mj_bridge/hook/pythonpath_develop.dsv'
[4.729s] INFO:colcon.colcon_core.shell:Creating environment hook '/home/aaa/robot/ros2_ws/build/mj_bridge/share/mj_bridge/hook/pythonpath_develop.sh'
[4.729s] Level 1:colcon.colcon_core.environment:checking '/home/aaa/robot/ros2_ws/install/mj_bridge' for CMake module files
[4.730s] Level 1:colcon.colcon_core.environment:checking '/home/aaa/robot/ros2_ws/install/mj_bridge' for CMake config files
[4.730s] Level 1:colcon.colcon_core.environment:checking '/home/aaa/robot/ros2_ws/install/mj_bridge/lib'
[4.730s] Level 1:colcon.colcon_core.environment:checking '/home/aaa/robot/ros2_ws/install/mj_bridge/bin'
[4.730s] Level 1:colcon.colcon_core.environment:checking '/home/aaa/robot/ros2_ws/install/mj_bridge/lib/pkgconfig/mj_bridge.pc'
[4.731s] Level 1:colcon.colcon_core.environment:checking '/home/aaa/robot/ros2_ws/install/mj_bridge/lib/python3.10/site-packages'
[4.731s] Level 1:colcon.colcon_core.shell:create_environment_hook('mj_bridge', 'pythonpath')
[4.731s] INFO:colcon.colcon_core.shell:Creating environment hook '/home/aaa/robot/ros2_ws/install/mj_bridge/share/mj_bridge/hook/pythonpath.ps1'
[4.731s] INFO:colcon.colcon_core.shell:Creating environment descriptor '/home/aaa/robot/ros2_ws/install/mj_bridge/share/mj_bridge/hook/pythonpath.dsv'
[4.731s] INFO:colcon.colcon_core.shell:Creating environment hook '/home/aaa/robot/ros2_ws/install/mj_bridge/share/mj_bridge/hook/pythonpath.sh'
[4.732s] Level 1:colcon.colcon_core.environment:checking '/home/aaa/robot/ros2_ws/install/mj_bridge/bin'
[4.732s] Level 1:colcon.colcon_core.environment:create_environment_scripts_only(mj_bridge)
[4.732s] INFO:colcon.colcon_core.shell:Creating package script '/home/aaa/robot/ros2_ws/install/mj_bridge/share/mj_bridge/package.ps1'
[4.733s] INFO:colcon.colcon_core.shell:Creating package descriptor '/home/aaa/robot/ros2_ws/install/mj_bridge/share/mj_bridge/package.dsv'
[4.733s] INFO:colcon.colcon_core.shell:Creating package script '/home/aaa/robot/ros2_ws/install/mj_bridge/share/mj_bridge/package.sh'
[4.733s] INFO:colcon.colcon_core.shell:Creating package script '/home/aaa/robot/ros2_ws/install/mj_bridge/share/mj_bridge/package.bash'
[4.734s] INFO:colcon.colcon_core.shell:Creating package script '/home/aaa/robot/ros2_ws/install/mj_bridge/share/mj_bridge/package.zsh'
[4.734s] Level 1:colcon.colcon_core.environment:create_file_with_runtime_dependencies(/home/aaa/robot/ros2_ws/install/mj_bridge/share/colcon-core/packages/mj_bridge)
[4.735s] INFO:colcon.colcon_ros.task.ament_python.build:Building ROS package in '/home/aaa/robot/ros2_ws/src/smach_demo' with build type 'ament_python'
[4.735s] Level 1:colcon.colcon_core.shell:create_environment_hook('smach_demo', 'ament_prefix_path')
[4.735s] INFO:colcon.colcon_core.shell:Creating environment hook '/home/aaa/robot/ros2_ws/install/smach_demo/share/smach_demo/hook/ament_prefix_path.ps1'
[4.737s] INFO:colcon.colcon_core.shell:Creating environment descriptor '/home/aaa/robot/ros2_ws/install/smach_demo/share/smach_demo/hook/ament_prefix_path.dsv'
[4.737s] INFO:colcon.colcon_core.shell:Creating environment hook '/home/aaa/robot/ros2_ws/install/smach_demo/share/smach_demo/hook/ament_prefix_path.sh'
[4.739s] INFO:colcon.colcon_core.shell:Skip shell extension 'powershell' for command environment: Not usable outside of PowerShell
[4.739s] DEBUG:colcon.colcon_core.shell:Skip shell extension 'dsv' for command environment
[5.389s] INFO:colcon.colcon_core.task.python.build:Building Python package in '/home/aaa/robot/ros2_ws/src/smach_demo'
[5.389s] INFO:colcon.colcon_core.shell:Skip shell extension 'powershell' for command environment: Not usable outside of PowerShell
[5.389s] DEBUG:colcon.colcon_core.shell:Skip shell extension 'dsv' for command environment
[5.603s] Level 1:colcon.colcon_core.shell:create_environment_hook('smach_ros', 'pythonpath_develop')
[5.603s] INFO:colcon.colcon_core.shell:Creating environment hook '/home/aaa/robot/ros2_ws/build/smach_ros/share/smach_ros/hook/pythonpath_develop.ps1'
[5.604s] DEBUG:colcon.colcon_core.event_handler.log_command:Invoked command in '/home/aaa/robot/ros2_ws/build/smach_ros' returned '0': AMENT_PREFIX_PATH=/home/aaa/robot/ros2_ws/install/smach:/home/aaa/robot/ros2_ws/install/executive_smach:/home/aaa/robot/ros2_ws/install/smach_ros:/home/aaa/robot/ros2_ws/install/smach_msgs:/home/aaa/robot/ros2_ws/install/smach_demo:/home/aaa/robot/ros2_ws/install/mj_bridge:/opt/ros/humble CMAKE_PREFIX_PATH=/home/aaa/robot/ros2_ws/install/smach_msgs:/home/aaa/robot/ros2_ws/install/executive_smach PS1=\[\e]0;\u@\h: \w\a\]${debian_chroot:+($debian_chroot)}\[\033[01;32m\]\u@\h\[\033[00m\]:\[\033[01;34m\]\w\[\033[00m\]\$ PYTHONPATH=/home/aaa/robot/ros2_ws/build/smach_ros/prefix_override:/usr/lib/python3/dist-packages/colcon_core/task/python/colcon_distutils_commands:/home/aaa/robot/ros2_ws/install/smach_ros/lib/python3.10/site-packages:/home/aaa/robot/ros2_ws/build/smach:/home/aaa/robot/ros2_ws/install/smach/lib/python3.10/site-packages:/home/aaa/robot/ros2_ws/build/smach_ros:/home/aaa/robot/ros2_ws/install/smach_ros/lib/python3.10/site-packages:/home/aaa/robot/ros2_ws/install/smach_msgs/local/lib/python3.10/dist-packages:/home/aaa/robot/ros2_ws/build/smach_demo:/home/aaa/robot/ros2_ws/install/smach_demo/lib/python3.10/site-packages:/home/aaa/robot/ros2_ws/build/mj_bridge:/home/aaa/robot/ros2_ws/install/mj_bridge/lib/python3.10/site-packages:/opt/ros/humble/lib/python3.10/site-packages:/opt/ros/humble/local/lib/python3.10/dist-packages /usr/bin/python3 -W ignore:setup.py install is deprecated -W ignore:easy_install command is deprecated setup.py develop --editable --build-directory /home/aaa/robot/ros2_ws/build/smach_ros/build --no-deps symlink_data
[5.604s] INFO:colcon.colcon_core.shell:Creating environment descriptor '/home/aaa/robot/ros2_ws/build/smach_ros/share/smach_ros/hook/pythonpath_develop.dsv'
[5.605s] INFO:colcon.colcon_core.shell:Creating environment hook '/home/aaa/robot/ros2_ws/build/smach_ros/share/smach_ros/hook/pythonpath_develop.sh'
[5.609s] Level 1:colcon.colcon_core.environment:checking '/home/aaa/robot/ros2_ws/install/smach_ros' for CMake module files
[5.609s] Level 1:colcon.colcon_core.environment:checking '/home/aaa/robot/ros2_ws/install/smach_ros' for CMake config files
[5.610s] Level 1:colcon.colcon_core.environment:checking '/home/aaa/robot/ros2_ws/install/smach_ros/lib'
[5.610s] Level 1:colcon.colcon_core.environment:checking '/home/aaa/robot/ros2_ws/install/smach_ros/bin'
[5.610s] Level 1:colcon.colcon_core.environment:checking '/home/aaa/robot/ros2_ws/install/smach_ros/lib/pkgconfig/smach_ros.pc'
[5.610s] Level 1:colcon.colcon_core.environment:checking '/home/aaa/robot/ros2_ws/install/smach_ros/lib/python3.10/site-packages'
[5.610s] Level 1:colcon.colcon_core.shell:create_environment_hook('smach_ros', 'pythonpath')
[5.610s] INFO:colcon.colcon_core.shell:Creating environment hook '/home/aaa/robot/ros2_ws/install/smach_ros/share/smach_ros/hook/pythonpath.ps1'
[5.611s] INFO:colcon.colcon_core.shell:Creating environment descriptor '/home/aaa/robot/ros2_ws/install/smach_ros/share/smach_ros/hook/pythonpath.dsv'
[5.611s] INFO:colcon.colcon_core.shell:Creating environment hook '/home/aaa/robot/ros2_ws/install/smach_ros/share/smach_ros/hook/pythonpath.sh'
[5.612s] Level 1:colcon.colcon_core.environment:checking '/home/aaa/robot/ros2_ws/install/smach_ros/bin'
[5.612s] Level 1:colcon.colcon_core.environment:create_environment_scripts_only(smach_ros)
[5.618s] INFO:colcon.colcon_core.shell:Creating package script '/home/aaa/robot/ros2_ws/install/smach_ros/share/smach_ros/package.ps1'
[5.619s] INFO:colcon.colcon_core.shell:Creating package descriptor '/home/aaa/robot/ros2_ws/install/smach_ros/share/smach_ros/package.dsv'
[5.623s] INFO:colcon.colcon_core.shell:Creating package script '/home/aaa/robot/ros2_ws/install/smach_ros/share/smach_ros/package.sh'
[5.624s] INFO:colcon.colcon_core.shell:Creating package script '/home/aaa/robot/ros2_ws/install/smach_ros/share/smach_ros/package.bash'
[5.624s] INFO:colcon.colcon_core.shell:Creating package script '/home/aaa/robot/ros2_ws/install/smach_ros/share/smach_ros/package.zsh'
[5.624s] Level 1:colcon.colcon_core.environment:create_file_with_runtime_dependencies(/home/aaa/robot/ros2_ws/install/smach_ros/share/colcon-core/packages/smach_ros)
[5.624s] INFO:colcon.colcon_ros.task.ament_cmake.build:Building ROS package in '/home/aaa/robot/ros2_ws/executive_smach/executive_smach' with build type 'ament_cmake'
[5.625s] INFO:colcon.colcon_cmake.task.cmake.build:Building CMake package in '/home/aaa/robot/ros2_ws/executive_smach/executive_smach'
[5.625s] INFO:colcon.colcon_core.shell:Skip shell extension 'powershell' for command environment: Not usable outside of PowerShell
[5.625s] DEBUG:colcon.colcon_core.shell:Skip shell extension 'dsv' for command environment
[5.739s] DEBUG:colcon.colcon_core.event_handler.log_command:Invoking command in '/home/aaa/robot/ros2_ws/build/executive_smach': AMENT_PREFIX_PATH=/home/aaa/robot/ros2_ws/install/smach_ros:/home/aaa/robot/ros2_ws/install/smach:/home/aaa/robot/ros2_ws/install/executive_smach:/home/aaa/robot/ros2_ws/install/smach_msgs:/home/aaa/robot/ros2_ws/install/smach_demo:/home/aaa/robot/ros2_ws/install/mj_bridge:/opt/ros/humble CMAKE_PREFIX_PATH=/home/aaa/robot/ros2_ws/install/smach_msgs:/home/aaa/robot/ros2_ws/install/executive_smach:/home/aaa/robot/ros2_ws/install/smach_ros:/home/aaa/robot/ros2_ws/install/smach_demo:/home/aaa/robot/ros2_ws/install/smach:/home/aaa/robot/ros2_ws/install/mj_bridge:/opt/ros/humble PS1=\[\e]0;\u@\h: \w\a\]${debian_chroot:+($debian_chroot)}\[\033[01;32m\]\u@\h\[\033[00m\]:\[\033[01;34m\]\w\[\033[00m\]\$ PYTHONPATH=/home/aaa/robot/ros2_ws/build/smach_ros:/home/aaa/robot/ros2_ws/install/smach_ros/lib/python3.10/site-packages:/home/aaa/robot/ros2_ws/build/smach:/home/aaa/robot/ros2_ws/install/smach/lib/python3.10/site-packages:/home/aaa/robot/ros2_ws/install/smach_msgs/local/lib/python3.10/dist-packages:/home/aaa/robot/ros2_ws/build/smach_demo:/home/aaa/robot/ros2_ws/install/smach_demo/lib/python3.10/site-packages:/home/aaa/robot/ros2_ws/build/mj_bridge:/home/aaa/robot/ros2_ws/install/mj_bridge/lib/python3.10/site-packages:/opt/ros/humble/lib/python3.10/site-packages:/opt/ros/humble/local/lib/python3.10/dist-packages /usr/bin/cmake --build /home/aaa/robot/ros2_ws/build/executive_smach -- -j2 -l2
[5.880s] DEBUG:colcon.colcon_core.event_handler.log_command:Invoked command in '/home/aaa/robot/ros2_ws/build/executive_smach' returned '0': AMENT_PREFIX_PATH=/home/aaa/robot/ros2_ws/install/smach_ros:/home/aaa/robot/ros2_ws/install/smach:/home/aaa/robot/ros2_ws/install/executive_smach:/home/aaa/robot/ros2_ws/install/smach_msgs:/home/aaa/robot/ros2_ws/install/smach_demo:/home/aaa/robot/ros2_ws/install/mj_bridge:/opt/ros/humble CMAKE_PREFIX_PATH=/home/aaa/robot/ros2_ws/install/smach_msgs:/home/aaa/robot/ros2_ws/install/executive_smach:/home/aaa/robot/ros2_ws/install/smach_ros:/home/aaa/robot/ros2_ws/install/smach_demo:/home/aaa/robot/ros2_ws/install/smach:/home/aaa/robot/ros2_ws/install/mj_bridge:/opt/ros/humble PS1=\[\e]0;\u@\h: \w\a\]${debian_chroot:+($debian_chroot)}\[\033[01;32m\]\u@\h\[\033[00m\]:\[\033[01;34m\]\w\[\033[00m\]\$ PYTHONPATH=/home/aaa/robot/ros2_ws/build/smach_ros:/home/aaa/robot/ros2_ws/install/smach_ros/lib/python3.10/site-packages:/home/aaa/robot/ros2_ws/build/smach:/home/aaa/robot/ros2_ws/install/smach/lib/python3.10/site-packages:/home/aaa/robot/ros2_ws/install/smach_msgs/local/lib/python3.10/dist-packages:/home/aaa/robot/ros2_ws/build/smach_demo:/home/aaa/robot/ros2_ws/install/smach_demo/lib/python3.10/site-packages:/home/aaa/robot/ros2_ws/build/mj_bridge:/home/aaa/robot/ros2_ws/install/mj_bridge/lib/python3.10/site-packages:/opt/ros/humble/lib/python3.10/site-packages:/opt/ros/humble/local/lib/python3.10/dist-packages /usr/bin/cmake --build /home/aaa/robot/ros2_ws/build/executive_smach -- -j2 -l2
[5.883s] DEBUG:colcon.colcon_core.event_handler.log_command:Invoking command in '/home/aaa/robot/ros2_ws/build/executive_smach': AMENT_PREFIX_PATH=/home/aaa/robot/ros2_ws/install/smach_ros:/home/aaa/robot/ros2_ws/install/smach:/home/aaa/robot/ros2_ws/install/executive_smach:/home/aaa/robot/ros2_ws/install/smach_msgs:/home/aaa/robot/ros2_ws/install/smach_demo:/home/aaa/robot/ros2_ws/install/mj_bridge:/opt/ros/humble CMAKE_PREFIX_PATH=/home/aaa/robot/ros2_ws/install/smach_msgs:/home/aaa/robot/ros2_ws/install/executive_smach:/home/aaa/robot/ros2_ws/install/smach_ros:/home/aaa/robot/ros2_ws/install/smach_demo:/home/aaa/robot/ros2_ws/install/smach:/home/aaa/robot/ros2_ws/install/mj_bridge:/opt/ros/humble PS1=\[\e]0;\u@\h: \w\a\]${debian_chroot:+($debian_chroot)}\[\033[01;32m\]\u@\h\[\033[00m\]:\[\033[01;34m\]\w\[\033[00m\]\$ PYTHONPATH=/home/aaa/robot/ros2_ws/build/smach_ros:/home/aaa/robot/ros2_ws/install/smach_ros/lib/python3.10/site-packages:/home/aaa/robot/ros2_ws/build/smach:/home/aaa/robot/ros2_ws/install/smach/lib/python3.10/site-packages:/home/aaa/robot/ros2_ws/install/smach_msgs/local/lib/python3.10/dist-packages:/home/aaa/robot/ros2_ws/build/smach_demo:/home/aaa/robot/ros2_ws/install/smach_demo/lib/python3.10/site-packages:/home/aaa/robot/ros2_ws/build/mj_bridge:/home/aaa/robot/ros2_ws/install/mj_bridge/lib/python3.10/site-packages:/opt/ros/humble/lib/python3.10/site-packages:/opt/ros/humble/local/lib/python3.10/dist-packages /usr/bin/cmake --install /home/aaa/robot/ros2_ws/build/executive_smach
[5.905s] Level 1:colcon.colcon_core.environment:create_environment_scripts_only(executive_smach)
[5.905s] Level 1:colcon.colcon_core.environment:checking '/home/aaa/robot/ros2_ws/install/executive_smach' for CMake module files
[5.906s] DEBUG:colcon.colcon_core.event_handler.log_command:Invoked command in '/home/aaa/robot/ros2_ws/build/executive_smach' returned '0': AMENT_PREFIX_PATH=/home/aaa/robot/ros2_ws/install/smach_ros:/home/aaa/robot/ros2_ws/install/smach:/home/aaa/robot/ros2_ws/install/executive_smach:/home/aaa/robot/ros2_ws/install/smach_msgs:/home/aaa/robot/ros2_ws/install/smach_demo:/home/aaa/robot/ros2_ws/install/mj_bridge:/opt/ros/humble CMAKE_PREFIX_PATH=/home/aaa/robot/ros2_ws/install/smach_msgs:/home/aaa/robot/ros2_ws/install/executive_smach:/home/aaa/robot/ros2_ws/install/smach_ros:/home/aaa/robot/ros2_ws/install/smach_demo:/home/aaa/robot/ros2_ws/install/smach:/home/aaa/robot/ros2_ws/install/mj_bridge:/opt/ros/humble PS1=\[\e]0;\u@\h: \w\a\]${debian_chroot:+($debian_chroot)}\[\033[01;32m\]\u@\h\[\033[00m\]:\[\033[01;34m\]\w\[\033[00m\]\$ PYTHONPATH=/home/aaa/robot/ros2_ws/build/smach_ros:/home/aaa/robot/ros2_ws/install/smach_ros/lib/python3.10/site-packages:/home/aaa/robot/ros2_ws/build/smach:/home/aaa/robot/ros2_ws/install/smach/lib/python3.10/site-packages:/home/aaa/robot/ros2_ws/install/smach_msgs/local/lib/python3.10/dist-packages:/home/aaa/robot/ros2_ws/build/smach_demo:/home/aaa/robot/ros2_ws/install/smach_demo/lib/python3.10/site-packages:/home/aaa/robot/ros2_ws/build/mj_bridge:/home/aaa/robot/ros2_ws/install/mj_bridge/lib/python3.10/site-packages:/opt/ros/humble/lib/python3.10/site-packages:/opt/ros/humble/local/lib/python3.10/dist-packages /usr/bin/cmake --install /home/aaa/robot/ros2_ws/build/executive_smach
[5.906s] Level 1:colcon.colcon_core.environment:checking '/home/aaa/robot/ros2_ws/install/executive_smach' for CMake config files
[5.906s] Level 1:colcon.colcon_core.shell:create_environment_hook('executive_smach', 'cmake_prefix_path')
[5.907s] INFO:colcon.colcon_core.shell:Creating environment hook '/home/aaa/robot/ros2_ws/install/executive_smach/share/executive_smach/hook/cmake_prefix_path.ps1'
[5.907s] INFO:colcon.colcon_core.shell:Creating environment descriptor '/home/aaa/robot/ros2_ws/install/executive_smach/share/executive_smach/hook/cmake_prefix_path.dsv'
[5.907s] INFO:colcon.colcon_core.shell:Creating environment hook '/home/aaa/robot/ros2_ws/install/executive_smach/share/executive_smach/hook/cmake_prefix_path.sh'
[5.908s] Level 1:colcon.colcon_core.environment:checking '/home/aaa/robot/ros2_ws/install/executive_smach/bin'
[5.908s] Level 1:colcon.colcon_core.environment:checking '/home/aaa/robot/ros2_ws/install/executive_smach/lib/pkgconfig/executive_smach.pc'
[5.908s] Level 1:colcon.colcon_core.environment:checking '/home/aaa/robot/ros2_ws/install/executive_smach/lib/python3.10/site-packages'
[5.908s] Level 1:colcon.colcon_core.environment:checking '/home/aaa/robot/ros2_ws/install/executive_smach/bin'
[5.909s] INFO:colcon.colcon_core.shell:Creating package script '/home/aaa/robot/ros2_ws/install/executive_smach/share/executive_smach/package.ps1'
[5.909s] INFO:colcon.colcon_core.shell:Creating package descriptor '/home/aaa/robot/ros2_ws/install/executive_smach/share/executive_smach/package.dsv'
[5.909s] INFO:colcon.colcon_core.shell:Creating package script '/home/aaa/robot/ros2_ws/install/executive_smach/share/executive_smach/package.sh'
[5.910s] INFO:colcon.colcon_core.shell:Creating package script '/home/aaa/robot/ros2_ws/install/executive_smach/share/executive_smach/package.bash'
[5.910s] INFO:colcon.colcon_core.shell:Creating package script '/home/aaa/robot/ros2_ws/install/executive_smach/share/executive_smach/package.zsh'
[5.910s] Level 1:colcon.colcon_core.environment:create_file_with_runtime_dependencies(/home/aaa/robot/ros2_ws/install/executive_smach/share/colcon-core/packages/executive_smach)
[5.910s] Level 1:colcon.colcon_core.environment:create_environment_scripts_only(executive_smach)
[5.911s] Level 1:colcon.colcon_core.environment:checking '/home/aaa/robot/ros2_ws/install/executive_smach' for CMake module files
[5.916s] Level 1:colcon.colcon_core.environment:checking '/home/aaa/robot/ros2_ws/install/executive_smach' for CMake config files
[5.916s] Level 1:colcon.colcon_core.shell:create_environment_hook('executive_smach', 'cmake_prefix_path')
[5.917s] INFO:colcon.colcon_core.shell:Creating environment hook '/home/aaa/robot/ros2_ws/install/executive_smach/share/executive_smach/hook/cmake_prefix_path.ps1'
[5.928s] INFO:colcon.colcon_core.shell:Creating environment descriptor '/home/aaa/robot/ros2_ws/install/executive_smach/share/executive_smach/hook/cmake_prefix_path.dsv'
[5.931s] INFO:colcon.colcon_core.shell:Creating environment hook '/home/aaa/robot/ros2_ws/install/executive_smach/share/executive_smach/hook/cmake_prefix_path.sh'
[5.931s] Level 1:colcon.colcon_core.environment:checking '/home/aaa/robot/ros2_ws/install/executive_smach/bin'
[5.931s] Level 1:colcon.colcon_core.environment:checking '/home/aaa/robot/ros2_ws/install/executive_smach/lib/pkgconfig/executive_smach.pc'
[5.932s] Level 1:colcon.colcon_core.environment:checking '/home/aaa/robot/ros2_ws/install/executive_smach/lib/python3.10/site-packages'
[5.932s] Level 1:colcon.colcon_core.environment:checking '/home/aaa/robot/ros2_ws/install/executive_smach/bin'
[5.932s] INFO:colcon.colcon_core.shell:Creating package script '/home/aaa/robot/ros2_ws/install/executive_smach/share/executive_smach/package.ps1'
[5.932s] INFO:colcon.colcon_core.shell:Creating package descriptor '/home/aaa/robot/ros2_ws/install/executive_smach/share/executive_smach/package.dsv'
[5.933s] INFO:colcon.colcon_core.shell:Creating package script '/home/aaa/robot/ros2_ws/install/executive_smach/share/executive_smach/package.sh'
[5.933s] INFO:colcon.colcon_core.shell:Creating package script '/home/aaa/robot/ros2_ws/install/executive_smach/share/executive_smach/package.bash'
[5.933s] INFO:colcon.colcon_core.shell:Creating package script '/home/aaa/robot/ros2_ws/install/executive_smach/share/executive_smach/package.zsh'
[5.934s] Level 1:colcon.colcon_core.environment:create_file_with_runtime_dependencies(/home/aaa/robot/ros2_ws/install/executive_smach/share/colcon-core/packages/executive_smach)
[6.096s] DEBUG:colcon.colcon_core.event_handler.log_command:Invoking command in '/home/aaa/robot/ros2_ws/build/smach_demo': PS1=\[\e]0;\u@\h: \w\a\]${debian_chroot:+($debian_chroot)}\[\033[01;32m\]\u@\h\[\033[00m\]:\[\033[01;34m\]\w\[\033[00m\]\$ PYTHONPATH=/home/aaa/robot/ros2_ws/build/smach_demo/prefix_override:/usr/lib/python3/dist-packages/colcon_core/task/python/colcon_distutils_commands:/home/aaa/robot/ros2_ws/install/smach_demo/lib/python3.10/site-packages:${PYTHONPATH} /usr/bin/python3 -W ignore:setup.py install is deprecated -W ignore:easy_install command is deprecated setup.py develop --editable --build-directory /home/aaa/robot/ros2_ws/build/smach_demo/build --no-deps symlink_data
[6.578s] Level 1:colcon.colcon_core.shell:create_environment_hook('smach_demo', 'pythonpath_develop')
[6.578s] INFO:colcon.colcon_core.shell:Creating environment hook '/home/aaa/robot/ros2_ws/build/smach_demo/share/smach_demo/hook/pythonpath_develop.ps1'
[6.579s] DEBUG:colcon.colcon_core.event_handler.log_command:Invoked command in '/home/aaa/robot/ros2_ws/build/smach_demo' returned '0': PS1=\[\e]0;\u@\h: \w\a\]${debian_chroot:+($debian_chroot)}\[\033[01;32m\]\u@\h\[\033[00m\]:\[\033[01;34m\]\w\[\033[00m\]\$ PYTHONPATH=/home/aaa/robot/ros2_ws/build/smach_demo/prefix_override:/usr/lib/python3/dist-packages/colcon_core/task/python/colcon_distutils_commands:/home/aaa/robot/ros2_ws/install/smach_demo/lib/python3.10/site-packages:${PYTHONPATH} /usr/bin/python3 -W ignore:setup.py install is deprecated -W ignore:easy_install command is deprecated setup.py develop --editable --build-directory /home/aaa/robot/ros2_ws/build/smach_demo/build --no-deps symlink_data
[6.579s] INFO:colcon.colcon_core.shell:Creating environment descriptor '/home/aaa/robot/ros2_ws/build/smach_demo/share/smach_demo/hook/pythonpath_develop.dsv'
[6.579s] INFO:colcon.colcon_core.shell:Creating environment hook '/home/aaa/robot/ros2_ws/build/smach_demo/share/smach_demo/hook/pythonpath_develop.sh'
[6.580s] Level 1:colcon.colcon_core.environment:checking '/home/aaa/robot/ros2_ws/install/smach_demo' for CMake module files
[6.580s] Level 1:colcon.colcon_core.environment:checking '/home/aaa/robot/ros2_ws/install/smach_demo' for CMake config files
[6.581s] Level 1:colcon.colcon_core.environment:checking '/home/aaa/robot/ros2_ws/install/smach_demo/lib'
[6.581s] Level 1:colcon.colcon_core.environment:checking '/home/aaa/robot/ros2_ws/install/smach_demo/bin'
[6.581s] Level 1:colcon.colcon_core.environment:checking '/home/aaa/robot/ros2_ws/install/smach_demo/lib/pkgconfig/smach_demo.pc'
[6.581s] Level 1:colcon.colcon_core.environment:checking '/home/aaa/robot/ros2_ws/install/smach_demo/lib/python3.10/site-packages'
[6.581s] Level 1:colcon.colcon_core.shell:create_environment_hook('smach_demo', 'pythonpath')
[6.581s] INFO:colcon.colcon_core.shell:Creating environment hook '/home/aaa/robot/ros2_ws/install/smach_demo/share/smach_demo/hook/pythonpath.ps1'
[6.581s] INFO:colcon.colcon_core.shell:Creating environment descriptor '/home/aaa/robot/ros2_ws/install/smach_demo/share/smach_demo/hook/pythonpath.dsv'
[6.582s] INFO:colcon.colcon_core.shell:Creating environment hook '/home/aaa/robot/ros2_ws/install/smach_demo/share/smach_demo/hook/pythonpath.sh'
[6.582s] Level 1:colcon.colcon_core.environment:checking '/home/aaa/robot/ros2_ws/install/smach_demo/bin'
[6.582s] Level 1:colcon.colcon_core.environment:create_environment_scripts_only(smach_demo)
[6.582s] INFO:colcon.colcon_core.shell:Creating package script '/home/aaa/robot/ros2_ws/install/smach_demo/share/smach_demo/package.ps1'
[6.583s] INFO:colcon.colcon_core.shell:Creating package descriptor '/home/aaa/robot/ros2_ws/install/smach_demo/share/smach_demo/package.dsv'
[6.583s] INFO:colcon.colcon_core.shell:Creating package script '/home/aaa/robot/ros2_ws/install/smach_demo/share/smach_demo/package.sh'
[6.584s] INFO:colcon.colcon_core.shell:Creating package script '/home/aaa/robot/ros2_ws/install/smach_demo/share/smach_demo/package.bash'
[6.584s] INFO:colcon.colcon_core.shell:Creating package script '/home/aaa/robot/ros2_ws/install/smach_demo/share/smach_demo/package.zsh'
[6.584s] Level 1:colcon.colcon_core.environment:create_file_with_runtime_dependencies(/home/aaa/robot/ros2_ws/install/smach_demo/share/colcon-core/packages/smach_demo)
[6.584s] DEBUG:colcon.colcon_parallel_executor.executor.parallel:closing loop
[6.585s] DEBUG:colcon.colcon_parallel_executor.executor.parallel:loop closed
[6.585s] DEBUG:colcon.colcon_parallel_executor.executor.parallel:run_until_complete finished with '0'
[6.585s] DEBUG:colcon.colcon_core.event_reactor:joining thread
[6.592s] INFO:colcon.colcon_core.plugin_system:Skipping extension 'colcon_notification.desktop_notification.terminal_notifier': Not used on non-Darwin systems
[6.593s] INFO:colcon.colcon_core.plugin_system:Skipping extension 'colcon_notification.desktop_notification.win32': Not used on non-Windows systems
[6.593s] INFO:colcon.colcon_notification.desktop_notification:Sending desktop notification using 'notify2'
[6.641s] DEBUG:colcon.colcon_core.event_reactor:joined thread
[6.642s] INFO:colcon.colcon_core.shell:Creating prefix script '/home/aaa/robot/ros2_ws/install/local_setup.ps1'
[6.643s] INFO:colcon.colcon_core.shell:Creating prefix util module '/home/aaa/robot/ros2_ws/install/_local_setup_util_ps1.py'
[6.644s] INFO:colcon.colcon_core.shell:Creating prefix chain script '/home/aaa/robot/ros2_ws/install/setup.ps1'
[6.645s] INFO:colcon.colcon_core.shell:Creating prefix script '/home/aaa/robot/ros2_ws/install/local_setup.sh'
[6.646s] INFO:colcon.colcon_core.shell:Creating prefix util module '/home/aaa/robot/ros2_ws/install/_local_setup_util_sh.py'
[6.648s] INFO:colcon.colcon_core.shell:Creating prefix chain script '/home/aaa/robot/ros2_ws/install/setup.sh'
[6.653s] INFO:colcon.colcon_core.shell:Creating prefix script '/home/aaa/robot/ros2_ws/install/local_setup.bash'
[6.655s] INFO:colcon.colcon_core.shell:Creating prefix chain script '/home/aaa/robot/ros2_ws/install/setup.bash'
[6.656s] INFO:colcon.colcon_core.shell:Creating prefix script '/home/aaa/robot/ros2_ws/install/local_setup.zsh'
[6.658s] INFO:colcon.colcon_core.shell:Creating prefix chain script '/home/aaa/robot/ros2_ws/install/setup.zsh'
