[0.805s] Invoking command in '/home/aaa/robot/ros2_ws/build/smach': PYTHONPATH=/home/aaa/robot/ros2_ws/build/smach/prefix_override:/usr/lib/python3/dist-packages/colcon_core/task/python/colcon_distutils_commands:/home/aaa/robot/ros2_ws/install/smach/lib/python3.10/site-packages:${PYTHONPATH} /usr/bin/python3 -W ignore:setup.py install is deprecated -W ignore:easy_install command is deprecated setup.py develop --uninstall --editable --build-directory /home/aaa/robot/ros2_ws/build/smach/build
[1.030s] /usr/lib/python3/dist-packages/setuptools/dist.py:723: UserWarning: Usage of dash-separated 'script-dir' will not be supported in future versions. Please use the underscore name 'script_dir' instead
[1.030s]   warnings.warn(
[1.065s] running develop
[1.201s] Removing /home/aaa/robot/ros2_ws/install/smach/lib/python3.10/site-packages/smach.egg-link (link to .)
[1.223s] Invoked command in '/home/aaa/robot/ros2_ws/build/smach' returned '0': PYTHONPATH=/home/aaa/robot/ros2_ws/build/smach/prefix_override:/usr/lib/python3/dist-packages/colcon_core/task/python/colcon_distutils_commands:/home/aaa/robot/ros2_ws/install/smach/lib/python3.10/site-packages:${PYTHONPATH} /usr/bin/python3 -W ignore:setup.py install is deprecated -W ignore:easy_install command is deprecated setup.py develop --uninstall --editable --build-directory /home/aaa/robot/ros2_ws/build/smach/build
[1.224s] Invoking command in '/home/aaa/robot/ros2_ws/executive_smach/smach': PYTHONPATH=/home/aaa/robot/ros2_ws/build/smach/prefix_override:/usr/lib/python3/dist-packages/colcon_core/task/python/colcon_distutils_commands:/home/aaa/robot/ros2_ws/install/smach/lib/python3.10/site-packages:${PYTHONPATH} /usr/bin/python3 -W ignore:setup.py install is deprecated -W ignore:easy_install command is deprecated setup.py egg_info --egg-base ../../build/smach build --build-base /home/aaa/robot/ros2_ws/build/smach/build install --record /home/aaa/robot/ros2_ws/build/smach/install.log --install-scripts $base/lib/smach --single-version-externally-managed install_data --force
[1.541s] /usr/lib/python3/dist-packages/setuptools/dist.py:723: UserWarning: Usage of dash-separated 'script-dir' will not be supported in future versions. Please use the underscore name 'script_dir' instead
[1.541s]   warnings.warn(
[1.545s] running egg_info
[1.548s] writing ../../build/smach/smach.egg-info/PKG-INFO
[1.548s] /usr/lib/python3/dist-packages/setuptools/dist.py:157: UserWarning: newlines not allowed and will break in the future
[1.548s]   warnings.warn("newlines not allowed and will break in the future")
[1.551s] writing dependency_links to ../../build/smach/smach.egg-info/dependency_links.txt
[1.552s] writing requirements to ../../build/smach/smach.egg-info/requires.txt
[1.552s] writing top-level names to ../../build/smach/smach.egg-info/top_level.txt
[1.560s] reading manifest file '../../build/smach/smach.egg-info/SOURCES.txt'
[1.561s] writing manifest file '../../build/smach/smach.egg-info/SOURCES.txt'
[1.561s] running build
[1.561s] running build_py
[1.562s] running install
[1.570s] running install_lib
[1.575s] creating /home/aaa/robot/ros2_ws/install/smach/lib/python3.10/site-packages/smach
[1.577s] copying /home/aaa/robot/ros2_ws/build/smach/build/lib/smach/user_data.py -> /home/aaa/robot/ros2_ws/install/smach/lib/python3.10/site-packages/smach
[1.578s] copying /home/aaa/robot/ros2_ws/build/smach/build/lib/smach/log.py -> /home/aaa/robot/ros2_ws/install/smach/lib/python3.10/site-packages/smach
[1.578s] copying /home/aaa/robot/ros2_ws/build/smach/build/lib/smach/state.py -> /home/aaa/robot/ros2_ws/install/smach/lib/python3.10/site-packages/smach
[1.579s] copying /home/aaa/robot/ros2_ws/build/smach/build/lib/smach/concurrence.py -> /home/aaa/robot/ros2_ws/install/smach/lib/python3.10/site-packages/smach
[1.579s] copying /home/aaa/robot/ros2_ws/build/smach/build/lib/smach/container.py -> /home/aaa/robot/ros2_ws/install/smach/lib/python3.10/site-packages/smach
[1.579s] copying /home/aaa/robot/ros2_ws/build/smach/build/lib/smach/__init__.py -> /home/aaa/robot/ros2_ws/install/smach/lib/python3.10/site-packages/smach
[1.579s] copying /home/aaa/robot/ros2_ws/build/smach/build/lib/smach/exceptions.py -> /home/aaa/robot/ros2_ws/install/smach/lib/python3.10/site-packages/smach
[1.579s] copying /home/aaa/robot/ros2_ws/build/smach/build/lib/smach/sequence.py -> /home/aaa/robot/ros2_ws/install/smach/lib/python3.10/site-packages/smach
[1.579s] copying /home/aaa/robot/ros2_ws/build/smach/build/lib/smach/util.py -> /home/aaa/robot/ros2_ws/install/smach/lib/python3.10/site-packages/smach
[1.579s] copying /home/aaa/robot/ros2_ws/build/smach/build/lib/smach/iterator.py -> /home/aaa/robot/ros2_ws/install/smach/lib/python3.10/site-packages/smach
[1.579s] copying /home/aaa/robot/ros2_ws/build/smach/build/lib/smach/state_machine.py -> /home/aaa/robot/ros2_ws/install/smach/lib/python3.10/site-packages/smach
[1.579s] byte-compiling /home/aaa/robot/ros2_ws/install/smach/lib/python3.10/site-packages/smach/user_data.py to user_data.cpython-310.pyc
[1.580s] byte-compiling /home/aaa/robot/ros2_ws/install/smach/lib/python3.10/site-packages/smach/log.py to log.cpython-310.pyc
[1.580s] byte-compiling /home/aaa/robot/ros2_ws/install/smach/lib/python3.10/site-packages/smach/state.py to state.cpython-310.pyc
[1.580s] byte-compiling /home/aaa/robot/ros2_ws/install/smach/lib/python3.10/site-packages/smach/concurrence.py to concurrence.cpython-310.pyc
[1.596s] byte-compiling /home/aaa/robot/ros2_ws/install/smach/lib/python3.10/site-packages/smach/container.py to container.cpython-310.pyc
[1.597s] byte-compiling /home/aaa/robot/ros2_ws/install/smach/lib/python3.10/site-packages/smach/__init__.py to __init__.cpython-310.pyc
[1.597s] byte-compiling /home/aaa/robot/ros2_ws/install/smach/lib/python3.10/site-packages/smach/exceptions.py to exceptions.cpython-310.pyc
[1.598s] byte-compiling /home/aaa/robot/ros2_ws/install/smach/lib/python3.10/site-packages/smach/sequence.py to sequence.cpython-310.pyc
[1.599s] byte-compiling /home/aaa/robot/ros2_ws/install/smach/lib/python3.10/site-packages/smach/util.py to util.cpython-310.pyc
[1.599s] byte-compiling /home/aaa/robot/ros2_ws/install/smach/lib/python3.10/site-packages/smach/iterator.py to iterator.cpython-310.pyc
[1.599s] byte-compiling /home/aaa/robot/ros2_ws/install/smach/lib/python3.10/site-packages/smach/state_machine.py to state_machine.cpython-310.pyc
[1.600s] /home/aaa/robot/ros2_ws/install/smach/lib/python3.10/site-packages/smach/state_machine.py:77: SyntaxWarning: "is not" with a literal. Did you mean "!="?
[1.600s]   return {k:v for (k, v) in self.__dict__.items() if k is not "_state_transitioning_lock"}
[1.600s] running install_data
[1.600s] copying resource/smach -> /home/aaa/robot/ros2_ws/install/smach/share/ament_index/resource_index/packages
[1.600s] copying package.xml -> /home/aaa/robot/ros2_ws/install/smach/share/smach
[1.600s] running install_egg_info
[1.602s] Copying ../../build/smach/smach.egg-info to /home/aaa/robot/ros2_ws/install/smach/lib/python3.10/site-packages/smach-3.0.3-py3.10.egg-info
[1.605s] running install_scripts
[1.633s] writing list of installed files to '/home/aaa/robot/ros2_ws/build/smach/install.log'
[1.662s] Invoked command in '/home/aaa/robot/ros2_ws/executive_smach/smach' returned '0': PYTHONPATH=/home/aaa/robot/ros2_ws/build/smach/prefix_override:/usr/lib/python3/dist-packages/colcon_core/task/python/colcon_distutils_commands:/home/aaa/robot/ros2_ws/install/smach/lib/python3.10/site-packages:${PYTHONPATH} /usr/bin/python3 -W ignore:setup.py install is deprecated -W ignore:easy_install command is deprecated setup.py egg_info --egg-base ../../build/smach build --build-base /home/aaa/robot/ros2_ws/build/smach/build install --record /home/aaa/robot/ros2_ws/build/smach/install.log --install-scripts $base/lib/smach --single-version-externally-managed install_data --force
