[1.021s] Invoking command in '/home/aaa/robot/ros2_ws/build/smach': PYTHONPATH=/home/aaa/robot/ros2_ws/build/smach/prefix_override:/usr/lib/python3/dist-packages/colcon_core/task/python/colcon_distutils_commands:/home/aaa/robot/ros2_ws/install/smach/lib/python3.10/site-packages:${PYTHONPATH} /usr/bin/python3 -W ignore:setup.py install is deprecated -W ignore:easy_install command is deprecated setup.py develop --uninstall --editable --build-directory /home/aaa/robot/ros2_ws/build/smach/build
[1.462s] /usr/lib/python3/dist-packages/setuptools/dist.py:723: UserWarning: Usage of dash-separated 'script-dir' will not be supported in future versions. Please use the underscore name 'script_dir' instead
[1.462s]   warnings.warn(
[1.598s] running develop
[1.903s] Removing /home/aaa/robot/ros2_ws/install/smach/lib/python3.10/site-packages/smach.egg-link (link to .)
[1.925s] Invoked command in '/home/aaa/robot/ros2_ws/build/smach' returned '0': PYTHONPATH=/home/aaa/robot/ros2_ws/build/smach/prefix_override:/usr/lib/python3/dist-packages/colcon_core/task/python/colcon_distutils_commands:/home/aaa/robot/ros2_ws/install/smach/lib/python3.10/site-packages:${PYTHONPATH} /usr/bin/python3 -W ignore:setup.py install is deprecated -W ignore:easy_install command is deprecated setup.py develop --uninstall --editable --build-directory /home/aaa/robot/ros2_ws/build/smach/build
[1.925s] Invoking command in '/home/aaa/robot/ros2_ws/executive_smach/smach': PYTHONPATH=/home/aaa/robot/ros2_ws/build/smach/prefix_override:/usr/lib/python3/dist-packages/colcon_core/task/python/colcon_distutils_commands:/home/aaa/robot/ros2_ws/install/smach/lib/python3.10/site-packages:${PYTHONPATH} /usr/bin/python3 -W ignore:setup.py install is deprecated -W ignore:easy_install command is deprecated setup.py egg_info --egg-base ../../build/smach build --build-base /home/aaa/robot/ros2_ws/build/smach/build install --record /home/aaa/robot/ros2_ws/build/smach/install.log --install-scripts $base/lib/smach --single-version-externally-managed install_data --force
[2.173s] /usr/lib/python3/dist-packages/setuptools/dist.py:723: UserWarning: Usage of dash-separated 'script-dir' will not be supported in future versions. Please use the underscore name 'script_dir' instead
[2.173s]   warnings.warn(
[2.214s] running egg_info
[2.214s] writing ../../build/smach/smach.egg-info/PKG-INFO
[2.214s] /usr/lib/python3/dist-packages/setuptools/dist.py:157: UserWarning: newlines not allowed and will break in the future
[2.215s]   warnings.warn("newlines not allowed and will break in the future")
[2.215s] writing dependency_links to ../../build/smach/smach.egg-info/dependency_links.txt
[2.215s] writing requirements to ../../build/smach/smach.egg-info/requires.txt
[2.216s] writing top-level names to ../../build/smach/smach.egg-info/top_level.txt
[2.220s] reading manifest file '../../build/smach/smach.egg-info/SOURCES.txt'
[2.222s] writing manifest file '../../build/smach/smach.egg-info/SOURCES.txt'
[2.222s] running build
[2.222s] running build_py
[2.223s] running install
[2.223s] running install_lib
[2.225s] creating /home/aaa/robot/ros2_ws/install/smach/lib/python3.10/site-packages/smach
[2.225s] copying /home/aaa/robot/ros2_ws/build/smach/build/lib/smach/user_data.py -> /home/aaa/robot/ros2_ws/install/smach/lib/python3.10/site-packages/smach
[2.225s] copying /home/aaa/robot/ros2_ws/build/smach/build/lib/smach/log.py -> /home/aaa/robot/ros2_ws/install/smach/lib/python3.10/site-packages/smach
[2.226s] copying /home/aaa/robot/ros2_ws/build/smach/build/lib/smach/state.py -> /home/aaa/robot/ros2_ws/install/smach/lib/python3.10/site-packages/smach
[2.227s] copying /home/aaa/robot/ros2_ws/build/smach/build/lib/smach/concurrence.py -> /home/aaa/robot/ros2_ws/install/smach/lib/python3.10/site-packages/smach
[2.228s] copying /home/aaa/robot/ros2_ws/build/smach/build/lib/smach/container.py -> /home/aaa/robot/ros2_ws/install/smach/lib/python3.10/site-packages/smach
[2.228s] copying /home/aaa/robot/ros2_ws/build/smach/build/lib/smach/__init__.py -> /home/aaa/robot/ros2_ws/install/smach/lib/python3.10/site-packages/smach
[2.228s] copying /home/aaa/robot/ros2_ws/build/smach/build/lib/smach/exceptions.py -> /home/aaa/robot/ros2_ws/install/smach/lib/python3.10/site-packages/smach
[2.228s] copying /home/aaa/robot/ros2_ws/build/smach/build/lib/smach/sequence.py -> /home/aaa/robot/ros2_ws/install/smach/lib/python3.10/site-packages/smach
[2.229s] copying /home/aaa/robot/ros2_ws/build/smach/build/lib/smach/util.py -> /home/aaa/robot/ros2_ws/install/smach/lib/python3.10/site-packages/smach
[2.229s] copying /home/aaa/robot/ros2_ws/build/smach/build/lib/smach/iterator.py -> /home/aaa/robot/ros2_ws/install/smach/lib/python3.10/site-packages/smach
[2.229s] copying /home/aaa/robot/ros2_ws/build/smach/build/lib/smach/state_machine.py -> /home/aaa/robot/ros2_ws/install/smach/lib/python3.10/site-packages/smach
[2.231s] byte-compiling /home/aaa/robot/ros2_ws/install/smach/lib/python3.10/site-packages/smach/user_data.py to user_data.cpython-310.pyc
[2.238s] byte-compiling /home/aaa/robot/ros2_ws/install/smach/lib/python3.10/site-packages/smach/log.py to log.cpython-310.pyc
[2.238s] byte-compiling /home/aaa/robot/ros2_ws/install/smach/lib/python3.10/site-packages/smach/state.py to state.cpython-310.pyc
[2.239s] byte-compiling /home/aaa/robot/ros2_ws/install/smach/lib/python3.10/site-packages/smach/concurrence.py to concurrence.cpython-310.pyc
[2.240s] byte-compiling /home/aaa/robot/ros2_ws/install/smach/lib/python3.10/site-packages/smach/container.py to container.cpython-310.pyc
[2.241s] byte-compiling /home/aaa/robot/ros2_ws/install/smach/lib/python3.10/site-packages/smach/__init__.py to __init__.cpython-310.pyc
[2.242s] byte-compiling /home/aaa/robot/ros2_ws/install/smach/lib/python3.10/site-packages/smach/exceptions.py to exceptions.cpython-310.pyc
[2.242s] byte-compiling /home/aaa/robot/ros2_ws/install/smach/lib/python3.10/site-packages/smach/sequence.py to sequence.cpython-310.pyc
[2.244s] byte-compiling /home/aaa/robot/ros2_ws/install/smach/lib/python3.10/site-packages/smach/util.py to util.cpython-310.pyc
[2.244s] byte-compiling /home/aaa/robot/ros2_ws/install/smach/lib/python3.10/site-packages/smach/iterator.py to iterator.cpython-310.pyc
[2.245s] byte-compiling /home/aaa/robot/ros2_ws/install/smach/lib/python3.10/site-packages/smach/state_machine.py to state_machine.cpython-310.pyc
[2.246s] /home/aaa/robot/ros2_ws/install/smach/lib/python3.10/site-packages/smach/state_machine.py:77: SyntaxWarning: "is not" with a literal. Did you mean "!="?
[2.246s]   return {k:v for (k, v) in self.__dict__.items() if k is not "_state_transitioning_lock"}
[2.247s] running install_data
[2.247s] copying resource/smach -> /home/aaa/robot/ros2_ws/install/smach/share/ament_index/resource_index/packages
[2.248s] copying package.xml -> /home/aaa/robot/ros2_ws/install/smach/share/smach
[2.248s] running install_egg_info
[2.254s] Copying ../../build/smach/smach.egg-info to /home/aaa/robot/ros2_ws/install/smach/lib/python3.10/site-packages/smach-3.0.3-py3.10.egg-info
[2.256s] running install_scripts
[2.280s] writing list of installed files to '/home/aaa/robot/ros2_ws/build/smach/install.log'
[2.349s] Invoked command in '/home/aaa/robot/ros2_ws/executive_smach/smach' returned '0': PYTHONPATH=/home/aaa/robot/ros2_ws/build/smach/prefix_override:/usr/lib/python3/dist-packages/colcon_core/task/python/colcon_distutils_commands:/home/aaa/robot/ros2_ws/install/smach/lib/python3.10/site-packages:${PYTHONPATH} /usr/bin/python3 -W ignore:setup.py install is deprecated -W ignore:easy_install command is deprecated setup.py egg_info --egg-base ../../build/smach build --build-base /home/aaa/robot/ros2_ws/build/smach/build install --record /home/aaa/robot/ros2_ws/build/smach/install.log --install-scripts $base/lib/smach --single-version-externally-managed install_data --force
